<!DOCTYPE html>
<html>
  <head>
    <meta charset="utf-8"/>
    <title id="head-title">report.html</title>
      <link href="assets\style.css" rel="stylesheet" type="text/css"/>
  </head>
  <body>
    <h1 id="title">report.html</h1>
    <p>Report generated on 12-May-2025 at 08:51:23 by <a href="https://pypi.python.org/pypi/pytest-html">pytest-html</a>
        v4.1.1</p>
    <div id="environment-header">
      <h2>Environment</h2>
    </div>
    <table id="environment"></table>
    <!-- TEMPLATES -->
      <template id="template_environment_row">
      <tr>
        <td></td>
        <td></td>
      </tr>
    </template>
    <template id="template_results-table__body--empty">
      <tbody class="results-table-row">
        <tr id="not-found-message">
          <td colspan="4">No results found. Check the filters.</th>
        </tr>
    </template>
    <template id="template_results-table__tbody">
      <tbody class="results-table-row">
        <tr class="collapsible">
        </tr>
        <tr class="extras-row">
          <td class="extra" colspan="4">
            <div class="extraHTML"></div>
            <div class="media">
              <div class="media-container">
                  <div class="media-container__nav--left"><</div>
                  <div class="media-container__viewport">
                    <img src="" />
                    <video controls>
                      <source src="" type="video/mp4">
                    </video>
                  </div>
                  <div class="media-container__nav--right">></div>
                </div>
                <div class="media__name"></div>
                <div class="media__counter"></div>
            </div>
            <div class="logwrapper">
              <div class="logexpander"></div>
              <div class="log"></div>
            </div>
          </td>
        </tr>
      </tbody>
    </template>
    <!-- END TEMPLATES -->
    <div class="summary">
      <div class="summary__data">
        <h2>Summary</h2>
        <div class="additional-summary prefix">
        </div>
        <p class="run-count">3 tests took 150 ms.</p>
        <p class="filter">(Un)check the boxes to filter the results.</p>
        <div class="summary__reload">
          <div class="summary__reload__button hidden" onclick="location.reload()">
            <div>There are still tests running. <br />Reload this page to get the latest results!</div>
          </div>
        </div>
        <div class="summary__spacer"></div>
        <div class="controls">
          <div class="filters">
            <input checked="true" class="filter" name="filter_checkbox" type="checkbox" data-test-result="failed" disabled/>
            <span class="failed">0 Failed,</span>
            <input checked="true" class="filter" name="filter_checkbox" type="checkbox" data-test-result="passed" />
            <span class="passed">3 Passed,</span>
            <input checked="true" class="filter" name="filter_checkbox" type="checkbox" data-test-result="skipped" disabled/>
            <span class="skipped">0 Skipped,</span>
            <input checked="true" class="filter" name="filter_checkbox" type="checkbox" data-test-result="xfailed" disabled/>
            <span class="xfailed">0 Expected failures,</span>
            <input checked="true" class="filter" name="filter_checkbox" type="checkbox" data-test-result="xpassed" disabled/>
            <span class="xpassed">0 Unexpected passes,</span>
            <input checked="true" class="filter" name="filter_checkbox" type="checkbox" data-test-result="error" disabled/>
            <span class="error">0 Errors,</span>
            <input checked="true" class="filter" name="filter_checkbox" type="checkbox" data-test-result="rerun" disabled/>
            <span class="rerun">0 Reruns</span>
          </div>
          <div class="collapse">
            <button id="show_all_details">Show all details</button>&nbsp;/&nbsp;<button id="hide_all_details">Hide all details</button>
          </div>
        </div>
      </div>
      <div class="additional-summary summary">
      </div>
      <div class="additional-summary postfix">
      </div>
    </div>
    <table id="results-table">
      <thead id="results-table-head">
        <tr>
          <th class="sortable" data-column-type="result">Result</th>
          <th class="sortable" data-column-type="testId">Test</th>
          <th class="sortable" data-column-type="duration">Duration</th>
          <th>Links</th>
        </tr>
      </thead>
    </table>
  </body>
  <footer>
    <div id="data-container" data-jsonblob="{&#34;environment&#34;: {&#34;Python&#34;: &#34;3.10.0&#34;, &#34;Platform&#34;: &#34;Windows-10-10.0.26100-SP0&#34;, &#34;Packages&#34;: {&#34;pytest&#34;: &#34;7.4.3&#34;, &#34;pluggy&#34;: &#34;1.5.0&#34;}, &#34;Plugins&#34;: {&#34;anyio&#34;: &#34;3.7.1&#34;, &#34;aiohttp&#34;: &#34;1.0.4&#34;, &#34;asyncio&#34;: &#34;0.21.1&#34;, &#34;benchmark&#34;: &#34;5.1.0&#34;, &#34;cov&#34;: &#34;4.1.0&#34;, &#34;dependency&#34;: &#34;0.6.0&#34;, &#34;django&#34;: &#34;4.11.1&#34;, &#34;flask&#34;: &#34;1.3.0&#34;, &#34;html&#34;: &#34;4.1.1&#34;, &#34;httpx&#34;: &#34;0.35.0&#34;, &#34;json-report&#34;: &#34;1.5.0&#34;, &#34;mccabe&#34;: &#34;2.0&#34;, &#34;metadata&#34;: &#34;3.1.1&#34;, &#34;mock&#34;: &#34;3.12.0&#34;, &#34;mypy&#34;: &#34;1.0.1&#34;, &#34;order&#34;: &#34;1.3.0&#34;, &#34;playwright&#34;: &#34;0.4.3&#34;, &#34;pycodestyle&#34;: &#34;2.4.1&#34;, &#34;pydocstyle&#34;: &#34;2.4.0&#34;, &#34;pylint&#34;: &#34;0.21.0&#34;, &#34;randomly&#34;: &#34;3.16.0&#34;, &#34;repeat&#34;: &#34;0.9.4&#34;, &#34;rerunfailures&#34;: &#34;15.0&#34;, &#34;sugar&#34;: &#34;1.0.0&#34;, &#34;timeout&#34;: &#34;2.2.0&#34;, &#34;tornado&#34;: &#34;0.8.1&#34;, &#34;variables&#34;: &#34;3.1.0&#34;, &#34;xdist&#34;: &#34;3.5.0&#34;, &#34;xprocess&#34;: &#34;1.0.2&#34;}}, &#34;tests&#34;: {&#34;tests/functional/test_api_functionality.py::test_error_handling_endpoints&#34;: [{&#34;extras&#34;: [], &#34;result&#34;: &#34;Passed&#34;, &#34;testId&#34;: &#34;tests/functional/test_api_functionality.py::test_error_handling_endpoints&#34;, &#34;duration&#34;: &#34;94 ms&#34;, &#34;resultsTableRow&#34;: [&#34;&lt;td class=\&#34;col-result\&#34;&gt;Passed&lt;/td&gt;&#34;, &#34;&lt;td class=\&#34;col-testId\&#34;&gt;tests/functional/test_api_functionality.py::test_error_handling_endpoints&lt;/td&gt;&#34;, &#34;&lt;td class=\&#34;col-duration\&#34;&gt;94 ms&lt;/td&gt;&#34;, &#34;&lt;td class=\&#34;col-links\&#34;&gt;&lt;/td&gt;&#34;], &#34;log&#34;: &#34;---------------------------- Captured stderr setup -----------------------------\n--- Logging error ---\nTraceback (most recent call last):\n  File &amp;quot;C:\\Program Files\\Python310\\lib\\logging\\__init__.py&amp;quot;, line 1101, in emit\n    stream.write(msg + self.terminator)\nOSError: [WinError 6] The handle is invalid\nCall stack:\n  File &amp;quot;C:\\Users\\ajame\\Legal_Study\\tests\\functional\\run_functional_tests.py&amp;quot;, line 104, in &amp;lt;module&amp;gt;\n    sys.exit(main())\n  File &amp;quot;C:\\Users\\ajame\\Legal_Study\\tests\\functional\\run_functional_tests.py&amp;quot;, line 86, in main\n    results = run_tests()\n  File &amp;quot;C:\\Users\\ajame\\Legal_Study\\tests\\functional\\run_functional_tests.py&amp;quot;, line 45, in run_tests\n    exit_code = pytest.main(pytest_args)\n  File &amp;quot;C:\\Users\\ajame\\AppData\\Roaming\\Python\\Python310\\site-packages\\_pytest\\config\\__init__.py&amp;quot;, line 169, in main\n    ret: Union[ExitCode, int] = config.hook.pytest_cmdline_main(\n  File &amp;quot;C:\\Users\\ajame\\AppData\\Roaming\\Python\\Python310\\site-packages\\pluggy\\_hooks.py&amp;quot;, line 513, in __call__\n    return self._hookexec(self.name, self._hookimpls.copy(), kwargs, firstresult)\n  File &amp;quot;C:\\Users\\ajame\\AppData\\Roaming\\Python\\Python310\\site-packages\\pluggy\\_manager.py&amp;quot;, line 120, in _hookexec\n    return self._inner_hookexec(hook_name, methods, kwargs, firstresult)\n  File &amp;quot;C:\\Users\\ajame\\AppData\\Roaming\\Python\\Python310\\site-packages\\pluggy\\_callers.py&amp;quot;, line 103, in _multicall\n    res = hook_impl.function(*args)\n  File &amp;quot;C:\\Users\\ajame\\AppData\\Roaming\\Python\\Python310\\site-packages\\_pytest\\main.py&amp;quot;, line 318, in pytest_cmdline_main\n    return wrap_session(config, _main)\n  File &amp;quot;C:\\Users\\ajame\\AppData\\Roaming\\Python\\Python310\\site-packages\\_pytest\\main.py&amp;quot;, line 271, in wrap_session\n    session.exitstatus = doit(config, session) or 0\n  File &amp;quot;C:\\Users\\ajame\\AppData\\Roaming\\Python\\Python310\\site-packages\\_pytest\\main.py&amp;quot;, line 325, in _main\n    config.hook.pytest_runtestloop(session=session)\n  File &amp;quot;C:\\Users\\ajame\\AppData\\Roaming\\Python\\Python310\\site-packages\\pluggy\\_hooks.py&amp;quot;, line 513, in __call__\n    return self._hookexec(self.name, self._hookimpls.copy(), kwargs, firstresult)\n  File &amp;quot;C:\\Users\\ajame\\AppData\\Roaming\\Python\\Python310\\site-packages\\pluggy\\_manager.py&amp;quot;, line 120, in _hookexec\n    return self._inner_hookexec(hook_name, methods, kwargs, firstresult)\n  File &amp;quot;C:\\Users\\ajame\\AppData\\Roaming\\Python\\Python310\\site-packages\\pluggy\\_callers.py&amp;quot;, line 103, in _multicall\n    res = hook_impl.function(*args)\n  File &amp;quot;C:\\Users\\ajame\\AppData\\Roaming\\Python\\Python310\\site-packages\\_pytest\\main.py&amp;quot;, line 350, in pytest_runtestloop\n    item.config.hook.pytest_runtest_protocol(item=item, nextitem=nextitem)\n  File &amp;quot;C:\\Users\\ajame\\AppData\\Roaming\\Python\\Python310\\site-packages\\pluggy\\_hooks.py&amp;quot;, line 513, in __call__\n    return self._hookexec(self.name, self._hookimpls.copy(), kwargs, firstresult)\n  File &amp;quot;C:\\Users\\ajame\\AppData\\Roaming\\Python\\Python310\\site-packages\\pluggy\\_manager.py&amp;quot;, line 120, in _hookexec\n    return self._inner_hookexec(hook_name, methods, kwargs, firstresult)\n  File &amp;quot;C:\\Users\\ajame\\AppData\\Roaming\\Python\\Python310\\site-packages\\pluggy\\_callers.py&amp;quot;, line 103, in _multicall\n    res = hook_impl.function(*args)\n  File &amp;quot;C:\\Users\\ajame\\AppData\\Roaming\\Python\\Python310\\site-packages\\_pytest\\runner.py&amp;quot;, line 114, in pytest_runtest_protocol\n    runtestprotocol(item, nextitem=nextitem)\n  File &amp;quot;C:\\Users\\ajame\\AppData\\Roaming\\Python\\Python310\\site-packages\\_pytest\\runner.py&amp;quot;, line 127, in runtestprotocol\n    rep = call_and_report(item, &amp;quot;setup&amp;quot;, log)\n  File &amp;quot;C:\\Users\\ajame\\AppData\\Roaming\\Python\\Python310\\site-packages\\_pytest\\runner.py&amp;quot;, line 222, in call_and_report\n    call = call_runtest_hook(item, when, **kwds)\n  File &amp;quot;C:\\Users\\ajame\\AppData\\Roaming\\Python\\Python310\\site-packages\\_pytest\\runner.py&amp;quot;, line 261, in call_runtest_hook\n    return CallInfo.from_call(\n  File &amp;quot;C:\\Users\\ajame\\AppData\\Roaming\\Python\\Python310\\site-packages\\_pytest\\runner.py&amp;quot;, line 341, in from_call\n    result: Optional[TResult] = func()\n  File &amp;quot;C:\\Users\\ajame\\AppData\\Roaming\\Python\\Python310\\site-packages\\_pytest\\runner.py&amp;quot;, line 262, in &amp;lt;lambda&amp;gt;\n    lambda: ihook(item=item, **kwds), when=when, reraise=reraise\n  File &amp;quot;C:\\Users\\ajame\\AppData\\Roaming\\Python\\Python310\\site-packages\\pluggy\\_hooks.py&amp;quot;, line 513, in __call__\n    return self._hookexec(self.name, self._hookimpls.copy(), kwargs, firstresult)\n  File &amp;quot;C:\\Users\\ajame\\AppData\\Roaming\\Python\\Python310\\site-packages\\pluggy\\_manager.py&amp;quot;, line 120, in _hookexec\n    return self._inner_hookexec(hook_name, methods, kwargs, firstresult)\n  File &amp;quot;C:\\Users\\ajame\\AppData\\Roaming\\Python\\Python310\\site-packages\\pluggy\\_callers.py&amp;quot;, line 103, in _multicall\n    res = hook_impl.function(*args)\n  File &amp;quot;C:\\Users\\ajame\\AppData\\Roaming\\Python\\Python310\\site-packages\\_pytest\\runner.py&amp;quot;, line 157, in pytest_runtest_setup\n    item.session._setupstate.setup(item)\n  File &amp;quot;C:\\Users\\ajame\\AppData\\Roaming\\Python\\Python310\\site-packages\\_pytest\\runner.py&amp;quot;, line 494, in setup\n    col.setup()\n  File &amp;quot;C:\\Users\\ajame\\AppData\\Roaming\\Python\\Python310\\site-packages\\_pytest\\python.py&amp;quot;, line 1795, in setup\n    self._request._fillfixtures()\n  File &amp;quot;C:\\Users\\ajame\\AppData\\Roaming\\Python\\Python310\\site-packages\\_pytest\\fixtures.py&amp;quot;, line 566, in _fillfixtures\n    item.funcargs[argname] = self.getfixturevalue(argname)\n  File &amp;quot;C:\\Users\\ajame\\AppData\\Roaming\\Python\\Python310\\site-packages\\_pytest\\fixtures.py&amp;quot;, line 585, in getfixturevalue\n    fixturedef = self._get_active_fixturedef(argname)\n  File &amp;quot;C:\\Users\\ajame\\AppData\\Roaming\\Python\\Python310\\site-packages\\_pytest\\fixtures.py&amp;quot;, line 607, in _get_active_fixturedef\n    self._compute_fixture_value(fixturedef)\n  File &amp;quot;C:\\Users\\ajame\\AppData\\Roaming\\Python\\Python310\\site-packages\\_pytest\\fixtures.py&amp;quot;, line 693, in _compute_fixture_value\n    fixturedef.execute(request=subrequest)\n  File &amp;quot;C:\\Users\\ajame\\AppData\\Roaming\\Python\\Python310\\site-packages\\_pytest\\fixtures.py&amp;quot;, line 1069, in execute\n    result = ihook.pytest_fixture_setup(fixturedef=self, request=request)\n  File &amp;quot;C:\\Users\\ajame\\AppData\\Roaming\\Python\\Python310\\site-packages\\pluggy\\_hooks.py&amp;quot;, line 513, in __call__\n    return self._hookexec(self.name, self._hookimpls.copy(), kwargs, firstresult)\n  File &amp;quot;C:\\Users\\ajame\\AppData\\Roaming\\Python\\Python310\\site-packages\\pluggy\\_manager.py&amp;quot;, line 120, in _hookexec\n    return self._inner_hookexec(hook_name, methods, kwargs, firstresult)\n  File &amp;quot;C:\\Users\\ajame\\AppData\\Roaming\\Python\\Python310\\site-packages\\pluggy\\_callers.py&amp;quot;, line 103, in _multicall\n    res = hook_impl.function(*args)\n  File &amp;quot;C:\\Users\\ajame\\AppData\\Roaming\\Python\\Python310\\site-packages\\_pytest\\fixtures.py&amp;quot;, line 1123, in pytest_fixture_setup\n    result = call_fixture_func(fixturefunc, request, kwargs)\n  File &amp;quot;C:\\Users\\ajame\\AppData\\Roaming\\Python\\Python310\\site-packages\\_pytest\\fixtures.py&amp;quot;, line 895, in call_fixture_func\n    fixture_result = next(generator)\n  File &amp;quot;C:\\Users\\ajame\\Legal_Study\\tests\\conftest.py&amp;quot;, line 101, in setup_test_environment\n    logger.info(f&amp;quot;Starting test session at {datetime.now()}&amp;quot;)\nMessage: &amp;#x27;Starting test session at 2025-05-12 08:51:22.830861&amp;#x27;\nArguments: ()\n\n------------------------------ Captured log setup ------------------------------\nINFO     tests.conftest:conftest.py:101 Starting test session at 2025-05-12 08:51:22.830861\n\n----------------------------- Captured stderr call -----------------------------\n--- Logging error ---\nTraceback (most recent call last):\n  File &amp;quot;C:\\Program Files\\Python310\\lib\\logging\\__init__.py&amp;quot;, line 1101, in emit\n    stream.write(msg + self.terminator)\nOSError: [WinError 6] The handle is invalid\nCall stack:\n  File &amp;quot;C:\\Users\\ajame\\Legal_Study\\tests\\functional\\run_functional_tests.py&amp;quot;, line 104, in &amp;lt;module&amp;gt;\n    sys.exit(main())\n  File &amp;quot;C:\\Users\\ajame\\Legal_Study\\tests\\functional\\run_functional_tests.py&amp;quot;, line 86, in main\n    results = run_tests()\n  File &amp;quot;C:\\Users\\ajame\\Legal_Study\\tests\\functional\\run_functional_tests.py&amp;quot;, line 45, in run_tests\n    exit_code = pytest.main(pytest_args)\n  File &amp;quot;C:\\Users\\ajame\\AppData\\Roaming\\Python\\Python310\\site-packages\\_pytest\\config\\__init__.py&amp;quot;, line 169, in main\n    ret: Union[ExitCode, int] = config.hook.pytest_cmdline_main(\n  File &amp;quot;C:\\Users\\ajame\\AppData\\Roaming\\Python\\Python310\\site-packages\\pluggy\\_hooks.py&amp;quot;, line 513, in __call__\n    return self._hookexec(self.name, self._hookimpls.copy(), kwargs, firstresult)\n  File &amp;quot;C:\\Users\\ajame\\AppData\\Roaming\\Python\\Python310\\site-packages\\pluggy\\_manager.py&amp;quot;, line 120, in _hookexec\n    return self._inner_hookexec(hook_name, methods, kwargs, firstresult)\n  File &amp;quot;C:\\Users\\ajame\\AppData\\Roaming\\Python\\Python310\\site-packages\\pluggy\\_callers.py&amp;quot;, line 103, in _multicall\n    res = hook_impl.function(*args)\n  File &amp;quot;C:\\Users\\ajame\\AppData\\Roaming\\Python\\Python310\\site-packages\\_pytest\\main.py&amp;quot;, line 318, in pytest_cmdline_main\n    return wrap_session(config, _main)\n  File &amp;quot;C:\\Users\\ajame\\AppData\\Roaming\\Python\\Python310\\site-packages\\_pytest\\main.py&amp;quot;, line 271, in wrap_session\n    session.exitstatus = doit(config, session) or 0\n  File &amp;quot;C:\\Users\\ajame\\AppData\\Roaming\\Python\\Python310\\site-packages\\_pytest\\main.py&amp;quot;, line 325, in _main\n    config.hook.pytest_runtestloop(session=session)\n  File &amp;quot;C:\\Users\\ajame\\AppData\\Roaming\\Python\\Python310\\site-packages\\pluggy\\_hooks.py&amp;quot;, line 513, in __call__\n    return self._hookexec(self.name, self._hookimpls.copy(), kwargs, firstresult)\n  File &amp;quot;C:\\Users\\ajame\\AppData\\Roaming\\Python\\Python310\\site-packages\\pluggy\\_manager.py&amp;quot;, line 120, in _hookexec\n    return self._inner_hookexec(hook_name, methods, kwargs, firstresult)\n  File &amp;quot;C:\\Users\\ajame\\AppData\\Roaming\\Python\\Python310\\site-packages\\pluggy\\_callers.py&amp;quot;, line 103, in _multicall\n    res = hook_impl.function(*args)\n  File &amp;quot;C:\\Users\\ajame\\AppData\\Roaming\\Python\\Python310\\site-packages\\_pytest\\main.py&amp;quot;, line 350, in pytest_runtestloop\n    item.config.hook.pytest_runtest_protocol(item=item, nextitem=nextitem)\n  File &amp;quot;C:\\Users\\ajame\\AppData\\Roaming\\Python\\Python310\\site-packages\\pluggy\\_hooks.py&amp;quot;, line 513, in __call__\n    return self._hookexec(self.name, self._hookimpls.copy(), kwargs, firstresult)\n  File &amp;quot;C:\\Users\\ajame\\AppData\\Roaming\\Python\\Python310\\site-packages\\pluggy\\_manager.py&amp;quot;, line 120, in _hookexec\n    return self._inner_hookexec(hook_name, methods, kwargs, firstresult)\n  File &amp;quot;C:\\Users\\ajame\\AppData\\Roaming\\Python\\Python310\\site-packages\\pluggy\\_callers.py&amp;quot;, line 103, in _multicall\n    res = hook_impl.function(*args)\n  File &amp;quot;C:\\Users\\ajame\\AppData\\Roaming\\Python\\Python310\\site-packages\\_pytest\\runner.py&amp;quot;, line 114, in pytest_runtest_protocol\n    runtestprotocol(item, nextitem=nextitem)\n  File &amp;quot;C:\\Users\\ajame\\AppData\\Roaming\\Python\\Python310\\site-packages\\_pytest\\runner.py&amp;quot;, line 133, in runtestprotocol\n    reports.append(call_and_report(item, &amp;quot;call&amp;quot;, log))\n  File &amp;quot;C:\\Users\\ajame\\AppData\\Roaming\\Python\\Python310\\site-packages\\_pytest\\runner.py&amp;quot;, line 222, in call_and_report\n    call = call_runtest_hook(item, when, **kwds)\n  File &amp;quot;C:\\Users\\ajame\\AppData\\Roaming\\Python\\Python310\\site-packages\\_pytest\\runner.py&amp;quot;, line 261, in call_runtest_hook\n    return CallInfo.from_call(\n  File &amp;quot;C:\\Users\\ajame\\AppData\\Roaming\\Python\\Python310\\site-packages\\_pytest\\runner.py&amp;quot;, line 341, in from_call\n    result: Optional[TResult] = func()\n  File &amp;quot;C:\\Users\\ajame\\AppData\\Roaming\\Python\\Python310\\site-packages\\_pytest\\runner.py&amp;quot;, line 262, in &amp;lt;lambda&amp;gt;\n    lambda: ihook(item=item, **kwds), when=when, reraise=reraise\n  File &amp;quot;C:\\Users\\ajame\\AppData\\Roaming\\Python\\Python310\\site-packages\\pluggy\\_hooks.py&amp;quot;, line 513, in __call__\n    return self._hookexec(self.name, self._hookimpls.copy(), kwargs, firstresult)\n  File &amp;quot;C:\\Users\\ajame\\AppData\\Roaming\\Python\\Python310\\site-packages\\pluggy\\_manager.py&amp;quot;, line 120, in _hookexec\n    return self._inner_hookexec(hook_name, methods, kwargs, firstresult)\n  File &amp;quot;C:\\Users\\ajame\\AppData\\Roaming\\Python\\Python310\\site-packages\\pluggy\\_callers.py&amp;quot;, line 103, in _multicall\n    res = hook_impl.function(*args)\n  File &amp;quot;C:\\Users\\ajame\\AppData\\Roaming\\Python\\Python310\\site-packages\\_pytest\\runner.py&amp;quot;, line 169, in pytest_runtest_call\n    item.runtest()\n  File &amp;quot;C:\\Users\\ajame\\AppData\\Roaming\\Python\\Python310\\site-packages\\_pytest\\python.py&amp;quot;, line 1792, in runtest\n    self.ihook.pytest_pyfunc_call(pyfuncitem=self)\n  File &amp;quot;C:\\Users\\ajame\\AppData\\Roaming\\Python\\Python310\\site-packages\\pluggy\\_hooks.py&amp;quot;, line 513, in __call__\n    return self._hookexec(self.name, self._hookimpls.copy(), kwargs, firstresult)\n  File &amp;quot;C:\\Users\\ajame\\AppData\\Roaming\\Python\\Python310\\site-packages\\pluggy\\_manager.py&amp;quot;, line 120, in _hookexec\n    return self._inner_hookexec(hook_name, methods, kwargs, firstresult)\n  File &amp;quot;C:\\Users\\ajame\\AppData\\Roaming\\Python\\Python310\\site-packages\\pluggy\\_callers.py&amp;quot;, line 103, in _multicall\n    res = hook_impl.function(*args)\n  File &amp;quot;C:\\Users\\ajame\\AppData\\Roaming\\Python\\Python310\\site-packages\\_pytest\\python.py&amp;quot;, line 194, in pytest_pyfunc_call\n    result = testfunction(**testargs)\n  File &amp;quot;C:\\Users\\ajame\\Legal_Study\\tests\\functional\\test_api_functionality.py&amp;quot;, line 156, in test_error_handling_endpoints\n    response = client.get(&amp;quot;/error-handling/health&amp;quot;)\n  File &amp;quot;C:\\Users\\ajame\\AppData\\Roaming\\Python\\Python310\\site-packages\\starlette\\testclient.py&amp;quot;, line 499, in get\n    return super().get(\n  File &amp;quot;C:\\Users\\ajame\\AppData\\Roaming\\Python\\Python310\\site-packages\\httpx\\_client.py&amp;quot;, line 1041, in get\n    return self.request(\n  File &amp;quot;C:\\Users\\ajame\\AppData\\Roaming\\Python\\Python310\\site-packages\\starlette\\testclient.py&amp;quot;, line 465, in request\n    return super().request(\n  File &amp;quot;C:\\Users\\ajame\\AppData\\Roaming\\Python\\Python310\\site-packages\\httpx\\_client.py&amp;quot;, line 814, in request\n    return self.send(request, auth=auth, follow_redirects=follow_redirects)\n  File &amp;quot;C:\\Users\\ajame\\AppData\\Roaming\\Python\\Python310\\site-packages\\httpx\\_client.py&amp;quot;, line 901, in send\n    response = self._send_handling_auth(\n  File &amp;quot;C:\\Users\\ajame\\AppData\\Roaming\\Python\\Python310\\site-packages\\httpx\\_client.py&amp;quot;, line 929, in _send_handling_auth\n    response = self._send_handling_redirects(\n  File &amp;quot;C:\\Users\\ajame\\AppData\\Roaming\\Python\\Python310\\site-packages\\httpx\\_client.py&amp;quot;, line 966, in _send_handling_redirects\n    response = self._send_single_request(request)\n  File &amp;quot;C:\\Users\\ajame\\AppData\\Roaming\\Python\\Python310\\site-packages\\httpx\\_client.py&amp;quot;, line 1013, in _send_single_request\n    logger.info(\nMessage: &amp;#x27;HTTP Request: %s %s &amp;quot;%s %d %s&amp;quot;&amp;#x27;\nArguments: (&amp;#x27;GET&amp;#x27;, URL(&amp;#x27;http://testserver/error-handling/health&amp;#x27;), &amp;#x27;HTTP/1.1&amp;#x27;, 200, &amp;#x27;OK&amp;#x27;)\n--- Logging error ---\nTraceback (most recent call last):\n  File &amp;quot;C:\\Program Files\\Python310\\lib\\logging\\__init__.py&amp;quot;, line 1101, in emit\n    stream.write(msg + self.terminator)\nOSError: [WinError 6] The handle is invalid\nCall stack:\n  File &amp;quot;C:\\Users\\ajame\\Legal_Study\\tests\\functional\\run_functional_tests.py&amp;quot;, line 104, in &amp;lt;module&amp;gt;\n    sys.exit(main())\n  File &amp;quot;C:\\Users\\ajame\\Legal_Study\\tests\\functional\\run_functional_tests.py&amp;quot;, line 86, in main\n    results = run_tests()\n  File &amp;quot;C:\\Users\\ajame\\Legal_Study\\tests\\functional\\run_functional_tests.py&amp;quot;, line 45, in run_tests\n    exit_code = pytest.main(pytest_args)\n  File &amp;quot;C:\\Users\\ajame\\AppData\\Roaming\\Python\\Python310\\site-packages\\_pytest\\config\\__init__.py&amp;quot;, line 169, in main\n    ret: Union[ExitCode, int] = config.hook.pytest_cmdline_main(\n  File &amp;quot;C:\\Users\\ajame\\AppData\\Roaming\\Python\\Python310\\site-packages\\pluggy\\_hooks.py&amp;quot;, line 513, in __call__\n    return self._hookexec(self.name, self._hookimpls.copy(), kwargs, firstresult)\n  File &amp;quot;C:\\Users\\ajame\\AppData\\Roaming\\Python\\Python310\\site-packages\\pluggy\\_manager.py&amp;quot;, line 120, in _hookexec\n    return self._inner_hookexec(hook_name, methods, kwargs, firstresult)\n  File &amp;quot;C:\\Users\\ajame\\AppData\\Roaming\\Python\\Python310\\site-packages\\pluggy\\_callers.py&amp;quot;, line 103, in _multicall\n    res = hook_impl.function(*args)\n  File &amp;quot;C:\\Users\\ajame\\AppData\\Roaming\\Python\\Python310\\site-packages\\_pytest\\main.py&amp;quot;, line 318, in pytest_cmdline_main\n    return wrap_session(config, _main)\n  File &amp;quot;C:\\Users\\ajame\\AppData\\Roaming\\Python\\Python310\\site-packages\\_pytest\\main.py&amp;quot;, line 271, in wrap_session\n    session.exitstatus = doit(config, session) or 0\n  File &amp;quot;C:\\Users\\ajame\\AppData\\Roaming\\Python\\Python310\\site-packages\\_pytest\\main.py&amp;quot;, line 325, in _main\n    config.hook.pytest_runtestloop(session=session)\n  File &amp;quot;C:\\Users\\ajame\\AppData\\Roaming\\Python\\Python310\\site-packages\\pluggy\\_hooks.py&amp;quot;, line 513, in __call__\n    return self._hookexec(self.name, self._hookimpls.copy(), kwargs, firstresult)\n  File &amp;quot;C:\\Users\\ajame\\AppData\\Roaming\\Python\\Python310\\site-packages\\pluggy\\_manager.py&amp;quot;, line 120, in _hookexec\n    return self._inner_hookexec(hook_name, methods, kwargs, firstresult)\n  File &amp;quot;C:\\Users\\ajame\\AppData\\Roaming\\Python\\Python310\\site-packages\\pluggy\\_callers.py&amp;quot;, line 103, in _multicall\n    res = hook_impl.function(*args)\n  File &amp;quot;C:\\Users\\ajame\\AppData\\Roaming\\Python\\Python310\\site-packages\\_pytest\\main.py&amp;quot;, line 350, in pytest_runtestloop\n    item.config.hook.pytest_runtest_protocol(item=item, nextitem=nextitem)\n  File &amp;quot;C:\\Users\\ajame\\AppData\\Roaming\\Python\\Python310\\site-packages\\pluggy\\_hooks.py&amp;quot;, line 513, in __call__\n    return self._hookexec(self.name, self._hookimpls.copy(), kwargs, firstresult)\n  File &amp;quot;C:\\Users\\ajame\\AppData\\Roaming\\Python\\Python310\\site-packages\\pluggy\\_manager.py&amp;quot;, line 120, in _hookexec\n    return self._inner_hookexec(hook_name, methods, kwargs, firstresult)\n  File &amp;quot;C:\\Users\\ajame\\AppData\\Roaming\\Python\\Python310\\site-packages\\pluggy\\_callers.py&amp;quot;, line 103, in _multicall\n    res = hook_impl.function(*args)\n  File &amp;quot;C:\\Users\\ajame\\AppData\\Roaming\\Python\\Python310\\site-packages\\_pytest\\runner.py&amp;quot;, line 114, in pytest_runtest_protocol\n    runtestprotocol(item, nextitem=nextitem)\n  File &amp;quot;C:\\Users\\ajame\\AppData\\Roaming\\Python\\Python310\\site-packages\\_pytest\\runner.py&amp;quot;, line 133, in runtestprotocol\n    reports.append(call_and_report(item, &amp;quot;call&amp;quot;, log))\n  File &amp;quot;C:\\Users\\ajame\\AppData\\Roaming\\Python\\Python310\\site-packages\\_pytest\\runner.py&amp;quot;, line 222, in call_and_report\n    call = call_runtest_hook(item, when, **kwds)\n  File &amp;quot;C:\\Users\\ajame\\AppData\\Roaming\\Python\\Python310\\site-packages\\_pytest\\runner.py&amp;quot;, line 261, in call_runtest_hook\n    return CallInfo.from_call(\n  File &amp;quot;C:\\Users\\ajame\\AppData\\Roaming\\Python\\Python310\\site-packages\\_pytest\\runner.py&amp;quot;, line 341, in from_call\n    result: Optional[TResult] = func()\n  File &amp;quot;C:\\Users\\ajame\\AppData\\Roaming\\Python\\Python310\\site-packages\\_pytest\\runner.py&amp;quot;, line 262, in &amp;lt;lambda&amp;gt;\n    lambda: ihook(item=item, **kwds), when=when, reraise=reraise\n  File &amp;quot;C:\\Users\\ajame\\AppData\\Roaming\\Python\\Python310\\site-packages\\pluggy\\_hooks.py&amp;quot;, line 513, in __call__\n    return self._hookexec(self.name, self._hookimpls.copy(), kwargs, firstresult)\n  File &amp;quot;C:\\Users\\ajame\\AppData\\Roaming\\Python\\Python310\\site-packages\\pluggy\\_manager.py&amp;quot;, line 120, in _hookexec\n    return self._inner_hookexec(hook_name, methods, kwargs, firstresult)\n  File &amp;quot;C:\\Users\\ajame\\AppData\\Roaming\\Python\\Python310\\site-packages\\pluggy\\_callers.py&amp;quot;, line 103, in _multicall\n    res = hook_impl.function(*args)\n  File &amp;quot;C:\\Users\\ajame\\AppData\\Roaming\\Python\\Python310\\site-packages\\_pytest\\runner.py&amp;quot;, line 169, in pytest_runtest_call\n    item.runtest()\n  File &amp;quot;C:\\Users\\ajame\\AppData\\Roaming\\Python\\Python310\\site-packages\\_pytest\\python.py&amp;quot;, line 1792, in runtest\n    self.ihook.pytest_pyfunc_call(pyfuncitem=self)\n  File &amp;quot;C:\\Users\\ajame\\AppData\\Roaming\\Python\\Python310\\site-packages\\pluggy\\_hooks.py&amp;quot;, line 513, in __call__\n    return self._hookexec(self.name, self._hookimpls.copy(), kwargs, firstresult)\n  File &amp;quot;C:\\Users\\ajame\\AppData\\Roaming\\Python\\Python310\\site-packages\\pluggy\\_manager.py&amp;quot;, line 120, in _hookexec\n    return self._inner_hookexec(hook_name, methods, kwargs, firstresult)\n  File &amp;quot;C:\\Users\\ajame\\AppData\\Roaming\\Python\\Python310\\site-packages\\pluggy\\_callers.py&amp;quot;, line 103, in _multicall\n    res = hook_impl.function(*args)\n  File &amp;quot;C:\\Users\\ajame\\AppData\\Roaming\\Python\\Python310\\site-packages\\_pytest\\python.py&amp;quot;, line 194, in pytest_pyfunc_call\n    result = testfunction(**testargs)\n  File &amp;quot;C:\\Users\\ajame\\Legal_Study\\tests\\functional\\test_api_functionality.py&amp;quot;, line 179, in test_error_handling_endpoints\n    response = client.post(&amp;quot;/error-handling/log&amp;quot;, json=test_error)\n  File &amp;quot;C:\\Users\\ajame\\AppData\\Roaming\\Python\\Python310\\site-packages\\starlette\\testclient.py&amp;quot;, line 590, in post\n    return super().post(\n  File &amp;quot;C:\\Users\\ajame\\AppData\\Roaming\\Python\\Python310\\site-packages\\httpx\\_client.py&amp;quot;, line 1132, in post\n    return self.request(\n  File &amp;quot;C:\\Users\\ajame\\AppData\\Roaming\\Python\\Python310\\site-packages\\starlette\\testclient.py&amp;quot;, line 465, in request\n    return super().request(\n  File &amp;quot;C:\\Users\\ajame\\AppData\\Roaming\\Python\\Python310\\site-packages\\httpx\\_client.py&amp;quot;, line 814, in request\n    return self.send(request, auth=auth, follow_redirects=follow_redirects)\n  File &amp;quot;C:\\Users\\ajame\\AppData\\Roaming\\Python\\Python310\\site-packages\\httpx\\_client.py&amp;quot;, line 901, in send\n    response = self._send_handling_auth(\n  File &amp;quot;C:\\Users\\ajame\\AppData\\Roaming\\Python\\Python310\\site-packages\\httpx\\_client.py&amp;quot;, line 929, in _send_handling_auth\n    response = self._send_handling_redirects(\n  File &amp;quot;C:\\Users\\ajame\\AppData\\Roaming\\Python\\Python310\\site-packages\\httpx\\_client.py&amp;quot;, line 966, in _send_handling_redirects\n    response = self._send_single_request(request)\n  File &amp;quot;C:\\Users\\ajame\\AppData\\Roaming\\Python\\Python310\\site-packages\\httpx\\_client.py&amp;quot;, line 1013, in _send_single_request\n    logger.info(\nMessage: &amp;#x27;HTTP Request: %s %s &amp;quot;%s %d %s&amp;quot;&amp;#x27;\nArguments: (&amp;#x27;POST&amp;#x27;, URL(&amp;#x27;http://testserver/error-handling/log&amp;#x27;), &amp;#x27;HTTP/1.1&amp;#x27;, 200, &amp;#x27;OK&amp;#x27;)\n--- Logging error ---\nTraceback (most recent call last):\n  File &amp;quot;C:\\Program Files\\Python310\\lib\\logging\\__init__.py&amp;quot;, line 1101, in emit\n    stream.write(msg + self.terminator)\nOSError: [WinError 6] The handle is invalid\nCall stack:\n  File &amp;quot;C:\\Users\\ajame\\Legal_Study\\tests\\functional\\run_functional_tests.py&amp;quot;, line 104, in &amp;lt;module&amp;gt;\n    sys.exit(main())\n  File &amp;quot;C:\\Users\\ajame\\Legal_Study\\tests\\functional\\run_functional_tests.py&amp;quot;, line 86, in main\n    results = run_tests()\n  File &amp;quot;C:\\Users\\ajame\\Legal_Study\\tests\\functional\\run_functional_tests.py&amp;quot;, line 45, in run_tests\n    exit_code = pytest.main(pytest_args)\n  File &amp;quot;C:\\Users\\ajame\\AppData\\Roaming\\Python\\Python310\\site-packages\\_pytest\\config\\__init__.py&amp;quot;, line 169, in main\n    ret: Union[ExitCode, int] = config.hook.pytest_cmdline_main(\n  File &amp;quot;C:\\Users\\ajame\\AppData\\Roaming\\Python\\Python310\\site-packages\\pluggy\\_hooks.py&amp;quot;, line 513, in __call__\n    return self._hookexec(self.name, self._hookimpls.copy(), kwargs, firstresult)\n  File &amp;quot;C:\\Users\\ajame\\AppData\\Roaming\\Python\\Python310\\site-packages\\pluggy\\_manager.py&amp;quot;, line 120, in _hookexec\n    return self._inner_hookexec(hook_name, methods, kwargs, firstresult)\n  File &amp;quot;C:\\Users\\ajame\\AppData\\Roaming\\Python\\Python310\\site-packages\\pluggy\\_callers.py&amp;quot;, line 103, in _multicall\n    res = hook_impl.function(*args)\n  File &amp;quot;C:\\Users\\ajame\\AppData\\Roaming\\Python\\Python310\\site-packages\\_pytest\\main.py&amp;quot;, line 318, in pytest_cmdline_main\n    return wrap_session(config, _main)\n  File &amp;quot;C:\\Users\\ajame\\AppData\\Roaming\\Python\\Python310\\site-packages\\_pytest\\main.py&amp;quot;, line 271, in wrap_session\n    session.exitstatus = doit(config, session) or 0\n  File &amp;quot;C:\\Users\\ajame\\AppData\\Roaming\\Python\\Python310\\site-packages\\_pytest\\main.py&amp;quot;, line 325, in _main\n    config.hook.pytest_runtestloop(session=session)\n  File &amp;quot;C:\\Users\\ajame\\AppData\\Roaming\\Python\\Python310\\site-packages\\pluggy\\_hooks.py&amp;quot;, line 513, in __call__\n    return self._hookexec(self.name, self._hookimpls.copy(), kwargs, firstresult)\n  File &amp;quot;C:\\Users\\ajame\\AppData\\Roaming\\Python\\Python310\\site-packages\\pluggy\\_manager.py&amp;quot;, line 120, in _hookexec\n    return self._inner_hookexec(hook_name, methods, kwargs, firstresult)\n  File &amp;quot;C:\\Users\\ajame\\AppData\\Roaming\\Python\\Python310\\site-packages\\pluggy\\_callers.py&amp;quot;, line 103, in _multicall\n    res = hook_impl.function(*args)\n  File &amp;quot;C:\\Users\\ajame\\AppData\\Roaming\\Python\\Python310\\site-packages\\_pytest\\main.py&amp;quot;, line 350, in pytest_runtestloop\n    item.config.hook.pytest_runtest_protocol(item=item, nextitem=nextitem)\n  File &amp;quot;C:\\Users\\ajame\\AppData\\Roaming\\Python\\Python310\\site-packages\\pluggy\\_hooks.py&amp;quot;, line 513, in __call__\n    return self._hookexec(self.name, self._hookimpls.copy(), kwargs, firstresult)\n  File &amp;quot;C:\\Users\\ajame\\AppData\\Roaming\\Python\\Python310\\site-packages\\pluggy\\_manager.py&amp;quot;, line 120, in _hookexec\n    return self._inner_hookexec(hook_name, methods, kwargs, firstresult)\n  File &amp;quot;C:\\Users\\ajame\\AppData\\Roaming\\Python\\Python310\\site-packages\\pluggy\\_callers.py&amp;quot;, line 103, in _multicall\n    res = hook_impl.function(*args)\n  File &amp;quot;C:\\Users\\ajame\\AppData\\Roaming\\Python\\Python310\\site-packages\\_pytest\\runner.py&amp;quot;, line 114, in pytest_runtest_protocol\n    runtestprotocol(item, nextitem=nextitem)\n  File &amp;quot;C:\\Users\\ajame\\AppData\\Roaming\\Python\\Python310\\site-packages\\_pytest\\runner.py&amp;quot;, line 133, in runtestprotocol\n    reports.append(call_and_report(item, &amp;quot;call&amp;quot;, log))\n  File &amp;quot;C:\\Users\\ajame\\AppData\\Roaming\\Python\\Python310\\site-packages\\_pytest\\runner.py&amp;quot;, line 222, in call_and_report\n    call = call_runtest_hook(item, when, **kwds)\n  File &amp;quot;C:\\Users\\ajame\\AppData\\Roaming\\Python\\Python310\\site-packages\\_pytest\\runner.py&amp;quot;, line 261, in call_runtest_hook\n    return CallInfo.from_call(\n  File &amp;quot;C:\\Users\\ajame\\AppData\\Roaming\\Python\\Python310\\site-packages\\_pytest\\runner.py&amp;quot;, line 341, in from_call\n    result: Optional[TResult] = func()\n  File &amp;quot;C:\\Users\\ajame\\AppData\\Roaming\\Python\\Python310\\site-packages\\_pytest\\runner.py&amp;quot;, line 262, in &amp;lt;lambda&amp;gt;\n    lambda: ihook(item=item, **kwds), when=when, reraise=reraise\n  File &amp;quot;C:\\Users\\ajame\\AppData\\Roaming\\Python\\Python310\\site-packages\\pluggy\\_hooks.py&amp;quot;, line 513, in __call__\n    return self._hookexec(self.name, self._hookimpls.copy(), kwargs, firstresult)\n  File &amp;quot;C:\\Users\\ajame\\AppData\\Roaming\\Python\\Python310\\site-packages\\pluggy\\_manager.py&amp;quot;, line 120, in _hookexec\n    return self._inner_hookexec(hook_name, methods, kwargs, firstresult)\n  File &amp;quot;C:\\Users\\ajame\\AppData\\Roaming\\Python\\Python310\\site-packages\\pluggy\\_callers.py&amp;quot;, line 103, in _multicall\n    res = hook_impl.function(*args)\n  File &amp;quot;C:\\Users\\ajame\\AppData\\Roaming\\Python\\Python310\\site-packages\\_pytest\\runner.py&amp;quot;, line 169, in pytest_runtest_call\n    item.runtest()\n  File &amp;quot;C:\\Users\\ajame\\AppData\\Roaming\\Python\\Python310\\site-packages\\_pytest\\python.py&amp;quot;, line 1792, in runtest\n    self.ihook.pytest_pyfunc_call(pyfuncitem=self)\n  File &amp;quot;C:\\Users\\ajame\\AppData\\Roaming\\Python\\Python310\\site-packages\\pluggy\\_hooks.py&amp;quot;, line 513, in __call__\n    return self._hookexec(self.name, self._hookimpls.copy(), kwargs, firstresult)\n  File &amp;quot;C:\\Users\\ajame\\AppData\\Roaming\\Python\\Python310\\site-packages\\pluggy\\_manager.py&amp;quot;, line 120, in _hookexec\n    return self._inner_hookexec(hook_name, methods, kwargs, firstresult)\n  File &amp;quot;C:\\Users\\ajame\\AppData\\Roaming\\Python\\Python310\\site-packages\\pluggy\\_callers.py&amp;quot;, line 103, in _multicall\n    res = hook_impl.function(*args)\n  File &amp;quot;C:\\Users\\ajame\\AppData\\Roaming\\Python\\Python310\\site-packages\\_pytest\\python.py&amp;quot;, line 194, in pytest_pyfunc_call\n    result = testfunction(**testargs)\n  File &amp;quot;C:\\Users\\ajame\\Legal_Study\\tests\\functional\\test_api_functionality.py&amp;quot;, line 192, in test_error_handling_endpoints\n    logger.info(f&amp;quot;Error handling endpoints test report saved to {report_file}&amp;quot;)\nMessage: &amp;#x27;Error handling endpoints test report saved to reports\\\\functional_tests\\\\error_handling_endpoints_test_20250512_085122.json&amp;#x27;\nArguments: ()\n\n------------------------------ Captured log call -------------------------------\nINFO     httpx:_client.py:1013 HTTP Request: GET http://testserver/error-handling/health &amp;quot;HTTP/1.1 200 OK&amp;quot;\nINFO     httpx:_client.py:1013 HTTP Request: POST http://testserver/error-handling/log &amp;quot;HTTP/1.1 200 OK&amp;quot;\nINFO     test_api_functionality:test_api_functionality.py:192 Error handling endpoints test report saved to reports\\functional_tests\\error_handling_endpoints_test_20250512_085122.json\n\n--------------------------- Captured stderr teardown ---------------------------\n--- Logging error ---\nTraceback (most recent call last):\n  File &amp;quot;C:\\Program Files\\Python310\\lib\\logging\\__init__.py&amp;quot;, line 1101, in emit\n    stream.write(msg + self.terminator)\nOSError: [WinError 6] The handle is invalid\nCall stack:\n  File &amp;quot;C:\\Users\\ajame\\Legal_Study\\tests\\functional\\run_functional_tests.py&amp;quot;, line 104, in &amp;lt;module&amp;gt;\n    sys.exit(main())\n  File &amp;quot;C:\\Users\\ajame\\Legal_Study\\tests\\functional\\run_functional_tests.py&amp;quot;, line 86, in main\n    results = run_tests()\n  File &amp;quot;C:\\Users\\ajame\\Legal_Study\\tests\\functional\\run_functional_tests.py&amp;quot;, line 45, in run_tests\n    exit_code = pytest.main(pytest_args)\n  File &amp;quot;C:\\Users\\ajame\\AppData\\Roaming\\Python\\Python310\\site-packages\\_pytest\\config\\__init__.py&amp;quot;, line 169, in main\n    ret: Union[ExitCode, int] = config.hook.pytest_cmdline_main(\n  File &amp;quot;C:\\Users\\ajame\\AppData\\Roaming\\Python\\Python310\\site-packages\\pluggy\\_hooks.py&amp;quot;, line 513, in __call__\n    return self._hookexec(self.name, self._hookimpls.copy(), kwargs, firstresult)\n  File &amp;quot;C:\\Users\\ajame\\AppData\\Roaming\\Python\\Python310\\site-packages\\pluggy\\_manager.py&amp;quot;, line 120, in _hookexec\n    return self._inner_hookexec(hook_name, methods, kwargs, firstresult)\n  File &amp;quot;C:\\Users\\ajame\\AppData\\Roaming\\Python\\Python310\\site-packages\\pluggy\\_callers.py&amp;quot;, line 103, in _multicall\n    res = hook_impl.function(*args)\n  File &amp;quot;C:\\Users\\ajame\\AppData\\Roaming\\Python\\Python310\\site-packages\\_pytest\\main.py&amp;quot;, line 318, in pytest_cmdline_main\n    return wrap_session(config, _main)\n  File &amp;quot;C:\\Users\\ajame\\AppData\\Roaming\\Python\\Python310\\site-packages\\_pytest\\main.py&amp;quot;, line 271, in wrap_session\n    session.exitstatus = doit(config, session) or 0\n  File &amp;quot;C:\\Users\\ajame\\AppData\\Roaming\\Python\\Python310\\site-packages\\_pytest\\main.py&amp;quot;, line 325, in _main\n    config.hook.pytest_runtestloop(session=session)\n  File &amp;quot;C:\\Users\\ajame\\AppData\\Roaming\\Python\\Python310\\site-packages\\pluggy\\_hooks.py&amp;quot;, line 513, in __call__\n    return self._hookexec(self.name, self._hookimpls.copy(), kwargs, firstresult)\n  File &amp;quot;C:\\Users\\ajame\\AppData\\Roaming\\Python\\Python310\\site-packages\\pluggy\\_manager.py&amp;quot;, line 120, in _hookexec\n    return self._inner_hookexec(hook_name, methods, kwargs, firstresult)\n  File &amp;quot;C:\\Users\\ajame\\AppData\\Roaming\\Python\\Python310\\site-packages\\pluggy\\_callers.py&amp;quot;, line 103, in _multicall\n    res = hook_impl.function(*args)\n  File &amp;quot;C:\\Users\\ajame\\AppData\\Roaming\\Python\\Python310\\site-packages\\_pytest\\main.py&amp;quot;, line 350, in pytest_runtestloop\n    item.config.hook.pytest_runtest_protocol(item=item, nextitem=nextitem)\n  File &amp;quot;C:\\Users\\ajame\\AppData\\Roaming\\Python\\Python310\\site-packages\\pluggy\\_hooks.py&amp;quot;, line 513, in __call__\n    return self._hookexec(self.name, self._hookimpls.copy(), kwargs, firstresult)\n  File &amp;quot;C:\\Users\\ajame\\AppData\\Roaming\\Python\\Python310\\site-packages\\pluggy\\_manager.py&amp;quot;, line 120, in _hookexec\n    return self._inner_hookexec(hook_name, methods, kwargs, firstresult)\n  File &amp;quot;C:\\Users\\ajame\\AppData\\Roaming\\Python\\Python310\\site-packages\\pluggy\\_callers.py&amp;quot;, line 103, in _multicall\n    res = hook_impl.function(*args)\n  File &amp;quot;C:\\Users\\ajame\\AppData\\Roaming\\Python\\Python310\\site-packages\\_pytest\\runner.py&amp;quot;, line 114, in pytest_runtest_protocol\n    runtestprotocol(item, nextitem=nextitem)\n  File &amp;quot;C:\\Users\\ajame\\AppData\\Roaming\\Python\\Python310\\site-packages\\_pytest\\runner.py&amp;quot;, line 134, in runtestprotocol\n    reports.append(call_and_report(item, &amp;quot;teardown&amp;quot;, log, nextitem=nextitem))\n  File &amp;quot;C:\\Users\\ajame\\AppData\\Roaming\\Python\\Python310\\site-packages\\_pytest\\runner.py&amp;quot;, line 222, in call_and_report\n    call = call_runtest_hook(item, when, **kwds)\n  File &amp;quot;C:\\Users\\ajame\\AppData\\Roaming\\Python\\Python310\\site-packages\\_pytest\\runner.py&amp;quot;, line 261, in call_runtest_hook\n    return CallInfo.from_call(\n  File &amp;quot;C:\\Users\\ajame\\AppData\\Roaming\\Python\\Python310\\site-packages\\_pytest\\runner.py&amp;quot;, line 341, in from_call\n    result: Optional[TResult] = func()\n  File &amp;quot;C:\\Users\\ajame\\AppData\\Roaming\\Python\\Python310\\site-packages\\_pytest\\runner.py&amp;quot;, line 262, in &amp;lt;lambda&amp;gt;\n    lambda: ihook(item=item, **kwds), when=when, reraise=reraise\n  File &amp;quot;C:\\Users\\ajame\\AppData\\Roaming\\Python\\Python310\\site-packages\\pluggy\\_hooks.py&amp;quot;, line 513, in __call__\n    return self._hookexec(self.name, self._hookimpls.copy(), kwargs, firstresult)\n  File &amp;quot;C:\\Users\\ajame\\AppData\\Roaming\\Python\\Python310\\site-packages\\pluggy\\_manager.py&amp;quot;, line 120, in _hookexec\n    return self._inner_hookexec(hook_name, methods, kwargs, firstresult)\n  File &amp;quot;C:\\Users\\ajame\\AppData\\Roaming\\Python\\Python310\\site-packages\\pluggy\\_callers.py&amp;quot;, line 103, in _multicall\n    res = hook_impl.function(*args)\n  File &amp;quot;C:\\Users\\ajame\\AppData\\Roaming\\Python\\Python310\\site-packages\\_pytest\\runner.py&amp;quot;, line 182, in pytest_runtest_teardown\n    item.session._setupstate.teardown_exact(nextitem)\n  File &amp;quot;C:\\Users\\ajame\\AppData\\Roaming\\Python\\Python310\\site-packages\\_pytest\\runner.py&amp;quot;, line 526, in teardown_exact\n    fin()\n  File &amp;quot;C:\\Users\\ajame\\AppData\\Roaming\\Python\\Python310\\site-packages\\_pytest\\fixtures.py&amp;quot;, line 701, in &amp;lt;lambda&amp;gt;\n    subrequest.node.addfinalizer(lambda: fixturedef.finish(request=subrequest))\n  File &amp;quot;C:\\Users\\ajame\\AppData\\Roaming\\Python\\Python310\\site-packages\\_pytest\\fixtures.py&amp;quot;, line 1024, in finish\n    func()\n  File &amp;quot;C:\\Users\\ajame\\AppData\\Roaming\\Python\\Python310\\site-packages\\_pytest\\fixtures.py&amp;quot;, line 911, in _teardown_yield_fixture\n    next(it)\n  File &amp;quot;C:\\Users\\ajame\\Legal_Study\\tests\\conftest.py&amp;quot;, line 106, in setup_test_environment\n    logger.info(f&amp;quot;Ending test session at {datetime.now()}&amp;quot;)\nMessage: &amp;#x27;Ending test session at 2025-05-12 08:51:22.932591&amp;#x27;\nArguments: ()\n\n---------------------------- Captured log teardown -----------------------------\nINFO     tests.conftest:conftest.py:106 Ending test session at 2025-05-12 08:51:22.932591&#34;}], &#34;tests/functional/test_api_functionality.py::test_monitoring_endpoints&#34;: [{&#34;extras&#34;: [], &#34;result&#34;: &#34;Passed&#34;, &#34;testId&#34;: &#34;tests/functional/test_api_functionality.py::test_monitoring_endpoints&#34;, &#34;duration&#34;: &#34;24 ms&#34;, &#34;resultsTableRow&#34;: [&#34;&lt;td class=\&#34;col-result\&#34;&gt;Passed&lt;/td&gt;&#34;, &#34;&lt;td class=\&#34;col-testId\&#34;&gt;tests/functional/test_api_functionality.py::test_monitoring_endpoints&lt;/td&gt;&#34;, &#34;&lt;td class=\&#34;col-duration\&#34;&gt;24 ms&lt;/td&gt;&#34;, &#34;&lt;td class=\&#34;col-links\&#34;&gt;&lt;/td&gt;&#34;], &#34;log&#34;: &#34;---------------------------- Captured stderr setup -----------------------------\n--- Logging error ---\nTraceback (most recent call last):\n  File &amp;quot;C:\\Program Files\\Python310\\lib\\logging\\__init__.py&amp;quot;, line 1101, in emit\n    stream.write(msg + self.terminator)\nOSError: [WinError 6] The handle is invalid\nCall stack:\n  File &amp;quot;C:\\Users\\ajame\\Legal_Study\\tests\\functional\\run_functional_tests.py&amp;quot;, line 104, in &amp;lt;module&amp;gt;\n    sys.exit(main())\n  File &amp;quot;C:\\Users\\ajame\\Legal_Study\\tests\\functional\\run_functional_tests.py&amp;quot;, line 86, in main\n    results = run_tests()\n  File &amp;quot;C:\\Users\\ajame\\Legal_Study\\tests\\functional\\run_functional_tests.py&amp;quot;, line 45, in run_tests\n    exit_code = pytest.main(pytest_args)\n  File &amp;quot;C:\\Users\\ajame\\AppData\\Roaming\\Python\\Python310\\site-packages\\_pytest\\config\\__init__.py&amp;quot;, line 169, in main\n    ret: Union[ExitCode, int] = config.hook.pytest_cmdline_main(\n  File &amp;quot;C:\\Users\\ajame\\AppData\\Roaming\\Python\\Python310\\site-packages\\pluggy\\_hooks.py&amp;quot;, line 513, in __call__\n    return self._hookexec(self.name, self._hookimpls.copy(), kwargs, firstresult)\n  File &amp;quot;C:\\Users\\ajame\\AppData\\Roaming\\Python\\Python310\\site-packages\\pluggy\\_manager.py&amp;quot;, line 120, in _hookexec\n    return self._inner_hookexec(hook_name, methods, kwargs, firstresult)\n  File &amp;quot;C:\\Users\\ajame\\AppData\\Roaming\\Python\\Python310\\site-packages\\pluggy\\_callers.py&amp;quot;, line 103, in _multicall\n    res = hook_impl.function(*args)\n  File &amp;quot;C:\\Users\\ajame\\AppData\\Roaming\\Python\\Python310\\site-packages\\_pytest\\main.py&amp;quot;, line 318, in pytest_cmdline_main\n    return wrap_session(config, _main)\n  File &amp;quot;C:\\Users\\ajame\\AppData\\Roaming\\Python\\Python310\\site-packages\\_pytest\\main.py&amp;quot;, line 271, in wrap_session\n    session.exitstatus = doit(config, session) or 0\n  File &amp;quot;C:\\Users\\ajame\\AppData\\Roaming\\Python\\Python310\\site-packages\\_pytest\\main.py&amp;quot;, line 325, in _main\n    config.hook.pytest_runtestloop(session=session)\n  File &amp;quot;C:\\Users\\ajame\\AppData\\Roaming\\Python\\Python310\\site-packages\\pluggy\\_hooks.py&amp;quot;, line 513, in __call__\n    return self._hookexec(self.name, self._hookimpls.copy(), kwargs, firstresult)\n  File &amp;quot;C:\\Users\\ajame\\AppData\\Roaming\\Python\\Python310\\site-packages\\pluggy\\_manager.py&amp;quot;, line 120, in _hookexec\n    return self._inner_hookexec(hook_name, methods, kwargs, firstresult)\n  File &amp;quot;C:\\Users\\ajame\\AppData\\Roaming\\Python\\Python310\\site-packages\\pluggy\\_callers.py&amp;quot;, line 103, in _multicall\n    res = hook_impl.function(*args)\n  File &amp;quot;C:\\Users\\ajame\\AppData\\Roaming\\Python\\Python310\\site-packages\\_pytest\\main.py&amp;quot;, line 350, in pytest_runtestloop\n    item.config.hook.pytest_runtest_protocol(item=item, nextitem=nextitem)\n  File &amp;quot;C:\\Users\\ajame\\AppData\\Roaming\\Python\\Python310\\site-packages\\pluggy\\_hooks.py&amp;quot;, line 513, in __call__\n    return self._hookexec(self.name, self._hookimpls.copy(), kwargs, firstresult)\n  File &amp;quot;C:\\Users\\ajame\\AppData\\Roaming\\Python\\Python310\\site-packages\\pluggy\\_manager.py&amp;quot;, line 120, in _hookexec\n    return self._inner_hookexec(hook_name, methods, kwargs, firstresult)\n  File &amp;quot;C:\\Users\\ajame\\AppData\\Roaming\\Python\\Python310\\site-packages\\pluggy\\_callers.py&amp;quot;, line 103, in _multicall\n    res = hook_impl.function(*args)\n  File &amp;quot;C:\\Users\\ajame\\AppData\\Roaming\\Python\\Python310\\site-packages\\_pytest\\runner.py&amp;quot;, line 114, in pytest_runtest_protocol\n    runtestprotocol(item, nextitem=nextitem)\n  File &amp;quot;C:\\Users\\ajame\\AppData\\Roaming\\Python\\Python310\\site-packages\\_pytest\\runner.py&amp;quot;, line 127, in runtestprotocol\n    rep = call_and_report(item, &amp;quot;setup&amp;quot;, log)\n  File &amp;quot;C:\\Users\\ajame\\AppData\\Roaming\\Python\\Python310\\site-packages\\_pytest\\runner.py&amp;quot;, line 222, in call_and_report\n    call = call_runtest_hook(item, when, **kwds)\n  File &amp;quot;C:\\Users\\ajame\\AppData\\Roaming\\Python\\Python310\\site-packages\\_pytest\\runner.py&amp;quot;, line 261, in call_runtest_hook\n    return CallInfo.from_call(\n  File &amp;quot;C:\\Users\\ajame\\AppData\\Roaming\\Python\\Python310\\site-packages\\_pytest\\runner.py&amp;quot;, line 341, in from_call\n    result: Optional[TResult] = func()\n  File &amp;quot;C:\\Users\\ajame\\AppData\\Roaming\\Python\\Python310\\site-packages\\_pytest\\runner.py&amp;quot;, line 262, in &amp;lt;lambda&amp;gt;\n    lambda: ihook(item=item, **kwds), when=when, reraise=reraise\n  File &amp;quot;C:\\Users\\ajame\\AppData\\Roaming\\Python\\Python310\\site-packages\\pluggy\\_hooks.py&amp;quot;, line 513, in __call__\n    return self._hookexec(self.name, self._hookimpls.copy(), kwargs, firstresult)\n  File &amp;quot;C:\\Users\\ajame\\AppData\\Roaming\\Python\\Python310\\site-packages\\pluggy\\_manager.py&amp;quot;, line 120, in _hookexec\n    return self._inner_hookexec(hook_name, methods, kwargs, firstresult)\n  File &amp;quot;C:\\Users\\ajame\\AppData\\Roaming\\Python\\Python310\\site-packages\\pluggy\\_callers.py&amp;quot;, line 103, in _multicall\n    res = hook_impl.function(*args)\n  File &amp;quot;C:\\Users\\ajame\\AppData\\Roaming\\Python\\Python310\\site-packages\\_pytest\\runner.py&amp;quot;, line 157, in pytest_runtest_setup\n    item.session._setupstate.setup(item)\n  File &amp;quot;C:\\Users\\ajame\\AppData\\Roaming\\Python\\Python310\\site-packages\\_pytest\\runner.py&amp;quot;, line 494, in setup\n    col.setup()\n  File &amp;quot;C:\\Users\\ajame\\AppData\\Roaming\\Python\\Python310\\site-packages\\_pytest\\python.py&amp;quot;, line 1795, in setup\n    self._request._fillfixtures()\n  File &amp;quot;C:\\Users\\ajame\\AppData\\Roaming\\Python\\Python310\\site-packages\\_pytest\\fixtures.py&amp;quot;, line 566, in _fillfixtures\n    item.funcargs[argname] = self.getfixturevalue(argname)\n  File &amp;quot;C:\\Users\\ajame\\AppData\\Roaming\\Python\\Python310\\site-packages\\_pytest\\fixtures.py&amp;quot;, line 585, in getfixturevalue\n    fixturedef = self._get_active_fixturedef(argname)\n  File &amp;quot;C:\\Users\\ajame\\AppData\\Roaming\\Python\\Python310\\site-packages\\_pytest\\fixtures.py&amp;quot;, line 607, in _get_active_fixturedef\n    self._compute_fixture_value(fixturedef)\n  File &amp;quot;C:\\Users\\ajame\\AppData\\Roaming\\Python\\Python310\\site-packages\\_pytest\\fixtures.py&amp;quot;, line 693, in _compute_fixture_value\n    fixturedef.execute(request=subrequest)\n  File &amp;quot;C:\\Users\\ajame\\AppData\\Roaming\\Python\\Python310\\site-packages\\_pytest\\fixtures.py&amp;quot;, line 1069, in execute\n    result = ihook.pytest_fixture_setup(fixturedef=self, request=request)\n  File &amp;quot;C:\\Users\\ajame\\AppData\\Roaming\\Python\\Python310\\site-packages\\pluggy\\_hooks.py&amp;quot;, line 513, in __call__\n    return self._hookexec(self.name, self._hookimpls.copy(), kwargs, firstresult)\n  File &amp;quot;C:\\Users\\ajame\\AppData\\Roaming\\Python\\Python310\\site-packages\\pluggy\\_manager.py&amp;quot;, line 120, in _hookexec\n    return self._inner_hookexec(hook_name, methods, kwargs, firstresult)\n  File &amp;quot;C:\\Users\\ajame\\AppData\\Roaming\\Python\\Python310\\site-packages\\pluggy\\_callers.py&amp;quot;, line 103, in _multicall\n    res = hook_impl.function(*args)\n  File &amp;quot;C:\\Users\\ajame\\AppData\\Roaming\\Python\\Python310\\site-packages\\_pytest\\fixtures.py&amp;quot;, line 1123, in pytest_fixture_setup\n    result = call_fixture_func(fixturefunc, request, kwargs)\n  File &amp;quot;C:\\Users\\ajame\\AppData\\Roaming\\Python\\Python310\\site-packages\\_pytest\\fixtures.py&amp;quot;, line 895, in call_fixture_func\n    fixture_result = next(generator)\n  File &amp;quot;C:\\Users\\ajame\\Legal_Study\\tests\\conftest.py&amp;quot;, line 101, in setup_test_environment\n    logger.info(f&amp;quot;Starting test session at {datetime.now()}&amp;quot;)\nMessage: &amp;#x27;Starting test session at 2025-05-12 08:51:22.939675&amp;#x27;\nArguments: ()\n\n------------------------------ Captured log setup ------------------------------\nINFO     tests.conftest:conftest.py:101 Starting test session at 2025-05-12 08:51:22.939675\n\n----------------------------- Captured stderr call -----------------------------\n--- Logging error ---\nTraceback (most recent call last):\n  File &amp;quot;C:\\Program Files\\Python310\\lib\\logging\\__init__.py&amp;quot;, line 1101, in emit\n    stream.write(msg + self.terminator)\nOSError: [WinError 6] The handle is invalid\nCall stack:\n  File &amp;quot;C:\\Users\\ajame\\Legal_Study\\tests\\functional\\run_functional_tests.py&amp;quot;, line 104, in &amp;lt;module&amp;gt;\n    sys.exit(main())\n  File &amp;quot;C:\\Users\\ajame\\Legal_Study\\tests\\functional\\run_functional_tests.py&amp;quot;, line 86, in main\n    results = run_tests()\n  File &amp;quot;C:\\Users\\ajame\\Legal_Study\\tests\\functional\\run_functional_tests.py&amp;quot;, line 45, in run_tests\n    exit_code = pytest.main(pytest_args)\n  File &amp;quot;C:\\Users\\ajame\\AppData\\Roaming\\Python\\Python310\\site-packages\\_pytest\\config\\__init__.py&amp;quot;, line 169, in main\n    ret: Union[ExitCode, int] = config.hook.pytest_cmdline_main(\n  File &amp;quot;C:\\Users\\ajame\\AppData\\Roaming\\Python\\Python310\\site-packages\\pluggy\\_hooks.py&amp;quot;, line 513, in __call__\n    return self._hookexec(self.name, self._hookimpls.copy(), kwargs, firstresult)\n  File &amp;quot;C:\\Users\\ajame\\AppData\\Roaming\\Python\\Python310\\site-packages\\pluggy\\_manager.py&amp;quot;, line 120, in _hookexec\n    return self._inner_hookexec(hook_name, methods, kwargs, firstresult)\n  File &amp;quot;C:\\Users\\ajame\\AppData\\Roaming\\Python\\Python310\\site-packages\\pluggy\\_callers.py&amp;quot;, line 103, in _multicall\n    res = hook_impl.function(*args)\n  File &amp;quot;C:\\Users\\ajame\\AppData\\Roaming\\Python\\Python310\\site-packages\\_pytest\\main.py&amp;quot;, line 318, in pytest_cmdline_main\n    return wrap_session(config, _main)\n  File &amp;quot;C:\\Users\\ajame\\AppData\\Roaming\\Python\\Python310\\site-packages\\_pytest\\main.py&amp;quot;, line 271, in wrap_session\n    session.exitstatus = doit(config, session) or 0\n  File &amp;quot;C:\\Users\\ajame\\AppData\\Roaming\\Python\\Python310\\site-packages\\_pytest\\main.py&amp;quot;, line 325, in _main\n    config.hook.pytest_runtestloop(session=session)\n  File &amp;quot;C:\\Users\\ajame\\AppData\\Roaming\\Python\\Python310\\site-packages\\pluggy\\_hooks.py&amp;quot;, line 513, in __call__\n    return self._hookexec(self.name, self._hookimpls.copy(), kwargs, firstresult)\n  File &amp;quot;C:\\Users\\ajame\\AppData\\Roaming\\Python\\Python310\\site-packages\\pluggy\\_manager.py&amp;quot;, line 120, in _hookexec\n    return self._inner_hookexec(hook_name, methods, kwargs, firstresult)\n  File &amp;quot;C:\\Users\\ajame\\AppData\\Roaming\\Python\\Python310\\site-packages\\pluggy\\_callers.py&amp;quot;, line 103, in _multicall\n    res = hook_impl.function(*args)\n  File &amp;quot;C:\\Users\\ajame\\AppData\\Roaming\\Python\\Python310\\site-packages\\_pytest\\main.py&amp;quot;, line 350, in pytest_runtestloop\n    item.config.hook.pytest_runtest_protocol(item=item, nextitem=nextitem)\n  File &amp;quot;C:\\Users\\ajame\\AppData\\Roaming\\Python\\Python310\\site-packages\\pluggy\\_hooks.py&amp;quot;, line 513, in __call__\n    return self._hookexec(self.name, self._hookimpls.copy(), kwargs, firstresult)\n  File &amp;quot;C:\\Users\\ajame\\AppData\\Roaming\\Python\\Python310\\site-packages\\pluggy\\_manager.py&amp;quot;, line 120, in _hookexec\n    return self._inner_hookexec(hook_name, methods, kwargs, firstresult)\n  File &amp;quot;C:\\Users\\ajame\\AppData\\Roaming\\Python\\Python310\\site-packages\\pluggy\\_callers.py&amp;quot;, line 103, in _multicall\n    res = hook_impl.function(*args)\n  File &amp;quot;C:\\Users\\ajame\\AppData\\Roaming\\Python\\Python310\\site-packages\\_pytest\\runner.py&amp;quot;, line 114, in pytest_runtest_protocol\n    runtestprotocol(item, nextitem=nextitem)\n  File &amp;quot;C:\\Users\\ajame\\AppData\\Roaming\\Python\\Python310\\site-packages\\_pytest\\runner.py&amp;quot;, line 133, in runtestprotocol\n    reports.append(call_and_report(item, &amp;quot;call&amp;quot;, log))\n  File &amp;quot;C:\\Users\\ajame\\AppData\\Roaming\\Python\\Python310\\site-packages\\_pytest\\runner.py&amp;quot;, line 222, in call_and_report\n    call = call_runtest_hook(item, when, **kwds)\n  File &amp;quot;C:\\Users\\ajame\\AppData\\Roaming\\Python\\Python310\\site-packages\\_pytest\\runner.py&amp;quot;, line 261, in call_runtest_hook\n    return CallInfo.from_call(\n  File &amp;quot;C:\\Users\\ajame\\AppData\\Roaming\\Python\\Python310\\site-packages\\_pytest\\runner.py&amp;quot;, line 341, in from_call\n    result: Optional[TResult] = func()\n  File &amp;quot;C:\\Users\\ajame\\AppData\\Roaming\\Python\\Python310\\site-packages\\_pytest\\runner.py&amp;quot;, line 262, in &amp;lt;lambda&amp;gt;\n    lambda: ihook(item=item, **kwds), when=when, reraise=reraise\n  File &amp;quot;C:\\Users\\ajame\\AppData\\Roaming\\Python\\Python310\\site-packages\\pluggy\\_hooks.py&amp;quot;, line 513, in __call__\n    return self._hookexec(self.name, self._hookimpls.copy(), kwargs, firstresult)\n  File &amp;quot;C:\\Users\\ajame\\AppData\\Roaming\\Python\\Python310\\site-packages\\pluggy\\_manager.py&amp;quot;, line 120, in _hookexec\n    return self._inner_hookexec(hook_name, methods, kwargs, firstresult)\n  File &amp;quot;C:\\Users\\ajame\\AppData\\Roaming\\Python\\Python310\\site-packages\\pluggy\\_callers.py&amp;quot;, line 103, in _multicall\n    res = hook_impl.function(*args)\n  File &amp;quot;C:\\Users\\ajame\\AppData\\Roaming\\Python\\Python310\\site-packages\\_pytest\\runner.py&amp;quot;, line 169, in pytest_runtest_call\n    item.runtest()\n  File &amp;quot;C:\\Users\\ajame\\AppData\\Roaming\\Python\\Python310\\site-packages\\_pytest\\python.py&amp;quot;, line 1792, in runtest\n    self.ihook.pytest_pyfunc_call(pyfuncitem=self)\n  File &amp;quot;C:\\Users\\ajame\\AppData\\Roaming\\Python\\Python310\\site-packages\\pluggy\\_hooks.py&amp;quot;, line 513, in __call__\n    return self._hookexec(self.name, self._hookimpls.copy(), kwargs, firstresult)\n  File &amp;quot;C:\\Users\\ajame\\AppData\\Roaming\\Python\\Python310\\site-packages\\pluggy\\_manager.py&amp;quot;, line 120, in _hookexec\n    return self._inner_hookexec(hook_name, methods, kwargs, firstresult)\n  File &amp;quot;C:\\Users\\ajame\\AppData\\Roaming\\Python\\Python310\\site-packages\\pluggy\\_callers.py&amp;quot;, line 103, in _multicall\n    res = hook_impl.function(*args)\n  File &amp;quot;C:\\Users\\ajame\\AppData\\Roaming\\Python\\Python310\\site-packages\\_pytest\\python.py&amp;quot;, line 194, in pytest_pyfunc_call\n    result = testfunction(**testargs)\n  File &amp;quot;C:\\Users\\ajame\\Legal_Study\\tests\\functional\\test_api_functionality.py&amp;quot;, line 206, in test_monitoring_endpoints\n    response = client.get(&amp;quot;/monitoring/health&amp;quot;)\n  File &amp;quot;C:\\Users\\ajame\\AppData\\Roaming\\Python\\Python310\\site-packages\\starlette\\testclient.py&amp;quot;, line 499, in get\n    return super().get(\n  File &amp;quot;C:\\Users\\ajame\\AppData\\Roaming\\Python\\Python310\\site-packages\\httpx\\_client.py&amp;quot;, line 1041, in get\n    return self.request(\n  File &amp;quot;C:\\Users\\ajame\\AppData\\Roaming\\Python\\Python310\\site-packages\\starlette\\testclient.py&amp;quot;, line 465, in request\n    return super().request(\n  File &amp;quot;C:\\Users\\ajame\\AppData\\Roaming\\Python\\Python310\\site-packages\\httpx\\_client.py&amp;quot;, line 814, in request\n    return self.send(request, auth=auth, follow_redirects=follow_redirects)\n  File &amp;quot;C:\\Users\\ajame\\AppData\\Roaming\\Python\\Python310\\site-packages\\httpx\\_client.py&amp;quot;, line 901, in send\n    response = self._send_handling_auth(\n  File &amp;quot;C:\\Users\\ajame\\AppData\\Roaming\\Python\\Python310\\site-packages\\httpx\\_client.py&amp;quot;, line 929, in _send_handling_auth\n    response = self._send_handling_redirects(\n  File &amp;quot;C:\\Users\\ajame\\AppData\\Roaming\\Python\\Python310\\site-packages\\httpx\\_client.py&amp;quot;, line 966, in _send_handling_redirects\n    response = self._send_single_request(request)\n  File &amp;quot;C:\\Users\\ajame\\AppData\\Roaming\\Python\\Python310\\site-packages\\httpx\\_client.py&amp;quot;, line 1013, in _send_single_request\n    logger.info(\nMessage: &amp;#x27;HTTP Request: %s %s &amp;quot;%s %d %s&amp;quot;&amp;#x27;\nArguments: (&amp;#x27;GET&amp;#x27;, URL(&amp;#x27;http://testserver/monitoring/health&amp;#x27;), &amp;#x27;HTTP/1.1&amp;#x27;, 200, &amp;#x27;OK&amp;#x27;)\n--- Logging error ---\nTraceback (most recent call last):\n  File &amp;quot;C:\\Program Files\\Python310\\lib\\logging\\__init__.py&amp;quot;, line 1101, in emit\n    stream.write(msg + self.terminator)\nOSError: [WinError 6] The handle is invalid\nCall stack:\n  File &amp;quot;C:\\Users\\ajame\\Legal_Study\\tests\\functional\\run_functional_tests.py&amp;quot;, line 104, in &amp;lt;module&amp;gt;\n    sys.exit(main())\n  File &amp;quot;C:\\Users\\ajame\\Legal_Study\\tests\\functional\\run_functional_tests.py&amp;quot;, line 86, in main\n    results = run_tests()\n  File &amp;quot;C:\\Users\\ajame\\Legal_Study\\tests\\functional\\run_functional_tests.py&amp;quot;, line 45, in run_tests\n    exit_code = pytest.main(pytest_args)\n  File &amp;quot;C:\\Users\\ajame\\AppData\\Roaming\\Python\\Python310\\site-packages\\_pytest\\config\\__init__.py&amp;quot;, line 169, in main\n    ret: Union[ExitCode, int] = config.hook.pytest_cmdline_main(\n  File &amp;quot;C:\\Users\\ajame\\AppData\\Roaming\\Python\\Python310\\site-packages\\pluggy\\_hooks.py&amp;quot;, line 513, in __call__\n    return self._hookexec(self.name, self._hookimpls.copy(), kwargs, firstresult)\n  File &amp;quot;C:\\Users\\ajame\\AppData\\Roaming\\Python\\Python310\\site-packages\\pluggy\\_manager.py&amp;quot;, line 120, in _hookexec\n    return self._inner_hookexec(hook_name, methods, kwargs, firstresult)\n  File &amp;quot;C:\\Users\\ajame\\AppData\\Roaming\\Python\\Python310\\site-packages\\pluggy\\_callers.py&amp;quot;, line 103, in _multicall\n    res = hook_impl.function(*args)\n  File &amp;quot;C:\\Users\\ajame\\AppData\\Roaming\\Python\\Python310\\site-packages\\_pytest\\main.py&amp;quot;, line 318, in pytest_cmdline_main\n    return wrap_session(config, _main)\n  File &amp;quot;C:\\Users\\ajame\\AppData\\Roaming\\Python\\Python310\\site-packages\\_pytest\\main.py&amp;quot;, line 271, in wrap_session\n    session.exitstatus = doit(config, session) or 0\n  File &amp;quot;C:\\Users\\ajame\\AppData\\Roaming\\Python\\Python310\\site-packages\\_pytest\\main.py&amp;quot;, line 325, in _main\n    config.hook.pytest_runtestloop(session=session)\n  File &amp;quot;C:\\Users\\ajame\\AppData\\Roaming\\Python\\Python310\\site-packages\\pluggy\\_hooks.py&amp;quot;, line 513, in __call__\n    return self._hookexec(self.name, self._hookimpls.copy(), kwargs, firstresult)\n  File &amp;quot;C:\\Users\\ajame\\AppData\\Roaming\\Python\\Python310\\site-packages\\pluggy\\_manager.py&amp;quot;, line 120, in _hookexec\n    return self._inner_hookexec(hook_name, methods, kwargs, firstresult)\n  File &amp;quot;C:\\Users\\ajame\\AppData\\Roaming\\Python\\Python310\\site-packages\\pluggy\\_callers.py&amp;quot;, line 103, in _multicall\n    res = hook_impl.function(*args)\n  File &amp;quot;C:\\Users\\ajame\\AppData\\Roaming\\Python\\Python310\\site-packages\\_pytest\\main.py&amp;quot;, line 350, in pytest_runtestloop\n    item.config.hook.pytest_runtest_protocol(item=item, nextitem=nextitem)\n  File &amp;quot;C:\\Users\\ajame\\AppData\\Roaming\\Python\\Python310\\site-packages\\pluggy\\_hooks.py&amp;quot;, line 513, in __call__\n    return self._hookexec(self.name, self._hookimpls.copy(), kwargs, firstresult)\n  File &amp;quot;C:\\Users\\ajame\\AppData\\Roaming\\Python\\Python310\\site-packages\\pluggy\\_manager.py&amp;quot;, line 120, in _hookexec\n    return self._inner_hookexec(hook_name, methods, kwargs, firstresult)\n  File &amp;quot;C:\\Users\\ajame\\AppData\\Roaming\\Python\\Python310\\site-packages\\pluggy\\_callers.py&amp;quot;, line 103, in _multicall\n    res = hook_impl.function(*args)\n  File &amp;quot;C:\\Users\\ajame\\AppData\\Roaming\\Python\\Python310\\site-packages\\_pytest\\runner.py&amp;quot;, line 114, in pytest_runtest_protocol\n    runtestprotocol(item, nextitem=nextitem)\n  File &amp;quot;C:\\Users\\ajame\\AppData\\Roaming\\Python\\Python310\\site-packages\\_pytest\\runner.py&amp;quot;, line 133, in runtestprotocol\n    reports.append(call_and_report(item, &amp;quot;call&amp;quot;, log))\n  File &amp;quot;C:\\Users\\ajame\\AppData\\Roaming\\Python\\Python310\\site-packages\\_pytest\\runner.py&amp;quot;, line 222, in call_and_report\n    call = call_runtest_hook(item, when, **kwds)\n  File &amp;quot;C:\\Users\\ajame\\AppData\\Roaming\\Python\\Python310\\site-packages\\_pytest\\runner.py&amp;quot;, line 261, in call_runtest_hook\n    return CallInfo.from_call(\n  File &amp;quot;C:\\Users\\ajame\\AppData\\Roaming\\Python\\Python310\\site-packages\\_pytest\\runner.py&amp;quot;, line 341, in from_call\n    result: Optional[TResult] = func()\n  File &amp;quot;C:\\Users\\ajame\\AppData\\Roaming\\Python\\Python310\\site-packages\\_pytest\\runner.py&amp;quot;, line 262, in &amp;lt;lambda&amp;gt;\n    lambda: ihook(item=item, **kwds), when=when, reraise=reraise\n  File &amp;quot;C:\\Users\\ajame\\AppData\\Roaming\\Python\\Python310\\site-packages\\pluggy\\_hooks.py&amp;quot;, line 513, in __call__\n    return self._hookexec(self.name, self._hookimpls.copy(), kwargs, firstresult)\n  File &amp;quot;C:\\Users\\ajame\\AppData\\Roaming\\Python\\Python310\\site-packages\\pluggy\\_manager.py&amp;quot;, line 120, in _hookexec\n    return self._inner_hookexec(hook_name, methods, kwargs, firstresult)\n  File &amp;quot;C:\\Users\\ajame\\AppData\\Roaming\\Python\\Python310\\site-packages\\pluggy\\_callers.py&amp;quot;, line 103, in _multicall\n    res = hook_impl.function(*args)\n  File &amp;quot;C:\\Users\\ajame\\AppData\\Roaming\\Python\\Python310\\site-packages\\_pytest\\runner.py&amp;quot;, line 169, in pytest_runtest_call\n    item.runtest()\n  File &amp;quot;C:\\Users\\ajame\\AppData\\Roaming\\Python\\Python310\\site-packages\\_pytest\\python.py&amp;quot;, line 1792, in runtest\n    self.ihook.pytest_pyfunc_call(pyfuncitem=self)\n  File &amp;quot;C:\\Users\\ajame\\AppData\\Roaming\\Python\\Python310\\site-packages\\pluggy\\_hooks.py&amp;quot;, line 513, in __call__\n    return self._hookexec(self.name, self._hookimpls.copy(), kwargs, firstresult)\n  File &amp;quot;C:\\Users\\ajame\\AppData\\Roaming\\Python\\Python310\\site-packages\\pluggy\\_manager.py&amp;quot;, line 120, in _hookexec\n    return self._inner_hookexec(hook_name, methods, kwargs, firstresult)\n  File &amp;quot;C:\\Users\\ajame\\AppData\\Roaming\\Python\\Python310\\site-packages\\pluggy\\_callers.py&amp;quot;, line 103, in _multicall\n    res = hook_impl.function(*args)\n  File &amp;quot;C:\\Users\\ajame\\AppData\\Roaming\\Python\\Python310\\site-packages\\_pytest\\python.py&amp;quot;, line 194, in pytest_pyfunc_call\n    result = testfunction(**testargs)\n  File &amp;quot;C:\\Users\\ajame\\Legal_Study\\tests\\functional\\test_api_functionality.py&amp;quot;, line 224, in test_monitoring_endpoints\n    response = client.get(&amp;quot;/monitoring/system&amp;quot;)\n  File &amp;quot;C:\\Users\\ajame\\AppData\\Roaming\\Python\\Python310\\site-packages\\starlette\\testclient.py&amp;quot;, line 499, in get\n    return super().get(\n  File &amp;quot;C:\\Users\\ajame\\AppData\\Roaming\\Python\\Python310\\site-packages\\httpx\\_client.py&amp;quot;, line 1041, in get\n    return self.request(\n  File &amp;quot;C:\\Users\\ajame\\AppData\\Roaming\\Python\\Python310\\site-packages\\starlette\\testclient.py&amp;quot;, line 465, in request\n    return super().request(\n  File &amp;quot;C:\\Users\\ajame\\AppData\\Roaming\\Python\\Python310\\site-packages\\httpx\\_client.py&amp;quot;, line 814, in request\n    return self.send(request, auth=auth, follow_redirects=follow_redirects)\n  File &amp;quot;C:\\Users\\ajame\\AppData\\Roaming\\Python\\Python310\\site-packages\\httpx\\_client.py&amp;quot;, line 901, in send\n    response = self._send_handling_auth(\n  File &amp;quot;C:\\Users\\ajame\\AppData\\Roaming\\Python\\Python310\\site-packages\\httpx\\_client.py&amp;quot;, line 929, in _send_handling_auth\n    response = self._send_handling_redirects(\n  File &amp;quot;C:\\Users\\ajame\\AppData\\Roaming\\Python\\Python310\\site-packages\\httpx\\_client.py&amp;quot;, line 966, in _send_handling_redirects\n    response = self._send_single_request(request)\n  File &amp;quot;C:\\Users\\ajame\\AppData\\Roaming\\Python\\Python310\\site-packages\\httpx\\_client.py&amp;quot;, line 1013, in _send_single_request\n    logger.info(\nMessage: &amp;#x27;HTTP Request: %s %s &amp;quot;%s %d %s&amp;quot;&amp;#x27;\nArguments: (&amp;#x27;GET&amp;#x27;, URL(&amp;#x27;http://testserver/monitoring/system&amp;#x27;), &amp;#x27;HTTP/1.1&amp;#x27;, 200, &amp;#x27;OK&amp;#x27;)\n--- Logging error ---\nTraceback (most recent call last):\n  File &amp;quot;C:\\Program Files\\Python310\\lib\\logging\\__init__.py&amp;quot;, line 1101, in emit\n    stream.write(msg + self.terminator)\nOSError: [WinError 6] The handle is invalid\nCall stack:\n  File &amp;quot;C:\\Users\\ajame\\Legal_Study\\tests\\functional\\run_functional_tests.py&amp;quot;, line 104, in &amp;lt;module&amp;gt;\n    sys.exit(main())\n  File &amp;quot;C:\\Users\\ajame\\Legal_Study\\tests\\functional\\run_functional_tests.py&amp;quot;, line 86, in main\n    results = run_tests()\n  File &amp;quot;C:\\Users\\ajame\\Legal_Study\\tests\\functional\\run_functional_tests.py&amp;quot;, line 45, in run_tests\n    exit_code = pytest.main(pytest_args)\n  File &amp;quot;C:\\Users\\ajame\\AppData\\Roaming\\Python\\Python310\\site-packages\\_pytest\\config\\__init__.py&amp;quot;, line 169, in main\n    ret: Union[ExitCode, int] = config.hook.pytest_cmdline_main(\n  File &amp;quot;C:\\Users\\ajame\\AppData\\Roaming\\Python\\Python310\\site-packages\\pluggy\\_hooks.py&amp;quot;, line 513, in __call__\n    return self._hookexec(self.name, self._hookimpls.copy(), kwargs, firstresult)\n  File &amp;quot;C:\\Users\\ajame\\AppData\\Roaming\\Python\\Python310\\site-packages\\pluggy\\_manager.py&amp;quot;, line 120, in _hookexec\n    return self._inner_hookexec(hook_name, methods, kwargs, firstresult)\n  File &amp;quot;C:\\Users\\ajame\\AppData\\Roaming\\Python\\Python310\\site-packages\\pluggy\\_callers.py&amp;quot;, line 103, in _multicall\n    res = hook_impl.function(*args)\n  File &amp;quot;C:\\Users\\ajame\\AppData\\Roaming\\Python\\Python310\\site-packages\\_pytest\\main.py&amp;quot;, line 318, in pytest_cmdline_main\n    return wrap_session(config, _main)\n  File &amp;quot;C:\\Users\\ajame\\AppData\\Roaming\\Python\\Python310\\site-packages\\_pytest\\main.py&amp;quot;, line 271, in wrap_session\n    session.exitstatus = doit(config, session) or 0\n  File &amp;quot;C:\\Users\\ajame\\AppData\\Roaming\\Python\\Python310\\site-packages\\_pytest\\main.py&amp;quot;, line 325, in _main\n    config.hook.pytest_runtestloop(session=session)\n  File &amp;quot;C:\\Users\\ajame\\AppData\\Roaming\\Python\\Python310\\site-packages\\pluggy\\_hooks.py&amp;quot;, line 513, in __call__\n    return self._hookexec(self.name, self._hookimpls.copy(), kwargs, firstresult)\n  File &amp;quot;C:\\Users\\ajame\\AppData\\Roaming\\Python\\Python310\\site-packages\\pluggy\\_manager.py&amp;quot;, line 120, in _hookexec\n    return self._inner_hookexec(hook_name, methods, kwargs, firstresult)\n  File &amp;quot;C:\\Users\\ajame\\AppData\\Roaming\\Python\\Python310\\site-packages\\pluggy\\_callers.py&amp;quot;, line 103, in _multicall\n    res = hook_impl.function(*args)\n  File &amp;quot;C:\\Users\\ajame\\AppData\\Roaming\\Python\\Python310\\site-packages\\_pytest\\main.py&amp;quot;, line 350, in pytest_runtestloop\n    item.config.hook.pytest_runtest_protocol(item=item, nextitem=nextitem)\n  File &amp;quot;C:\\Users\\ajame\\AppData\\Roaming\\Python\\Python310\\site-packages\\pluggy\\_hooks.py&amp;quot;, line 513, in __call__\n    return self._hookexec(self.name, self._hookimpls.copy(), kwargs, firstresult)\n  File &amp;quot;C:\\Users\\ajame\\AppData\\Roaming\\Python\\Python310\\site-packages\\pluggy\\_manager.py&amp;quot;, line 120, in _hookexec\n    return self._inner_hookexec(hook_name, methods, kwargs, firstresult)\n  File &amp;quot;C:\\Users\\ajame\\AppData\\Roaming\\Python\\Python310\\site-packages\\pluggy\\_callers.py&amp;quot;, line 103, in _multicall\n    res = hook_impl.function(*args)\n  File &amp;quot;C:\\Users\\ajame\\AppData\\Roaming\\Python\\Python310\\site-packages\\_pytest\\runner.py&amp;quot;, line 114, in pytest_runtest_protocol\n    runtestprotocol(item, nextitem=nextitem)\n  File &amp;quot;C:\\Users\\ajame\\AppData\\Roaming\\Python\\Python310\\site-packages\\_pytest\\runner.py&amp;quot;, line 133, in runtestprotocol\n    reports.append(call_and_report(item, &amp;quot;call&amp;quot;, log))\n  File &amp;quot;C:\\Users\\ajame\\AppData\\Roaming\\Python\\Python310\\site-packages\\_pytest\\runner.py&amp;quot;, line 222, in call_and_report\n    call = call_runtest_hook(item, when, **kwds)\n  File &amp;quot;C:\\Users\\ajame\\AppData\\Roaming\\Python\\Python310\\site-packages\\_pytest\\runner.py&amp;quot;, line 261, in call_runtest_hook\n    return CallInfo.from_call(\n  File &amp;quot;C:\\Users\\ajame\\AppData\\Roaming\\Python\\Python310\\site-packages\\_pytest\\runner.py&amp;quot;, line 341, in from_call\n    result: Optional[TResult] = func()\n  File &amp;quot;C:\\Users\\ajame\\AppData\\Roaming\\Python\\Python310\\site-packages\\_pytest\\runner.py&amp;quot;, line 262, in &amp;lt;lambda&amp;gt;\n    lambda: ihook(item=item, **kwds), when=when, reraise=reraise\n  File &amp;quot;C:\\Users\\ajame\\AppData\\Roaming\\Python\\Python310\\site-packages\\pluggy\\_hooks.py&amp;quot;, line 513, in __call__\n    return self._hookexec(self.name, self._hookimpls.copy(), kwargs, firstresult)\n  File &amp;quot;C:\\Users\\ajame\\AppData\\Roaming\\Python\\Python310\\site-packages\\pluggy\\_manager.py&amp;quot;, line 120, in _hookexec\n    return self._inner_hookexec(hook_name, methods, kwargs, firstresult)\n  File &amp;quot;C:\\Users\\ajame\\AppData\\Roaming\\Python\\Python310\\site-packages\\pluggy\\_callers.py&amp;quot;, line 103, in _multicall\n    res = hook_impl.function(*args)\n  File &amp;quot;C:\\Users\\ajame\\AppData\\Roaming\\Python\\Python310\\site-packages\\_pytest\\runner.py&amp;quot;, line 169, in pytest_runtest_call\n    item.runtest()\n  File &amp;quot;C:\\Users\\ajame\\AppData\\Roaming\\Python\\Python310\\site-packages\\_pytest\\python.py&amp;quot;, line 1792, in runtest\n    self.ihook.pytest_pyfunc_call(pyfuncitem=self)\n  File &amp;quot;C:\\Users\\ajame\\AppData\\Roaming\\Python\\Python310\\site-packages\\pluggy\\_hooks.py&amp;quot;, line 513, in __call__\n    return self._hookexec(self.name, self._hookimpls.copy(), kwargs, firstresult)\n  File &amp;quot;C:\\Users\\ajame\\AppData\\Roaming\\Python\\Python310\\site-packages\\pluggy\\_manager.py&amp;quot;, line 120, in _hookexec\n    return self._inner_hookexec(hook_name, methods, kwargs, firstresult)\n  File &amp;quot;C:\\Users\\ajame\\AppData\\Roaming\\Python\\Python310\\site-packages\\pluggy\\_callers.py&amp;quot;, line 103, in _multicall\n    res = hook_impl.function(*args)\n  File &amp;quot;C:\\Users\\ajame\\AppData\\Roaming\\Python\\Python310\\site-packages\\_pytest\\python.py&amp;quot;, line 194, in pytest_pyfunc_call\n    result = testfunction(**testargs)\n  File &amp;quot;C:\\Users\\ajame\\Legal_Study\\tests\\functional\\test_api_functionality.py&amp;quot;, line 237, in test_monitoring_endpoints\n    logger.info(f&amp;quot;Monitoring endpoints test report saved to {report_file}&amp;quot;)\nMessage: &amp;#x27;Monitoring endpoints test report saved to reports\\\\functional_tests\\\\monitoring_endpoints_test_20250512_085122.json&amp;#x27;\nArguments: ()\n\n------------------------------ Captured log call -------------------------------\nINFO     httpx:_client.py:1013 HTTP Request: GET http://testserver/monitoring/health &amp;quot;HTTP/1.1 200 OK&amp;quot;\nINFO     httpx:_client.py:1013 HTTP Request: GET http://testserver/monitoring/system &amp;quot;HTTP/1.1 200 OK&amp;quot;\nINFO     test_api_functionality:test_api_functionality.py:237 Monitoring endpoints test report saved to reports\\functional_tests\\monitoring_endpoints_test_20250512_085122.json\n\n--------------------------- Captured stderr teardown ---------------------------\n--- Logging error ---\nTraceback (most recent call last):\n  File &amp;quot;C:\\Program Files\\Python310\\lib\\logging\\__init__.py&amp;quot;, line 1101, in emit\n    stream.write(msg + self.terminator)\nOSError: [WinError 6] The handle is invalid\nCall stack:\n  File &amp;quot;C:\\Users\\ajame\\Legal_Study\\tests\\functional\\run_functional_tests.py&amp;quot;, line 104, in &amp;lt;module&amp;gt;\n    sys.exit(main())\n  File &amp;quot;C:\\Users\\ajame\\Legal_Study\\tests\\functional\\run_functional_tests.py&amp;quot;, line 86, in main\n    results = run_tests()\n  File &amp;quot;C:\\Users\\ajame\\Legal_Study\\tests\\functional\\run_functional_tests.py&amp;quot;, line 45, in run_tests\n    exit_code = pytest.main(pytest_args)\n  File &amp;quot;C:\\Users\\ajame\\AppData\\Roaming\\Python\\Python310\\site-packages\\_pytest\\config\\__init__.py&amp;quot;, line 169, in main\n    ret: Union[ExitCode, int] = config.hook.pytest_cmdline_main(\n  File &amp;quot;C:\\Users\\ajame\\AppData\\Roaming\\Python\\Python310\\site-packages\\pluggy\\_hooks.py&amp;quot;, line 513, in __call__\n    return self._hookexec(self.name, self._hookimpls.copy(), kwargs, firstresult)\n  File &amp;quot;C:\\Users\\ajame\\AppData\\Roaming\\Python\\Python310\\site-packages\\pluggy\\_manager.py&amp;quot;, line 120, in _hookexec\n    return self._inner_hookexec(hook_name, methods, kwargs, firstresult)\n  File &amp;quot;C:\\Users\\ajame\\AppData\\Roaming\\Python\\Python310\\site-packages\\pluggy\\_callers.py&amp;quot;, line 103, in _multicall\n    res = hook_impl.function(*args)\n  File &amp;quot;C:\\Users\\ajame\\AppData\\Roaming\\Python\\Python310\\site-packages\\_pytest\\main.py&amp;quot;, line 318, in pytest_cmdline_main\n    return wrap_session(config, _main)\n  File &amp;quot;C:\\Users\\ajame\\AppData\\Roaming\\Python\\Python310\\site-packages\\_pytest\\main.py&amp;quot;, line 271, in wrap_session\n    session.exitstatus = doit(config, session) or 0\n  File &amp;quot;C:\\Users\\ajame\\AppData\\Roaming\\Python\\Python310\\site-packages\\_pytest\\main.py&amp;quot;, line 325, in _main\n    config.hook.pytest_runtestloop(session=session)\n  File &amp;quot;C:\\Users\\ajame\\AppData\\Roaming\\Python\\Python310\\site-packages\\pluggy\\_hooks.py&amp;quot;, line 513, in __call__\n    return self._hookexec(self.name, self._hookimpls.copy(), kwargs, firstresult)\n  File &amp;quot;C:\\Users\\ajame\\AppData\\Roaming\\Python\\Python310\\site-packages\\pluggy\\_manager.py&amp;quot;, line 120, in _hookexec\n    return self._inner_hookexec(hook_name, methods, kwargs, firstresult)\n  File &amp;quot;C:\\Users\\ajame\\AppData\\Roaming\\Python\\Python310\\site-packages\\pluggy\\_callers.py&amp;quot;, line 103, in _multicall\n    res = hook_impl.function(*args)\n  File &amp;quot;C:\\Users\\ajame\\AppData\\Roaming\\Python\\Python310\\site-packages\\_pytest\\main.py&amp;quot;, line 350, in pytest_runtestloop\n    item.config.hook.pytest_runtest_protocol(item=item, nextitem=nextitem)\n  File &amp;quot;C:\\Users\\ajame\\AppData\\Roaming\\Python\\Python310\\site-packages\\pluggy\\_hooks.py&amp;quot;, line 513, in __call__\n    return self._hookexec(self.name, self._hookimpls.copy(), kwargs, firstresult)\n  File &amp;quot;C:\\Users\\ajame\\AppData\\Roaming\\Python\\Python310\\site-packages\\pluggy\\_manager.py&amp;quot;, line 120, in _hookexec\n    return self._inner_hookexec(hook_name, methods, kwargs, firstresult)\n  File &amp;quot;C:\\Users\\ajame\\AppData\\Roaming\\Python\\Python310\\site-packages\\pluggy\\_callers.py&amp;quot;, line 103, in _multicall\n    res = hook_impl.function(*args)\n  File &amp;quot;C:\\Users\\ajame\\AppData\\Roaming\\Python\\Python310\\site-packages\\_pytest\\runner.py&amp;quot;, line 114, in pytest_runtest_protocol\n    runtestprotocol(item, nextitem=nextitem)\n  File &amp;quot;C:\\Users\\ajame\\AppData\\Roaming\\Python\\Python310\\site-packages\\_pytest\\runner.py&amp;quot;, line 134, in runtestprotocol\n    reports.append(call_and_report(item, &amp;quot;teardown&amp;quot;, log, nextitem=nextitem))\n  File &amp;quot;C:\\Users\\ajame\\AppData\\Roaming\\Python\\Python310\\site-packages\\_pytest\\runner.py&amp;quot;, line 222, in call_and_report\n    call = call_runtest_hook(item, when, **kwds)\n  File &amp;quot;C:\\Users\\ajame\\AppData\\Roaming\\Python\\Python310\\site-packages\\_pytest\\runner.py&amp;quot;, line 261, in call_runtest_hook\n    return CallInfo.from_call(\n  File &amp;quot;C:\\Users\\ajame\\AppData\\Roaming\\Python\\Python310\\site-packages\\_pytest\\runner.py&amp;quot;, line 341, in from_call\n    result: Optional[TResult] = func()\n  File &amp;quot;C:\\Users\\ajame\\AppData\\Roaming\\Python\\Python310\\site-packages\\_pytest\\runner.py&amp;quot;, line 262, in &amp;lt;lambda&amp;gt;\n    lambda: ihook(item=item, **kwds), when=when, reraise=reraise\n  File &amp;quot;C:\\Users\\ajame\\AppData\\Roaming\\Python\\Python310\\site-packages\\pluggy\\_hooks.py&amp;quot;, line 513, in __call__\n    return self._hookexec(self.name, self._hookimpls.copy(), kwargs, firstresult)\n  File &amp;quot;C:\\Users\\ajame\\AppData\\Roaming\\Python\\Python310\\site-packages\\pluggy\\_manager.py&amp;quot;, line 120, in _hookexec\n    return self._inner_hookexec(hook_name, methods, kwargs, firstresult)\n  File &amp;quot;C:\\Users\\ajame\\AppData\\Roaming\\Python\\Python310\\site-packages\\pluggy\\_callers.py&amp;quot;, line 103, in _multicall\n    res = hook_impl.function(*args)\n  File &amp;quot;C:\\Users\\ajame\\AppData\\Roaming\\Python\\Python310\\site-packages\\_pytest\\runner.py&amp;quot;, line 182, in pytest_runtest_teardown\n    item.session._setupstate.teardown_exact(nextitem)\n  File &amp;quot;C:\\Users\\ajame\\AppData\\Roaming\\Python\\Python310\\site-packages\\_pytest\\runner.py&amp;quot;, line 526, in teardown_exact\n    fin()\n  File &amp;quot;C:\\Users\\ajame\\AppData\\Roaming\\Python\\Python310\\site-packages\\_pytest\\fixtures.py&amp;quot;, line 701, in &amp;lt;lambda&amp;gt;\n    subrequest.node.addfinalizer(lambda: fixturedef.finish(request=subrequest))\n  File &amp;quot;C:\\Users\\ajame\\AppData\\Roaming\\Python\\Python310\\site-packages\\_pytest\\fixtures.py&amp;quot;, line 1024, in finish\n    func()\n  File &amp;quot;C:\\Users\\ajame\\AppData\\Roaming\\Python\\Python310\\site-packages\\_pytest\\fixtures.py&amp;quot;, line 911, in _teardown_yield_fixture\n    next(it)\n  File &amp;quot;C:\\Users\\ajame\\Legal_Study\\tests\\conftest.py&amp;quot;, line 106, in setup_test_environment\n    logger.info(f&amp;quot;Ending test session at {datetime.now()}&amp;quot;)\nMessage: &amp;#x27;Ending test session at 2025-05-12 08:51:22.960532&amp;#x27;\nArguments: ()\n\n---------------------------- Captured log teardown -----------------------------\nINFO     tests.conftest:conftest.py:106 Ending test session at 2025-05-12 08:51:22.960532&#34;}], &#34;tests/functional/test_api_functionality.py::test_ai_endpoints&#34;: [{&#34;extras&#34;: [], &#34;result&#34;: &#34;Passed&#34;, &#34;testId&#34;: &#34;tests/functional/test_api_functionality.py::test_ai_endpoints&#34;, &#34;duration&#34;: &#34;32 ms&#34;, &#34;resultsTableRow&#34;: [&#34;&lt;td class=\&#34;col-result\&#34;&gt;Passed&lt;/td&gt;&#34;, &#34;&lt;td class=\&#34;col-testId\&#34;&gt;tests/functional/test_api_functionality.py::test_ai_endpoints&lt;/td&gt;&#34;, &#34;&lt;td class=\&#34;col-duration\&#34;&gt;32 ms&lt;/td&gt;&#34;, &#34;&lt;td class=\&#34;col-links\&#34;&gt;&lt;/td&gt;&#34;], &#34;log&#34;: &#34;---------------------------- Captured stderr setup -----------------------------\n--- Logging error ---\nTraceback (most recent call last):\n  File &amp;quot;C:\\Program Files\\Python310\\lib\\logging\\__init__.py&amp;quot;, line 1101, in emit\n    stream.write(msg + self.terminator)\nOSError: [WinError 6] The handle is invalid\nCall stack:\n  File &amp;quot;C:\\Users\\ajame\\Legal_Study\\tests\\functional\\run_functional_tests.py&amp;quot;, line 104, in &amp;lt;module&amp;gt;\n    sys.exit(main())\n  File &amp;quot;C:\\Users\\ajame\\Legal_Study\\tests\\functional\\run_functional_tests.py&amp;quot;, line 86, in main\n    results = run_tests()\n  File &amp;quot;C:\\Users\\ajame\\Legal_Study\\tests\\functional\\run_functional_tests.py&amp;quot;, line 45, in run_tests\n    exit_code = pytest.main(pytest_args)\n  File &amp;quot;C:\\Users\\ajame\\AppData\\Roaming\\Python\\Python310\\site-packages\\_pytest\\config\\__init__.py&amp;quot;, line 169, in main\n    ret: Union[ExitCode, int] = config.hook.pytest_cmdline_main(\n  File &amp;quot;C:\\Users\\ajame\\AppData\\Roaming\\Python\\Python310\\site-packages\\pluggy\\_hooks.py&amp;quot;, line 513, in __call__\n    return self._hookexec(self.name, self._hookimpls.copy(), kwargs, firstresult)\n  File &amp;quot;C:\\Users\\ajame\\AppData\\Roaming\\Python\\Python310\\site-packages\\pluggy\\_manager.py&amp;quot;, line 120, in _hookexec\n    return self._inner_hookexec(hook_name, methods, kwargs, firstresult)\n  File &amp;quot;C:\\Users\\ajame\\AppData\\Roaming\\Python\\Python310\\site-packages\\pluggy\\_callers.py&amp;quot;, line 103, in _multicall\n    res = hook_impl.function(*args)\n  File &amp;quot;C:\\Users\\ajame\\AppData\\Roaming\\Python\\Python310\\site-packages\\_pytest\\main.py&amp;quot;, line 318, in pytest_cmdline_main\n    return wrap_session(config, _main)\n  File &amp;quot;C:\\Users\\ajame\\AppData\\Roaming\\Python\\Python310\\site-packages\\_pytest\\main.py&amp;quot;, line 271, in wrap_session\n    session.exitstatus = doit(config, session) or 0\n  File &amp;quot;C:\\Users\\ajame\\AppData\\Roaming\\Python\\Python310\\site-packages\\_pytest\\main.py&amp;quot;, line 325, in _main\n    config.hook.pytest_runtestloop(session=session)\n  File &amp;quot;C:\\Users\\ajame\\AppData\\Roaming\\Python\\Python310\\site-packages\\pluggy\\_hooks.py&amp;quot;, line 513, in __call__\n    return self._hookexec(self.name, self._hookimpls.copy(), kwargs, firstresult)\n  File &amp;quot;C:\\Users\\ajame\\AppData\\Roaming\\Python\\Python310\\site-packages\\pluggy\\_manager.py&amp;quot;, line 120, in _hookexec\n    return self._inner_hookexec(hook_name, methods, kwargs, firstresult)\n  File &amp;quot;C:\\Users\\ajame\\AppData\\Roaming\\Python\\Python310\\site-packages\\pluggy\\_callers.py&amp;quot;, line 103, in _multicall\n    res = hook_impl.function(*args)\n  File &amp;quot;C:\\Users\\ajame\\AppData\\Roaming\\Python\\Python310\\site-packages\\_pytest\\main.py&amp;quot;, line 350, in pytest_runtestloop\n    item.config.hook.pytest_runtest_protocol(item=item, nextitem=nextitem)\n  File &amp;quot;C:\\Users\\ajame\\AppData\\Roaming\\Python\\Python310\\site-packages\\pluggy\\_hooks.py&amp;quot;, line 513, in __call__\n    return self._hookexec(self.name, self._hookimpls.copy(), kwargs, firstresult)\n  File &amp;quot;C:\\Users\\ajame\\AppData\\Roaming\\Python\\Python310\\site-packages\\pluggy\\_manager.py&amp;quot;, line 120, in _hookexec\n    return self._inner_hookexec(hook_name, methods, kwargs, firstresult)\n  File &amp;quot;C:\\Users\\ajame\\AppData\\Roaming\\Python\\Python310\\site-packages\\pluggy\\_callers.py&amp;quot;, line 103, in _multicall\n    res = hook_impl.function(*args)\n  File &amp;quot;C:\\Users\\ajame\\AppData\\Roaming\\Python\\Python310\\site-packages\\_pytest\\runner.py&amp;quot;, line 114, in pytest_runtest_protocol\n    runtestprotocol(item, nextitem=nextitem)\n  File &amp;quot;C:\\Users\\ajame\\AppData\\Roaming\\Python\\Python310\\site-packages\\_pytest\\runner.py&amp;quot;, line 127, in runtestprotocol\n    rep = call_and_report(item, &amp;quot;setup&amp;quot;, log)\n  File &amp;quot;C:\\Users\\ajame\\AppData\\Roaming\\Python\\Python310\\site-packages\\_pytest\\runner.py&amp;quot;, line 222, in call_and_report\n    call = call_runtest_hook(item, when, **kwds)\n  File &amp;quot;C:\\Users\\ajame\\AppData\\Roaming\\Python\\Python310\\site-packages\\_pytest\\runner.py&amp;quot;, line 261, in call_runtest_hook\n    return CallInfo.from_call(\n  File &amp;quot;C:\\Users\\ajame\\AppData\\Roaming\\Python\\Python310\\site-packages\\_pytest\\runner.py&amp;quot;, line 341, in from_call\n    result: Optional[TResult] = func()\n  File &amp;quot;C:\\Users\\ajame\\AppData\\Roaming\\Python\\Python310\\site-packages\\_pytest\\runner.py&amp;quot;, line 262, in &amp;lt;lambda&amp;gt;\n    lambda: ihook(item=item, **kwds), when=when, reraise=reraise\n  File &amp;quot;C:\\Users\\ajame\\AppData\\Roaming\\Python\\Python310\\site-packages\\pluggy\\_hooks.py&amp;quot;, line 513, in __call__\n    return self._hookexec(self.name, self._hookimpls.copy(), kwargs, firstresult)\n  File &amp;quot;C:\\Users\\ajame\\AppData\\Roaming\\Python\\Python310\\site-packages\\pluggy\\_manager.py&amp;quot;, line 120, in _hookexec\n    return self._inner_hookexec(hook_name, methods, kwargs, firstresult)\n  File &amp;quot;C:\\Users\\ajame\\AppData\\Roaming\\Python\\Python310\\site-packages\\pluggy\\_callers.py&amp;quot;, line 103, in _multicall\n    res = hook_impl.function(*args)\n  File &amp;quot;C:\\Users\\ajame\\AppData\\Roaming\\Python\\Python310\\site-packages\\_pytest\\runner.py&amp;quot;, line 157, in pytest_runtest_setup\n    item.session._setupstate.setup(item)\n  File &amp;quot;C:\\Users\\ajame\\AppData\\Roaming\\Python\\Python310\\site-packages\\_pytest\\runner.py&amp;quot;, line 494, in setup\n    col.setup()\n  File &amp;quot;C:\\Users\\ajame\\AppData\\Roaming\\Python\\Python310\\site-packages\\_pytest\\python.py&amp;quot;, line 1795, in setup\n    self._request._fillfixtures()\n  File &amp;quot;C:\\Users\\ajame\\AppData\\Roaming\\Python\\Python310\\site-packages\\_pytest\\fixtures.py&amp;quot;, line 566, in _fillfixtures\n    item.funcargs[argname] = self.getfixturevalue(argname)\n  File &amp;quot;C:\\Users\\ajame\\AppData\\Roaming\\Python\\Python310\\site-packages\\_pytest\\fixtures.py&amp;quot;, line 585, in getfixturevalue\n    fixturedef = self._get_active_fixturedef(argname)\n  File &amp;quot;C:\\Users\\ajame\\AppData\\Roaming\\Python\\Python310\\site-packages\\_pytest\\fixtures.py&amp;quot;, line 607, in _get_active_fixturedef\n    self._compute_fixture_value(fixturedef)\n  File &amp;quot;C:\\Users\\ajame\\AppData\\Roaming\\Python\\Python310\\site-packages\\_pytest\\fixtures.py&amp;quot;, line 693, in _compute_fixture_value\n    fixturedef.execute(request=subrequest)\n  File &amp;quot;C:\\Users\\ajame\\AppData\\Roaming\\Python\\Python310\\site-packages\\_pytest\\fixtures.py&amp;quot;, line 1069, in execute\n    result = ihook.pytest_fixture_setup(fixturedef=self, request=request)\n  File &amp;quot;C:\\Users\\ajame\\AppData\\Roaming\\Python\\Python310\\site-packages\\pluggy\\_hooks.py&amp;quot;, line 513, in __call__\n    return self._hookexec(self.name, self._hookimpls.copy(), kwargs, firstresult)\n  File &amp;quot;C:\\Users\\ajame\\AppData\\Roaming\\Python\\Python310\\site-packages\\pluggy\\_manager.py&amp;quot;, line 120, in _hookexec\n    return self._inner_hookexec(hook_name, methods, kwargs, firstresult)\n  File &amp;quot;C:\\Users\\ajame\\AppData\\Roaming\\Python\\Python310\\site-packages\\pluggy\\_callers.py&amp;quot;, line 103, in _multicall\n    res = hook_impl.function(*args)\n  File &amp;quot;C:\\Users\\ajame\\AppData\\Roaming\\Python\\Python310\\site-packages\\_pytest\\fixtures.py&amp;quot;, line 1123, in pytest_fixture_setup\n    result = call_fixture_func(fixturefunc, request, kwargs)\n  File &amp;quot;C:\\Users\\ajame\\AppData\\Roaming\\Python\\Python310\\site-packages\\_pytest\\fixtures.py&amp;quot;, line 895, in call_fixture_func\n    fixture_result = next(generator)\n  File &amp;quot;C:\\Users\\ajame\\Legal_Study\\tests\\conftest.py&amp;quot;, line 101, in setup_test_environment\n    logger.info(f&amp;quot;Starting test session at {datetime.now()}&amp;quot;)\nMessage: &amp;#x27;Starting test session at 2025-05-12 08:51:22.967161&amp;#x27;\nArguments: ()\n\n------------------------------ Captured log setup ------------------------------\nINFO     tests.conftest:conftest.py:101 Starting test session at 2025-05-12 08:51:22.967161\n\n----------------------------- Captured stderr call -----------------------------\n--- Logging error ---\nTraceback (most recent call last):\n  File &amp;quot;C:\\Program Files\\Python310\\lib\\logging\\__init__.py&amp;quot;, line 1101, in emit\n    stream.write(msg + self.terminator)\nOSError: [WinError 6] The handle is invalid\nCall stack:\n  File &amp;quot;C:\\Users\\ajame\\Legal_Study\\tests\\functional\\run_functional_tests.py&amp;quot;, line 104, in &amp;lt;module&amp;gt;\n    sys.exit(main())\n  File &amp;quot;C:\\Users\\ajame\\Legal_Study\\tests\\functional\\run_functional_tests.py&amp;quot;, line 86, in main\n    results = run_tests()\n  File &amp;quot;C:\\Users\\ajame\\Legal_Study\\tests\\functional\\run_functional_tests.py&amp;quot;, line 45, in run_tests\n    exit_code = pytest.main(pytest_args)\n  File &amp;quot;C:\\Users\\ajame\\AppData\\Roaming\\Python\\Python310\\site-packages\\_pytest\\config\\__init__.py&amp;quot;, line 169, in main\n    ret: Union[ExitCode, int] = config.hook.pytest_cmdline_main(\n  File &amp;quot;C:\\Users\\ajame\\AppData\\Roaming\\Python\\Python310\\site-packages\\pluggy\\_hooks.py&amp;quot;, line 513, in __call__\n    return self._hookexec(self.name, self._hookimpls.copy(), kwargs, firstresult)\n  File &amp;quot;C:\\Users\\ajame\\AppData\\Roaming\\Python\\Python310\\site-packages\\pluggy\\_manager.py&amp;quot;, line 120, in _hookexec\n    return self._inner_hookexec(hook_name, methods, kwargs, firstresult)\n  File &amp;quot;C:\\Users\\ajame\\AppData\\Roaming\\Python\\Python310\\site-packages\\pluggy\\_callers.py&amp;quot;, line 103, in _multicall\n    res = hook_impl.function(*args)\n  File &amp;quot;C:\\Users\\ajame\\AppData\\Roaming\\Python\\Python310\\site-packages\\_pytest\\main.py&amp;quot;, line 318, in pytest_cmdline_main\n    return wrap_session(config, _main)\n  File &amp;quot;C:\\Users\\ajame\\AppData\\Roaming\\Python\\Python310\\site-packages\\_pytest\\main.py&amp;quot;, line 271, in wrap_session\n    session.exitstatus = doit(config, session) or 0\n  File &amp;quot;C:\\Users\\ajame\\AppData\\Roaming\\Python\\Python310\\site-packages\\_pytest\\main.py&amp;quot;, line 325, in _main\n    config.hook.pytest_runtestloop(session=session)\n  File &amp;quot;C:\\Users\\ajame\\AppData\\Roaming\\Python\\Python310\\site-packages\\pluggy\\_hooks.py&amp;quot;, line 513, in __call__\n    return self._hookexec(self.name, self._hookimpls.copy(), kwargs, firstresult)\n  File &amp;quot;C:\\Users\\ajame\\AppData\\Roaming\\Python\\Python310\\site-packages\\pluggy\\_manager.py&amp;quot;, line 120, in _hookexec\n    return self._inner_hookexec(hook_name, methods, kwargs, firstresult)\n  File &amp;quot;C:\\Users\\ajame\\AppData\\Roaming\\Python\\Python310\\site-packages\\pluggy\\_callers.py&amp;quot;, line 103, in _multicall\n    res = hook_impl.function(*args)\n  File &amp;quot;C:\\Users\\ajame\\AppData\\Roaming\\Python\\Python310\\site-packages\\_pytest\\main.py&amp;quot;, line 350, in pytest_runtestloop\n    item.config.hook.pytest_runtest_protocol(item=item, nextitem=nextitem)\n  File &amp;quot;C:\\Users\\ajame\\AppData\\Roaming\\Python\\Python310\\site-packages\\pluggy\\_hooks.py&amp;quot;, line 513, in __call__\n    return self._hookexec(self.name, self._hookimpls.copy(), kwargs, firstresult)\n  File &amp;quot;C:\\Users\\ajame\\AppData\\Roaming\\Python\\Python310\\site-packages\\pluggy\\_manager.py&amp;quot;, line 120, in _hookexec\n    return self._inner_hookexec(hook_name, methods, kwargs, firstresult)\n  File &amp;quot;C:\\Users\\ajame\\AppData\\Roaming\\Python\\Python310\\site-packages\\pluggy\\_callers.py&amp;quot;, line 103, in _multicall\n    res = hook_impl.function(*args)\n  File &amp;quot;C:\\Users\\ajame\\AppData\\Roaming\\Python\\Python310\\site-packages\\_pytest\\runner.py&amp;quot;, line 114, in pytest_runtest_protocol\n    runtestprotocol(item, nextitem=nextitem)\n  File &amp;quot;C:\\Users\\ajame\\AppData\\Roaming\\Python\\Python310\\site-packages\\_pytest\\runner.py&amp;quot;, line 133, in runtestprotocol\n    reports.append(call_and_report(item, &amp;quot;call&amp;quot;, log))\n  File &amp;quot;C:\\Users\\ajame\\AppData\\Roaming\\Python\\Python310\\site-packages\\_pytest\\runner.py&amp;quot;, line 222, in call_and_report\n    call = call_runtest_hook(item, when, **kwds)\n  File &amp;quot;C:\\Users\\ajame\\AppData\\Roaming\\Python\\Python310\\site-packages\\_pytest\\runner.py&amp;quot;, line 261, in call_runtest_hook\n    return CallInfo.from_call(\n  File &amp;quot;C:\\Users\\ajame\\AppData\\Roaming\\Python\\Python310\\site-packages\\_pytest\\runner.py&amp;quot;, line 341, in from_call\n    result: Optional[TResult] = func()\n  File &amp;quot;C:\\Users\\ajame\\AppData\\Roaming\\Python\\Python310\\site-packages\\_pytest\\runner.py&amp;quot;, line 262, in &amp;lt;lambda&amp;gt;\n    lambda: ihook(item=item, **kwds), when=when, reraise=reraise\n  File &amp;quot;C:\\Users\\ajame\\AppData\\Roaming\\Python\\Python310\\site-packages\\pluggy\\_hooks.py&amp;quot;, line 513, in __call__\n    return self._hookexec(self.name, self._hookimpls.copy(), kwargs, firstresult)\n  File &amp;quot;C:\\Users\\ajame\\AppData\\Roaming\\Python\\Python310\\site-packages\\pluggy\\_manager.py&amp;quot;, line 120, in _hookexec\n    return self._inner_hookexec(hook_name, methods, kwargs, firstresult)\n  File &amp;quot;C:\\Users\\ajame\\AppData\\Roaming\\Python\\Python310\\site-packages\\pluggy\\_callers.py&amp;quot;, line 103, in _multicall\n    res = hook_impl.function(*args)\n  File &amp;quot;C:\\Users\\ajame\\AppData\\Roaming\\Python\\Python310\\site-packages\\_pytest\\runner.py&amp;quot;, line 169, in pytest_runtest_call\n    item.runtest()\n  File &amp;quot;C:\\Users\\ajame\\AppData\\Roaming\\Python\\Python310\\site-packages\\_pytest\\python.py&amp;quot;, line 1792, in runtest\n    self.ihook.pytest_pyfunc_call(pyfuncitem=self)\n  File &amp;quot;C:\\Users\\ajame\\AppData\\Roaming\\Python\\Python310\\site-packages\\pluggy\\_hooks.py&amp;quot;, line 513, in __call__\n    return self._hookexec(self.name, self._hookimpls.copy(), kwargs, firstresult)\n  File &amp;quot;C:\\Users\\ajame\\AppData\\Roaming\\Python\\Python310\\site-packages\\pluggy\\_manager.py&amp;quot;, line 120, in _hookexec\n    return self._inner_hookexec(hook_name, methods, kwargs, firstresult)\n  File &amp;quot;C:\\Users\\ajame\\AppData\\Roaming\\Python\\Python310\\site-packages\\pluggy\\_callers.py&amp;quot;, line 103, in _multicall\n    res = hook_impl.function(*args)\n  File &amp;quot;C:\\Users\\ajame\\AppData\\Roaming\\Python\\Python310\\site-packages\\_pytest\\python.py&amp;quot;, line 194, in pytest_pyfunc_call\n    result = testfunction(**testargs)\n  File &amp;quot;C:\\Users\\ajame\\Legal_Study\\tests\\functional\\test_api_functionality.py&amp;quot;, line 92, in test_ai_endpoints\n    response = client.get(&amp;quot;/ai/models&amp;quot;)\n  File &amp;quot;C:\\Users\\ajame\\AppData\\Roaming\\Python\\Python310\\site-packages\\starlette\\testclient.py&amp;quot;, line 499, in get\n    return super().get(\n  File &amp;quot;C:\\Users\\ajame\\AppData\\Roaming\\Python\\Python310\\site-packages\\httpx\\_client.py&amp;quot;, line 1041, in get\n    return self.request(\n  File &amp;quot;C:\\Users\\ajame\\AppData\\Roaming\\Python\\Python310\\site-packages\\starlette\\testclient.py&amp;quot;, line 465, in request\n    return super().request(\n  File &amp;quot;C:\\Users\\ajame\\AppData\\Roaming\\Python\\Python310\\site-packages\\httpx\\_client.py&amp;quot;, line 814, in request\n    return self.send(request, auth=auth, follow_redirects=follow_redirects)\n  File &amp;quot;C:\\Users\\ajame\\AppData\\Roaming\\Python\\Python310\\site-packages\\httpx\\_client.py&amp;quot;, line 901, in send\n    response = self._send_handling_auth(\n  File &amp;quot;C:\\Users\\ajame\\AppData\\Roaming\\Python\\Python310\\site-packages\\httpx\\_client.py&amp;quot;, line 929, in _send_handling_auth\n    response = self._send_handling_redirects(\n  File &amp;quot;C:\\Users\\ajame\\AppData\\Roaming\\Python\\Python310\\site-packages\\httpx\\_client.py&amp;quot;, line 966, in _send_handling_redirects\n    response = self._send_single_request(request)\n  File &amp;quot;C:\\Users\\ajame\\AppData\\Roaming\\Python\\Python310\\site-packages\\httpx\\_client.py&amp;quot;, line 1013, in _send_single_request\n    logger.info(\nMessage: &amp;#x27;HTTP Request: %s %s &amp;quot;%s %d %s&amp;quot;&amp;#x27;\nArguments: (&amp;#x27;GET&amp;#x27;, URL(&amp;#x27;http://testserver/ai/models&amp;#x27;), &amp;#x27;HTTP/1.1&amp;#x27;, 200, &amp;#x27;OK&amp;#x27;)\n--- Logging error ---\nTraceback (most recent call last):\n  File &amp;quot;C:\\Program Files\\Python310\\lib\\logging\\__init__.py&amp;quot;, line 1101, in emit\n    stream.write(msg + self.terminator)\nOSError: [WinError 6] The handle is invalid\nCall stack:\n  File &amp;quot;C:\\Users\\ajame\\Legal_Study\\tests\\functional\\run_functional_tests.py&amp;quot;, line 104, in &amp;lt;module&amp;gt;\n    sys.exit(main())\n  File &amp;quot;C:\\Users\\ajame\\Legal_Study\\tests\\functional\\run_functional_tests.py&amp;quot;, line 86, in main\n    results = run_tests()\n  File &amp;quot;C:\\Users\\ajame\\Legal_Study\\tests\\functional\\run_functional_tests.py&amp;quot;, line 45, in run_tests\n    exit_code = pytest.main(pytest_args)\n  File &amp;quot;C:\\Users\\ajame\\AppData\\Roaming\\Python\\Python310\\site-packages\\_pytest\\config\\__init__.py&amp;quot;, line 169, in main\n    ret: Union[ExitCode, int] = config.hook.pytest_cmdline_main(\n  File &amp;quot;C:\\Users\\ajame\\AppData\\Roaming\\Python\\Python310\\site-packages\\pluggy\\_hooks.py&amp;quot;, line 513, in __call__\n    return self._hookexec(self.name, self._hookimpls.copy(), kwargs, firstresult)\n  File &amp;quot;C:\\Users\\ajame\\AppData\\Roaming\\Python\\Python310\\site-packages\\pluggy\\_manager.py&amp;quot;, line 120, in _hookexec\n    return self._inner_hookexec(hook_name, methods, kwargs, firstresult)\n  File &amp;quot;C:\\Users\\ajame\\AppData\\Roaming\\Python\\Python310\\site-packages\\pluggy\\_callers.py&amp;quot;, line 103, in _multicall\n    res = hook_impl.function(*args)\n  File &amp;quot;C:\\Users\\ajame\\AppData\\Roaming\\Python\\Python310\\site-packages\\_pytest\\main.py&amp;quot;, line 318, in pytest_cmdline_main\n    return wrap_session(config, _main)\n  File &amp;quot;C:\\Users\\ajame\\AppData\\Roaming\\Python\\Python310\\site-packages\\_pytest\\main.py&amp;quot;, line 271, in wrap_session\n    session.exitstatus = doit(config, session) or 0\n  File &amp;quot;C:\\Users\\ajame\\AppData\\Roaming\\Python\\Python310\\site-packages\\_pytest\\main.py&amp;quot;, line 325, in _main\n    config.hook.pytest_runtestloop(session=session)\n  File &amp;quot;C:\\Users\\ajame\\AppData\\Roaming\\Python\\Python310\\site-packages\\pluggy\\_hooks.py&amp;quot;, line 513, in __call__\n    return self._hookexec(self.name, self._hookimpls.copy(), kwargs, firstresult)\n  File &amp;quot;C:\\Users\\ajame\\AppData\\Roaming\\Python\\Python310\\site-packages\\pluggy\\_manager.py&amp;quot;, line 120, in _hookexec\n    return self._inner_hookexec(hook_name, methods, kwargs, firstresult)\n  File &amp;quot;C:\\Users\\ajame\\AppData\\Roaming\\Python\\Python310\\site-packages\\pluggy\\_callers.py&amp;quot;, line 103, in _multicall\n    res = hook_impl.function(*args)\n  File &amp;quot;C:\\Users\\ajame\\AppData\\Roaming\\Python\\Python310\\site-packages\\_pytest\\main.py&amp;quot;, line 350, in pytest_runtestloop\n    item.config.hook.pytest_runtest_protocol(item=item, nextitem=nextitem)\n  File &amp;quot;C:\\Users\\ajame\\AppData\\Roaming\\Python\\Python310\\site-packages\\pluggy\\_hooks.py&amp;quot;, line 513, in __call__\n    return self._hookexec(self.name, self._hookimpls.copy(), kwargs, firstresult)\n  File &amp;quot;C:\\Users\\ajame\\AppData\\Roaming\\Python\\Python310\\site-packages\\pluggy\\_manager.py&amp;quot;, line 120, in _hookexec\n    return self._inner_hookexec(hook_name, methods, kwargs, firstresult)\n  File &amp;quot;C:\\Users\\ajame\\AppData\\Roaming\\Python\\Python310\\site-packages\\pluggy\\_callers.py&amp;quot;, line 103, in _multicall\n    res = hook_impl.function(*args)\n  File &amp;quot;C:\\Users\\ajame\\AppData\\Roaming\\Python\\Python310\\site-packages\\_pytest\\runner.py&amp;quot;, line 114, in pytest_runtest_protocol\n    runtestprotocol(item, nextitem=nextitem)\n  File &amp;quot;C:\\Users\\ajame\\AppData\\Roaming\\Python\\Python310\\site-packages\\_pytest\\runner.py&amp;quot;, line 133, in runtestprotocol\n    reports.append(call_and_report(item, &amp;quot;call&amp;quot;, log))\n  File &amp;quot;C:\\Users\\ajame\\AppData\\Roaming\\Python\\Python310\\site-packages\\_pytest\\runner.py&amp;quot;, line 222, in call_and_report\n    call = call_runtest_hook(item, when, **kwds)\n  File &amp;quot;C:\\Users\\ajame\\AppData\\Roaming\\Python\\Python310\\site-packages\\_pytest\\runner.py&amp;quot;, line 261, in call_runtest_hook\n    return CallInfo.from_call(\n  File &amp;quot;C:\\Users\\ajame\\AppData\\Roaming\\Python\\Python310\\site-packages\\_pytest\\runner.py&amp;quot;, line 341, in from_call\n    result: Optional[TResult] = func()\n  File &amp;quot;C:\\Users\\ajame\\AppData\\Roaming\\Python\\Python310\\site-packages\\_pytest\\runner.py&amp;quot;, line 262, in &amp;lt;lambda&amp;gt;\n    lambda: ihook(item=item, **kwds), when=when, reraise=reraise\n  File &amp;quot;C:\\Users\\ajame\\AppData\\Roaming\\Python\\Python310\\site-packages\\pluggy\\_hooks.py&amp;quot;, line 513, in __call__\n    return self._hookexec(self.name, self._hookimpls.copy(), kwargs, firstresult)\n  File &amp;quot;C:\\Users\\ajame\\AppData\\Roaming\\Python\\Python310\\site-packages\\pluggy\\_manager.py&amp;quot;, line 120, in _hookexec\n    return self._inner_hookexec(hook_name, methods, kwargs, firstresult)\n  File &amp;quot;C:\\Users\\ajame\\AppData\\Roaming\\Python\\Python310\\site-packages\\pluggy\\_callers.py&amp;quot;, line 103, in _multicall\n    res = hook_impl.function(*args)\n  File &amp;quot;C:\\Users\\ajame\\AppData\\Roaming\\Python\\Python310\\site-packages\\_pytest\\runner.py&amp;quot;, line 169, in pytest_runtest_call\n    item.runtest()\n  File &amp;quot;C:\\Users\\ajame\\AppData\\Roaming\\Python\\Python310\\site-packages\\_pytest\\python.py&amp;quot;, line 1792, in runtest\n    self.ihook.pytest_pyfunc_call(pyfuncitem=self)\n  File &amp;quot;C:\\Users\\ajame\\AppData\\Roaming\\Python\\Python310\\site-packages\\pluggy\\_hooks.py&amp;quot;, line 513, in __call__\n    return self._hookexec(self.name, self._hookimpls.copy(), kwargs, firstresult)\n  File &amp;quot;C:\\Users\\ajame\\AppData\\Roaming\\Python\\Python310\\site-packages\\pluggy\\_manager.py&amp;quot;, line 120, in _hookexec\n    return self._inner_hookexec(hook_name, methods, kwargs, firstresult)\n  File &amp;quot;C:\\Users\\ajame\\AppData\\Roaming\\Python\\Python310\\site-packages\\pluggy\\_callers.py&amp;quot;, line 103, in _multicall\n    res = hook_impl.function(*args)\n  File &amp;quot;C:\\Users\\ajame\\AppData\\Roaming\\Python\\Python310\\site-packages\\_pytest\\python.py&amp;quot;, line 194, in pytest_pyfunc_call\n    result = testfunction(**testargs)\n  File &amp;quot;C:\\Users\\ajame\\Legal_Study\\tests\\functional\\test_api_functionality.py&amp;quot;, line 110, in test_ai_endpoints\n    response = client.get(&amp;quot;/ai/health&amp;quot;)\n  File &amp;quot;C:\\Users\\ajame\\AppData\\Roaming\\Python\\Python310\\site-packages\\starlette\\testclient.py&amp;quot;, line 499, in get\n    return super().get(\n  File &amp;quot;C:\\Users\\ajame\\AppData\\Roaming\\Python\\Python310\\site-packages\\httpx\\_client.py&amp;quot;, line 1041, in get\n    return self.request(\n  File &amp;quot;C:\\Users\\ajame\\AppData\\Roaming\\Python\\Python310\\site-packages\\starlette\\testclient.py&amp;quot;, line 465, in request\n    return super().request(\n  File &amp;quot;C:\\Users\\ajame\\AppData\\Roaming\\Python\\Python310\\site-packages\\httpx\\_client.py&amp;quot;, line 814, in request\n    return self.send(request, auth=auth, follow_redirects=follow_redirects)\n  File &amp;quot;C:\\Users\\ajame\\AppData\\Roaming\\Python\\Python310\\site-packages\\httpx\\_client.py&amp;quot;, line 901, in send\n    response = self._send_handling_auth(\n  File &amp;quot;C:\\Users\\ajame\\AppData\\Roaming\\Python\\Python310\\site-packages\\httpx\\_client.py&amp;quot;, line 929, in _send_handling_auth\n    response = self._send_handling_redirects(\n  File &amp;quot;C:\\Users\\ajame\\AppData\\Roaming\\Python\\Python310\\site-packages\\httpx\\_client.py&amp;quot;, line 966, in _send_handling_redirects\n    response = self._send_single_request(request)\n  File &amp;quot;C:\\Users\\ajame\\AppData\\Roaming\\Python\\Python310\\site-packages\\httpx\\_client.py&amp;quot;, line 1013, in _send_single_request\n    logger.info(\nMessage: &amp;#x27;HTTP Request: %s %s &amp;quot;%s %d %s&amp;quot;&amp;#x27;\nArguments: (&amp;#x27;GET&amp;#x27;, URL(&amp;#x27;http://testserver/ai/health&amp;#x27;), &amp;#x27;HTTP/1.1&amp;#x27;, 200, &amp;#x27;OK&amp;#x27;)\n--- Logging error ---\nTraceback (most recent call last):\n  File &amp;quot;C:\\Program Files\\Python310\\lib\\logging\\__init__.py&amp;quot;, line 1101, in emit\n    stream.write(msg + self.terminator)\nOSError: [WinError 6] The handle is invalid\nCall stack:\n  File &amp;quot;C:\\Users\\ajame\\Legal_Study\\tests\\functional\\run_functional_tests.py&amp;quot;, line 104, in &amp;lt;module&amp;gt;\n    sys.exit(main())\n  File &amp;quot;C:\\Users\\ajame\\Legal_Study\\tests\\functional\\run_functional_tests.py&amp;quot;, line 86, in main\n    results = run_tests()\n  File &amp;quot;C:\\Users\\ajame\\Legal_Study\\tests\\functional\\run_functional_tests.py&amp;quot;, line 45, in run_tests\n    exit_code = pytest.main(pytest_args)\n  File &amp;quot;C:\\Users\\ajame\\AppData\\Roaming\\Python\\Python310\\site-packages\\_pytest\\config\\__init__.py&amp;quot;, line 169, in main\n    ret: Union[ExitCode, int] = config.hook.pytest_cmdline_main(\n  File &amp;quot;C:\\Users\\ajame\\AppData\\Roaming\\Python\\Python310\\site-packages\\pluggy\\_hooks.py&amp;quot;, line 513, in __call__\n    return self._hookexec(self.name, self._hookimpls.copy(), kwargs, firstresult)\n  File &amp;quot;C:\\Users\\ajame\\AppData\\Roaming\\Python\\Python310\\site-packages\\pluggy\\_manager.py&amp;quot;, line 120, in _hookexec\n    return self._inner_hookexec(hook_name, methods, kwargs, firstresult)\n  File &amp;quot;C:\\Users\\ajame\\AppData\\Roaming\\Python\\Python310\\site-packages\\pluggy\\_callers.py&amp;quot;, line 103, in _multicall\n    res = hook_impl.function(*args)\n  File &amp;quot;C:\\Users\\ajame\\AppData\\Roaming\\Python\\Python310\\site-packages\\_pytest\\main.py&amp;quot;, line 318, in pytest_cmdline_main\n    return wrap_session(config, _main)\n  File &amp;quot;C:\\Users\\ajame\\AppData\\Roaming\\Python\\Python310\\site-packages\\_pytest\\main.py&amp;quot;, line 271, in wrap_session\n    session.exitstatus = doit(config, session) or 0\n  File &amp;quot;C:\\Users\\ajame\\AppData\\Roaming\\Python\\Python310\\site-packages\\_pytest\\main.py&amp;quot;, line 325, in _main\n    config.hook.pytest_runtestloop(session=session)\n  File &amp;quot;C:\\Users\\ajame\\AppData\\Roaming\\Python\\Python310\\site-packages\\pluggy\\_hooks.py&amp;quot;, line 513, in __call__\n    return self._hookexec(self.name, self._hookimpls.copy(), kwargs, firstresult)\n  File &amp;quot;C:\\Users\\ajame\\AppData\\Roaming\\Python\\Python310\\site-packages\\pluggy\\_manager.py&amp;quot;, line 120, in _hookexec\n    return self._inner_hookexec(hook_name, methods, kwargs, firstresult)\n  File &amp;quot;C:\\Users\\ajame\\AppData\\Roaming\\Python\\Python310\\site-packages\\pluggy\\_callers.py&amp;quot;, line 103, in _multicall\n    res = hook_impl.function(*args)\n  File &amp;quot;C:\\Users\\ajame\\AppData\\Roaming\\Python\\Python310\\site-packages\\_pytest\\main.py&amp;quot;, line 350, in pytest_runtestloop\n    item.config.hook.pytest_runtest_protocol(item=item, nextitem=nextitem)\n  File &amp;quot;C:\\Users\\ajame\\AppData\\Roaming\\Python\\Python310\\site-packages\\pluggy\\_hooks.py&amp;quot;, line 513, in __call__\n    return self._hookexec(self.name, self._hookimpls.copy(), kwargs, firstresult)\n  File &amp;quot;C:\\Users\\ajame\\AppData\\Roaming\\Python\\Python310\\site-packages\\pluggy\\_manager.py&amp;quot;, line 120, in _hookexec\n    return self._inner_hookexec(hook_name, methods, kwargs, firstresult)\n  File &amp;quot;C:\\Users\\ajame\\AppData\\Roaming\\Python\\Python310\\site-packages\\pluggy\\_callers.py&amp;quot;, line 103, in _multicall\n    res = hook_impl.function(*args)\n  File &amp;quot;C:\\Users\\ajame\\AppData\\Roaming\\Python\\Python310\\site-packages\\_pytest\\runner.py&amp;quot;, line 114, in pytest_runtest_protocol\n    runtestprotocol(item, nextitem=nextitem)\n  File &amp;quot;C:\\Users\\ajame\\AppData\\Roaming\\Python\\Python310\\site-packages\\_pytest\\runner.py&amp;quot;, line 133, in runtestprotocol\n    reports.append(call_and_report(item, &amp;quot;call&amp;quot;, log))\n  File &amp;quot;C:\\Users\\ajame\\AppData\\Roaming\\Python\\Python310\\site-packages\\_pytest\\runner.py&amp;quot;, line 222, in call_and_report\n    call = call_runtest_hook(item, when, **kwds)\n  File &amp;quot;C:\\Users\\ajame\\AppData\\Roaming\\Python\\Python310\\site-packages\\_pytest\\runner.py&amp;quot;, line 261, in call_runtest_hook\n    return CallInfo.from_call(\n  File &amp;quot;C:\\Users\\ajame\\AppData\\Roaming\\Python\\Python310\\site-packages\\_pytest\\runner.py&amp;quot;, line 341, in from_call\n    result: Optional[TResult] = func()\n  File &amp;quot;C:\\Users\\ajame\\AppData\\Roaming\\Python\\Python310\\site-packages\\_pytest\\runner.py&amp;quot;, line 262, in &amp;lt;lambda&amp;gt;\n    lambda: ihook(item=item, **kwds), when=when, reraise=reraise\n  File &amp;quot;C:\\Users\\ajame\\AppData\\Roaming\\Python\\Python310\\site-packages\\pluggy\\_hooks.py&amp;quot;, line 513, in __call__\n    return self._hookexec(self.name, self._hookimpls.copy(), kwargs, firstresult)\n  File &amp;quot;C:\\Users\\ajame\\AppData\\Roaming\\Python\\Python310\\site-packages\\pluggy\\_manager.py&amp;quot;, line 120, in _hookexec\n    return self._inner_hookexec(hook_name, methods, kwargs, firstresult)\n  File &amp;quot;C:\\Users\\ajame\\AppData\\Roaming\\Python\\Python310\\site-packages\\pluggy\\_callers.py&amp;quot;, line 103, in _multicall\n    res = hook_impl.function(*args)\n  File &amp;quot;C:\\Users\\ajame\\AppData\\Roaming\\Python\\Python310\\site-packages\\_pytest\\runner.py&amp;quot;, line 169, in pytest_runtest_call\n    item.runtest()\n  File &amp;quot;C:\\Users\\ajame\\AppData\\Roaming\\Python\\Python310\\site-packages\\_pytest\\python.py&amp;quot;, line 1792, in runtest\n    self.ihook.pytest_pyfunc_call(pyfuncitem=self)\n  File &amp;quot;C:\\Users\\ajame\\AppData\\Roaming\\Python\\Python310\\site-packages\\pluggy\\_hooks.py&amp;quot;, line 513, in __call__\n    return self._hookexec(self.name, self._hookimpls.copy(), kwargs, firstresult)\n  File &amp;quot;C:\\Users\\ajame\\AppData\\Roaming\\Python\\Python310\\site-packages\\pluggy\\_manager.py&amp;quot;, line 120, in _hookexec\n    return self._inner_hookexec(hook_name, methods, kwargs, firstresult)\n  File &amp;quot;C:\\Users\\ajame\\AppData\\Roaming\\Python\\Python310\\site-packages\\pluggy\\_callers.py&amp;quot;, line 103, in _multicall\n    res = hook_impl.function(*args)\n  File &amp;quot;C:\\Users\\ajame\\AppData\\Roaming\\Python\\Python310\\site-packages\\_pytest\\python.py&amp;quot;, line 194, in pytest_pyfunc_call\n    result = testfunction(**testargs)\n  File &amp;quot;C:\\Users\\ajame\\Legal_Study\\tests\\functional\\test_api_functionality.py&amp;quot;, line 129, in test_ai_endpoints\n    response = client.post(&amp;quot;/ai/process&amp;quot;, json=test_prompt)\n  File &amp;quot;C:\\Users\\ajame\\AppData\\Roaming\\Python\\Python310\\site-packages\\starlette\\testclient.py&amp;quot;, line 590, in post\n    return super().post(\n  File &amp;quot;C:\\Users\\ajame\\AppData\\Roaming\\Python\\Python310\\site-packages\\httpx\\_client.py&amp;quot;, line 1132, in post\n    return self.request(\n  File &amp;quot;C:\\Users\\ajame\\AppData\\Roaming\\Python\\Python310\\site-packages\\starlette\\testclient.py&amp;quot;, line 465, in request\n    return super().request(\n  File &amp;quot;C:\\Users\\ajame\\AppData\\Roaming\\Python\\Python310\\site-packages\\httpx\\_client.py&amp;quot;, line 814, in request\n    return self.send(request, auth=auth, follow_redirects=follow_redirects)\n  File &amp;quot;C:\\Users\\ajame\\AppData\\Roaming\\Python\\Python310\\site-packages\\httpx\\_client.py&amp;quot;, line 901, in send\n    response = self._send_handling_auth(\n  File &amp;quot;C:\\Users\\ajame\\AppData\\Roaming\\Python\\Python310\\site-packages\\httpx\\_client.py&amp;quot;, line 929, in _send_handling_auth\n    response = self._send_handling_redirects(\n  File &amp;quot;C:\\Users\\ajame\\AppData\\Roaming\\Python\\Python310\\site-packages\\httpx\\_client.py&amp;quot;, line 966, in _send_handling_redirects\n    response = self._send_single_request(request)\n  File &amp;quot;C:\\Users\\ajame\\AppData\\Roaming\\Python\\Python310\\site-packages\\httpx\\_client.py&amp;quot;, line 1013, in _send_single_request\n    logger.info(\nMessage: &amp;#x27;HTTP Request: %s %s &amp;quot;%s %d %s&amp;quot;&amp;#x27;\nArguments: (&amp;#x27;POST&amp;#x27;, URL(&amp;#x27;http://testserver/ai/process&amp;#x27;), &amp;#x27;HTTP/1.1&amp;#x27;, 200, &amp;#x27;OK&amp;#x27;)\n--- Logging error ---\nTraceback (most recent call last):\n  File &amp;quot;C:\\Program Files\\Python310\\lib\\logging\\__init__.py&amp;quot;, line 1101, in emit\n    stream.write(msg + self.terminator)\nOSError: [WinError 6] The handle is invalid\nCall stack:\n  File &amp;quot;C:\\Users\\ajame\\Legal_Study\\tests\\functional\\run_functional_tests.py&amp;quot;, line 104, in &amp;lt;module&amp;gt;\n    sys.exit(main())\n  File &amp;quot;C:\\Users\\ajame\\Legal_Study\\tests\\functional\\run_functional_tests.py&amp;quot;, line 86, in main\n    results = run_tests()\n  File &amp;quot;C:\\Users\\ajame\\Legal_Study\\tests\\functional\\run_functional_tests.py&amp;quot;, line 45, in run_tests\n    exit_code = pytest.main(pytest_args)\n  File &amp;quot;C:\\Users\\ajame\\AppData\\Roaming\\Python\\Python310\\site-packages\\_pytest\\config\\__init__.py&amp;quot;, line 169, in main\n    ret: Union[ExitCode, int] = config.hook.pytest_cmdline_main(\n  File &amp;quot;C:\\Users\\ajame\\AppData\\Roaming\\Python\\Python310\\site-packages\\pluggy\\_hooks.py&amp;quot;, line 513, in __call__\n    return self._hookexec(self.name, self._hookimpls.copy(), kwargs, firstresult)\n  File &amp;quot;C:\\Users\\ajame\\AppData\\Roaming\\Python\\Python310\\site-packages\\pluggy\\_manager.py&amp;quot;, line 120, in _hookexec\n    return self._inner_hookexec(hook_name, methods, kwargs, firstresult)\n  File &amp;quot;C:\\Users\\ajame\\AppData\\Roaming\\Python\\Python310\\site-packages\\pluggy\\_callers.py&amp;quot;, line 103, in _multicall\n    res = hook_impl.function(*args)\n  File &amp;quot;C:\\Users\\ajame\\AppData\\Roaming\\Python\\Python310\\site-packages\\_pytest\\main.py&amp;quot;, line 318, in pytest_cmdline_main\n    return wrap_session(config, _main)\n  File &amp;quot;C:\\Users\\ajame\\AppData\\Roaming\\Python\\Python310\\site-packages\\_pytest\\main.py&amp;quot;, line 271, in wrap_session\n    session.exitstatus = doit(config, session) or 0\n  File &amp;quot;C:\\Users\\ajame\\AppData\\Roaming\\Python\\Python310\\site-packages\\_pytest\\main.py&amp;quot;, line 325, in _main\n    config.hook.pytest_runtestloop(session=session)\n  File &amp;quot;C:\\Users\\ajame\\AppData\\Roaming\\Python\\Python310\\site-packages\\pluggy\\_hooks.py&amp;quot;, line 513, in __call__\n    return self._hookexec(self.name, self._hookimpls.copy(), kwargs, firstresult)\n  File &amp;quot;C:\\Users\\ajame\\AppData\\Roaming\\Python\\Python310\\site-packages\\pluggy\\_manager.py&amp;quot;, line 120, in _hookexec\n    return self._inner_hookexec(hook_name, methods, kwargs, firstresult)\n  File &amp;quot;C:\\Users\\ajame\\AppData\\Roaming\\Python\\Python310\\site-packages\\pluggy\\_callers.py&amp;quot;, line 103, in _multicall\n    res = hook_impl.function(*args)\n  File &amp;quot;C:\\Users\\ajame\\AppData\\Roaming\\Python\\Python310\\site-packages\\_pytest\\main.py&amp;quot;, line 350, in pytest_runtestloop\n    item.config.hook.pytest_runtest_protocol(item=item, nextitem=nextitem)\n  File &amp;quot;C:\\Users\\ajame\\AppData\\Roaming\\Python\\Python310\\site-packages\\pluggy\\_hooks.py&amp;quot;, line 513, in __call__\n    return self._hookexec(self.name, self._hookimpls.copy(), kwargs, firstresult)\n  File &amp;quot;C:\\Users\\ajame\\AppData\\Roaming\\Python\\Python310\\site-packages\\pluggy\\_manager.py&amp;quot;, line 120, in _hookexec\n    return self._inner_hookexec(hook_name, methods, kwargs, firstresult)\n  File &amp;quot;C:\\Users\\ajame\\AppData\\Roaming\\Python\\Python310\\site-packages\\pluggy\\_callers.py&amp;quot;, line 103, in _multicall\n    res = hook_impl.function(*args)\n  File &amp;quot;C:\\Users\\ajame\\AppData\\Roaming\\Python\\Python310\\site-packages\\_pytest\\runner.py&amp;quot;, line 114, in pytest_runtest_protocol\n    runtestprotocol(item, nextitem=nextitem)\n  File &amp;quot;C:\\Users\\ajame\\AppData\\Roaming\\Python\\Python310\\site-packages\\_pytest\\runner.py&amp;quot;, line 133, in runtestprotocol\n    reports.append(call_and_report(item, &amp;quot;call&amp;quot;, log))\n  File &amp;quot;C:\\Users\\ajame\\AppData\\Roaming\\Python\\Python310\\site-packages\\_pytest\\runner.py&amp;quot;, line 222, in call_and_report\n    call = call_runtest_hook(item, when, **kwds)\n  File &amp;quot;C:\\Users\\ajame\\AppData\\Roaming\\Python\\Python310\\site-packages\\_pytest\\runner.py&amp;quot;, line 261, in call_runtest_hook\n    return CallInfo.from_call(\n  File &amp;quot;C:\\Users\\ajame\\AppData\\Roaming\\Python\\Python310\\site-packages\\_pytest\\runner.py&amp;quot;, line 341, in from_call\n    result: Optional[TResult] = func()\n  File &amp;quot;C:\\Users\\ajame\\AppData\\Roaming\\Python\\Python310\\site-packages\\_pytest\\runner.py&amp;quot;, line 262, in &amp;lt;lambda&amp;gt;\n    lambda: ihook(item=item, **kwds), when=when, reraise=reraise\n  File &amp;quot;C:\\Users\\ajame\\AppData\\Roaming\\Python\\Python310\\site-packages\\pluggy\\_hooks.py&amp;quot;, line 513, in __call__\n    return self._hookexec(self.name, self._hookimpls.copy(), kwargs, firstresult)\n  File &amp;quot;C:\\Users\\ajame\\AppData\\Roaming\\Python\\Python310\\site-packages\\pluggy\\_manager.py&amp;quot;, line 120, in _hookexec\n    return self._inner_hookexec(hook_name, methods, kwargs, firstresult)\n  File &amp;quot;C:\\Users\\ajame\\AppData\\Roaming\\Python\\Python310\\site-packages\\pluggy\\_callers.py&amp;quot;, line 103, in _multicall\n    res = hook_impl.function(*args)\n  File &amp;quot;C:\\Users\\ajame\\AppData\\Roaming\\Python\\Python310\\site-packages\\_pytest\\runner.py&amp;quot;, line 169, in pytest_runtest_call\n    item.runtest()\n  File &amp;quot;C:\\Users\\ajame\\AppData\\Roaming\\Python\\Python310\\site-packages\\_pytest\\python.py&amp;quot;, line 1792, in runtest\n    self.ihook.pytest_pyfunc_call(pyfuncitem=self)\n  File &amp;quot;C:\\Users\\ajame\\AppData\\Roaming\\Python\\Python310\\site-packages\\pluggy\\_hooks.py&amp;quot;, line 513, in __call__\n    return self._hookexec(self.name, self._hookimpls.copy(), kwargs, firstresult)\n  File &amp;quot;C:\\Users\\ajame\\AppData\\Roaming\\Python\\Python310\\site-packages\\pluggy\\_manager.py&amp;quot;, line 120, in _hookexec\n    return self._inner_hookexec(hook_name, methods, kwargs, firstresult)\n  File &amp;quot;C:\\Users\\ajame\\AppData\\Roaming\\Python\\Python310\\site-packages\\pluggy\\_callers.py&amp;quot;, line 103, in _multicall\n    res = hook_impl.function(*args)\n  File &amp;quot;C:\\Users\\ajame\\AppData\\Roaming\\Python\\Python310\\site-packages\\_pytest\\python.py&amp;quot;, line 194, in pytest_pyfunc_call\n    result = testfunction(**testargs)\n  File &amp;quot;C:\\Users\\ajame\\Legal_Study\\tests\\functional\\test_api_functionality.py&amp;quot;, line 142, in test_ai_endpoints\n    logger.info(f&amp;quot;AI endpoints test report saved to {report_file}&amp;quot;)\nMessage: &amp;#x27;AI endpoints test report saved to reports\\\\functional_tests\\\\ai_endpoints_test_20250512_085122.json&amp;#x27;\nArguments: ()\n\n------------------------------ Captured log call -------------------------------\nINFO     httpx:_client.py:1013 HTTP Request: GET http://testserver/ai/models &amp;quot;HTTP/1.1 200 OK&amp;quot;\nINFO     httpx:_client.py:1013 HTTP Request: GET http://testserver/ai/health &amp;quot;HTTP/1.1 200 OK&amp;quot;\nINFO     httpx:_client.py:1013 HTTP Request: POST http://testserver/ai/process &amp;quot;HTTP/1.1 200 OK&amp;quot;\nINFO     test_api_functionality:test_api_functionality.py:142 AI endpoints test report saved to reports\\functional_tests\\ai_endpoints_test_20250512_085122.json\n\n--------------------------- Captured stderr teardown ---------------------------\n--- Logging error ---\nTraceback (most recent call last):\n  File &amp;quot;C:\\Program Files\\Python310\\lib\\logging\\__init__.py&amp;quot;, line 1101, in emit\n    stream.write(msg + self.terminator)\nOSError: [WinError 6] The handle is invalid\nCall stack:\n  File &amp;quot;C:\\Users\\ajame\\Legal_Study\\tests\\functional\\run_functional_tests.py&amp;quot;, line 104, in &amp;lt;module&amp;gt;\n    sys.exit(main())\n  File &amp;quot;C:\\Users\\ajame\\Legal_Study\\tests\\functional\\run_functional_tests.py&amp;quot;, line 86, in main\n    results = run_tests()\n  File &amp;quot;C:\\Users\\ajame\\Legal_Study\\tests\\functional\\run_functional_tests.py&amp;quot;, line 45, in run_tests\n    exit_code = pytest.main(pytest_args)\n  File &amp;quot;C:\\Users\\ajame\\AppData\\Roaming\\Python\\Python310\\site-packages\\_pytest\\config\\__init__.py&amp;quot;, line 169, in main\n    ret: Union[ExitCode, int] = config.hook.pytest_cmdline_main(\n  File &amp;quot;C:\\Users\\ajame\\AppData\\Roaming\\Python\\Python310\\site-packages\\pluggy\\_hooks.py&amp;quot;, line 513, in __call__\n    return self._hookexec(self.name, self._hookimpls.copy(), kwargs, firstresult)\n  File &amp;quot;C:\\Users\\ajame\\AppData\\Roaming\\Python\\Python310\\site-packages\\pluggy\\_manager.py&amp;quot;, line 120, in _hookexec\n    return self._inner_hookexec(hook_name, methods, kwargs, firstresult)\n  File &amp;quot;C:\\Users\\ajame\\AppData\\Roaming\\Python\\Python310\\site-packages\\pluggy\\_callers.py&amp;quot;, line 103, in _multicall\n    res = hook_impl.function(*args)\n  File &amp;quot;C:\\Users\\ajame\\AppData\\Roaming\\Python\\Python310\\site-packages\\_pytest\\main.py&amp;quot;, line 318, in pytest_cmdline_main\n    return wrap_session(config, _main)\n  File &amp;quot;C:\\Users\\ajame\\AppData\\Roaming\\Python\\Python310\\site-packages\\_pytest\\main.py&amp;quot;, line 271, in wrap_session\n    session.exitstatus = doit(config, session) or 0\n  File &amp;quot;C:\\Users\\ajame\\AppData\\Roaming\\Python\\Python310\\site-packages\\_pytest\\main.py&amp;quot;, line 325, in _main\n    config.hook.pytest_runtestloop(session=session)\n  File &amp;quot;C:\\Users\\ajame\\AppData\\Roaming\\Python\\Python310\\site-packages\\pluggy\\_hooks.py&amp;quot;, line 513, in __call__\n    return self._hookexec(self.name, self._hookimpls.copy(), kwargs, firstresult)\n  File &amp;quot;C:\\Users\\ajame\\AppData\\Roaming\\Python\\Python310\\site-packages\\pluggy\\_manager.py&amp;quot;, line 120, in _hookexec\n    return self._inner_hookexec(hook_name, methods, kwargs, firstresult)\n  File &amp;quot;C:\\Users\\ajame\\AppData\\Roaming\\Python\\Python310\\site-packages\\pluggy\\_callers.py&amp;quot;, line 103, in _multicall\n    res = hook_impl.function(*args)\n  File &amp;quot;C:\\Users\\ajame\\AppData\\Roaming\\Python\\Python310\\site-packages\\_pytest\\main.py&amp;quot;, line 350, in pytest_runtestloop\n    item.config.hook.pytest_runtest_protocol(item=item, nextitem=nextitem)\n  File &amp;quot;C:\\Users\\ajame\\AppData\\Roaming\\Python\\Python310\\site-packages\\pluggy\\_hooks.py&amp;quot;, line 513, in __call__\n    return self._hookexec(self.name, self._hookimpls.copy(), kwargs, firstresult)\n  File &amp;quot;C:\\Users\\ajame\\AppData\\Roaming\\Python\\Python310\\site-packages\\pluggy\\_manager.py&amp;quot;, line 120, in _hookexec\n    return self._inner_hookexec(hook_name, methods, kwargs, firstresult)\n  File &amp;quot;C:\\Users\\ajame\\AppData\\Roaming\\Python\\Python310\\site-packages\\pluggy\\_callers.py&amp;quot;, line 103, in _multicall\n    res = hook_impl.function(*args)\n  File &amp;quot;C:\\Users\\ajame\\AppData\\Roaming\\Python\\Python310\\site-packages\\_pytest\\runner.py&amp;quot;, line 114, in pytest_runtest_protocol\n    runtestprotocol(item, nextitem=nextitem)\n  File &amp;quot;C:\\Users\\ajame\\AppData\\Roaming\\Python\\Python310\\site-packages\\_pytest\\runner.py&amp;quot;, line 134, in runtestprotocol\n    reports.append(call_and_report(item, &amp;quot;teardown&amp;quot;, log, nextitem=nextitem))\n  File &amp;quot;C:\\Users\\ajame\\AppData\\Roaming\\Python\\Python310\\site-packages\\_pytest\\runner.py&amp;quot;, line 222, in call_and_report\n    call = call_runtest_hook(item, when, **kwds)\n  File &amp;quot;C:\\Users\\ajame\\AppData\\Roaming\\Python\\Python310\\site-packages\\_pytest\\runner.py&amp;quot;, line 261, in call_runtest_hook\n    return CallInfo.from_call(\n  File &amp;quot;C:\\Users\\ajame\\AppData\\Roaming\\Python\\Python310\\site-packages\\_pytest\\runner.py&amp;quot;, line 341, in from_call\n    result: Optional[TResult] = func()\n  File &amp;quot;C:\\Users\\ajame\\AppData\\Roaming\\Python\\Python310\\site-packages\\_pytest\\runner.py&amp;quot;, line 262, in &amp;lt;lambda&amp;gt;\n    lambda: ihook(item=item, **kwds), when=when, reraise=reraise\n  File &amp;quot;C:\\Users\\ajame\\AppData\\Roaming\\Python\\Python310\\site-packages\\pluggy\\_hooks.py&amp;quot;, line 513, in __call__\n    return self._hookexec(self.name, self._hookimpls.copy(), kwargs, firstresult)\n  File &amp;quot;C:\\Users\\ajame\\AppData\\Roaming\\Python\\Python310\\site-packages\\pluggy\\_manager.py&amp;quot;, line 120, in _hookexec\n    return self._inner_hookexec(hook_name, methods, kwargs, firstresult)\n  File &amp;quot;C:\\Users\\ajame\\AppData\\Roaming\\Python\\Python310\\site-packages\\pluggy\\_callers.py&amp;quot;, line 103, in _multicall\n    res = hook_impl.function(*args)\n  File &amp;quot;C:\\Users\\ajame\\AppData\\Roaming\\Python\\Python310\\site-packages\\_pytest\\runner.py&amp;quot;, line 182, in pytest_runtest_teardown\n    item.session._setupstate.teardown_exact(nextitem)\n  File &amp;quot;C:\\Users\\ajame\\AppData\\Roaming\\Python\\Python310\\site-packages\\_pytest\\runner.py&amp;quot;, line 526, in teardown_exact\n    fin()\n  File &amp;quot;C:\\Users\\ajame\\AppData\\Roaming\\Python\\Python310\\site-packages\\_pytest\\fixtures.py&amp;quot;, line 701, in &amp;lt;lambda&amp;gt;\n    subrequest.node.addfinalizer(lambda: fixturedef.finish(request=subrequest))\n  File &amp;quot;C:\\Users\\ajame\\AppData\\Roaming\\Python\\Python310\\site-packages\\_pytest\\fixtures.py&amp;quot;, line 1024, in finish\n    func()\n  File &amp;quot;C:\\Users\\ajame\\AppData\\Roaming\\Python\\Python310\\site-packages\\_pytest\\fixtures.py&amp;quot;, line 911, in _teardown_yield_fixture\n    next(it)\n  File &amp;quot;C:\\Users\\ajame\\Legal_Study\\tests\\conftest.py&amp;quot;, line 106, in setup_test_environment\n    logger.info(f&amp;quot;Ending test session at {datetime.now()}&amp;quot;)\nMessage: &amp;#x27;Ending test session at 2025-05-12 08:51:22.995048&amp;#x27;\nArguments: ()\n\n---------------------------- Captured log teardown -----------------------------\nINFO     tests.conftest:conftest.py:106 Ending test session at 2025-05-12 08:51:22.995048&#34;}]}, &#34;renderCollapsed&#34;: [&#34;passed&#34;], &#34;initialSort&#34;: &#34;result&#34;, &#34;title&#34;: &#34;report.html&#34;}"></div>
    <script>
      (function(){function r(e,n,t){function o(i,f){if(!n[i]){if(!e[i]){var c="function"==typeof require&&require;if(!f&&c)return c(i,!0);if(u)return u(i,!0);var a=new Error("Cannot find module '"+i+"'");throw a.code="MODULE_NOT_FOUND",a}var p=n[i]={exports:{}};e[i][0].call(p.exports,function(r){var n=e[i][1][r];return o(n||r)},p,p.exports,r,e,n,t)}return n[i].exports}for(var u="function"==typeof require&&require,i=0;i<t.length;i++)o(t[i]);return o}return r})()({1:[function(require,module,exports){
const { getCollapsedCategory, setCollapsedIds } = require('./storage.js')

class DataManager {
    setManager(data) {
        const collapsedCategories = [...getCollapsedCategory(data.renderCollapsed)]
        const collapsedIds = []
        const tests = Object.values(data.tests).flat().map((test, index) => {
            const collapsed = collapsedCategories.includes(test.result.toLowerCase())
            const id = `test_${index}`
            if (collapsed) {
                collapsedIds.push(id)
            }
            return {
                ...test,
                id,
                collapsed,
            }
        })
        const dataBlob = { ...data, tests }
        this.data = { ...dataBlob }
        this.renderData = { ...dataBlob }
        setCollapsedIds(collapsedIds)
    }

    get allData() {
        return { ...this.data }
    }

    resetRender() {
        this.renderData = { ...this.data }
    }

    setRender(data) {
        this.renderData.tests = [...data]
    }

    toggleCollapsedItem(id) {
        this.renderData.tests = this.renderData.tests.map((test) =>
            test.id === id ? { ...test, collapsed: !test.collapsed } : test,
        )
    }

    set allCollapsed(collapsed) {
        this.renderData = { ...this.renderData, tests: [...this.renderData.tests.map((test) => (
            { ...test, collapsed }
        ))] }
    }

    get testSubset() {
        return [...this.renderData.tests]
    }

    get environment() {
        return this.renderData.environment
    }

    get initialSort() {
        return this.data.initialSort
    }
}

module.exports = {
    manager: new DataManager(),
}

},{"./storage.js":8}],2:[function(require,module,exports){
const mediaViewer = require('./mediaviewer.js')
const templateEnvRow = document.getElementById('template_environment_row')
const templateResult = document.getElementById('template_results-table__tbody')

function htmlToElements(html) {
    const temp = document.createElement('template')
    temp.innerHTML = html
    return temp.content.childNodes
}

const find = (selector, elem) => {
    if (!elem) {
        elem = document
    }
    return elem.querySelector(selector)
}

const findAll = (selector, elem) => {
    if (!elem) {
        elem = document
    }
    return [...elem.querySelectorAll(selector)]
}

const dom = {
    getStaticRow: (key, value) => {
        const envRow = templateEnvRow.content.cloneNode(true)
        const isObj = typeof value === 'object' && value !== null
        const values = isObj ? Object.keys(value).map((k) => `${k}: ${value[k]}`) : null

        const valuesElement = htmlToElements(
            values ? `<ul>${values.map((val) => `<li>${val}</li>`).join('')}<ul>` : `<div>${value}</div>`)[0]
        const td = findAll('td', envRow)
        td[0].textContent = key
        td[1].appendChild(valuesElement)

        return envRow
    },
    getResultTBody: ({ testId, id, log, extras, resultsTableRow, tableHtml, result, collapsed }) => {
        const resultBody = templateResult.content.cloneNode(true)
        resultBody.querySelector('tbody').classList.add(result.toLowerCase())
        resultBody.querySelector('tbody').id = testId
        resultBody.querySelector('.collapsible').dataset.id = id

        resultsTableRow.forEach((html) => {
            const t = document.createElement('template')
            t.innerHTML = html
            resultBody.querySelector('.collapsible').appendChild(t.content)
        })

        if (log) {
            // Wrap lines starting with "E" with span.error to color those lines red
            const wrappedLog = log.replace(/^E.*$/gm, (match) => `<span class="error">${match}</span>`)
            resultBody.querySelector('.log').innerHTML = wrappedLog
        } else {
            resultBody.querySelector('.log').remove()
        }

        if (collapsed) {
            resultBody.querySelector('.collapsible > td')?.classList.add('collapsed')
            resultBody.querySelector('.extras-row').classList.add('hidden')
        } else {
            resultBody.querySelector('.collapsible > td')?.classList.remove('collapsed')
        }

        const media = []
        extras?.forEach(({ name, format_type, content }) => {
            if (['image', 'video'].includes(format_type)) {
                media.push({ path: content, name, format_type })
            }

            if (format_type === 'html') {
                resultBody.querySelector('.extraHTML').insertAdjacentHTML('beforeend', `<div>${content}</div>`)
            }
        })
        mediaViewer.setup(resultBody, media)

        // Add custom html from the pytest_html_results_table_html hook
        tableHtml?.forEach((item) => {
            resultBody.querySelector('td[class="extra"]').insertAdjacentHTML('beforeend', item)
        })

        return resultBody
    },
}

module.exports = {
    dom,
    htmlToElements,
    find,
    findAll,
}

},{"./mediaviewer.js":6}],3:[function(require,module,exports){
const { manager } = require('./datamanager.js')
const { doSort } = require('./sort.js')
const storageModule = require('./storage.js')

const getFilteredSubSet = (filter) =>
    manager.allData.tests.filter(({ result }) => filter.includes(result.toLowerCase()))

const doInitFilter = () => {
    const currentFilter = storageModule.getVisible()
    const filteredSubset = getFilteredSubSet(currentFilter)
    manager.setRender(filteredSubset)
}

const doFilter = (type, show) => {
    if (show) {
        storageModule.showCategory(type)
    } else {
        storageModule.hideCategory(type)
    }

    const currentFilter = storageModule.getVisible()
    const filteredSubset = getFilteredSubSet(currentFilter)
    manager.setRender(filteredSubset)

    const sortColumn = storageModule.getSort()
    doSort(sortColumn, true)
}

module.exports = {
    doFilter,
    doInitFilter,
}

},{"./datamanager.js":1,"./sort.js":7,"./storage.js":8}],4:[function(require,module,exports){
const { redraw, bindEvents, renderStatic } = require('./main.js')
const { doInitFilter } = require('./filter.js')
const { doInitSort } = require('./sort.js')
const { manager } = require('./datamanager.js')
const data = JSON.parse(document.getElementById('data-container').dataset.jsonblob)

function init() {
    manager.setManager(data)
    doInitFilter()
    doInitSort()
    renderStatic()
    redraw()
    bindEvents()
}

init()

},{"./datamanager.js":1,"./filter.js":3,"./main.js":5,"./sort.js":7}],5:[function(require,module,exports){
const { dom, find, findAll } = require('./dom.js')
const { manager } = require('./datamanager.js')
const { doSort } = require('./sort.js')
const { doFilter } = require('./filter.js')
const {
    getVisible,
    getCollapsedIds,
    setCollapsedIds,
    getSort,
    getSortDirection,
    possibleFilters,
} = require('./storage.js')

const removeChildren = (node) => {
    while (node.firstChild) {
        node.removeChild(node.firstChild)
    }
}

const renderStatic = () => {
    const renderEnvironmentTable = () => {
        const environment = manager.environment
        const rows = Object.keys(environment).map((key) => dom.getStaticRow(key, environment[key]))
        const table = document.getElementById('environment')
        removeChildren(table)
        rows.forEach((row) => table.appendChild(row))
    }
    renderEnvironmentTable()
}

const addItemToggleListener = (elem) => {
    elem.addEventListener('click', ({ target }) => {
        const id = target.parentElement.dataset.id
        manager.toggleCollapsedItem(id)

        const collapsedIds = getCollapsedIds()
        if (collapsedIds.includes(id)) {
            const updated = collapsedIds.filter((item) => item !== id)
            setCollapsedIds(updated)
        } else {
            collapsedIds.push(id)
            setCollapsedIds(collapsedIds)
        }
        redraw()
    })
}

const renderContent = (tests) => {
    const sortAttr = getSort(manager.initialSort)
    const sortAsc = JSON.parse(getSortDirection())
    const rows = tests.map(dom.getResultTBody)
    const table = document.getElementById('results-table')
    const tableHeader = document.getElementById('results-table-head')

    const newTable = document.createElement('table')
    newTable.id = 'results-table'

    // remove all sorting classes and set the relevant
    findAll('.sortable', tableHeader).forEach((elem) => elem.classList.remove('asc', 'desc'))
    tableHeader.querySelector(`.sortable[data-column-type="${sortAttr}"]`)?.classList.add(sortAsc ? 'desc' : 'asc')
    newTable.appendChild(tableHeader)

    if (!rows.length) {
        const emptyTable = document.getElementById('template_results-table__body--empty').content.cloneNode(true)
        newTable.appendChild(emptyTable)
    } else {
        rows.forEach((row) => {
            if (!!row) {
                findAll('.collapsible td:not(.col-links', row).forEach(addItemToggleListener)
                find('.logexpander', row).addEventListener('click',
                    (evt) => evt.target.parentNode.classList.toggle('expanded'),
                )
                newTable.appendChild(row)
            }
        })
    }

    table.replaceWith(newTable)
}

const renderDerived = () => {
    const currentFilter = getVisible()
    possibleFilters.forEach((result) => {
        const input = document.querySelector(`input[data-test-result="${result}"]`)
        input.checked = currentFilter.includes(result)
    })
}

const bindEvents = () => {
    const filterColumn = (evt) => {
        const { target: element } = evt
        const { testResult } = element.dataset

        doFilter(testResult, element.checked)
        const collapsedIds = getCollapsedIds()
        const updated = manager.renderData.tests.map((test) => {
            return {
                ...test,
                collapsed: collapsedIds.includes(test.id),
            }
        })
        manager.setRender(updated)
        redraw()
    }

    const header = document.getElementById('environment-header')
    header.addEventListener('click', () => {
        const table = document.getElementById('environment')
        table.classList.toggle('hidden')
        header.classList.toggle('collapsed')
    })

    findAll('input[name="filter_checkbox"]').forEach((elem) => {
        elem.addEventListener('click', filterColumn)
    })

    findAll('.sortable').forEach((elem) => {
        elem.addEventListener('click', (evt) => {
            const { target: element } = evt
            const { columnType } = element.dataset
            doSort(columnType)
            redraw()
        })
    })

    document.getElementById('show_all_details').addEventListener('click', () => {
        manager.allCollapsed = false
        setCollapsedIds([])
        redraw()
    })
    document.getElementById('hide_all_details').addEventListener('click', () => {
        manager.allCollapsed = true
        const allIds = manager.renderData.tests.map((test) => test.id)
        setCollapsedIds(allIds)
        redraw()
    })
}

const redraw = () => {
    const { testSubset } = manager

    renderContent(testSubset)
    renderDerived()
}

module.exports = {
    redraw,
    bindEvents,
    renderStatic,
}

},{"./datamanager.js":1,"./dom.js":2,"./filter.js":3,"./sort.js":7,"./storage.js":8}],6:[function(require,module,exports){
class MediaViewer {
    constructor(assets) {
        this.assets = assets
        this.index = 0
    }

    nextActive() {
        this.index = this.index === this.assets.length - 1 ? 0 : this.index + 1
        return [this.activeFile, this.index]
    }

    prevActive() {
        this.index = this.index === 0 ? this.assets.length - 1 : this.index -1
        return [this.activeFile, this.index]
    }

    get currentIndex() {
        return this.index
    }

    get activeFile() {
        return this.assets[this.index]
    }
}


const setup = (resultBody, assets) => {
    if (!assets.length) {
        resultBody.querySelector('.media').classList.add('hidden')
        return
    }

    const mediaViewer = new MediaViewer(assets)
    const container = resultBody.querySelector('.media-container')
    const leftArrow = resultBody.querySelector('.media-container__nav--left')
    const rightArrow = resultBody.querySelector('.media-container__nav--right')
    const mediaName = resultBody.querySelector('.media__name')
    const counter = resultBody.querySelector('.media__counter')
    const imageEl = resultBody.querySelector('img')
    const sourceEl = resultBody.querySelector('source')
    const videoEl = resultBody.querySelector('video')

    const setImg = (media, index) => {
        if (media?.format_type === 'image') {
            imageEl.src = media.path

            imageEl.classList.remove('hidden')
            videoEl.classList.add('hidden')
        } else if (media?.format_type === 'video') {
            sourceEl.src = media.path

            videoEl.classList.remove('hidden')
            imageEl.classList.add('hidden')
        }

        mediaName.innerText = media?.name
        counter.innerText = `${index + 1} / ${assets.length}`
    }
    setImg(mediaViewer.activeFile, mediaViewer.currentIndex)

    const moveLeft = () => {
        const [media, index] = mediaViewer.prevActive()
        setImg(media, index)
    }
    const doRight = () => {
        const [media, index] = mediaViewer.nextActive()
        setImg(media, index)
    }
    const openImg = () => {
        window.open(mediaViewer.activeFile.path, '_blank')
    }
    if (assets.length === 1) {
        container.classList.add('media-container--fullscreen')
    } else {
        leftArrow.addEventListener('click', moveLeft)
        rightArrow.addEventListener('click', doRight)
    }
    imageEl.addEventListener('click', openImg)
}

module.exports = {
    setup,
}

},{}],7:[function(require,module,exports){
const { manager } = require('./datamanager.js')
const storageModule = require('./storage.js')

const genericSort = (list, key, ascending, customOrder) => {
    let sorted
    if (customOrder) {
        sorted = list.sort((a, b) => {
            const aValue = a.result.toLowerCase()
            const bValue = b.result.toLowerCase()

            const aIndex = customOrder.findIndex((item) => item.toLowerCase() === aValue)
            const bIndex = customOrder.findIndex((item) => item.toLowerCase() === bValue)

            // Compare the indices to determine the sort order
            return aIndex - bIndex
        })
    } else {
        sorted = list.sort((a, b) => a[key] === b[key] ? 0 : a[key] > b[key] ? 1 : -1)
    }

    if (ascending) {
        sorted.reverse()
    }
    return sorted
}

const durationSort = (list, ascending) => {
    const parseDuration = (duration) => {
        if (duration.includes(':')) {
            // If it's in the format "HH:mm:ss"
            const [hours, minutes, seconds] = duration.split(':').map(Number)
            return (hours * 3600 + minutes * 60 + seconds) * 1000
        } else {
            // If it's in the format "nnn ms"
            return parseInt(duration)
        }
    }
    const sorted = list.sort((a, b) => parseDuration(a['duration']) - parseDuration(b['duration']))
    if (ascending) {
        sorted.reverse()
    }
    return sorted
}

const doInitSort = () => {
    const type = storageModule.getSort(manager.initialSort)
    const ascending = storageModule.getSortDirection()
    const list = manager.testSubset
    const initialOrder = ['Error', 'Failed', 'Rerun', 'XFailed', 'XPassed', 'Skipped', 'Passed']

    storageModule.setSort(type)
    storageModule.setSortDirection(ascending)

    if (type?.toLowerCase() === 'original') {
        manager.setRender(list)
    } else {
        let sortedList
        switch (type) {
        case 'duration':
            sortedList = durationSort(list, ascending)
            break
        case 'result':
            sortedList = genericSort(list, type, ascending, initialOrder)
            break
        default:
            sortedList = genericSort(list, type, ascending)
            break
        }
        manager.setRender(sortedList)
    }
}

const doSort = (type, skipDirection) => {
    const newSortType = storageModule.getSort(manager.initialSort) !== type
    const currentAsc = storageModule.getSortDirection()
    let ascending
    if (skipDirection) {
        ascending = currentAsc
    } else {
        ascending = newSortType ? false : !currentAsc
    }
    storageModule.setSort(type)
    storageModule.setSortDirection(ascending)

    const list = manager.testSubset
    const sortedList = type === 'duration' ? durationSort(list, ascending) : genericSort(list, type, ascending)
    manager.setRender(sortedList)
}

module.exports = {
    doInitSort,
    doSort,
}

},{"./datamanager.js":1,"./storage.js":8}],8:[function(require,module,exports){
const possibleFilters = [
    'passed',
    'skipped',
    'failed',
    'error',
    'xfailed',
    'xpassed',
    'rerun',
]

const getVisible = () => {
    const url = new URL(window.location.href)
    const settings = new URLSearchParams(url.search).get('visible')
    const lower = (item) => {
        const lowerItem = item.toLowerCase()
        if (possibleFilters.includes(lowerItem)) {
            return lowerItem
        }
        return null
    }
    return settings === null ?
        possibleFilters :
        [...new Set(settings?.split(',').map(lower).filter((item) => item))]
}

const hideCategory = (categoryToHide) => {
    const url = new URL(window.location.href)
    const visibleParams = new URLSearchParams(url.search).get('visible')
    const currentVisible = visibleParams ? visibleParams.split(',') : [...possibleFilters]
    const settings = [...new Set(currentVisible)].filter((f) => f !== categoryToHide).join(',')

    url.searchParams.set('visible', settings)
    window.history.pushState({}, null, unescape(url.href))
}

const showCategory = (categoryToShow) => {
    if (typeof window === 'undefined') {
        return
    }
    const url = new URL(window.location.href)
    const currentVisible = new URLSearchParams(url.search).get('visible')?.split(',').filter(Boolean) ||
        [...possibleFilters]
    const settings = [...new Set([categoryToShow, ...currentVisible])]
    const noFilter = possibleFilters.length === settings.length || !settings.length

    noFilter ? url.searchParams.delete('visible') : url.searchParams.set('visible', settings.join(','))
    window.history.pushState({}, null, unescape(url.href))
}

const getSort = (initialSort) => {
    const url = new URL(window.location.href)
    let sort = new URLSearchParams(url.search).get('sort')
    if (!sort) {
        sort = initialSort || 'result'
    }
    return sort
}

const setSort = (type) => {
    const url = new URL(window.location.href)
    url.searchParams.set('sort', type)
    window.history.pushState({}, null, unescape(url.href))
}

const getCollapsedCategory = (renderCollapsed) => {
    let categories
    if (typeof window !== 'undefined') {
        const url = new URL(window.location.href)
        const collapsedItems = new URLSearchParams(url.search).get('collapsed')
        switch (true) {
        case !renderCollapsed && collapsedItems === null:
            categories = ['passed']
            break
        case collapsedItems?.length === 0 || /^["']{2}$/.test(collapsedItems):
            categories = []
            break
        case /^all$/.test(collapsedItems) || collapsedItems === null && /^all$/.test(renderCollapsed):
            categories = [...possibleFilters]
            break
        default:
            categories = collapsedItems?.split(',').map((item) => item.toLowerCase()) || renderCollapsed
            break
        }
    } else {
        categories = []
    }
    return categories
}

const getSortDirection = () => JSON.parse(sessionStorage.getItem('sortAsc')) || false
const setSortDirection = (ascending) => sessionStorage.setItem('sortAsc', ascending)

const getCollapsedIds = () => JSON.parse(sessionStorage.getItem('collapsedIds')) || []
const setCollapsedIds = (list) => sessionStorage.setItem('collapsedIds', JSON.stringify(list))

module.exports = {
    getVisible,
    hideCategory,
    showCategory,
    getCollapsedIds,
    setCollapsedIds,
    getSort,
    setSort,
    getSortDirection,
    setSortDirection,
    getCollapsedCategory,
    possibleFilters,
}

},{}]},{},[4]);
    </script>
  </footer>
</html>