<!DOCTYPE html>
<html>
  <head>
    <meta charset="utf-8"/>
    <title id="head-title">smoke_report_20250423_203451.html</title>
      <style type="text/css">body {
  font-family: Helvetica, Arial, sans-serif;
  font-size: 12px;
  /* do not increase min-width as some may use split screens */
  min-width: 800px;
  color: #999;
}

h1 {
  font-size: 24px;
  color: black;
}

h2 {
  font-size: 16px;
  color: black;
}

p {
  color: black;
}

a {
  color: #999;
}

table {
  border-collapse: collapse;
}

/******************************
 * SUMMARY INFORMATION
 ******************************/
#environment td {
  padding: 5px;
  border: 1px solid #e6e6e6;
  vertical-align: top;
}
#environment tr:nth-child(odd) {
  background-color: #f6f6f6;
}
#environment ul {
  margin: 0;
  padding: 0 20px;
}

/******************************
 * TEST RESULT COLORS
 ******************************/
span.passed,
.passed .col-result {
  color: green;
}

span.skipped,
span.xfailed,
span.rerun,
.skipped .col-result,
.xfailed .col-result,
.rerun .col-result {
  color: orange;
}

span.error,
span.failed,
span.xpassed,
.error .col-result,
.failed .col-result,
.xpassed .col-result {
  color: red;
}

.col-links__extra {
  margin-right: 3px;
}

/******************************
 * RESULTS TABLE
 *
 * 1. Table Layout
 * 2. Extra
 * 3. Sorting items
 *
 ******************************/
/*------------------
 * 1. Table Layout
 *------------------*/
#results-table {
  border: 1px solid #e6e6e6;
  color: #999;
  font-size: 12px;
  width: 100%;
}
#results-table th,
#results-table td {
  padding: 5px;
  border: 1px solid #e6e6e6;
  text-align: left;
}
#results-table th {
  font-weight: bold;
}

/*------------------
 * 2. Extra
 *------------------*/
.logwrapper {
  max-height: 230px;
  overflow-y: scroll;
  background-color: #e6e6e6;
}
.logwrapper.expanded {
  max-height: none;
}
.logwrapper.expanded .logexpander:after {
  content: "collapse [-]";
}
.logwrapper .logexpander {
  z-index: 1;
  position: sticky;
  top: 10px;
  width: max-content;
  border: 1px solid;
  border-radius: 3px;
  padding: 5px 7px;
  margin: 10px 0 10px calc(100% - 80px);
  cursor: pointer;
  background-color: #e6e6e6;
}
.logwrapper .logexpander:after {
  content: "expand [+]";
}
.logwrapper .logexpander:hover {
  color: #000;
  border-color: #000;
}
.logwrapper .log {
  min-height: 40px;
  position: relative;
  top: -50px;
  height: calc(100% + 50px);
  border: 1px solid #e6e6e6;
  color: black;
  display: block;
  font-family: "Courier New", Courier, monospace;
  padding: 5px;
  padding-right: 80px;
  white-space: pre-wrap;
}

div.media {
  border: 1px solid #e6e6e6;
  float: right;
  height: 240px;
  margin: 0 5px;
  overflow: hidden;
  width: 320px;
}

.media-container {
  display: grid;
  grid-template-columns: 25px auto 25px;
  align-items: center;
  flex: 1 1;
  overflow: hidden;
  height: 200px;
}

.media-container--fullscreen {
  grid-template-columns: 0px auto 0px;
}

.media-container__nav--right,
.media-container__nav--left {
  text-align: center;
  cursor: pointer;
}

.media-container__viewport {
  cursor: pointer;
  text-align: center;
  height: inherit;
}
.media-container__viewport img,
.media-container__viewport video {
  object-fit: cover;
  width: 100%;
  max-height: 100%;
}

.media__name,
.media__counter {
  display: flex;
  flex-direction: row;
  justify-content: space-around;
  flex: 0 0 25px;
  align-items: center;
}

.collapsible td:not(.col-links) {
  cursor: pointer;
}
.collapsible td:not(.col-links):hover::after {
  color: #bbb;
  font-style: italic;
  cursor: pointer;
}

.col-result {
  width: 130px;
}
.col-result:hover::after {
  content: " (hide details)";
}

.col-result.collapsed:hover::after {
  content: " (show details)";
}

#environment-header h2:hover::after {
  content: " (hide details)";
  color: #bbb;
  font-style: italic;
  cursor: pointer;
  font-size: 12px;
}

#environment-header.collapsed h2:hover::after {
  content: " (show details)";
  color: #bbb;
  font-style: italic;
  cursor: pointer;
  font-size: 12px;
}

/*------------------
 * 3. Sorting items
 *------------------*/
.sortable {
  cursor: pointer;
}
.sortable.desc:after {
  content: " ";
  position: relative;
  left: 5px;
  bottom: -12.5px;
  border: 10px solid #4caf50;
  border-bottom: 0;
  border-left-color: transparent;
  border-right-color: transparent;
}
.sortable.asc:after {
  content: " ";
  position: relative;
  left: 5px;
  bottom: 12.5px;
  border: 10px solid #4caf50;
  border-top: 0;
  border-left-color: transparent;
  border-right-color: transparent;
}

.hidden, .summary__reload__button.hidden {
  display: none;
}

.summary__data {
  flex: 0 0 550px;
}
.summary__reload {
  flex: 1 1;
  display: flex;
  justify-content: center;
}
.summary__reload__button {
  flex: 0 0 300px;
  display: flex;
  color: white;
  font-weight: bold;
  background-color: #4caf50;
  text-align: center;
  justify-content: center;
  align-items: center;
  border-radius: 3px;
  cursor: pointer;
}
.summary__reload__button:hover {
  background-color: #46a049;
}
.summary__spacer {
  flex: 0 0 550px;
}

.controls {
  display: flex;
  justify-content: space-between;
}

.filters,
.collapse {
  display: flex;
  align-items: center;
}
.filters button,
.collapse button {
  color: #999;
  border: none;
  background: none;
  cursor: pointer;
  text-decoration: underline;
}
.filters button:hover,
.collapse button:hover {
  color: #ccc;
}

.filter__label {
  margin-right: 10px;
}

      </style>
    
  </head>
  <body>
    <h1 id="title">smoke_report_20250423_203451.html</h1>
    <p>Report generated on 23-Apr-2025 at 20:35:06 by <a href="https://pypi.python.org/pypi/pytest-html">pytest-html</a>
        v4.1.1</p>
    <div id="environment-header">
      <h2>Environment</h2>
    </div>
    <table id="environment"></table>
    <!-- TEMPLATES -->
      <template id="template_environment_row">
      <tr>
        <td></td>
        <td></td>
      </tr>
    </template>
    <template id="template_results-table__body--empty">
      <tbody class="results-table-row">
        <tr id="not-found-message">
          <td colspan="4">No results found. Check the filters.</th>
        </tr>
    </template>
    <template id="template_results-table__tbody">
      <tbody class="results-table-row">
        <tr class="collapsible">
        </tr>
        <tr class="extras-row">
          <td class="extra" colspan="4">
            <div class="extraHTML"></div>
            <div class="media">
              <div class="media-container">
                  <div class="media-container__nav--left"><</div>
                  <div class="media-container__viewport">
                    <img src="" />
                    <video controls>
                      <source src="" type="video/mp4">
                    </video>
                  </div>
                  <div class="media-container__nav--right">></div>
                </div>
                <div class="media__name"></div>
                <div class="media__counter"></div>
            </div>
            <div class="logwrapper">
              <div class="logexpander"></div>
              <div class="log"></div>
            </div>
          </td>
        </tr>
      </tbody>
    </template>
    <!-- END TEMPLATES -->
    <div class="summary">
      <div class="summary__data">
        <h2>Summary</h2>
        <div class="additional-summary prefix">
        </div>
        <p class="run-count">12 tests took 00:00:10.</p>
        <p class="filter">(Un)check the boxes to filter the results.</p>
        <div class="summary__reload">
          <div class="summary__reload__button hidden" onclick="location.reload()">
            <div>There are still tests running. <br />Reload this page to get the latest results!</div>
          </div>
        </div>
        <div class="summary__spacer"></div>
        <div class="controls">
          <div class="filters">
            <input checked="true" class="filter" name="filter_checkbox" type="checkbox" data-test-result="failed" />
            <span class="failed">3 Failed,</span>
            <input checked="true" class="filter" name="filter_checkbox" type="checkbox" data-test-result="passed" />
            <span class="passed">9 Passed,</span>
            <input checked="true" class="filter" name="filter_checkbox" type="checkbox" data-test-result="skipped" disabled/>
            <span class="skipped">0 Skipped,</span>
            <input checked="true" class="filter" name="filter_checkbox" type="checkbox" data-test-result="xfailed" disabled/>
            <span class="xfailed">0 Expected failures,</span>
            <input checked="true" class="filter" name="filter_checkbox" type="checkbox" data-test-result="xpassed" disabled/>
            <span class="xpassed">0 Unexpected passes,</span>
            <input checked="true" class="filter" name="filter_checkbox" type="checkbox" data-test-result="error" disabled/>
            <span class="error">0 Errors,</span>
            <input checked="true" class="filter" name="filter_checkbox" type="checkbox" data-test-result="rerun" disabled/>
            <span class="rerun">0 Reruns</span>
          </div>
          <div class="collapse">
            <button id="show_all_details">Show all details</button>&nbsp;/&nbsp;<button id="hide_all_details">Hide all details</button>
          </div>
        </div>
      </div>
      <div class="additional-summary summary">
      </div>
      <div class="additional-summary postfix">
      </div>
    </div>
    <table id="results-table">
      <thead id="results-table-head">
        <tr>
          <th class="sortable" data-column-type="result">Result</th>
          <th class="sortable" data-column-type="testId">Test</th>
          <th class="sortable" data-column-type="duration">Duration</th>
          <th>Links</th>
        </tr>
      </thead>
    </table>
  </body>
  <footer>
    <div id="data-container" data-jsonblob="{&#34;environment&#34;: {&#34;Python&#34;: &#34;3.11.9&#34;, &#34;Platform&#34;: &#34;Windows-10-10.0.26100-SP0&#34;, &#34;Packages&#34;: {&#34;pytest&#34;: &#34;7.4.3&#34;, &#34;pluggy&#34;: &#34;1.5.0&#34;}, &#34;Plugins&#34;: {&#34;anyio&#34;: &#34;4.9.0&#34;, &#34;asyncio&#34;: &#34;0.21.1&#34;, &#34;base-url&#34;: &#34;2.0.0&#34;, &#34;benchmark&#34;: &#34;4.0.0&#34;, &#34;clarity&#34;: &#34;1.0.1&#34;, &#34;cov&#34;: &#34;4.1.0&#34;, &#34;env&#34;: &#34;1.0.1&#34;, &#34;html&#34;: &#34;4.1.1&#34;, &#34;html-reporter&#34;: &#34;0.2.9&#34;, &#34;json-report&#34;: &#34;1.5.0&#34;, &#34;logger&#34;: &#34;0.5.1&#34;, &#34;metadata&#34;: &#34;3.0.0&#34;, &#34;mock&#34;: &#34;3.11.1&#34;, &#34;monitor&#34;: &#34;1.6.5&#34;, &#34;ordering&#34;: &#34;0.6&#34;, &#34;parallel&#34;: &#34;0.1.1&#34;, &#34;profiling&#34;: &#34;1.7.0&#34;, &#34;randomly&#34;: &#34;3.13.0&#34;, &#34;random-order&#34;: &#34;1.1.0&#34;, &#34;repeat&#34;: &#34;0.9.1&#34;, &#34;reportlog&#34;: &#34;0.3.0&#34;, &#34;reportportal&#34;: &#34;5.2.0&#34;, &#34;rerunfailures&#34;: &#34;11.0&#34;, &#34;selenium&#34;: &#34;4.1.0&#34;, &#34;services&#34;: &#34;2.2.1&#34;, &#34;shutil&#34;: &#34;1.7.0&#34;, &#34;sugar&#34;: &#34;0.9.6&#34;, &#34;testmon&#34;: &#34;2.0.8&#34;, &#34;timeout&#34;: &#34;2.1.0&#34;, &#34;variables&#34;: &#34;3.0.0&#34;, &#34;vcr&#34;: &#34;1.0.2&#34;, &#34;xdist&#34;: &#34;3.3.1&#34;, &#34;xprocess&#34;: &#34;0.22.2&#34;, &#34;yaml&#34;: &#34;1.2.1&#34;}, &#34;Driver&#34;: null, &#34;Capabilities&#34;: {}}, &#34;tests&#34;: {&#34;tests/smoke/test_environment.py::test_security_settings&#34;: [{&#34;extras&#34;: [], &#34;result&#34;: &#34;Failed&#34;, &#34;testId&#34;: &#34;tests/smoke/test_environment.py::test_security_settings&#34;, &#34;duration&#34;: &#34;684 ms&#34;, &#34;resultsTableRow&#34;: [&#34;&lt;td class=\&#34;col-result\&#34;&gt;Failed&lt;/td&gt;&#34;, &#34;&lt;td class=\&#34;col-testId\&#34;&gt;tests/smoke/test_environment.py::test_security_settings&lt;/td&gt;&#34;, &#34;&lt;td class=\&#34;col-duration\&#34;&gt;684 ms&lt;/td&gt;&#34;, &#34;&lt;td class=\&#34;col-links\&#34;&gt;&lt;/td&gt;&#34;], &#34;log&#34;: &#34;@pytest.mark.smoke\n    def test_security_settings():\n        &amp;quot;&amp;quot;&amp;quot;Test that security-related settings are properly configured.&amp;quot;&amp;quot;&amp;quot;\n        assert os.getenv(&amp;#x27;SECRET_KEY&amp;#x27;), &amp;quot;SECRET_KEY must be set&amp;quot;\n&amp;gt;       assert os.getenv(&amp;#x27;ALGORITHM&amp;#x27;) == &amp;#x27;HS256&amp;#x27;, &amp;quot;ALGORITHM must be HS256&amp;quot;\nE       AssertionError: ALGORITHM must be HS256\nE       assert == failed. [pytest-clarity diff shown]\nE         \nE         LHS vs RHS shown below\nE         \nE         None\nE         HS256\nE         \n\ntests\\smoke\\test_environment.py:70: AssertionError\n\n---------------------------- Captured stderr setup -----------------------------\n--- Logging error ---\nTraceback (most recent call last):\n  File &amp;quot;C:\\Users\\ajame\\AppData\\Local\\Programs\\Python\\Python311\\Lib\\logging\\__init__.py&amp;quot;, line 1113, in emit\n    stream.write(msg + self.terminator)\nOSError: [WinError 6] The handle is invalid\nCall stack:\n  File &amp;quot;C:\\Users\\ajame\\Legal_Study\\run_tests.py&amp;quot;, line 119, in &amp;lt;module&amp;gt;\n    main()\n  File &amp;quot;C:\\Users\\ajame\\Legal_Study\\run_tests.py&amp;quot;, line 95, in main\n    result = run_test_suite(suite)\n  File &amp;quot;C:\\Users\\ajame\\Legal_Study\\run_tests.py&amp;quot;, line 54, in run_test_suite\n    result = pytest.main(args)\n  File &amp;quot;C:\\Users\\ajame\\Legal_Study\\.venv\\Lib\\site-packages\\_pytest\\config\\__init__.py&amp;quot;, line 169, in main\n    ret: Union[ExitCode, int] = config.hook.pytest_cmdline_main(\n  File &amp;quot;C:\\Users\\ajame\\Legal_Study\\.venv\\Lib\\site-packages\\pluggy\\_hooks.py&amp;quot;, line 513, in __call__\n    return self._hookexec(self.name, self._hookimpls.copy(), kwargs, firstresult)\n  File &amp;quot;C:\\Users\\ajame\\Legal_Study\\.venv\\Lib\\site-packages\\pluggy\\_manager.py&amp;quot;, line 120, in _hookexec\n    return self._inner_hookexec(hook_name, methods, kwargs, firstresult)\n  File &amp;quot;C:\\Users\\ajame\\Legal_Study\\.venv\\Lib\\site-packages\\pluggy\\_callers.py&amp;quot;, line 103, in _multicall\n    res = hook_impl.function(*args)\n  File &amp;quot;C:\\Users\\ajame\\Legal_Study\\.venv\\Lib\\site-packages\\_pytest\\main.py&amp;quot;, line 318, in pytest_cmdline_main\n    return wrap_session(config, _main)\n  File &amp;quot;C:\\Users\\ajame\\Legal_Study\\.venv\\Lib\\site-packages\\_pytest\\main.py&amp;quot;, line 271, in wrap_session\n    session.exitstatus = doit(config, session) or 0\n  File &amp;quot;C:\\Users\\ajame\\Legal_Study\\.venv\\Lib\\site-packages\\_pytest\\main.py&amp;quot;, line 325, in _main\n    config.hook.pytest_runtestloop(session=session)\n  File &amp;quot;C:\\Users\\ajame\\Legal_Study\\.venv\\Lib\\site-packages\\pluggy\\_hooks.py&amp;quot;, line 513, in __call__\n    return self._hookexec(self.name, self._hookimpls.copy(), kwargs, firstresult)\n  File &amp;quot;C:\\Users\\ajame\\Legal_Study\\.venv\\Lib\\site-packages\\pluggy\\_manager.py&amp;quot;, line 120, in _hookexec\n    return self._inner_hookexec(hook_name, methods, kwargs, firstresult)\n  File &amp;quot;C:\\Users\\ajame\\Legal_Study\\.venv\\Lib\\site-packages\\pluggy\\_callers.py&amp;quot;, line 103, in _multicall\n    res = hook_impl.function(*args)\n  File &amp;quot;C:\\Users\\ajame\\Legal_Study\\.venv\\Lib\\site-packages\\_pytest\\main.py&amp;quot;, line 350, in pytest_runtestloop\n    item.config.hook.pytest_runtest_protocol(item=item, nextitem=nextitem)\n  File &amp;quot;C:\\Users\\ajame\\Legal_Study\\.venv\\Lib\\site-packages\\pluggy\\_hooks.py&amp;quot;, line 513, in __call__\n    return self._hookexec(self.name, self._hookimpls.copy(), kwargs, firstresult)\n  File &amp;quot;C:\\Users\\ajame\\Legal_Study\\.venv\\Lib\\site-packages\\pluggy\\_manager.py&amp;quot;, line 120, in _hookexec\n    return self._inner_hookexec(hook_name, methods, kwargs, firstresult)\n  File &amp;quot;C:\\Users\\ajame\\Legal_Study\\.venv\\Lib\\site-packages\\pluggy\\_callers.py&amp;quot;, line 103, in _multicall\n    res = hook_impl.function(*args)\n  File &amp;quot;C:\\Users\\ajame\\Legal_Study\\.venv\\Lib\\site-packages\\_pytest\\runner.py&amp;quot;, line 114, in pytest_runtest_protocol\n    runtestprotocol(item, nextitem=nextitem)\n  File &amp;quot;C:\\Users\\ajame\\Legal_Study\\.venv\\Lib\\site-packages\\_pytest\\runner.py&amp;quot;, line 127, in runtestprotocol\n    rep = call_and_report(item, &amp;quot;setup&amp;quot;, log)\n  File &amp;quot;C:\\Users\\ajame\\Legal_Study\\.venv\\Lib\\site-packages\\_pytest\\runner.py&amp;quot;, line 222, in call_and_report\n    call = call_runtest_hook(item, when, **kwds)\n  File &amp;quot;C:\\Users\\ajame\\Legal_Study\\.venv\\Lib\\site-packages\\_pytest\\runner.py&amp;quot;, line 261, in call_runtest_hook\n    return CallInfo.from_call(\n  File &amp;quot;C:\\Users\\ajame\\Legal_Study\\.venv\\Lib\\site-packages\\_pytest\\runner.py&amp;quot;, line 341, in from_call\n    result: Optional[TResult] = func()\n  File &amp;quot;C:\\Users\\ajame\\Legal_Study\\.venv\\Lib\\site-packages\\_pytest\\runner.py&amp;quot;, line 262, in &amp;lt;lambda&amp;gt;\n    lambda: ihook(item=item, **kwds), when=when, reraise=reraise\n  File &amp;quot;C:\\Users\\ajame\\Legal_Study\\.venv\\Lib\\site-packages\\pluggy\\_hooks.py&amp;quot;, line 513, in __call__\n    return self._hookexec(self.name, self._hookimpls.copy(), kwargs, firstresult)\n  File &amp;quot;C:\\Users\\ajame\\Legal_Study\\.venv\\Lib\\site-packages\\pluggy\\_manager.py&amp;quot;, line 120, in _hookexec\n    return self._inner_hookexec(hook_name, methods, kwargs, firstresult)\n  File &amp;quot;C:\\Users\\ajame\\Legal_Study\\.venv\\Lib\\site-packages\\pluggy\\_callers.py&amp;quot;, line 103, in _multicall\n    res = hook_impl.function(*args)\n  File &amp;quot;C:\\Users\\ajame\\Legal_Study\\.venv\\Lib\\site-packages\\_pytest\\runner.py&amp;quot;, line 157, in pytest_runtest_setup\n    item.session._setupstate.setup(item)\n  File &amp;quot;C:\\Users\\ajame\\Legal_Study\\.venv\\Lib\\site-packages\\_pytest\\runner.py&amp;quot;, line 494, in setup\n    col.setup()\n  File &amp;quot;C:\\Users\\ajame\\Legal_Study\\.venv\\Lib\\site-packages\\_pytest\\python.py&amp;quot;, line 1795, in setup\n    self._request._fillfixtures()\n  File &amp;quot;C:\\Users\\ajame\\Legal_Study\\.venv\\Lib\\site-packages\\_pytest\\fixtures.py&amp;quot;, line 566, in _fillfixtures\n    item.funcargs[argname] = self.getfixturevalue(argname)\n  File &amp;quot;C:\\Users\\ajame\\Legal_Study\\.venv\\Lib\\site-packages\\_pytest\\fixtures.py&amp;quot;, line 585, in getfixturevalue\n    fixturedef = self._get_active_fixturedef(argname)\n  File &amp;quot;C:\\Users\\ajame\\Legal_Study\\.venv\\Lib\\site-packages\\_pytest\\fixtures.py&amp;quot;, line 607, in _get_active_fixturedef\n    self._compute_fixture_value(fixturedef)\n  File &amp;quot;C:\\Users\\ajame\\Legal_Study\\.venv\\Lib\\site-packages\\_pytest\\fixtures.py&amp;quot;, line 693, in _compute_fixture_value\n    fixturedef.execute(request=subrequest)\n  File &amp;quot;C:\\Users\\ajame\\Legal_Study\\.venv\\Lib\\site-packages\\_pytest\\fixtures.py&amp;quot;, line 1069, in execute\n    result = ihook.pytest_fixture_setup(fixturedef=self, request=request)\n  File &amp;quot;C:\\Users\\ajame\\Legal_Study\\.venv\\Lib\\site-packages\\pluggy\\_hooks.py&amp;quot;, line 513, in __call__\n    return self._hookexec(self.name, self._hookimpls.copy(), kwargs, firstresult)\n  File &amp;quot;C:\\Users\\ajame\\Legal_Study\\.venv\\Lib\\site-packages\\pluggy\\_manager.py&amp;quot;, line 120, in _hookexec\n    return self._inner_hookexec(hook_name, methods, kwargs, firstresult)\n  File &amp;quot;C:\\Users\\ajame\\Legal_Study\\.venv\\Lib\\site-packages\\pluggy\\_callers.py&amp;quot;, line 103, in _multicall\n    res = hook_impl.function(*args)\n  File &amp;quot;C:\\Users\\ajame\\Legal_Study\\.venv\\Lib\\site-packages\\_pytest\\fixtures.py&amp;quot;, line 1123, in pytest_fixture_setup\n    result = call_fixture_func(fixturefunc, request, kwargs)\n  File &amp;quot;C:\\Users\\ajame\\Legal_Study\\.venv\\Lib\\site-packages\\_pytest\\fixtures.py&amp;quot;, line 895, in call_fixture_func\n    fixture_result = next(generator)\n  File &amp;quot;C:\\Users\\ajame\\Legal_Study\\.venv\\Lib\\site-packages\\_pytest\\python.py&amp;quot;, line 572, in xunit_setup_module_fixture\n    _call_with_optional_argument(setup_module, request.module)\n  File &amp;quot;C:\\Users\\ajame\\Legal_Study\\.venv\\Lib\\site-packages\\_pytest\\python.py&amp;quot;, line 777, in _call_with_optional_argument\n    func(arg)\n  File &amp;quot;C:\\Users\\ajame\\Legal_Study\\tests\\smoke\\test_environment.py&amp;quot;, line 21, in setup_module\n    logger.info(f&amp;quot;Starting environment smoke tests at {datetime.now()}&amp;quot;)\nMessage: &amp;#x27;Starting environment smoke tests at 2025-04-23 20:34:55.519834&amp;#x27;\nArguments: ()\n--- Logging error ---\nTraceback (most recent call last):\n  File &amp;quot;C:\\Users\\ajame\\AppData\\Local\\Programs\\Python\\Python311\\Lib\\logging\\__init__.py&amp;quot;, line 1113, in emit\n    stream.write(msg + self.terminator)\nOSError: [WinError 6] The handle is invalid\nCall stack:\n  File &amp;quot;C:\\Users\\ajame\\Legal_Study\\run_tests.py&amp;quot;, line 119, in &amp;lt;module&amp;gt;\n    main()\n  File &amp;quot;C:\\Users\\ajame\\Legal_Study\\run_tests.py&amp;quot;, line 95, in main\n    result = run_test_suite(suite)\n  File &amp;quot;C:\\Users\\ajame\\Legal_Study\\run_tests.py&amp;quot;, line 54, in run_test_suite\n    result = pytest.main(args)\n  File &amp;quot;C:\\Users\\ajame\\Legal_Study\\.venv\\Lib\\site-packages\\_pytest\\config\\__init__.py&amp;quot;, line 169, in main\n    ret: Union[ExitCode, int] = config.hook.pytest_cmdline_main(\n  File &amp;quot;C:\\Users\\ajame\\Legal_Study\\.venv\\Lib\\site-packages\\pluggy\\_hooks.py&amp;quot;, line 513, in __call__\n    return self._hookexec(self.name, self._hookimpls.copy(), kwargs, firstresult)\n  File &amp;quot;C:\\Users\\ajame\\Legal_Study\\.venv\\Lib\\site-packages\\pluggy\\_manager.py&amp;quot;, line 120, in _hookexec\n    return self._inner_hookexec(hook_name, methods, kwargs, firstresult)\n  File &amp;quot;C:\\Users\\ajame\\Legal_Study\\.venv\\Lib\\site-packages\\pluggy\\_callers.py&amp;quot;, line 103, in _multicall\n    res = hook_impl.function(*args)\n  File &amp;quot;C:\\Users\\ajame\\Legal_Study\\.venv\\Lib\\site-packages\\_pytest\\main.py&amp;quot;, line 318, in pytest_cmdline_main\n    return wrap_session(config, _main)\n  File &amp;quot;C:\\Users\\ajame\\Legal_Study\\.venv\\Lib\\site-packages\\_pytest\\main.py&amp;quot;, line 271, in wrap_session\n    session.exitstatus = doit(config, session) or 0\n  File &amp;quot;C:\\Users\\ajame\\Legal_Study\\.venv\\Lib\\site-packages\\_pytest\\main.py&amp;quot;, line 325, in _main\n    config.hook.pytest_runtestloop(session=session)\n  File &amp;quot;C:\\Users\\ajame\\Legal_Study\\.venv\\Lib\\site-packages\\pluggy\\_hooks.py&amp;quot;, line 513, in __call__\n    return self._hookexec(self.name, self._hookimpls.copy(), kwargs, firstresult)\n  File &amp;quot;C:\\Users\\ajame\\Legal_Study\\.venv\\Lib\\site-packages\\pluggy\\_manager.py&amp;quot;, line 120, in _hookexec\n    return self._inner_hookexec(hook_name, methods, kwargs, firstresult)\n  File &amp;quot;C:\\Users\\ajame\\Legal_Study\\.venv\\Lib\\site-packages\\pluggy\\_callers.py&amp;quot;, line 103, in _multicall\n    res = hook_impl.function(*args)\n  File &amp;quot;C:\\Users\\ajame\\Legal_Study\\.venv\\Lib\\site-packages\\_pytest\\main.py&amp;quot;, line 350, in pytest_runtestloop\n    item.config.hook.pytest_runtest_protocol(item=item, nextitem=nextitem)\n  File &amp;quot;C:\\Users\\ajame\\Legal_Study\\.venv\\Lib\\site-packages\\pluggy\\_hooks.py&amp;quot;, line 513, in __call__\n    return self._hookexec(self.name, self._hookimpls.copy(), kwargs, firstresult)\n  File &amp;quot;C:\\Users\\ajame\\Legal_Study\\.venv\\Lib\\site-packages\\pluggy\\_manager.py&amp;quot;, line 120, in _hookexec\n    return self._inner_hookexec(hook_name, methods, kwargs, firstresult)\n  File &amp;quot;C:\\Users\\ajame\\Legal_Study\\.venv\\Lib\\site-packages\\pluggy\\_callers.py&amp;quot;, line 103, in _multicall\n    res = hook_impl.function(*args)\n  File &amp;quot;C:\\Users\\ajame\\Legal_Study\\.venv\\Lib\\site-packages\\_pytest\\runner.py&amp;quot;, line 114, in pytest_runtest_protocol\n    runtestprotocol(item, nextitem=nextitem)\n  File &amp;quot;C:\\Users\\ajame\\Legal_Study\\.venv\\Lib\\site-packages\\_pytest\\runner.py&amp;quot;, line 127, in runtestprotocol\n    rep = call_and_report(item, &amp;quot;setup&amp;quot;, log)\n  File &amp;quot;C:\\Users\\ajame\\Legal_Study\\.venv\\Lib\\site-packages\\_pytest\\runner.py&amp;quot;, line 222, in call_and_report\n    call = call_runtest_hook(item, when, **kwds)\n  File &amp;quot;C:\\Users\\ajame\\Legal_Study\\.venv\\Lib\\site-packages\\_pytest\\runner.py&amp;quot;, line 261, in call_runtest_hook\n    return CallInfo.from_call(\n  File &amp;quot;C:\\Users\\ajame\\Legal_Study\\.venv\\Lib\\site-packages\\_pytest\\runner.py&amp;quot;, line 341, in from_call\n    result: Optional[TResult] = func()\n  File &amp;quot;C:\\Users\\ajame\\Legal_Study\\.venv\\Lib\\site-packages\\_pytest\\runner.py&amp;quot;, line 262, in &amp;lt;lambda&amp;gt;\n    lambda: ihook(item=item, **kwds), when=when, reraise=reraise\n  File &amp;quot;C:\\Users\\ajame\\Legal_Study\\.venv\\Lib\\site-packages\\pluggy\\_hooks.py&amp;quot;, line 513, in __call__\n    return self._hookexec(self.name, self._hookimpls.copy(), kwargs, firstresult)\n  File &amp;quot;C:\\Users\\ajame\\Legal_Study\\.venv\\Lib\\site-packages\\pluggy\\_manager.py&amp;quot;, line 120, in _hookexec\n    return self._inner_hookexec(hook_name, methods, kwargs, firstresult)\n  File &amp;quot;C:\\Users\\ajame\\Legal_Study\\.venv\\Lib\\site-packages\\pluggy\\_callers.py&amp;quot;, line 103, in _multicall\n    res = hook_impl.function(*args)\n  File &amp;quot;C:\\Users\\ajame\\Legal_Study\\.venv\\Lib\\site-packages\\_pytest\\runner.py&amp;quot;, line 157, in pytest_runtest_setup\n    item.session._setupstate.setup(item)\n  File &amp;quot;C:\\Users\\ajame\\Legal_Study\\.venv\\Lib\\site-packages\\_pytest\\runner.py&amp;quot;, line 494, in setup\n    col.setup()\n  File &amp;quot;C:\\Users\\ajame\\Legal_Study\\.venv\\Lib\\site-packages\\_pytest\\python.py&amp;quot;, line 1795, in setup\n    self._request._fillfixtures()\n  File &amp;quot;C:\\Users\\ajame\\Legal_Study\\.venv\\Lib\\site-packages\\_pytest\\fixtures.py&amp;quot;, line 566, in _fillfixtures\n    item.funcargs[argname] = self.getfixturevalue(argname)\n  File &amp;quot;C:\\Users\\ajame\\Legal_Study\\.venv\\Lib\\site-packages\\_pytest\\fixtures.py&amp;quot;, line 585, in getfixturevalue\n    fixturedef = self._get_active_fixturedef(argname)\n  File &amp;quot;C:\\Users\\ajame\\Legal_Study\\.venv\\Lib\\site-packages\\_pytest\\fixtures.py&amp;quot;, line 607, in _get_active_fixturedef\n    self._compute_fixture_value(fixturedef)\n  File &amp;quot;C:\\Users\\ajame\\Legal_Study\\.venv\\Lib\\site-packages\\_pytest\\fixtures.py&amp;quot;, line 693, in _compute_fixture_value\n    fixturedef.execute(request=subrequest)\n  File &amp;quot;C:\\Users\\ajame\\Legal_Study\\.venv\\Lib\\site-packages\\_pytest\\fixtures.py&amp;quot;, line 1069, in execute\n    result = ihook.pytest_fixture_setup(fixturedef=self, request=request)\n  File &amp;quot;C:\\Users\\ajame\\Legal_Study\\.venv\\Lib\\site-packages\\pluggy\\_hooks.py&amp;quot;, line 513, in __call__\n    return self._hookexec(self.name, self._hookimpls.copy(), kwargs, firstresult)\n  File &amp;quot;C:\\Users\\ajame\\Legal_Study\\.venv\\Lib\\site-packages\\pluggy\\_manager.py&amp;quot;, line 120, in _hookexec\n    return self._inner_hookexec(hook_name, methods, kwargs, firstresult)\n  File &amp;quot;C:\\Users\\ajame\\Legal_Study\\.venv\\Lib\\site-packages\\pluggy\\_callers.py&amp;quot;, line 103, in _multicall\n    res = hook_impl.function(*args)\n  File &amp;quot;C:\\Users\\ajame\\Legal_Study\\.venv\\Lib\\site-packages\\_pytest\\fixtures.py&amp;quot;, line 1123, in pytest_fixture_setup\n    result = call_fixture_func(fixturefunc, request, kwargs)\n  File &amp;quot;C:\\Users\\ajame\\Legal_Study\\.venv\\Lib\\site-packages\\_pytest\\fixtures.py&amp;quot;, line 895, in call_fixture_func\n    fixture_result = next(generator)\n  File &amp;quot;C:\\Users\\ajame\\Legal_Study\\tests\\conftest.py&amp;quot;, line 79, in setup_test_environment\n    logger.info(f&amp;quot;Starting test session at {datetime.now()}&amp;quot;)\nMessage: &amp;#x27;Starting test session at 2025-04-23 20:34:55.527279&amp;#x27;\nArguments: ()\n\n------------------------------ Captured log setup ------------------------------\nINFO     test_environment:test_environment.py:21 Starting environment smoke tests at 2025-04-23 20:34:55.519834\nINFO     conftest:conftest.py:79 Starting test session at 2025-04-23 20:34:55.527279\n--------------------------- Captured stderr teardown ---------------------------\n--- Logging error ---\nTraceback (most recent call last):\n  File &amp;quot;C:\\Users\\ajame\\AppData\\Local\\Programs\\Python\\Python311\\Lib\\logging\\__init__.py&amp;quot;, line 1113, in emit\n    stream.write(msg + self.terminator)\nOSError: [WinError 6] The handle is invalid\nCall stack:\n  File &amp;quot;C:\\Users\\ajame\\Legal_Study\\run_tests.py&amp;quot;, line 119, in &amp;lt;module&amp;gt;\n    main()\n  File &amp;quot;C:\\Users\\ajame\\Legal_Study\\run_tests.py&amp;quot;, line 95, in main\n    result = run_test_suite(suite)\n  File &amp;quot;C:\\Users\\ajame\\Legal_Study\\run_tests.py&amp;quot;, line 54, in run_test_suite\n    result = pytest.main(args)\n  File &amp;quot;C:\\Users\\ajame\\Legal_Study\\.venv\\Lib\\site-packages\\_pytest\\config\\__init__.py&amp;quot;, line 169, in main\n    ret: Union[ExitCode, int] = config.hook.pytest_cmdline_main(\n  File &amp;quot;C:\\Users\\ajame\\Legal_Study\\.venv\\Lib\\site-packages\\pluggy\\_hooks.py&amp;quot;, line 513, in __call__\n    return self._hookexec(self.name, self._hookimpls.copy(), kwargs, firstresult)\n  File &amp;quot;C:\\Users\\ajame\\Legal_Study\\.venv\\Lib\\site-packages\\pluggy\\_manager.py&amp;quot;, line 120, in _hookexec\n    return self._inner_hookexec(hook_name, methods, kwargs, firstresult)\n  File &amp;quot;C:\\Users\\ajame\\Legal_Study\\.venv\\Lib\\site-packages\\pluggy\\_callers.py&amp;quot;, line 103, in _multicall\n    res = hook_impl.function(*args)\n  File &amp;quot;C:\\Users\\ajame\\Legal_Study\\.venv\\Lib\\site-packages\\_pytest\\main.py&amp;quot;, line 318, in pytest_cmdline_main\n    return wrap_session(config, _main)\n  File &amp;quot;C:\\Users\\ajame\\Legal_Study\\.venv\\Lib\\site-packages\\_pytest\\main.py&amp;quot;, line 271, in wrap_session\n    session.exitstatus = doit(config, session) or 0\n  File &amp;quot;C:\\Users\\ajame\\Legal_Study\\.venv\\Lib\\site-packages\\_pytest\\main.py&amp;quot;, line 325, in _main\n    config.hook.pytest_runtestloop(session=session)\n  File &amp;quot;C:\\Users\\ajame\\Legal_Study\\.venv\\Lib\\site-packages\\pluggy\\_hooks.py&amp;quot;, line 513, in __call__\n    return self._hookexec(self.name, self._hookimpls.copy(), kwargs, firstresult)\n  File &amp;quot;C:\\Users\\ajame\\Legal_Study\\.venv\\Lib\\site-packages\\pluggy\\_manager.py&amp;quot;, line 120, in _hookexec\n    return self._inner_hookexec(hook_name, methods, kwargs, firstresult)\n  File &amp;quot;C:\\Users\\ajame\\Legal_Study\\.venv\\Lib\\site-packages\\pluggy\\_callers.py&amp;quot;, line 103, in _multicall\n    res = hook_impl.function(*args)\n  File &amp;quot;C:\\Users\\ajame\\Legal_Study\\.venv\\Lib\\site-packages\\_pytest\\main.py&amp;quot;, line 350, in pytest_runtestloop\n    item.config.hook.pytest_runtest_protocol(item=item, nextitem=nextitem)\n  File &amp;quot;C:\\Users\\ajame\\Legal_Study\\.venv\\Lib\\site-packages\\pluggy\\_hooks.py&amp;quot;, line 513, in __call__\n    return self._hookexec(self.name, self._hookimpls.copy(), kwargs, firstresult)\n  File &amp;quot;C:\\Users\\ajame\\Legal_Study\\.venv\\Lib\\site-packages\\pluggy\\_manager.py&amp;quot;, line 120, in _hookexec\n    return self._inner_hookexec(hook_name, methods, kwargs, firstresult)\n  File &amp;quot;C:\\Users\\ajame\\Legal_Study\\.venv\\Lib\\site-packages\\pluggy\\_callers.py&amp;quot;, line 103, in _multicall\n    res = hook_impl.function(*args)\n  File &amp;quot;C:\\Users\\ajame\\Legal_Study\\.venv\\Lib\\site-packages\\_pytest\\runner.py&amp;quot;, line 114, in pytest_runtest_protocol\n    runtestprotocol(item, nextitem=nextitem)\n  File &amp;quot;C:\\Users\\ajame\\Legal_Study\\.venv\\Lib\\site-packages\\_pytest\\runner.py&amp;quot;, line 134, in runtestprotocol\n    reports.append(call_and_report(item, &amp;quot;teardown&amp;quot;, log, nextitem=nextitem))\n  File &amp;quot;C:\\Users\\ajame\\Legal_Study\\.venv\\Lib\\site-packages\\_pytest\\runner.py&amp;quot;, line 222, in call_and_report\n    call = call_runtest_hook(item, when, **kwds)\n  File &amp;quot;C:\\Users\\ajame\\Legal_Study\\.venv\\Lib\\site-packages\\_pytest\\runner.py&amp;quot;, line 261, in call_runtest_hook\n    return CallInfo.from_call(\n  File &amp;quot;C:\\Users\\ajame\\Legal_Study\\.venv\\Lib\\site-packages\\_pytest\\runner.py&amp;quot;, line 341, in from_call\n    result: Optional[TResult] = func()\n  File &amp;quot;C:\\Users\\ajame\\Legal_Study\\.venv\\Lib\\site-packages\\_pytest\\runner.py&amp;quot;, line 262, in &amp;lt;lambda&amp;gt;\n    lambda: ihook(item=item, **kwds), when=when, reraise=reraise\n  File &amp;quot;C:\\Users\\ajame\\Legal_Study\\.venv\\Lib\\site-packages\\pluggy\\_hooks.py&amp;quot;, line 513, in __call__\n    return self._hookexec(self.name, self._hookimpls.copy(), kwargs, firstresult)\n  File &amp;quot;C:\\Users\\ajame\\Legal_Study\\.venv\\Lib\\site-packages\\pluggy\\_manager.py&amp;quot;, line 120, in _hookexec\n    return self._inner_hookexec(hook_name, methods, kwargs, firstresult)\n  File &amp;quot;C:\\Users\\ajame\\Legal_Study\\.venv\\Lib\\site-packages\\pluggy\\_callers.py&amp;quot;, line 103, in _multicall\n    res = hook_impl.function(*args)\n  File &amp;quot;C:\\Users\\ajame\\Legal_Study\\.venv\\Lib\\site-packages\\_pytest\\runner.py&amp;quot;, line 182, in pytest_runtest_teardown\n    item.session._setupstate.teardown_exact(nextitem)\n  File &amp;quot;C:\\Users\\ajame\\Legal_Study\\.venv\\Lib\\site-packages\\_pytest\\runner.py&amp;quot;, line 526, in teardown_exact\n    fin()\n  File &amp;quot;C:\\Users\\ajame\\Legal_Study\\.venv\\Lib\\site-packages\\_pytest\\fixtures.py&amp;quot;, line 701, in &amp;lt;lambda&amp;gt;\n    subrequest.node.addfinalizer(lambda: fixturedef.finish(request=subrequest))\n  File &amp;quot;C:\\Users\\ajame\\Legal_Study\\.venv\\Lib\\site-packages\\_pytest\\fixtures.py&amp;quot;, line 1024, in finish\n    func()\n  File &amp;quot;C:\\Users\\ajame\\Legal_Study\\.venv\\Lib\\site-packages\\_pytest\\fixtures.py&amp;quot;, line 911, in _teardown_yield_fixture\n    next(it)\n  File &amp;quot;C:\\Users\\ajame\\Legal_Study\\tests\\conftest.py&amp;quot;, line 84, in setup_test_environment\n    logger.info(f&amp;quot;Ending test session at {datetime.now()}&amp;quot;)\nMessage: &amp;#x27;Ending test session at 2025-04-23 20:34:56.320020&amp;#x27;\nArguments: ()\n\n---------------------------- Captured log teardown -----------------------------\nINFO     conftest:conftest.py:84 Ending test session at 2025-04-23 20:34:56.320020&#34;}], &#34;tests/smoke/test_environment.py::test_database_url_format&#34;: [{&#34;extras&#34;: [], &#34;result&#34;: &#34;Passed&#34;, &#34;testId&#34;: &#34;tests/smoke/test_environment.py::test_database_url_format&#34;, &#34;duration&#34;: &#34;821 ms&#34;, &#34;resultsTableRow&#34;: [&#34;&lt;td class=\&#34;col-result\&#34;&gt;Passed&lt;/td&gt;&#34;, &#34;&lt;td class=\&#34;col-testId\&#34;&gt;tests/smoke/test_environment.py::test_database_url_format&lt;/td&gt;&#34;, &#34;&lt;td class=\&#34;col-duration\&#34;&gt;821 ms&lt;/td&gt;&#34;, &#34;&lt;td class=\&#34;col-links\&#34;&gt;&lt;/td&gt;&#34;], &#34;log&#34;: &#34;---------------------------- Captured stderr setup -----------------------------\n--- Logging error ---\nTraceback (most recent call last):\n  File &amp;quot;C:\\Users\\ajame\\AppData\\Local\\Programs\\Python\\Python311\\Lib\\logging\\__init__.py&amp;quot;, line 1113, in emit\n    stream.write(msg + self.terminator)\nOSError: [WinError 6] The handle is invalid\nCall stack:\n  File &amp;quot;C:\\Users\\ajame\\Legal_Study\\run_tests.py&amp;quot;, line 119, in &amp;lt;module&amp;gt;\n    main()\n  File &amp;quot;C:\\Users\\ajame\\Legal_Study\\run_tests.py&amp;quot;, line 95, in main\n    result = run_test_suite(suite)\n  File &amp;quot;C:\\Users\\ajame\\Legal_Study\\run_tests.py&amp;quot;, line 54, in run_test_suite\n    result = pytest.main(args)\n  File &amp;quot;C:\\Users\\ajame\\Legal_Study\\.venv\\Lib\\site-packages\\_pytest\\config\\__init__.py&amp;quot;, line 169, in main\n    ret: Union[ExitCode, int] = config.hook.pytest_cmdline_main(\n  File &amp;quot;C:\\Users\\ajame\\Legal_Study\\.venv\\Lib\\site-packages\\pluggy\\_hooks.py&amp;quot;, line 513, in __call__\n    return self._hookexec(self.name, self._hookimpls.copy(), kwargs, firstresult)\n  File &amp;quot;C:\\Users\\ajame\\Legal_Study\\.venv\\Lib\\site-packages\\pluggy\\_manager.py&amp;quot;, line 120, in _hookexec\n    return self._inner_hookexec(hook_name, methods, kwargs, firstresult)\n  File &amp;quot;C:\\Users\\ajame\\Legal_Study\\.venv\\Lib\\site-packages\\pluggy\\_callers.py&amp;quot;, line 103, in _multicall\n    res = hook_impl.function(*args)\n  File &amp;quot;C:\\Users\\ajame\\Legal_Study\\.venv\\Lib\\site-packages\\_pytest\\main.py&amp;quot;, line 318, in pytest_cmdline_main\n    return wrap_session(config, _main)\n  File &amp;quot;C:\\Users\\ajame\\Legal_Study\\.venv\\Lib\\site-packages\\_pytest\\main.py&amp;quot;, line 271, in wrap_session\n    session.exitstatus = doit(config, session) or 0\n  File &amp;quot;C:\\Users\\ajame\\Legal_Study\\.venv\\Lib\\site-packages\\_pytest\\main.py&amp;quot;, line 325, in _main\n    config.hook.pytest_runtestloop(session=session)\n  File &amp;quot;C:\\Users\\ajame\\Legal_Study\\.venv\\Lib\\site-packages\\pluggy\\_hooks.py&amp;quot;, line 513, in __call__\n    return self._hookexec(self.name, self._hookimpls.copy(), kwargs, firstresult)\n  File &amp;quot;C:\\Users\\ajame\\Legal_Study\\.venv\\Lib\\site-packages\\pluggy\\_manager.py&amp;quot;, line 120, in _hookexec\n    return self._inner_hookexec(hook_name, methods, kwargs, firstresult)\n  File &amp;quot;C:\\Users\\ajame\\Legal_Study\\.venv\\Lib\\site-packages\\pluggy\\_callers.py&amp;quot;, line 103, in _multicall\n    res = hook_impl.function(*args)\n  File &amp;quot;C:\\Users\\ajame\\Legal_Study\\.venv\\Lib\\site-packages\\_pytest\\main.py&amp;quot;, line 350, in pytest_runtestloop\n    item.config.hook.pytest_runtest_protocol(item=item, nextitem=nextitem)\n  File &amp;quot;C:\\Users\\ajame\\Legal_Study\\.venv\\Lib\\site-packages\\pluggy\\_hooks.py&amp;quot;, line 513, in __call__\n    return self._hookexec(self.name, self._hookimpls.copy(), kwargs, firstresult)\n  File &amp;quot;C:\\Users\\ajame\\Legal_Study\\.venv\\Lib\\site-packages\\pluggy\\_manager.py&amp;quot;, line 120, in _hookexec\n    return self._inner_hookexec(hook_name, methods, kwargs, firstresult)\n  File &amp;quot;C:\\Users\\ajame\\Legal_Study\\.venv\\Lib\\site-packages\\pluggy\\_callers.py&amp;quot;, line 103, in _multicall\n    res = hook_impl.function(*args)\n  File &amp;quot;C:\\Users\\ajame\\Legal_Study\\.venv\\Lib\\site-packages\\_pytest\\runner.py&amp;quot;, line 114, in pytest_runtest_protocol\n    runtestprotocol(item, nextitem=nextitem)\n  File &amp;quot;C:\\Users\\ajame\\Legal_Study\\.venv\\Lib\\site-packages\\_pytest\\runner.py&amp;quot;, line 127, in runtestprotocol\n    rep = call_and_report(item, &amp;quot;setup&amp;quot;, log)\n  File &amp;quot;C:\\Users\\ajame\\Legal_Study\\.venv\\Lib\\site-packages\\_pytest\\runner.py&amp;quot;, line 222, in call_and_report\n    call = call_runtest_hook(item, when, **kwds)\n  File &amp;quot;C:\\Users\\ajame\\Legal_Study\\.venv\\Lib\\site-packages\\_pytest\\runner.py&amp;quot;, line 261, in call_runtest_hook\n    return CallInfo.from_call(\n  File &amp;quot;C:\\Users\\ajame\\Legal_Study\\.venv\\Lib\\site-packages\\_pytest\\runner.py&amp;quot;, line 341, in from_call\n    result: Optional[TResult] = func()\n  File &amp;quot;C:\\Users\\ajame\\Legal_Study\\.venv\\Lib\\site-packages\\_pytest\\runner.py&amp;quot;, line 262, in &amp;lt;lambda&amp;gt;\n    lambda: ihook(item=item, **kwds), when=when, reraise=reraise\n  File &amp;quot;C:\\Users\\ajame\\Legal_Study\\.venv\\Lib\\site-packages\\pluggy\\_hooks.py&amp;quot;, line 513, in __call__\n    return self._hookexec(self.name, self._hookimpls.copy(), kwargs, firstresult)\n  File &amp;quot;C:\\Users\\ajame\\Legal_Study\\.venv\\Lib\\site-packages\\pluggy\\_manager.py&amp;quot;, line 120, in _hookexec\n    return self._inner_hookexec(hook_name, methods, kwargs, firstresult)\n  File &amp;quot;C:\\Users\\ajame\\Legal_Study\\.venv\\Lib\\site-packages\\pluggy\\_callers.py&amp;quot;, line 103, in _multicall\n    res = hook_impl.function(*args)\n  File &amp;quot;C:\\Users\\ajame\\Legal_Study\\.venv\\Lib\\site-packages\\_pytest\\runner.py&amp;quot;, line 157, in pytest_runtest_setup\n    item.session._setupstate.setup(item)\n  File &amp;quot;C:\\Users\\ajame\\Legal_Study\\.venv\\Lib\\site-packages\\_pytest\\runner.py&amp;quot;, line 494, in setup\n    col.setup()\n  File &amp;quot;C:\\Users\\ajame\\Legal_Study\\.venv\\Lib\\site-packages\\_pytest\\python.py&amp;quot;, line 1795, in setup\n    self._request._fillfixtures()\n  File &amp;quot;C:\\Users\\ajame\\Legal_Study\\.venv\\Lib\\site-packages\\_pytest\\fixtures.py&amp;quot;, line 566, in _fillfixtures\n    item.funcargs[argname] = self.getfixturevalue(argname)\n  File &amp;quot;C:\\Users\\ajame\\Legal_Study\\.venv\\Lib\\site-packages\\_pytest\\fixtures.py&amp;quot;, line 585, in getfixturevalue\n    fixturedef = self._get_active_fixturedef(argname)\n  File &amp;quot;C:\\Users\\ajame\\Legal_Study\\.venv\\Lib\\site-packages\\_pytest\\fixtures.py&amp;quot;, line 607, in _get_active_fixturedef\n    self._compute_fixture_value(fixturedef)\n  File &amp;quot;C:\\Users\\ajame\\Legal_Study\\.venv\\Lib\\site-packages\\_pytest\\fixtures.py&amp;quot;, line 693, in _compute_fixture_value\n    fixturedef.execute(request=subrequest)\n  File &amp;quot;C:\\Users\\ajame\\Legal_Study\\.venv\\Lib\\site-packages\\_pytest\\fixtures.py&amp;quot;, line 1069, in execute\n    result = ihook.pytest_fixture_setup(fixturedef=self, request=request)\n  File &amp;quot;C:\\Users\\ajame\\Legal_Study\\.venv\\Lib\\site-packages\\pluggy\\_hooks.py&amp;quot;, line 513, in __call__\n    return self._hookexec(self.name, self._hookimpls.copy(), kwargs, firstresult)\n  File &amp;quot;C:\\Users\\ajame\\Legal_Study\\.venv\\Lib\\site-packages\\pluggy\\_manager.py&amp;quot;, line 120, in _hookexec\n    return self._inner_hookexec(hook_name, methods, kwargs, firstresult)\n  File &amp;quot;C:\\Users\\ajame\\Legal_Study\\.venv\\Lib\\site-packages\\pluggy\\_callers.py&amp;quot;, line 103, in _multicall\n    res = hook_impl.function(*args)\n  File &amp;quot;C:\\Users\\ajame\\Legal_Study\\.venv\\Lib\\site-packages\\_pytest\\fixtures.py&amp;quot;, line 1123, in pytest_fixture_setup\n    result = call_fixture_func(fixturefunc, request, kwargs)\n  File &amp;quot;C:\\Users\\ajame\\Legal_Study\\.venv\\Lib\\site-packages\\_pytest\\fixtures.py&amp;quot;, line 895, in call_fixture_func\n    fixture_result = next(generator)\n  File &amp;quot;C:\\Users\\ajame\\Legal_Study\\tests\\conftest.py&amp;quot;, line 79, in setup_test_environment\n    logger.info(f&amp;quot;Starting test session at {datetime.now()}&amp;quot;)\nMessage: &amp;#x27;Starting test session at 2025-04-23 20:34:56.328238&amp;#x27;\nArguments: ()\n\n------------------------------ Captured log setup ------------------------------\nINFO     conftest:conftest.py:79 Starting test session at 2025-04-23 20:34:56.328238\n--------------------------- Captured stderr teardown ---------------------------\n--- Logging error ---\nTraceback (most recent call last):\n  File &amp;quot;C:\\Users\\ajame\\AppData\\Local\\Programs\\Python\\Python311\\Lib\\logging\\__init__.py&amp;quot;, line 1113, in emit\n    stream.write(msg + self.terminator)\nOSError: [WinError 6] The handle is invalid\nCall stack:\n  File &amp;quot;C:\\Users\\ajame\\Legal_Study\\run_tests.py&amp;quot;, line 119, in &amp;lt;module&amp;gt;\n    main()\n  File &amp;quot;C:\\Users\\ajame\\Legal_Study\\run_tests.py&amp;quot;, line 95, in main\n    result = run_test_suite(suite)\n  File &amp;quot;C:\\Users\\ajame\\Legal_Study\\run_tests.py&amp;quot;, line 54, in run_test_suite\n    result = pytest.main(args)\n  File &amp;quot;C:\\Users\\ajame\\Legal_Study\\.venv\\Lib\\site-packages\\_pytest\\config\\__init__.py&amp;quot;, line 169, in main\n    ret: Union[ExitCode, int] = config.hook.pytest_cmdline_main(\n  File &amp;quot;C:\\Users\\ajame\\Legal_Study\\.venv\\Lib\\site-packages\\pluggy\\_hooks.py&amp;quot;, line 513, in __call__\n    return self._hookexec(self.name, self._hookimpls.copy(), kwargs, firstresult)\n  File &amp;quot;C:\\Users\\ajame\\Legal_Study\\.venv\\Lib\\site-packages\\pluggy\\_manager.py&amp;quot;, line 120, in _hookexec\n    return self._inner_hookexec(hook_name, methods, kwargs, firstresult)\n  File &amp;quot;C:\\Users\\ajame\\Legal_Study\\.venv\\Lib\\site-packages\\pluggy\\_callers.py&amp;quot;, line 103, in _multicall\n    res = hook_impl.function(*args)\n  File &amp;quot;C:\\Users\\ajame\\Legal_Study\\.venv\\Lib\\site-packages\\_pytest\\main.py&amp;quot;, line 318, in pytest_cmdline_main\n    return wrap_session(config, _main)\n  File &amp;quot;C:\\Users\\ajame\\Legal_Study\\.venv\\Lib\\site-packages\\_pytest\\main.py&amp;quot;, line 271, in wrap_session\n    session.exitstatus = doit(config, session) or 0\n  File &amp;quot;C:\\Users\\ajame\\Legal_Study\\.venv\\Lib\\site-packages\\_pytest\\main.py&amp;quot;, line 325, in _main\n    config.hook.pytest_runtestloop(session=session)\n  File &amp;quot;C:\\Users\\ajame\\Legal_Study\\.venv\\Lib\\site-packages\\pluggy\\_hooks.py&amp;quot;, line 513, in __call__\n    return self._hookexec(self.name, self._hookimpls.copy(), kwargs, firstresult)\n  File &amp;quot;C:\\Users\\ajame\\Legal_Study\\.venv\\Lib\\site-packages\\pluggy\\_manager.py&amp;quot;, line 120, in _hookexec\n    return self._inner_hookexec(hook_name, methods, kwargs, firstresult)\n  File &amp;quot;C:\\Users\\ajame\\Legal_Study\\.venv\\Lib\\site-packages\\pluggy\\_callers.py&amp;quot;, line 103, in _multicall\n    res = hook_impl.function(*args)\n  File &amp;quot;C:\\Users\\ajame\\Legal_Study\\.venv\\Lib\\site-packages\\_pytest\\main.py&amp;quot;, line 350, in pytest_runtestloop\n    item.config.hook.pytest_runtest_protocol(item=item, nextitem=nextitem)\n  File &amp;quot;C:\\Users\\ajame\\Legal_Study\\.venv\\Lib\\site-packages\\pluggy\\_hooks.py&amp;quot;, line 513, in __call__\n    return self._hookexec(self.name, self._hookimpls.copy(), kwargs, firstresult)\n  File &amp;quot;C:\\Users\\ajame\\Legal_Study\\.venv\\Lib\\site-packages\\pluggy\\_manager.py&amp;quot;, line 120, in _hookexec\n    return self._inner_hookexec(hook_name, methods, kwargs, firstresult)\n  File &amp;quot;C:\\Users\\ajame\\Legal_Study\\.venv\\Lib\\site-packages\\pluggy\\_callers.py&amp;quot;, line 103, in _multicall\n    res = hook_impl.function(*args)\n  File &amp;quot;C:\\Users\\ajame\\Legal_Study\\.venv\\Lib\\site-packages\\_pytest\\runner.py&amp;quot;, line 114, in pytest_runtest_protocol\n    runtestprotocol(item, nextitem=nextitem)\n  File &amp;quot;C:\\Users\\ajame\\Legal_Study\\.venv\\Lib\\site-packages\\_pytest\\runner.py&amp;quot;, line 134, in runtestprotocol\n    reports.append(call_and_report(item, &amp;quot;teardown&amp;quot;, log, nextitem=nextitem))\n  File &amp;quot;C:\\Users\\ajame\\Legal_Study\\.venv\\Lib\\site-packages\\_pytest\\runner.py&amp;quot;, line 222, in call_and_report\n    call = call_runtest_hook(item, when, **kwds)\n  File &amp;quot;C:\\Users\\ajame\\Legal_Study\\.venv\\Lib\\site-packages\\_pytest\\runner.py&amp;quot;, line 261, in call_runtest_hook\n    return CallInfo.from_call(\n  File &amp;quot;C:\\Users\\ajame\\Legal_Study\\.venv\\Lib\\site-packages\\_pytest\\runner.py&amp;quot;, line 341, in from_call\n    result: Optional[TResult] = func()\n  File &amp;quot;C:\\Users\\ajame\\Legal_Study\\.venv\\Lib\\site-packages\\_pytest\\runner.py&amp;quot;, line 262, in &amp;lt;lambda&amp;gt;\n    lambda: ihook(item=item, **kwds), when=when, reraise=reraise\n  File &amp;quot;C:\\Users\\ajame\\Legal_Study\\.venv\\Lib\\site-packages\\pluggy\\_hooks.py&amp;quot;, line 513, in __call__\n    return self._hookexec(self.name, self._hookimpls.copy(), kwargs, firstresult)\n  File &amp;quot;C:\\Users\\ajame\\Legal_Study\\.venv\\Lib\\site-packages\\pluggy\\_manager.py&amp;quot;, line 120, in _hookexec\n    return self._inner_hookexec(hook_name, methods, kwargs, firstresult)\n  File &amp;quot;C:\\Users\\ajame\\Legal_Study\\.venv\\Lib\\site-packages\\pluggy\\_callers.py&amp;quot;, line 103, in _multicall\n    res = hook_impl.function(*args)\n  File &amp;quot;C:\\Users\\ajame\\Legal_Study\\.venv\\Lib\\site-packages\\_pytest\\runner.py&amp;quot;, line 182, in pytest_runtest_teardown\n    item.session._setupstate.teardown_exact(nextitem)\n  File &amp;quot;C:\\Users\\ajame\\Legal_Study\\.venv\\Lib\\site-packages\\_pytest\\runner.py&amp;quot;, line 526, in teardown_exact\n    fin()\n  File &amp;quot;C:\\Users\\ajame\\Legal_Study\\.venv\\Lib\\site-packages\\_pytest\\fixtures.py&amp;quot;, line 701, in &amp;lt;lambda&amp;gt;\n    subrequest.node.addfinalizer(lambda: fixturedef.finish(request=subrequest))\n  File &amp;quot;C:\\Users\\ajame\\Legal_Study\\.venv\\Lib\\site-packages\\_pytest\\fixtures.py&amp;quot;, line 1024, in finish\n    func()\n  File &amp;quot;C:\\Users\\ajame\\Legal_Study\\.venv\\Lib\\site-packages\\_pytest\\fixtures.py&amp;quot;, line 911, in _teardown_yield_fixture\n    next(it)\n  File &amp;quot;C:\\Users\\ajame\\Legal_Study\\tests\\conftest.py&amp;quot;, line 84, in setup_test_environment\n    logger.info(f&amp;quot;Ending test session at {datetime.now()}&amp;quot;)\nMessage: &amp;#x27;Ending test session at 2025-04-23 20:34:57.122689&amp;#x27;\nArguments: ()\n\n---------------------------- Captured log teardown -----------------------------\nINFO     conftest:conftest.py:84 Ending test session at 2025-04-23 20:34:57.122689&#34;}], &#34;tests/smoke/test_environment.py::test_api_version_format&#34;: [{&#34;extras&#34;: [], &#34;result&#34;: &#34;Passed&#34;, &#34;testId&#34;: &#34;tests/smoke/test_environment.py::test_api_version_format&#34;, &#34;duration&#34;: &#34;00:00:01&#34;, &#34;resultsTableRow&#34;: [&#34;&lt;td class=\&#34;col-result\&#34;&gt;Passed&lt;/td&gt;&#34;, &#34;&lt;td class=\&#34;col-testId\&#34;&gt;tests/smoke/test_environment.py::test_api_version_format&lt;/td&gt;&#34;, &#34;&lt;td class=\&#34;col-duration\&#34;&gt;00:00:01&lt;/td&gt;&#34;, &#34;&lt;td class=\&#34;col-links\&#34;&gt;&lt;/td&gt;&#34;], &#34;log&#34;: &#34;---------------------------- Captured stderr setup -----------------------------\n--- Logging error ---\nTraceback (most recent call last):\n  File &amp;quot;C:\\Users\\ajame\\AppData\\Local\\Programs\\Python\\Python311\\Lib\\logging\\__init__.py&amp;quot;, line 1113, in emit\n    stream.write(msg + self.terminator)\nOSError: [WinError 6] The handle is invalid\nCall stack:\n  File &amp;quot;C:\\Users\\ajame\\Legal_Study\\run_tests.py&amp;quot;, line 119, in &amp;lt;module&amp;gt;\n    main()\n  File &amp;quot;C:\\Users\\ajame\\Legal_Study\\run_tests.py&amp;quot;, line 95, in main\n    result = run_test_suite(suite)\n  File &amp;quot;C:\\Users\\ajame\\Legal_Study\\run_tests.py&amp;quot;, line 54, in run_test_suite\n    result = pytest.main(args)\n  File &amp;quot;C:\\Users\\ajame\\Legal_Study\\.venv\\Lib\\site-packages\\_pytest\\config\\__init__.py&amp;quot;, line 169, in main\n    ret: Union[ExitCode, int] = config.hook.pytest_cmdline_main(\n  File &amp;quot;C:\\Users\\ajame\\Legal_Study\\.venv\\Lib\\site-packages\\pluggy\\_hooks.py&amp;quot;, line 513, in __call__\n    return self._hookexec(self.name, self._hookimpls.copy(), kwargs, firstresult)\n  File &amp;quot;C:\\Users\\ajame\\Legal_Study\\.venv\\Lib\\site-packages\\pluggy\\_manager.py&amp;quot;, line 120, in _hookexec\n    return self._inner_hookexec(hook_name, methods, kwargs, firstresult)\n  File &amp;quot;C:\\Users\\ajame\\Legal_Study\\.venv\\Lib\\site-packages\\pluggy\\_callers.py&amp;quot;, line 103, in _multicall\n    res = hook_impl.function(*args)\n  File &amp;quot;C:\\Users\\ajame\\Legal_Study\\.venv\\Lib\\site-packages\\_pytest\\main.py&amp;quot;, line 318, in pytest_cmdline_main\n    return wrap_session(config, _main)\n  File &amp;quot;C:\\Users\\ajame\\Legal_Study\\.venv\\Lib\\site-packages\\_pytest\\main.py&amp;quot;, line 271, in wrap_session\n    session.exitstatus = doit(config, session) or 0\n  File &amp;quot;C:\\Users\\ajame\\Legal_Study\\.venv\\Lib\\site-packages\\_pytest\\main.py&amp;quot;, line 325, in _main\n    config.hook.pytest_runtestloop(session=session)\n  File &amp;quot;C:\\Users\\ajame\\Legal_Study\\.venv\\Lib\\site-packages\\pluggy\\_hooks.py&amp;quot;, line 513, in __call__\n    return self._hookexec(self.name, self._hookimpls.copy(), kwargs, firstresult)\n  File &amp;quot;C:\\Users\\ajame\\Legal_Study\\.venv\\Lib\\site-packages\\pluggy\\_manager.py&amp;quot;, line 120, in _hookexec\n    return self._inner_hookexec(hook_name, methods, kwargs, firstresult)\n  File &amp;quot;C:\\Users\\ajame\\Legal_Study\\.venv\\Lib\\site-packages\\pluggy\\_callers.py&amp;quot;, line 103, in _multicall\n    res = hook_impl.function(*args)\n  File &amp;quot;C:\\Users\\ajame\\Legal_Study\\.venv\\Lib\\site-packages\\_pytest\\main.py&amp;quot;, line 350, in pytest_runtestloop\n    item.config.hook.pytest_runtest_protocol(item=item, nextitem=nextitem)\n  File &amp;quot;C:\\Users\\ajame\\Legal_Study\\.venv\\Lib\\site-packages\\pluggy\\_hooks.py&amp;quot;, line 513, in __call__\n    return self._hookexec(self.name, self._hookimpls.copy(), kwargs, firstresult)\n  File &amp;quot;C:\\Users\\ajame\\Legal_Study\\.venv\\Lib\\site-packages\\pluggy\\_manager.py&amp;quot;, line 120, in _hookexec\n    return self._inner_hookexec(hook_name, methods, kwargs, firstresult)\n  File &amp;quot;C:\\Users\\ajame\\Legal_Study\\.venv\\Lib\\site-packages\\pluggy\\_callers.py&amp;quot;, line 103, in _multicall\n    res = hook_impl.function(*args)\n  File &amp;quot;C:\\Users\\ajame\\Legal_Study\\.venv\\Lib\\site-packages\\_pytest\\runner.py&amp;quot;, line 114, in pytest_runtest_protocol\n    runtestprotocol(item, nextitem=nextitem)\n  File &amp;quot;C:\\Users\\ajame\\Legal_Study\\.venv\\Lib\\site-packages\\_pytest\\runner.py&amp;quot;, line 127, in runtestprotocol\n    rep = call_and_report(item, &amp;quot;setup&amp;quot;, log)\n  File &amp;quot;C:\\Users\\ajame\\Legal_Study\\.venv\\Lib\\site-packages\\_pytest\\runner.py&amp;quot;, line 222, in call_and_report\n    call = call_runtest_hook(item, when, **kwds)\n  File &amp;quot;C:\\Users\\ajame\\Legal_Study\\.venv\\Lib\\site-packages\\_pytest\\runner.py&amp;quot;, line 261, in call_runtest_hook\n    return CallInfo.from_call(\n  File &amp;quot;C:\\Users\\ajame\\Legal_Study\\.venv\\Lib\\site-packages\\_pytest\\runner.py&amp;quot;, line 341, in from_call\n    result: Optional[TResult] = func()\n  File &amp;quot;C:\\Users\\ajame\\Legal_Study\\.venv\\Lib\\site-packages\\_pytest\\runner.py&amp;quot;, line 262, in &amp;lt;lambda&amp;gt;\n    lambda: ihook(item=item, **kwds), when=when, reraise=reraise\n  File &amp;quot;C:\\Users\\ajame\\Legal_Study\\.venv\\Lib\\site-packages\\pluggy\\_hooks.py&amp;quot;, line 513, in __call__\n    return self._hookexec(self.name, self._hookimpls.copy(), kwargs, firstresult)\n  File &amp;quot;C:\\Users\\ajame\\Legal_Study\\.venv\\Lib\\site-packages\\pluggy\\_manager.py&amp;quot;, line 120, in _hookexec\n    return self._inner_hookexec(hook_name, methods, kwargs, firstresult)\n  File &amp;quot;C:\\Users\\ajame\\Legal_Study\\.venv\\Lib\\site-packages\\pluggy\\_callers.py&amp;quot;, line 103, in _multicall\n    res = hook_impl.function(*args)\n  File &amp;quot;C:\\Users\\ajame\\Legal_Study\\.venv\\Lib\\site-packages\\_pytest\\runner.py&amp;quot;, line 157, in pytest_runtest_setup\n    item.session._setupstate.setup(item)\n  File &amp;quot;C:\\Users\\ajame\\Legal_Study\\.venv\\Lib\\site-packages\\_pytest\\runner.py&amp;quot;, line 494, in setup\n    col.setup()\n  File &amp;quot;C:\\Users\\ajame\\Legal_Study\\.venv\\Lib\\site-packages\\_pytest\\python.py&amp;quot;, line 1795, in setup\n    self._request._fillfixtures()\n  File &amp;quot;C:\\Users\\ajame\\Legal_Study\\.venv\\Lib\\site-packages\\_pytest\\fixtures.py&amp;quot;, line 566, in _fillfixtures\n    item.funcargs[argname] = self.getfixturevalue(argname)\n  File &amp;quot;C:\\Users\\ajame\\Legal_Study\\.venv\\Lib\\site-packages\\_pytest\\fixtures.py&amp;quot;, line 585, in getfixturevalue\n    fixturedef = self._get_active_fixturedef(argname)\n  File &amp;quot;C:\\Users\\ajame\\Legal_Study\\.venv\\Lib\\site-packages\\_pytest\\fixtures.py&amp;quot;, line 607, in _get_active_fixturedef\n    self._compute_fixture_value(fixturedef)\n  File &amp;quot;C:\\Users\\ajame\\Legal_Study\\.venv\\Lib\\site-packages\\_pytest\\fixtures.py&amp;quot;, line 693, in _compute_fixture_value\n    fixturedef.execute(request=subrequest)\n  File &amp;quot;C:\\Users\\ajame\\Legal_Study\\.venv\\Lib\\site-packages\\_pytest\\fixtures.py&amp;quot;, line 1069, in execute\n    result = ihook.pytest_fixture_setup(fixturedef=self, request=request)\n  File &amp;quot;C:\\Users\\ajame\\Legal_Study\\.venv\\Lib\\site-packages\\pluggy\\_hooks.py&amp;quot;, line 513, in __call__\n    return self._hookexec(self.name, self._hookimpls.copy(), kwargs, firstresult)\n  File &amp;quot;C:\\Users\\ajame\\Legal_Study\\.venv\\Lib\\site-packages\\pluggy\\_manager.py&amp;quot;, line 120, in _hookexec\n    return self._inner_hookexec(hook_name, methods, kwargs, firstresult)\n  File &amp;quot;C:\\Users\\ajame\\Legal_Study\\.venv\\Lib\\site-packages\\pluggy\\_callers.py&amp;quot;, line 103, in _multicall\n    res = hook_impl.function(*args)\n  File &amp;quot;C:\\Users\\ajame\\Legal_Study\\.venv\\Lib\\site-packages\\_pytest\\fixtures.py&amp;quot;, line 1123, in pytest_fixture_setup\n    result = call_fixture_func(fixturefunc, request, kwargs)\n  File &amp;quot;C:\\Users\\ajame\\Legal_Study\\.venv\\Lib\\site-packages\\_pytest\\fixtures.py&amp;quot;, line 895, in call_fixture_func\n    fixture_result = next(generator)\n  File &amp;quot;C:\\Users\\ajame\\Legal_Study\\tests\\conftest.py&amp;quot;, line 79, in setup_test_environment\n    logger.info(f&amp;quot;Starting test session at {datetime.now()}&amp;quot;)\nMessage: &amp;#x27;Starting test session at 2025-04-23 20:34:57.154183&amp;#x27;\nArguments: ()\n\n------------------------------ Captured log setup ------------------------------\nINFO     conftest:conftest.py:79 Starting test session at 2025-04-23 20:34:57.154183\n--------------------------- Captured stderr teardown ---------------------------\n--- Logging error ---\nTraceback (most recent call last):\n  File &amp;quot;C:\\Users\\ajame\\AppData\\Local\\Programs\\Python\\Python311\\Lib\\logging\\__init__.py&amp;quot;, line 1113, in emit\n    stream.write(msg + self.terminator)\nOSError: [WinError 6] The handle is invalid\nCall stack:\n  File &amp;quot;C:\\Users\\ajame\\Legal_Study\\run_tests.py&amp;quot;, line 119, in &amp;lt;module&amp;gt;\n    main()\n  File &amp;quot;C:\\Users\\ajame\\Legal_Study\\run_tests.py&amp;quot;, line 95, in main\n    result = run_test_suite(suite)\n  File &amp;quot;C:\\Users\\ajame\\Legal_Study\\run_tests.py&amp;quot;, line 54, in run_test_suite\n    result = pytest.main(args)\n  File &amp;quot;C:\\Users\\ajame\\Legal_Study\\.venv\\Lib\\site-packages\\_pytest\\config\\__init__.py&amp;quot;, line 169, in main\n    ret: Union[ExitCode, int] = config.hook.pytest_cmdline_main(\n  File &amp;quot;C:\\Users\\ajame\\Legal_Study\\.venv\\Lib\\site-packages\\pluggy\\_hooks.py&amp;quot;, line 513, in __call__\n    return self._hookexec(self.name, self._hookimpls.copy(), kwargs, firstresult)\n  File &amp;quot;C:\\Users\\ajame\\Legal_Study\\.venv\\Lib\\site-packages\\pluggy\\_manager.py&amp;quot;, line 120, in _hookexec\n    return self._inner_hookexec(hook_name, methods, kwargs, firstresult)\n  File &amp;quot;C:\\Users\\ajame\\Legal_Study\\.venv\\Lib\\site-packages\\pluggy\\_callers.py&amp;quot;, line 103, in _multicall\n    res = hook_impl.function(*args)\n  File &amp;quot;C:\\Users\\ajame\\Legal_Study\\.venv\\Lib\\site-packages\\_pytest\\main.py&amp;quot;, line 318, in pytest_cmdline_main\n    return wrap_session(config, _main)\n  File &amp;quot;C:\\Users\\ajame\\Legal_Study\\.venv\\Lib\\site-packages\\_pytest\\main.py&amp;quot;, line 271, in wrap_session\n    session.exitstatus = doit(config, session) or 0\n  File &amp;quot;C:\\Users\\ajame\\Legal_Study\\.venv\\Lib\\site-packages\\_pytest\\main.py&amp;quot;, line 325, in _main\n    config.hook.pytest_runtestloop(session=session)\n  File &amp;quot;C:\\Users\\ajame\\Legal_Study\\.venv\\Lib\\site-packages\\pluggy\\_hooks.py&amp;quot;, line 513, in __call__\n    return self._hookexec(self.name, self._hookimpls.copy(), kwargs, firstresult)\n  File &amp;quot;C:\\Users\\ajame\\Legal_Study\\.venv\\Lib\\site-packages\\pluggy\\_manager.py&amp;quot;, line 120, in _hookexec\n    return self._inner_hookexec(hook_name, methods, kwargs, firstresult)\n  File &amp;quot;C:\\Users\\ajame\\Legal_Study\\.venv\\Lib\\site-packages\\pluggy\\_callers.py&amp;quot;, line 103, in _multicall\n    res = hook_impl.function(*args)\n  File &amp;quot;C:\\Users\\ajame\\Legal_Study\\.venv\\Lib\\site-packages\\_pytest\\main.py&amp;quot;, line 350, in pytest_runtestloop\n    item.config.hook.pytest_runtest_protocol(item=item, nextitem=nextitem)\n  File &amp;quot;C:\\Users\\ajame\\Legal_Study\\.venv\\Lib\\site-packages\\pluggy\\_hooks.py&amp;quot;, line 513, in __call__\n    return self._hookexec(self.name, self._hookimpls.copy(), kwargs, firstresult)\n  File &amp;quot;C:\\Users\\ajame\\Legal_Study\\.venv\\Lib\\site-packages\\pluggy\\_manager.py&amp;quot;, line 120, in _hookexec\n    return self._inner_hookexec(hook_name, methods, kwargs, firstresult)\n  File &amp;quot;C:\\Users\\ajame\\Legal_Study\\.venv\\Lib\\site-packages\\pluggy\\_callers.py&amp;quot;, line 103, in _multicall\n    res = hook_impl.function(*args)\n  File &amp;quot;C:\\Users\\ajame\\Legal_Study\\.venv\\Lib\\site-packages\\_pytest\\runner.py&amp;quot;, line 114, in pytest_runtest_protocol\n    runtestprotocol(item, nextitem=nextitem)\n  File &amp;quot;C:\\Users\\ajame\\Legal_Study\\.venv\\Lib\\site-packages\\_pytest\\runner.py&amp;quot;, line 134, in runtestprotocol\n    reports.append(call_and_report(item, &amp;quot;teardown&amp;quot;, log, nextitem=nextitem))\n  File &amp;quot;C:\\Users\\ajame\\Legal_Study\\.venv\\Lib\\site-packages\\_pytest\\runner.py&amp;quot;, line 222, in call_and_report\n    call = call_runtest_hook(item, when, **kwds)\n  File &amp;quot;C:\\Users\\ajame\\Legal_Study\\.venv\\Lib\\site-packages\\_pytest\\runner.py&amp;quot;, line 261, in call_runtest_hook\n    return CallInfo.from_call(\n  File &amp;quot;C:\\Users\\ajame\\Legal_Study\\.venv\\Lib\\site-packages\\_pytest\\runner.py&amp;quot;, line 341, in from_call\n    result: Optional[TResult] = func()\n  File &amp;quot;C:\\Users\\ajame\\Legal_Study\\.venv\\Lib\\site-packages\\_pytest\\runner.py&amp;quot;, line 262, in &amp;lt;lambda&amp;gt;\n    lambda: ihook(item=item, **kwds), when=when, reraise=reraise\n  File &amp;quot;C:\\Users\\ajame\\Legal_Study\\.venv\\Lib\\site-packages\\pluggy\\_hooks.py&amp;quot;, line 513, in __call__\n    return self._hookexec(self.name, self._hookimpls.copy(), kwargs, firstresult)\n  File &amp;quot;C:\\Users\\ajame\\Legal_Study\\.venv\\Lib\\site-packages\\pluggy\\_manager.py&amp;quot;, line 120, in _hookexec\n    return self._inner_hookexec(hook_name, methods, kwargs, firstresult)\n  File &amp;quot;C:\\Users\\ajame\\Legal_Study\\.venv\\Lib\\site-packages\\pluggy\\_callers.py&amp;quot;, line 103, in _multicall\n    res = hook_impl.function(*args)\n  File &amp;quot;C:\\Users\\ajame\\Legal_Study\\.venv\\Lib\\site-packages\\_pytest\\runner.py&amp;quot;, line 182, in pytest_runtest_teardown\n    item.session._setupstate.teardown_exact(nextitem)\n  File &amp;quot;C:\\Users\\ajame\\Legal_Study\\.venv\\Lib\\site-packages\\_pytest\\runner.py&amp;quot;, line 526, in teardown_exact\n    fin()\n  File &amp;quot;C:\\Users\\ajame\\Legal_Study\\.venv\\Lib\\site-packages\\_pytest\\fixtures.py&amp;quot;, line 701, in &amp;lt;lambda&amp;gt;\n    subrequest.node.addfinalizer(lambda: fixturedef.finish(request=subrequest))\n  File &amp;quot;C:\\Users\\ajame\\Legal_Study\\.venv\\Lib\\site-packages\\_pytest\\fixtures.py&amp;quot;, line 1024, in finish\n    func()\n  File &amp;quot;C:\\Users\\ajame\\Legal_Study\\.venv\\Lib\\site-packages\\_pytest\\fixtures.py&amp;quot;, line 911, in _teardown_yield_fixture\n    next(it)\n  File &amp;quot;C:\\Users\\ajame\\Legal_Study\\tests\\conftest.py&amp;quot;, line 84, in setup_test_environment\n    logger.info(f&amp;quot;Ending test session at {datetime.now()}&amp;quot;)\nMessage: &amp;#x27;Ending test session at 2025-04-23 20:34:58.290795&amp;#x27;\nArguments: ()\n\n---------------------------- Captured log teardown -----------------------------\nINFO     conftest:conftest.py:84 Ending test session at 2025-04-23 20:34:58.290795&#34;}], &#34;tests/smoke/test_environment.py::test_required_env_vars&#34;: [{&#34;extras&#34;: [], &#34;result&#34;: &#34;Passed&#34;, &#34;testId&#34;: &#34;tests/smoke/test_environment.py::test_required_env_vars&#34;, &#34;duration&#34;: &#34;764 ms&#34;, &#34;resultsTableRow&#34;: [&#34;&lt;td class=\&#34;col-result\&#34;&gt;Passed&lt;/td&gt;&#34;, &#34;&lt;td class=\&#34;col-testId\&#34;&gt;tests/smoke/test_environment.py::test_required_env_vars&lt;/td&gt;&#34;, &#34;&lt;td class=\&#34;col-duration\&#34;&gt;764 ms&lt;/td&gt;&#34;, &#34;&lt;td class=\&#34;col-links\&#34;&gt;&lt;/td&gt;&#34;], &#34;log&#34;: &#34;---------------------------- Captured stderr setup -----------------------------\n--- Logging error ---\nTraceback (most recent call last):\n  File &amp;quot;C:\\Users\\ajame\\AppData\\Local\\Programs\\Python\\Python311\\Lib\\logging\\__init__.py&amp;quot;, line 1113, in emit\n    stream.write(msg + self.terminator)\nOSError: [WinError 6] The handle is invalid\nCall stack:\n  File &amp;quot;C:\\Users\\ajame\\Legal_Study\\run_tests.py&amp;quot;, line 119, in &amp;lt;module&amp;gt;\n    main()\n  File &amp;quot;C:\\Users\\ajame\\Legal_Study\\run_tests.py&amp;quot;, line 95, in main\n    result = run_test_suite(suite)\n  File &amp;quot;C:\\Users\\ajame\\Legal_Study\\run_tests.py&amp;quot;, line 54, in run_test_suite\n    result = pytest.main(args)\n  File &amp;quot;C:\\Users\\ajame\\Legal_Study\\.venv\\Lib\\site-packages\\_pytest\\config\\__init__.py&amp;quot;, line 169, in main\n    ret: Union[ExitCode, int] = config.hook.pytest_cmdline_main(\n  File &amp;quot;C:\\Users\\ajame\\Legal_Study\\.venv\\Lib\\site-packages\\pluggy\\_hooks.py&amp;quot;, line 513, in __call__\n    return self._hookexec(self.name, self._hookimpls.copy(), kwargs, firstresult)\n  File &amp;quot;C:\\Users\\ajame\\Legal_Study\\.venv\\Lib\\site-packages\\pluggy\\_manager.py&amp;quot;, line 120, in _hookexec\n    return self._inner_hookexec(hook_name, methods, kwargs, firstresult)\n  File &amp;quot;C:\\Users\\ajame\\Legal_Study\\.venv\\Lib\\site-packages\\pluggy\\_callers.py&amp;quot;, line 103, in _multicall\n    res = hook_impl.function(*args)\n  File &amp;quot;C:\\Users\\ajame\\Legal_Study\\.venv\\Lib\\site-packages\\_pytest\\main.py&amp;quot;, line 318, in pytest_cmdline_main\n    return wrap_session(config, _main)\n  File &amp;quot;C:\\Users\\ajame\\Legal_Study\\.venv\\Lib\\site-packages\\_pytest\\main.py&amp;quot;, line 271, in wrap_session\n    session.exitstatus = doit(config, session) or 0\n  File &amp;quot;C:\\Users\\ajame\\Legal_Study\\.venv\\Lib\\site-packages\\_pytest\\main.py&amp;quot;, line 325, in _main\n    config.hook.pytest_runtestloop(session=session)\n  File &amp;quot;C:\\Users\\ajame\\Legal_Study\\.venv\\Lib\\site-packages\\pluggy\\_hooks.py&amp;quot;, line 513, in __call__\n    return self._hookexec(self.name, self._hookimpls.copy(), kwargs, firstresult)\n  File &amp;quot;C:\\Users\\ajame\\Legal_Study\\.venv\\Lib\\site-packages\\pluggy\\_manager.py&amp;quot;, line 120, in _hookexec\n    return self._inner_hookexec(hook_name, methods, kwargs, firstresult)\n  File &amp;quot;C:\\Users\\ajame\\Legal_Study\\.venv\\Lib\\site-packages\\pluggy\\_callers.py&amp;quot;, line 103, in _multicall\n    res = hook_impl.function(*args)\n  File &amp;quot;C:\\Users\\ajame\\Legal_Study\\.venv\\Lib\\site-packages\\_pytest\\main.py&amp;quot;, line 350, in pytest_runtestloop\n    item.config.hook.pytest_runtest_protocol(item=item, nextitem=nextitem)\n  File &amp;quot;C:\\Users\\ajame\\Legal_Study\\.venv\\Lib\\site-packages\\pluggy\\_hooks.py&amp;quot;, line 513, in __call__\n    return self._hookexec(self.name, self._hookimpls.copy(), kwargs, firstresult)\n  File &amp;quot;C:\\Users\\ajame\\Legal_Study\\.venv\\Lib\\site-packages\\pluggy\\_manager.py&amp;quot;, line 120, in _hookexec\n    return self._inner_hookexec(hook_name, methods, kwargs, firstresult)\n  File &amp;quot;C:\\Users\\ajame\\Legal_Study\\.venv\\Lib\\site-packages\\pluggy\\_callers.py&amp;quot;, line 103, in _multicall\n    res = hook_impl.function(*args)\n  File &amp;quot;C:\\Users\\ajame\\Legal_Study\\.venv\\Lib\\site-packages\\_pytest\\runner.py&amp;quot;, line 114, in pytest_runtest_protocol\n    runtestprotocol(item, nextitem=nextitem)\n  File &amp;quot;C:\\Users\\ajame\\Legal_Study\\.venv\\Lib\\site-packages\\_pytest\\runner.py&amp;quot;, line 127, in runtestprotocol\n    rep = call_and_report(item, &amp;quot;setup&amp;quot;, log)\n  File &amp;quot;C:\\Users\\ajame\\Legal_Study\\.venv\\Lib\\site-packages\\_pytest\\runner.py&amp;quot;, line 222, in call_and_report\n    call = call_runtest_hook(item, when, **kwds)\n  File &amp;quot;C:\\Users\\ajame\\Legal_Study\\.venv\\Lib\\site-packages\\_pytest\\runner.py&amp;quot;, line 261, in call_runtest_hook\n    return CallInfo.from_call(\n  File &amp;quot;C:\\Users\\ajame\\Legal_Study\\.venv\\Lib\\site-packages\\_pytest\\runner.py&amp;quot;, line 341, in from_call\n    result: Optional[TResult] = func()\n  File &amp;quot;C:\\Users\\ajame\\Legal_Study\\.venv\\Lib\\site-packages\\_pytest\\runner.py&amp;quot;, line 262, in &amp;lt;lambda&amp;gt;\n    lambda: ihook(item=item, **kwds), when=when, reraise=reraise\n  File &amp;quot;C:\\Users\\ajame\\Legal_Study\\.venv\\Lib\\site-packages\\pluggy\\_hooks.py&amp;quot;, line 513, in __call__\n    return self._hookexec(self.name, self._hookimpls.copy(), kwargs, firstresult)\n  File &amp;quot;C:\\Users\\ajame\\Legal_Study\\.venv\\Lib\\site-packages\\pluggy\\_manager.py&amp;quot;, line 120, in _hookexec\n    return self._inner_hookexec(hook_name, methods, kwargs, firstresult)\n  File &amp;quot;C:\\Users\\ajame\\Legal_Study\\.venv\\Lib\\site-packages\\pluggy\\_callers.py&amp;quot;, line 103, in _multicall\n    res = hook_impl.function(*args)\n  File &amp;quot;C:\\Users\\ajame\\Legal_Study\\.venv\\Lib\\site-packages\\_pytest\\runner.py&amp;quot;, line 157, in pytest_runtest_setup\n    item.session._setupstate.setup(item)\n  File &amp;quot;C:\\Users\\ajame\\Legal_Study\\.venv\\Lib\\site-packages\\_pytest\\runner.py&amp;quot;, line 494, in setup\n    col.setup()\n  File &amp;quot;C:\\Users\\ajame\\Legal_Study\\.venv\\Lib\\site-packages\\_pytest\\python.py&amp;quot;, line 1795, in setup\n    self._request._fillfixtures()\n  File &amp;quot;C:\\Users\\ajame\\Legal_Study\\.venv\\Lib\\site-packages\\_pytest\\fixtures.py&amp;quot;, line 566, in _fillfixtures\n    item.funcargs[argname] = self.getfixturevalue(argname)\n  File &amp;quot;C:\\Users\\ajame\\Legal_Study\\.venv\\Lib\\site-packages\\_pytest\\fixtures.py&amp;quot;, line 585, in getfixturevalue\n    fixturedef = self._get_active_fixturedef(argname)\n  File &amp;quot;C:\\Users\\ajame\\Legal_Study\\.venv\\Lib\\site-packages\\_pytest\\fixtures.py&amp;quot;, line 607, in _get_active_fixturedef\n    self._compute_fixture_value(fixturedef)\n  File &amp;quot;C:\\Users\\ajame\\Legal_Study\\.venv\\Lib\\site-packages\\_pytest\\fixtures.py&amp;quot;, line 693, in _compute_fixture_value\n    fixturedef.execute(request=subrequest)\n  File &amp;quot;C:\\Users\\ajame\\Legal_Study\\.venv\\Lib\\site-packages\\_pytest\\fixtures.py&amp;quot;, line 1069, in execute\n    result = ihook.pytest_fixture_setup(fixturedef=self, request=request)\n  File &amp;quot;C:\\Users\\ajame\\Legal_Study\\.venv\\Lib\\site-packages\\pluggy\\_hooks.py&amp;quot;, line 513, in __call__\n    return self._hookexec(self.name, self._hookimpls.copy(), kwargs, firstresult)\n  File &amp;quot;C:\\Users\\ajame\\Legal_Study\\.venv\\Lib\\site-packages\\pluggy\\_manager.py&amp;quot;, line 120, in _hookexec\n    return self._inner_hookexec(hook_name, methods, kwargs, firstresult)\n  File &amp;quot;C:\\Users\\ajame\\Legal_Study\\.venv\\Lib\\site-packages\\pluggy\\_callers.py&amp;quot;, line 103, in _multicall\n    res = hook_impl.function(*args)\n  File &amp;quot;C:\\Users\\ajame\\Legal_Study\\.venv\\Lib\\site-packages\\_pytest\\fixtures.py&amp;quot;, line 1123, in pytest_fixture_setup\n    result = call_fixture_func(fixturefunc, request, kwargs)\n  File &amp;quot;C:\\Users\\ajame\\Legal_Study\\.venv\\Lib\\site-packages\\_pytest\\fixtures.py&amp;quot;, line 895, in call_fixture_func\n    fixture_result = next(generator)\n  File &amp;quot;C:\\Users\\ajame\\Legal_Study\\tests\\conftest.py&amp;quot;, line 79, in setup_test_environment\n    logger.info(f&amp;quot;Starting test session at {datetime.now()}&amp;quot;)\nMessage: &amp;#x27;Starting test session at 2025-04-23 20:34:58.318195&amp;#x27;\nArguments: ()\n\n------------------------------ Captured log setup ------------------------------\nINFO     conftest:conftest.py:79 Starting test session at 2025-04-23 20:34:58.318195\n--------------------------- Captured stderr teardown ---------------------------\n--- Logging error ---\nTraceback (most recent call last):\n  File &amp;quot;C:\\Users\\ajame\\AppData\\Local\\Programs\\Python\\Python311\\Lib\\logging\\__init__.py&amp;quot;, line 1113, in emit\n    stream.write(msg + self.terminator)\nOSError: [WinError 6] The handle is invalid\nCall stack:\n  File &amp;quot;C:\\Users\\ajame\\Legal_Study\\run_tests.py&amp;quot;, line 119, in &amp;lt;module&amp;gt;\n    main()\n  File &amp;quot;C:\\Users\\ajame\\Legal_Study\\run_tests.py&amp;quot;, line 95, in main\n    result = run_test_suite(suite)\n  File &amp;quot;C:\\Users\\ajame\\Legal_Study\\run_tests.py&amp;quot;, line 54, in run_test_suite\n    result = pytest.main(args)\n  File &amp;quot;C:\\Users\\ajame\\Legal_Study\\.venv\\Lib\\site-packages\\_pytest\\config\\__init__.py&amp;quot;, line 169, in main\n    ret: Union[ExitCode, int] = config.hook.pytest_cmdline_main(\n  File &amp;quot;C:\\Users\\ajame\\Legal_Study\\.venv\\Lib\\site-packages\\pluggy\\_hooks.py&amp;quot;, line 513, in __call__\n    return self._hookexec(self.name, self._hookimpls.copy(), kwargs, firstresult)\n  File &amp;quot;C:\\Users\\ajame\\Legal_Study\\.venv\\Lib\\site-packages\\pluggy\\_manager.py&amp;quot;, line 120, in _hookexec\n    return self._inner_hookexec(hook_name, methods, kwargs, firstresult)\n  File &amp;quot;C:\\Users\\ajame\\Legal_Study\\.venv\\Lib\\site-packages\\pluggy\\_callers.py&amp;quot;, line 103, in _multicall\n    res = hook_impl.function(*args)\n  File &amp;quot;C:\\Users\\ajame\\Legal_Study\\.venv\\Lib\\site-packages\\_pytest\\main.py&amp;quot;, line 318, in pytest_cmdline_main\n    return wrap_session(config, _main)\n  File &amp;quot;C:\\Users\\ajame\\Legal_Study\\.venv\\Lib\\site-packages\\_pytest\\main.py&amp;quot;, line 271, in wrap_session\n    session.exitstatus = doit(config, session) or 0\n  File &amp;quot;C:\\Users\\ajame\\Legal_Study\\.venv\\Lib\\site-packages\\_pytest\\main.py&amp;quot;, line 325, in _main\n    config.hook.pytest_runtestloop(session=session)\n  File &amp;quot;C:\\Users\\ajame\\Legal_Study\\.venv\\Lib\\site-packages\\pluggy\\_hooks.py&amp;quot;, line 513, in __call__\n    return self._hookexec(self.name, self._hookimpls.copy(), kwargs, firstresult)\n  File &amp;quot;C:\\Users\\ajame\\Legal_Study\\.venv\\Lib\\site-packages\\pluggy\\_manager.py&amp;quot;, line 120, in _hookexec\n    return self._inner_hookexec(hook_name, methods, kwargs, firstresult)\n  File &amp;quot;C:\\Users\\ajame\\Legal_Study\\.venv\\Lib\\site-packages\\pluggy\\_callers.py&amp;quot;, line 103, in _multicall\n    res = hook_impl.function(*args)\n  File &amp;quot;C:\\Users\\ajame\\Legal_Study\\.venv\\Lib\\site-packages\\_pytest\\main.py&amp;quot;, line 350, in pytest_runtestloop\n    item.config.hook.pytest_runtest_protocol(item=item, nextitem=nextitem)\n  File &amp;quot;C:\\Users\\ajame\\Legal_Study\\.venv\\Lib\\site-packages\\pluggy\\_hooks.py&amp;quot;, line 513, in __call__\n    return self._hookexec(self.name, self._hookimpls.copy(), kwargs, firstresult)\n  File &amp;quot;C:\\Users\\ajame\\Legal_Study\\.venv\\Lib\\site-packages\\pluggy\\_manager.py&amp;quot;, line 120, in _hookexec\n    return self._inner_hookexec(hook_name, methods, kwargs, firstresult)\n  File &amp;quot;C:\\Users\\ajame\\Legal_Study\\.venv\\Lib\\site-packages\\pluggy\\_callers.py&amp;quot;, line 103, in _multicall\n    res = hook_impl.function(*args)\n  File &amp;quot;C:\\Users\\ajame\\Legal_Study\\.venv\\Lib\\site-packages\\_pytest\\runner.py&amp;quot;, line 114, in pytest_runtest_protocol\n    runtestprotocol(item, nextitem=nextitem)\n  File &amp;quot;C:\\Users\\ajame\\Legal_Study\\.venv\\Lib\\site-packages\\_pytest\\runner.py&amp;quot;, line 134, in runtestprotocol\n    reports.append(call_and_report(item, &amp;quot;teardown&amp;quot;, log, nextitem=nextitem))\n  File &amp;quot;C:\\Users\\ajame\\Legal_Study\\.venv\\Lib\\site-packages\\_pytest\\runner.py&amp;quot;, line 222, in call_and_report\n    call = call_runtest_hook(item, when, **kwds)\n  File &amp;quot;C:\\Users\\ajame\\Legal_Study\\.venv\\Lib\\site-packages\\_pytest\\runner.py&amp;quot;, line 261, in call_runtest_hook\n    return CallInfo.from_call(\n  File &amp;quot;C:\\Users\\ajame\\Legal_Study\\.venv\\Lib\\site-packages\\_pytest\\runner.py&amp;quot;, line 341, in from_call\n    result: Optional[TResult] = func()\n  File &amp;quot;C:\\Users\\ajame\\Legal_Study\\.venv\\Lib\\site-packages\\_pytest\\runner.py&amp;quot;, line 262, in &amp;lt;lambda&amp;gt;\n    lambda: ihook(item=item, **kwds), when=when, reraise=reraise\n  File &amp;quot;C:\\Users\\ajame\\Legal_Study\\.venv\\Lib\\site-packages\\pluggy\\_hooks.py&amp;quot;, line 513, in __call__\n    return self._hookexec(self.name, self._hookimpls.copy(), kwargs, firstresult)\n  File &amp;quot;C:\\Users\\ajame\\Legal_Study\\.venv\\Lib\\site-packages\\pluggy\\_manager.py&amp;quot;, line 120, in _hookexec\n    return self._inner_hookexec(hook_name, methods, kwargs, firstresult)\n  File &amp;quot;C:\\Users\\ajame\\Legal_Study\\.venv\\Lib\\site-packages\\pluggy\\_callers.py&amp;quot;, line 103, in _multicall\n    res = hook_impl.function(*args)\n  File &amp;quot;C:\\Users\\ajame\\Legal_Study\\.venv\\Lib\\site-packages\\_pytest\\runner.py&amp;quot;, line 182, in pytest_runtest_teardown\n    item.session._setupstate.teardown_exact(nextitem)\n  File &amp;quot;C:\\Users\\ajame\\Legal_Study\\.venv\\Lib\\site-packages\\_pytest\\runner.py&amp;quot;, line 526, in teardown_exact\n    fin()\n  File &amp;quot;C:\\Users\\ajame\\Legal_Study\\.venv\\Lib\\site-packages\\_pytest\\fixtures.py&amp;quot;, line 701, in &amp;lt;lambda&amp;gt;\n    subrequest.node.addfinalizer(lambda: fixturedef.finish(request=subrequest))\n  File &amp;quot;C:\\Users\\ajame\\Legal_Study\\.venv\\Lib\\site-packages\\_pytest\\fixtures.py&amp;quot;, line 1024, in finish\n    func()\n  File &amp;quot;C:\\Users\\ajame\\Legal_Study\\.venv\\Lib\\site-packages\\_pytest\\fixtures.py&amp;quot;, line 911, in _teardown_yield_fixture\n    next(it)\n  File &amp;quot;C:\\Users\\ajame\\Legal_Study\\tests\\conftest.py&amp;quot;, line 84, in setup_test_environment\n    logger.info(f&amp;quot;Ending test session at {datetime.now()}&amp;quot;)\nMessage: &amp;#x27;Ending test session at 2025-04-23 20:34:59.060012&amp;#x27;\nArguments: ()\n\n---------------------------- Captured log teardown -----------------------------\nINFO     conftest:conftest.py:84 Ending test session at 2025-04-23 20:34:59.060012&#34;}], &#34;tests/smoke/test_environment.py::test_cors_settings&#34;: [{&#34;extras&#34;: [], &#34;result&#34;: &#34;Passed&#34;, &#34;testId&#34;: &#34;tests/smoke/test_environment.py::test_cors_settings&#34;, &#34;duration&#34;: &#34;818 ms&#34;, &#34;resultsTableRow&#34;: [&#34;&lt;td class=\&#34;col-result\&#34;&gt;Passed&lt;/td&gt;&#34;, &#34;&lt;td class=\&#34;col-testId\&#34;&gt;tests/smoke/test_environment.py::test_cors_settings&lt;/td&gt;&#34;, &#34;&lt;td class=\&#34;col-duration\&#34;&gt;818 ms&lt;/td&gt;&#34;, &#34;&lt;td class=\&#34;col-links\&#34;&gt;&lt;/td&gt;&#34;], &#34;log&#34;: &#34;---------------------------- Captured stderr setup -----------------------------\n--- Logging error ---\nTraceback (most recent call last):\n  File &amp;quot;C:\\Users\\ajame\\AppData\\Local\\Programs\\Python\\Python311\\Lib\\logging\\__init__.py&amp;quot;, line 1113, in emit\n    stream.write(msg + self.terminator)\nOSError: [WinError 6] The handle is invalid\nCall stack:\n  File &amp;quot;C:\\Users\\ajame\\Legal_Study\\run_tests.py&amp;quot;, line 119, in &amp;lt;module&amp;gt;\n    main()\n  File &amp;quot;C:\\Users\\ajame\\Legal_Study\\run_tests.py&amp;quot;, line 95, in main\n    result = run_test_suite(suite)\n  File &amp;quot;C:\\Users\\ajame\\Legal_Study\\run_tests.py&amp;quot;, line 54, in run_test_suite\n    result = pytest.main(args)\n  File &amp;quot;C:\\Users\\ajame\\Legal_Study\\.venv\\Lib\\site-packages\\_pytest\\config\\__init__.py&amp;quot;, line 169, in main\n    ret: Union[ExitCode, int] = config.hook.pytest_cmdline_main(\n  File &amp;quot;C:\\Users\\ajame\\Legal_Study\\.venv\\Lib\\site-packages\\pluggy\\_hooks.py&amp;quot;, line 513, in __call__\n    return self._hookexec(self.name, self._hookimpls.copy(), kwargs, firstresult)\n  File &amp;quot;C:\\Users\\ajame\\Legal_Study\\.venv\\Lib\\site-packages\\pluggy\\_manager.py&amp;quot;, line 120, in _hookexec\n    return self._inner_hookexec(hook_name, methods, kwargs, firstresult)\n  File &amp;quot;C:\\Users\\ajame\\Legal_Study\\.venv\\Lib\\site-packages\\pluggy\\_callers.py&amp;quot;, line 103, in _multicall\n    res = hook_impl.function(*args)\n  File &amp;quot;C:\\Users\\ajame\\Legal_Study\\.venv\\Lib\\site-packages\\_pytest\\main.py&amp;quot;, line 318, in pytest_cmdline_main\n    return wrap_session(config, _main)\n  File &amp;quot;C:\\Users\\ajame\\Legal_Study\\.venv\\Lib\\site-packages\\_pytest\\main.py&amp;quot;, line 271, in wrap_session\n    session.exitstatus = doit(config, session) or 0\n  File &amp;quot;C:\\Users\\ajame\\Legal_Study\\.venv\\Lib\\site-packages\\_pytest\\main.py&amp;quot;, line 325, in _main\n    config.hook.pytest_runtestloop(session=session)\n  File &amp;quot;C:\\Users\\ajame\\Legal_Study\\.venv\\Lib\\site-packages\\pluggy\\_hooks.py&amp;quot;, line 513, in __call__\n    return self._hookexec(self.name, self._hookimpls.copy(), kwargs, firstresult)\n  File &amp;quot;C:\\Users\\ajame\\Legal_Study\\.venv\\Lib\\site-packages\\pluggy\\_manager.py&amp;quot;, line 120, in _hookexec\n    return self._inner_hookexec(hook_name, methods, kwargs, firstresult)\n  File &amp;quot;C:\\Users\\ajame\\Legal_Study\\.venv\\Lib\\site-packages\\pluggy\\_callers.py&amp;quot;, line 103, in _multicall\n    res = hook_impl.function(*args)\n  File &amp;quot;C:\\Users\\ajame\\Legal_Study\\.venv\\Lib\\site-packages\\_pytest\\main.py&amp;quot;, line 350, in pytest_runtestloop\n    item.config.hook.pytest_runtest_protocol(item=item, nextitem=nextitem)\n  File &amp;quot;C:\\Users\\ajame\\Legal_Study\\.venv\\Lib\\site-packages\\pluggy\\_hooks.py&amp;quot;, line 513, in __call__\n    return self._hookexec(self.name, self._hookimpls.copy(), kwargs, firstresult)\n  File &amp;quot;C:\\Users\\ajame\\Legal_Study\\.venv\\Lib\\site-packages\\pluggy\\_manager.py&amp;quot;, line 120, in _hookexec\n    return self._inner_hookexec(hook_name, methods, kwargs, firstresult)\n  File &amp;quot;C:\\Users\\ajame\\Legal_Study\\.venv\\Lib\\site-packages\\pluggy\\_callers.py&amp;quot;, line 103, in _multicall\n    res = hook_impl.function(*args)\n  File &amp;quot;C:\\Users\\ajame\\Legal_Study\\.venv\\Lib\\site-packages\\_pytest\\runner.py&amp;quot;, line 114, in pytest_runtest_protocol\n    runtestprotocol(item, nextitem=nextitem)\n  File &amp;quot;C:\\Users\\ajame\\Legal_Study\\.venv\\Lib\\site-packages\\_pytest\\runner.py&amp;quot;, line 127, in runtestprotocol\n    rep = call_and_report(item, &amp;quot;setup&amp;quot;, log)\n  File &amp;quot;C:\\Users\\ajame\\Legal_Study\\.venv\\Lib\\site-packages\\_pytest\\runner.py&amp;quot;, line 222, in call_and_report\n    call = call_runtest_hook(item, when, **kwds)\n  File &amp;quot;C:\\Users\\ajame\\Legal_Study\\.venv\\Lib\\site-packages\\_pytest\\runner.py&amp;quot;, line 261, in call_runtest_hook\n    return CallInfo.from_call(\n  File &amp;quot;C:\\Users\\ajame\\Legal_Study\\.venv\\Lib\\site-packages\\_pytest\\runner.py&amp;quot;, line 341, in from_call\n    result: Optional[TResult] = func()\n  File &amp;quot;C:\\Users\\ajame\\Legal_Study\\.venv\\Lib\\site-packages\\_pytest\\runner.py&amp;quot;, line 262, in &amp;lt;lambda&amp;gt;\n    lambda: ihook(item=item, **kwds), when=when, reraise=reraise\n  File &amp;quot;C:\\Users\\ajame\\Legal_Study\\.venv\\Lib\\site-packages\\pluggy\\_hooks.py&amp;quot;, line 513, in __call__\n    return self._hookexec(self.name, self._hookimpls.copy(), kwargs, firstresult)\n  File &amp;quot;C:\\Users\\ajame\\Legal_Study\\.venv\\Lib\\site-packages\\pluggy\\_manager.py&amp;quot;, line 120, in _hookexec\n    return self._inner_hookexec(hook_name, methods, kwargs, firstresult)\n  File &amp;quot;C:\\Users\\ajame\\Legal_Study\\.venv\\Lib\\site-packages\\pluggy\\_callers.py&amp;quot;, line 103, in _multicall\n    res = hook_impl.function(*args)\n  File &amp;quot;C:\\Users\\ajame\\Legal_Study\\.venv\\Lib\\site-packages\\_pytest\\runner.py&amp;quot;, line 157, in pytest_runtest_setup\n    item.session._setupstate.setup(item)\n  File &amp;quot;C:\\Users\\ajame\\Legal_Study\\.venv\\Lib\\site-packages\\_pytest\\runner.py&amp;quot;, line 494, in setup\n    col.setup()\n  File &amp;quot;C:\\Users\\ajame\\Legal_Study\\.venv\\Lib\\site-packages\\_pytest\\python.py&amp;quot;, line 1795, in setup\n    self._request._fillfixtures()\n  File &amp;quot;C:\\Users\\ajame\\Legal_Study\\.venv\\Lib\\site-packages\\_pytest\\fixtures.py&amp;quot;, line 566, in _fillfixtures\n    item.funcargs[argname] = self.getfixturevalue(argname)\n  File &amp;quot;C:\\Users\\ajame\\Legal_Study\\.venv\\Lib\\site-packages\\_pytest\\fixtures.py&amp;quot;, line 585, in getfixturevalue\n    fixturedef = self._get_active_fixturedef(argname)\n  File &amp;quot;C:\\Users\\ajame\\Legal_Study\\.venv\\Lib\\site-packages\\_pytest\\fixtures.py&amp;quot;, line 607, in _get_active_fixturedef\n    self._compute_fixture_value(fixturedef)\n  File &amp;quot;C:\\Users\\ajame\\Legal_Study\\.venv\\Lib\\site-packages\\_pytest\\fixtures.py&amp;quot;, line 693, in _compute_fixture_value\n    fixturedef.execute(request=subrequest)\n  File &amp;quot;C:\\Users\\ajame\\Legal_Study\\.venv\\Lib\\site-packages\\_pytest\\fixtures.py&amp;quot;, line 1069, in execute\n    result = ihook.pytest_fixture_setup(fixturedef=self, request=request)\n  File &amp;quot;C:\\Users\\ajame\\Legal_Study\\.venv\\Lib\\site-packages\\pluggy\\_hooks.py&amp;quot;, line 513, in __call__\n    return self._hookexec(self.name, self._hookimpls.copy(), kwargs, firstresult)\n  File &amp;quot;C:\\Users\\ajame\\Legal_Study\\.venv\\Lib\\site-packages\\pluggy\\_manager.py&amp;quot;, line 120, in _hookexec\n    return self._inner_hookexec(hook_name, methods, kwargs, firstresult)\n  File &amp;quot;C:\\Users\\ajame\\Legal_Study\\.venv\\Lib\\site-packages\\pluggy\\_callers.py&amp;quot;, line 103, in _multicall\n    res = hook_impl.function(*args)\n  File &amp;quot;C:\\Users\\ajame\\Legal_Study\\.venv\\Lib\\site-packages\\_pytest\\fixtures.py&amp;quot;, line 1123, in pytest_fixture_setup\n    result = call_fixture_func(fixturefunc, request, kwargs)\n  File &amp;quot;C:\\Users\\ajame\\Legal_Study\\.venv\\Lib\\site-packages\\_pytest\\fixtures.py&amp;quot;, line 895, in call_fixture_func\n    fixture_result = next(generator)\n  File &amp;quot;C:\\Users\\ajame\\Legal_Study\\tests\\conftest.py&amp;quot;, line 79, in setup_test_environment\n    logger.info(f&amp;quot;Starting test session at {datetime.now()}&amp;quot;)\nMessage: &amp;#x27;Starting test session at 2025-04-23 20:34:59.085447&amp;#x27;\nArguments: ()\n\n------------------------------ Captured log setup ------------------------------\nINFO     conftest:conftest.py:79 Starting test session at 2025-04-23 20:34:59.085447\n--------------------------- Captured stderr teardown ---------------------------\n--- Logging error ---\nTraceback (most recent call last):\n  File &amp;quot;C:\\Users\\ajame\\AppData\\Local\\Programs\\Python\\Python311\\Lib\\logging\\__init__.py&amp;quot;, line 1113, in emit\n    stream.write(msg + self.terminator)\nOSError: [WinError 6] The handle is invalid\nCall stack:\n  File &amp;quot;C:\\Users\\ajame\\Legal_Study\\run_tests.py&amp;quot;, line 119, in &amp;lt;module&amp;gt;\n    main()\n  File &amp;quot;C:\\Users\\ajame\\Legal_Study\\run_tests.py&amp;quot;, line 95, in main\n    result = run_test_suite(suite)\n  File &amp;quot;C:\\Users\\ajame\\Legal_Study\\run_tests.py&amp;quot;, line 54, in run_test_suite\n    result = pytest.main(args)\n  File &amp;quot;C:\\Users\\ajame\\Legal_Study\\.venv\\Lib\\site-packages\\_pytest\\config\\__init__.py&amp;quot;, line 169, in main\n    ret: Union[ExitCode, int] = config.hook.pytest_cmdline_main(\n  File &amp;quot;C:\\Users\\ajame\\Legal_Study\\.venv\\Lib\\site-packages\\pluggy\\_hooks.py&amp;quot;, line 513, in __call__\n    return self._hookexec(self.name, self._hookimpls.copy(), kwargs, firstresult)\n  File &amp;quot;C:\\Users\\ajame\\Legal_Study\\.venv\\Lib\\site-packages\\pluggy\\_manager.py&amp;quot;, line 120, in _hookexec\n    return self._inner_hookexec(hook_name, methods, kwargs, firstresult)\n  File &amp;quot;C:\\Users\\ajame\\Legal_Study\\.venv\\Lib\\site-packages\\pluggy\\_callers.py&amp;quot;, line 103, in _multicall\n    res = hook_impl.function(*args)\n  File &amp;quot;C:\\Users\\ajame\\Legal_Study\\.venv\\Lib\\site-packages\\_pytest\\main.py&amp;quot;, line 318, in pytest_cmdline_main\n    return wrap_session(config, _main)\n  File &amp;quot;C:\\Users\\ajame\\Legal_Study\\.venv\\Lib\\site-packages\\_pytest\\main.py&amp;quot;, line 271, in wrap_session\n    session.exitstatus = doit(config, session) or 0\n  File &amp;quot;C:\\Users\\ajame\\Legal_Study\\.venv\\Lib\\site-packages\\_pytest\\main.py&amp;quot;, line 325, in _main\n    config.hook.pytest_runtestloop(session=session)\n  File &amp;quot;C:\\Users\\ajame\\Legal_Study\\.venv\\Lib\\site-packages\\pluggy\\_hooks.py&amp;quot;, line 513, in __call__\n    return self._hookexec(self.name, self._hookimpls.copy(), kwargs, firstresult)\n  File &amp;quot;C:\\Users\\ajame\\Legal_Study\\.venv\\Lib\\site-packages\\pluggy\\_manager.py&amp;quot;, line 120, in _hookexec\n    return self._inner_hookexec(hook_name, methods, kwargs, firstresult)\n  File &amp;quot;C:\\Users\\ajame\\Legal_Study\\.venv\\Lib\\site-packages\\pluggy\\_callers.py&amp;quot;, line 103, in _multicall\n    res = hook_impl.function(*args)\n  File &amp;quot;C:\\Users\\ajame\\Legal_Study\\.venv\\Lib\\site-packages\\_pytest\\main.py&amp;quot;, line 350, in pytest_runtestloop\n    item.config.hook.pytest_runtest_protocol(item=item, nextitem=nextitem)\n  File &amp;quot;C:\\Users\\ajame\\Legal_Study\\.venv\\Lib\\site-packages\\pluggy\\_hooks.py&amp;quot;, line 513, in __call__\n    return self._hookexec(self.name, self._hookimpls.copy(), kwargs, firstresult)\n  File &amp;quot;C:\\Users\\ajame\\Legal_Study\\.venv\\Lib\\site-packages\\pluggy\\_manager.py&amp;quot;, line 120, in _hookexec\n    return self._inner_hookexec(hook_name, methods, kwargs, firstresult)\n  File &amp;quot;C:\\Users\\ajame\\Legal_Study\\.venv\\Lib\\site-packages\\pluggy\\_callers.py&amp;quot;, line 103, in _multicall\n    res = hook_impl.function(*args)\n  File &amp;quot;C:\\Users\\ajame\\Legal_Study\\.venv\\Lib\\site-packages\\_pytest\\runner.py&amp;quot;, line 114, in pytest_runtest_protocol\n    runtestprotocol(item, nextitem=nextitem)\n  File &amp;quot;C:\\Users\\ajame\\Legal_Study\\.venv\\Lib\\site-packages\\_pytest\\runner.py&amp;quot;, line 134, in runtestprotocol\n    reports.append(call_and_report(item, &amp;quot;teardown&amp;quot;, log, nextitem=nextitem))\n  File &amp;quot;C:\\Users\\ajame\\Legal_Study\\.venv\\Lib\\site-packages\\_pytest\\runner.py&amp;quot;, line 222, in call_and_report\n    call = call_runtest_hook(item, when, **kwds)\n  File &amp;quot;C:\\Users\\ajame\\Legal_Study\\.venv\\Lib\\site-packages\\_pytest\\runner.py&amp;quot;, line 261, in call_runtest_hook\n    return CallInfo.from_call(\n  File &amp;quot;C:\\Users\\ajame\\Legal_Study\\.venv\\Lib\\site-packages\\_pytest\\runner.py&amp;quot;, line 341, in from_call\n    result: Optional[TResult] = func()\n  File &amp;quot;C:\\Users\\ajame\\Legal_Study\\.venv\\Lib\\site-packages\\_pytest\\runner.py&amp;quot;, line 262, in &amp;lt;lambda&amp;gt;\n    lambda: ihook(item=item, **kwds), when=when, reraise=reraise\n  File &amp;quot;C:\\Users\\ajame\\Legal_Study\\.venv\\Lib\\site-packages\\pluggy\\_hooks.py&amp;quot;, line 513, in __call__\n    return self._hookexec(self.name, self._hookimpls.copy(), kwargs, firstresult)\n  File &amp;quot;C:\\Users\\ajame\\Legal_Study\\.venv\\Lib\\site-packages\\pluggy\\_manager.py&amp;quot;, line 120, in _hookexec\n    return self._inner_hookexec(hook_name, methods, kwargs, firstresult)\n  File &amp;quot;C:\\Users\\ajame\\Legal_Study\\.venv\\Lib\\site-packages\\pluggy\\_callers.py&amp;quot;, line 103, in _multicall\n    res = hook_impl.function(*args)\n  File &amp;quot;C:\\Users\\ajame\\Legal_Study\\.venv\\Lib\\site-packages\\_pytest\\runner.py&amp;quot;, line 182, in pytest_runtest_teardown\n    item.session._setupstate.teardown_exact(nextitem)\n  File &amp;quot;C:\\Users\\ajame\\Legal_Study\\.venv\\Lib\\site-packages\\_pytest\\runner.py&amp;quot;, line 526, in teardown_exact\n    fin()\n  File &amp;quot;C:\\Users\\ajame\\Legal_Study\\.venv\\Lib\\site-packages\\_pytest\\fixtures.py&amp;quot;, line 701, in &amp;lt;lambda&amp;gt;\n    subrequest.node.addfinalizer(lambda: fixturedef.finish(request=subrequest))\n  File &amp;quot;C:\\Users\\ajame\\Legal_Study\\.venv\\Lib\\site-packages\\_pytest\\fixtures.py&amp;quot;, line 1024, in finish\n    func()\n  File &amp;quot;C:\\Users\\ajame\\Legal_Study\\.venv\\Lib\\site-packages\\_pytest\\fixtures.py&amp;quot;, line 911, in _teardown_yield_fixture\n    next(it)\n  File &amp;quot;C:\\Users\\ajame\\Legal_Study\\tests\\conftest.py&amp;quot;, line 84, in setup_test_environment\n    logger.info(f&amp;quot;Ending test session at {datetime.now()}&amp;quot;)\nMessage: &amp;#x27;Ending test session at 2025-04-23 20:34:59.873355&amp;#x27;\nArguments: ()\n--- Logging error ---\nTraceback (most recent call last):\n  File &amp;quot;C:\\Users\\ajame\\AppData\\Local\\Programs\\Python\\Python311\\Lib\\logging\\__init__.py&amp;quot;, line 1113, in emit\n    stream.write(msg + self.terminator)\nOSError: [WinError 6] The handle is invalid\nCall stack:\n  File &amp;quot;C:\\Users\\ajame\\Legal_Study\\run_tests.py&amp;quot;, line 119, in &amp;lt;module&amp;gt;\n    main()\n  File &amp;quot;C:\\Users\\ajame\\Legal_Study\\run_tests.py&amp;quot;, line 95, in main\n    result = run_test_suite(suite)\n  File &amp;quot;C:\\Users\\ajame\\Legal_Study\\run_tests.py&amp;quot;, line 54, in run_test_suite\n    result = pytest.main(args)\n  File &amp;quot;C:\\Users\\ajame\\Legal_Study\\.venv\\Lib\\site-packages\\_pytest\\config\\__init__.py&amp;quot;, line 169, in main\n    ret: Union[ExitCode, int] = config.hook.pytest_cmdline_main(\n  File &amp;quot;C:\\Users\\ajame\\Legal_Study\\.venv\\Lib\\site-packages\\pluggy\\_hooks.py&amp;quot;, line 513, in __call__\n    return self._hookexec(self.name, self._hookimpls.copy(), kwargs, firstresult)\n  File &amp;quot;C:\\Users\\ajame\\Legal_Study\\.venv\\Lib\\site-packages\\pluggy\\_manager.py&amp;quot;, line 120, in _hookexec\n    return self._inner_hookexec(hook_name, methods, kwargs, firstresult)\n  File &amp;quot;C:\\Users\\ajame\\Legal_Study\\.venv\\Lib\\site-packages\\pluggy\\_callers.py&amp;quot;, line 103, in _multicall\n    res = hook_impl.function(*args)\n  File &amp;quot;C:\\Users\\ajame\\Legal_Study\\.venv\\Lib\\site-packages\\_pytest\\main.py&amp;quot;, line 318, in pytest_cmdline_main\n    return wrap_session(config, _main)\n  File &amp;quot;C:\\Users\\ajame\\Legal_Study\\.venv\\Lib\\site-packages\\_pytest\\main.py&amp;quot;, line 271, in wrap_session\n    session.exitstatus = doit(config, session) or 0\n  File &amp;quot;C:\\Users\\ajame\\Legal_Study\\.venv\\Lib\\site-packages\\_pytest\\main.py&amp;quot;, line 325, in _main\n    config.hook.pytest_runtestloop(session=session)\n  File &amp;quot;C:\\Users\\ajame\\Legal_Study\\.venv\\Lib\\site-packages\\pluggy\\_hooks.py&amp;quot;, line 513, in __call__\n    return self._hookexec(self.name, self._hookimpls.copy(), kwargs, firstresult)\n  File &amp;quot;C:\\Users\\ajame\\Legal_Study\\.venv\\Lib\\site-packages\\pluggy\\_manager.py&amp;quot;, line 120, in _hookexec\n    return self._inner_hookexec(hook_name, methods, kwargs, firstresult)\n  File &amp;quot;C:\\Users\\ajame\\Legal_Study\\.venv\\Lib\\site-packages\\pluggy\\_callers.py&amp;quot;, line 103, in _multicall\n    res = hook_impl.function(*args)\n  File &amp;quot;C:\\Users\\ajame\\Legal_Study\\.venv\\Lib\\site-packages\\_pytest\\main.py&amp;quot;, line 350, in pytest_runtestloop\n    item.config.hook.pytest_runtest_protocol(item=item, nextitem=nextitem)\n  File &amp;quot;C:\\Users\\ajame\\Legal_Study\\.venv\\Lib\\site-packages\\pluggy\\_hooks.py&amp;quot;, line 513, in __call__\n    return self._hookexec(self.name, self._hookimpls.copy(), kwargs, firstresult)\n  File &amp;quot;C:\\Users\\ajame\\Legal_Study\\.venv\\Lib\\site-packages\\pluggy\\_manager.py&amp;quot;, line 120, in _hookexec\n    return self._inner_hookexec(hook_name, methods, kwargs, firstresult)\n  File &amp;quot;C:\\Users\\ajame\\Legal_Study\\.venv\\Lib\\site-packages\\pluggy\\_callers.py&amp;quot;, line 103, in _multicall\n    res = hook_impl.function(*args)\n  File &amp;quot;C:\\Users\\ajame\\Legal_Study\\.venv\\Lib\\site-packages\\_pytest\\runner.py&amp;quot;, line 114, in pytest_runtest_protocol\n    runtestprotocol(item, nextitem=nextitem)\n  File &amp;quot;C:\\Users\\ajame\\Legal_Study\\.venv\\Lib\\site-packages\\_pytest\\runner.py&amp;quot;, line 134, in runtestprotocol\n    reports.append(call_and_report(item, &amp;quot;teardown&amp;quot;, log, nextitem=nextitem))\n  File &amp;quot;C:\\Users\\ajame\\Legal_Study\\.venv\\Lib\\site-packages\\_pytest\\runner.py&amp;quot;, line 222, in call_and_report\n    call = call_runtest_hook(item, when, **kwds)\n  File &amp;quot;C:\\Users\\ajame\\Legal_Study\\.venv\\Lib\\site-packages\\_pytest\\runner.py&amp;quot;, line 261, in call_runtest_hook\n    return CallInfo.from_call(\n  File &amp;quot;C:\\Users\\ajame\\Legal_Study\\.venv\\Lib\\site-packages\\_pytest\\runner.py&amp;quot;, line 341, in from_call\n    result: Optional[TResult] = func()\n  File &amp;quot;C:\\Users\\ajame\\Legal_Study\\.venv\\Lib\\site-packages\\_pytest\\runner.py&amp;quot;, line 262, in &amp;lt;lambda&amp;gt;\n    lambda: ihook(item=item, **kwds), when=when, reraise=reraise\n  File &amp;quot;C:\\Users\\ajame\\Legal_Study\\.venv\\Lib\\site-packages\\pluggy\\_hooks.py&amp;quot;, line 513, in __call__\n    return self._hookexec(self.name, self._hookimpls.copy(), kwargs, firstresult)\n  File &amp;quot;C:\\Users\\ajame\\Legal_Study\\.venv\\Lib\\site-packages\\pluggy\\_manager.py&amp;quot;, line 120, in _hookexec\n    return self._inner_hookexec(hook_name, methods, kwargs, firstresult)\n  File &amp;quot;C:\\Users\\ajame\\Legal_Study\\.venv\\Lib\\site-packages\\pluggy\\_callers.py&amp;quot;, line 103, in _multicall\n    res = hook_impl.function(*args)\n  File &amp;quot;C:\\Users\\ajame\\Legal_Study\\.venv\\Lib\\site-packages\\_pytest\\runner.py&amp;quot;, line 182, in pytest_runtest_teardown\n    item.session._setupstate.teardown_exact(nextitem)\n  File &amp;quot;C:\\Users\\ajame\\Legal_Study\\.venv\\Lib\\site-packages\\_pytest\\runner.py&amp;quot;, line 526, in teardown_exact\n    fin()\n  File &amp;quot;C:\\Users\\ajame\\Legal_Study\\.venv\\Lib\\site-packages\\_pytest\\fixtures.py&amp;quot;, line 701, in &amp;lt;lambda&amp;gt;\n    subrequest.node.addfinalizer(lambda: fixturedef.finish(request=subrequest))\n  File &amp;quot;C:\\Users\\ajame\\Legal_Study\\.venv\\Lib\\site-packages\\_pytest\\fixtures.py&amp;quot;, line 1024, in finish\n    func()\n  File &amp;quot;C:\\Users\\ajame\\Legal_Study\\.venv\\Lib\\site-packages\\_pytest\\fixtures.py&amp;quot;, line 911, in _teardown_yield_fixture\n    next(it)\n  File &amp;quot;C:\\Users\\ajame\\Legal_Study\\.venv\\Lib\\site-packages\\_pytest\\python.py&amp;quot;, line 575, in xunit_setup_module_fixture\n    _call_with_optional_argument(teardown_module, request.module)\n  File &amp;quot;C:\\Users\\ajame\\Legal_Study\\.venv\\Lib\\site-packages\\_pytest\\python.py&amp;quot;, line 777, in _call_with_optional_argument\n    func(arg)\n  File &amp;quot;C:\\Users\\ajame\\Legal_Study\\tests\\smoke\\test_environment.py&amp;quot;, line 26, in teardown_module\n    logger.info(f&amp;quot;Completed environment smoke tests at {datetime.now()}&amp;quot;)\nMessage: &amp;#x27;Completed environment smoke tests at 2025-04-23 20:34:59.900336&amp;#x27;\nArguments: ()\n\n---------------------------- Captured log teardown -----------------------------\nINFO     conftest:conftest.py:84 Ending test session at 2025-04-23 20:34:59.873355\nINFO     test_environment:test_environment.py:26 Completed environment smoke tests at 2025-04-23 20:34:59.900336&#34;}], &#34;tests/smoke/test_basic.py::test_error_handling&#34;: [{&#34;extras&#34;: [], &#34;result&#34;: &#34;Failed&#34;, &#34;testId&#34;: &#34;tests/smoke/test_basic.py::test_error_handling&#34;, &#34;duration&#34;: &#34;727 ms&#34;, &#34;resultsTableRow&#34;: [&#34;&lt;td class=\&#34;col-result\&#34;&gt;Failed&lt;/td&gt;&#34;, &#34;&lt;td class=\&#34;col-testId\&#34;&gt;tests/smoke/test_basic.py::test_error_handling&lt;/td&gt;&#34;, &#34;&lt;td class=\&#34;col-duration\&#34;&gt;727 ms&lt;/td&gt;&#34;, &#34;&lt;td class=\&#34;col-links\&#34;&gt;&lt;/td&gt;&#34;], &#34;log&#34;: &#34;@pytest.mark.smoke\n    def test_error_handling():\n        &amp;quot;&amp;quot;&amp;quot;Test error handling.&amp;quot;&amp;quot;&amp;quot;\n        response = client.get(&amp;quot;/api/v1/error&amp;quot;)\n&amp;gt;       assert response.status_code == 500\nE       assert == failed. [pytest-clarity diff shown]\nE         \nE         LHS vs RHS shown below\nE         \nE         404\nE         500\nE         \n\ntests\\smoke\\test_basic.py:53: AssertionError\n\n---------------------------- Captured stderr setup -----------------------------\n--- Logging error ---\nTraceback (most recent call last):\n  File &amp;quot;C:\\Users\\ajame\\AppData\\Local\\Programs\\Python\\Python311\\Lib\\logging\\__init__.py&amp;quot;, line 1113, in emit\n    stream.write(msg + self.terminator)\nOSError: [WinError 6] The handle is invalid\nCall stack:\n  File &amp;quot;C:\\Users\\ajame\\Legal_Study\\run_tests.py&amp;quot;, line 119, in &amp;lt;module&amp;gt;\n    main()\n  File &amp;quot;C:\\Users\\ajame\\Legal_Study\\run_tests.py&amp;quot;, line 95, in main\n    result = run_test_suite(suite)\n  File &amp;quot;C:\\Users\\ajame\\Legal_Study\\run_tests.py&amp;quot;, line 54, in run_test_suite\n    result = pytest.main(args)\n  File &amp;quot;C:\\Users\\ajame\\Legal_Study\\.venv\\Lib\\site-packages\\_pytest\\config\\__init__.py&amp;quot;, line 169, in main\n    ret: Union[ExitCode, int] = config.hook.pytest_cmdline_main(\n  File &amp;quot;C:\\Users\\ajame\\Legal_Study\\.venv\\Lib\\site-packages\\pluggy\\_hooks.py&amp;quot;, line 513, in __call__\n    return self._hookexec(self.name, self._hookimpls.copy(), kwargs, firstresult)\n  File &amp;quot;C:\\Users\\ajame\\Legal_Study\\.venv\\Lib\\site-packages\\pluggy\\_manager.py&amp;quot;, line 120, in _hookexec\n    return self._inner_hookexec(hook_name, methods, kwargs, firstresult)\n  File &amp;quot;C:\\Users\\ajame\\Legal_Study\\.venv\\Lib\\site-packages\\pluggy\\_callers.py&amp;quot;, line 103, in _multicall\n    res = hook_impl.function(*args)\n  File &amp;quot;C:\\Users\\ajame\\Legal_Study\\.venv\\Lib\\site-packages\\_pytest\\main.py&amp;quot;, line 318, in pytest_cmdline_main\n    return wrap_session(config, _main)\n  File &amp;quot;C:\\Users\\ajame\\Legal_Study\\.venv\\Lib\\site-packages\\_pytest\\main.py&amp;quot;, line 271, in wrap_session\n    session.exitstatus = doit(config, session) or 0\n  File &amp;quot;C:\\Users\\ajame\\Legal_Study\\.venv\\Lib\\site-packages\\_pytest\\main.py&amp;quot;, line 325, in _main\n    config.hook.pytest_runtestloop(session=session)\n  File &amp;quot;C:\\Users\\ajame\\Legal_Study\\.venv\\Lib\\site-packages\\pluggy\\_hooks.py&amp;quot;, line 513, in __call__\n    return self._hookexec(self.name, self._hookimpls.copy(), kwargs, firstresult)\n  File &amp;quot;C:\\Users\\ajame\\Legal_Study\\.venv\\Lib\\site-packages\\pluggy\\_manager.py&amp;quot;, line 120, in _hookexec\n    return self._inner_hookexec(hook_name, methods, kwargs, firstresult)\n  File &amp;quot;C:\\Users\\ajame\\Legal_Study\\.venv\\Lib\\site-packages\\pluggy\\_callers.py&amp;quot;, line 103, in _multicall\n    res = hook_impl.function(*args)\n  File &amp;quot;C:\\Users\\ajame\\Legal_Study\\.venv\\Lib\\site-packages\\_pytest\\main.py&amp;quot;, line 350, in pytest_runtestloop\n    item.config.hook.pytest_runtest_protocol(item=item, nextitem=nextitem)\n  File &amp;quot;C:\\Users\\ajame\\Legal_Study\\.venv\\Lib\\site-packages\\pluggy\\_hooks.py&amp;quot;, line 513, in __call__\n    return self._hookexec(self.name, self._hookimpls.copy(), kwargs, firstresult)\n  File &amp;quot;C:\\Users\\ajame\\Legal_Study\\.venv\\Lib\\site-packages\\pluggy\\_manager.py&amp;quot;, line 120, in _hookexec\n    return self._inner_hookexec(hook_name, methods, kwargs, firstresult)\n  File &amp;quot;C:\\Users\\ajame\\Legal_Study\\.venv\\Lib\\site-packages\\pluggy\\_callers.py&amp;quot;, line 103, in _multicall\n    res = hook_impl.function(*args)\n  File &amp;quot;C:\\Users\\ajame\\Legal_Study\\.venv\\Lib\\site-packages\\_pytest\\runner.py&amp;quot;, line 114, in pytest_runtest_protocol\n    runtestprotocol(item, nextitem=nextitem)\n  File &amp;quot;C:\\Users\\ajame\\Legal_Study\\.venv\\Lib\\site-packages\\_pytest\\runner.py&amp;quot;, line 127, in runtestprotocol\n    rep = call_and_report(item, &amp;quot;setup&amp;quot;, log)\n  File &amp;quot;C:\\Users\\ajame\\Legal_Study\\.venv\\Lib\\site-packages\\_pytest\\runner.py&amp;quot;, line 222, in call_and_report\n    call = call_runtest_hook(item, when, **kwds)\n  File &amp;quot;C:\\Users\\ajame\\Legal_Study\\.venv\\Lib\\site-packages\\_pytest\\runner.py&amp;quot;, line 261, in call_runtest_hook\n    return CallInfo.from_call(\n  File &amp;quot;C:\\Users\\ajame\\Legal_Study\\.venv\\Lib\\site-packages\\_pytest\\runner.py&amp;quot;, line 341, in from_call\n    result: Optional[TResult] = func()\n  File &amp;quot;C:\\Users\\ajame\\Legal_Study\\.venv\\Lib\\site-packages\\_pytest\\runner.py&amp;quot;, line 262, in &amp;lt;lambda&amp;gt;\n    lambda: ihook(item=item, **kwds), when=when, reraise=reraise\n  File &amp;quot;C:\\Users\\ajame\\Legal_Study\\.venv\\Lib\\site-packages\\pluggy\\_hooks.py&amp;quot;, line 513, in __call__\n    return self._hookexec(self.name, self._hookimpls.copy(), kwargs, firstresult)\n  File &amp;quot;C:\\Users\\ajame\\Legal_Study\\.venv\\Lib\\site-packages\\pluggy\\_manager.py&amp;quot;, line 120, in _hookexec\n    return self._inner_hookexec(hook_name, methods, kwargs, firstresult)\n  File &amp;quot;C:\\Users\\ajame\\Legal_Study\\.venv\\Lib\\site-packages\\pluggy\\_callers.py&amp;quot;, line 103, in _multicall\n    res = hook_impl.function(*args)\n  File &amp;quot;C:\\Users\\ajame\\Legal_Study\\.venv\\Lib\\site-packages\\_pytest\\runner.py&amp;quot;, line 157, in pytest_runtest_setup\n    item.session._setupstate.setup(item)\n  File &amp;quot;C:\\Users\\ajame\\Legal_Study\\.venv\\Lib\\site-packages\\_pytest\\runner.py&amp;quot;, line 494, in setup\n    col.setup()\n  File &amp;quot;C:\\Users\\ajame\\Legal_Study\\.venv\\Lib\\site-packages\\_pytest\\python.py&amp;quot;, line 1795, in setup\n    self._request._fillfixtures()\n  File &amp;quot;C:\\Users\\ajame\\Legal_Study\\.venv\\Lib\\site-packages\\_pytest\\fixtures.py&amp;quot;, line 566, in _fillfixtures\n    item.funcargs[argname] = self.getfixturevalue(argname)\n  File &amp;quot;C:\\Users\\ajame\\Legal_Study\\.venv\\Lib\\site-packages\\_pytest\\fixtures.py&amp;quot;, line 585, in getfixturevalue\n    fixturedef = self._get_active_fixturedef(argname)\n  File &amp;quot;C:\\Users\\ajame\\Legal_Study\\.venv\\Lib\\site-packages\\_pytest\\fixtures.py&amp;quot;, line 607, in _get_active_fixturedef\n    self._compute_fixture_value(fixturedef)\n  File &amp;quot;C:\\Users\\ajame\\Legal_Study\\.venv\\Lib\\site-packages\\_pytest\\fixtures.py&amp;quot;, line 693, in _compute_fixture_value\n    fixturedef.execute(request=subrequest)\n  File &amp;quot;C:\\Users\\ajame\\Legal_Study\\.venv\\Lib\\site-packages\\_pytest\\fixtures.py&amp;quot;, line 1069, in execute\n    result = ihook.pytest_fixture_setup(fixturedef=self, request=request)\n  File &amp;quot;C:\\Users\\ajame\\Legal_Study\\.venv\\Lib\\site-packages\\pluggy\\_hooks.py&amp;quot;, line 513, in __call__\n    return self._hookexec(self.name, self._hookimpls.copy(), kwargs, firstresult)\n  File &amp;quot;C:\\Users\\ajame\\Legal_Study\\.venv\\Lib\\site-packages\\pluggy\\_manager.py&amp;quot;, line 120, in _hookexec\n    return self._inner_hookexec(hook_name, methods, kwargs, firstresult)\n  File &amp;quot;C:\\Users\\ajame\\Legal_Study\\.venv\\Lib\\site-packages\\pluggy\\_callers.py&amp;quot;, line 103, in _multicall\n    res = hook_impl.function(*args)\n  File &amp;quot;C:\\Users\\ajame\\Legal_Study\\.venv\\Lib\\site-packages\\_pytest\\fixtures.py&amp;quot;, line 1123, in pytest_fixture_setup\n    result = call_fixture_func(fixturefunc, request, kwargs)\n  File &amp;quot;C:\\Users\\ajame\\Legal_Study\\.venv\\Lib\\site-packages\\_pytest\\fixtures.py&amp;quot;, line 895, in call_fixture_func\n    fixture_result = next(generator)\n  File &amp;quot;C:\\Users\\ajame\\Legal_Study\\tests\\conftest.py&amp;quot;, line 79, in setup_test_environment\n    logger.info(f&amp;quot;Starting test session at {datetime.now()}&amp;quot;)\nMessage: &amp;#x27;Starting test session at 2025-04-23 20:34:59.908912&amp;#x27;\nArguments: ()\n\n------------------------------ Captured log setup ------------------------------\nINFO     conftest:conftest.py:79 Starting test session at 2025-04-23 20:34:59.908912\n--------------------------- Captured stderr teardown ---------------------------\n--- Logging error ---\nTraceback (most recent call last):\n  File &amp;quot;C:\\Users\\ajame\\AppData\\Local\\Programs\\Python\\Python311\\Lib\\logging\\__init__.py&amp;quot;, line 1113, in emit\n    stream.write(msg + self.terminator)\nOSError: [WinError 6] The handle is invalid\nCall stack:\n  File &amp;quot;C:\\Users\\ajame\\Legal_Study\\run_tests.py&amp;quot;, line 119, in &amp;lt;module&amp;gt;\n    main()\n  File &amp;quot;C:\\Users\\ajame\\Legal_Study\\run_tests.py&amp;quot;, line 95, in main\n    result = run_test_suite(suite)\n  File &amp;quot;C:\\Users\\ajame\\Legal_Study\\run_tests.py&amp;quot;, line 54, in run_test_suite\n    result = pytest.main(args)\n  File &amp;quot;C:\\Users\\ajame\\Legal_Study\\.venv\\Lib\\site-packages\\_pytest\\config\\__init__.py&amp;quot;, line 169, in main\n    ret: Union[ExitCode, int] = config.hook.pytest_cmdline_main(\n  File &amp;quot;C:\\Users\\ajame\\Legal_Study\\.venv\\Lib\\site-packages\\pluggy\\_hooks.py&amp;quot;, line 513, in __call__\n    return self._hookexec(self.name, self._hookimpls.copy(), kwargs, firstresult)\n  File &amp;quot;C:\\Users\\ajame\\Legal_Study\\.venv\\Lib\\site-packages\\pluggy\\_manager.py&amp;quot;, line 120, in _hookexec\n    return self._inner_hookexec(hook_name, methods, kwargs, firstresult)\n  File &amp;quot;C:\\Users\\ajame\\Legal_Study\\.venv\\Lib\\site-packages\\pluggy\\_callers.py&amp;quot;, line 103, in _multicall\n    res = hook_impl.function(*args)\n  File &amp;quot;C:\\Users\\ajame\\Legal_Study\\.venv\\Lib\\site-packages\\_pytest\\main.py&amp;quot;, line 318, in pytest_cmdline_main\n    return wrap_session(config, _main)\n  File &amp;quot;C:\\Users\\ajame\\Legal_Study\\.venv\\Lib\\site-packages\\_pytest\\main.py&amp;quot;, line 271, in wrap_session\n    session.exitstatus = doit(config, session) or 0\n  File &amp;quot;C:\\Users\\ajame\\Legal_Study\\.venv\\Lib\\site-packages\\_pytest\\main.py&amp;quot;, line 325, in _main\n    config.hook.pytest_runtestloop(session=session)\n  File &amp;quot;C:\\Users\\ajame\\Legal_Study\\.venv\\Lib\\site-packages\\pluggy\\_hooks.py&amp;quot;, line 513, in __call__\n    return self._hookexec(self.name, self._hookimpls.copy(), kwargs, firstresult)\n  File &amp;quot;C:\\Users\\ajame\\Legal_Study\\.venv\\Lib\\site-packages\\pluggy\\_manager.py&amp;quot;, line 120, in _hookexec\n    return self._inner_hookexec(hook_name, methods, kwargs, firstresult)\n  File &amp;quot;C:\\Users\\ajame\\Legal_Study\\.venv\\Lib\\site-packages\\pluggy\\_callers.py&amp;quot;, line 103, in _multicall\n    res = hook_impl.function(*args)\n  File &amp;quot;C:\\Users\\ajame\\Legal_Study\\.venv\\Lib\\site-packages\\_pytest\\main.py&amp;quot;, line 350, in pytest_runtestloop\n    item.config.hook.pytest_runtest_protocol(item=item, nextitem=nextitem)\n  File &amp;quot;C:\\Users\\ajame\\Legal_Study\\.venv\\Lib\\site-packages\\pluggy\\_hooks.py&amp;quot;, line 513, in __call__\n    return self._hookexec(self.name, self._hookimpls.copy(), kwargs, firstresult)\n  File &amp;quot;C:\\Users\\ajame\\Legal_Study\\.venv\\Lib\\site-packages\\pluggy\\_manager.py&amp;quot;, line 120, in _hookexec\n    return self._inner_hookexec(hook_name, methods, kwargs, firstresult)\n  File &amp;quot;C:\\Users\\ajame\\Legal_Study\\.venv\\Lib\\site-packages\\pluggy\\_callers.py&amp;quot;, line 103, in _multicall\n    res = hook_impl.function(*args)\n  File &amp;quot;C:\\Users\\ajame\\Legal_Study\\.venv\\Lib\\site-packages\\_pytest\\runner.py&amp;quot;, line 114, in pytest_runtest_protocol\n    runtestprotocol(item, nextitem=nextitem)\n  File &amp;quot;C:\\Users\\ajame\\Legal_Study\\.venv\\Lib\\site-packages\\_pytest\\runner.py&amp;quot;, line 134, in runtestprotocol\n    reports.append(call_and_report(item, &amp;quot;teardown&amp;quot;, log, nextitem=nextitem))\n  File &amp;quot;C:\\Users\\ajame\\Legal_Study\\.venv\\Lib\\site-packages\\_pytest\\runner.py&amp;quot;, line 222, in call_and_report\n    call = call_runtest_hook(item, when, **kwds)\n  File &amp;quot;C:\\Users\\ajame\\Legal_Study\\.venv\\Lib\\site-packages\\_pytest\\runner.py&amp;quot;, line 261, in call_runtest_hook\n    return CallInfo.from_call(\n  File &amp;quot;C:\\Users\\ajame\\Legal_Study\\.venv\\Lib\\site-packages\\_pytest\\runner.py&amp;quot;, line 341, in from_call\n    result: Optional[TResult] = func()\n  File &amp;quot;C:\\Users\\ajame\\Legal_Study\\.venv\\Lib\\site-packages\\_pytest\\runner.py&amp;quot;, line 262, in &amp;lt;lambda&amp;gt;\n    lambda: ihook(item=item, **kwds), when=when, reraise=reraise\n  File &amp;quot;C:\\Users\\ajame\\Legal_Study\\.venv\\Lib\\site-packages\\pluggy\\_hooks.py&amp;quot;, line 513, in __call__\n    return self._hookexec(self.name, self._hookimpls.copy(), kwargs, firstresult)\n  File &amp;quot;C:\\Users\\ajame\\Legal_Study\\.venv\\Lib\\site-packages\\pluggy\\_manager.py&amp;quot;, line 120, in _hookexec\n    return self._inner_hookexec(hook_name, methods, kwargs, firstresult)\n  File &amp;quot;C:\\Users\\ajame\\Legal_Study\\.venv\\Lib\\site-packages\\pluggy\\_callers.py&amp;quot;, line 103, in _multicall\n    res = hook_impl.function(*args)\n  File &amp;quot;C:\\Users\\ajame\\Legal_Study\\.venv\\Lib\\site-packages\\_pytest\\runner.py&amp;quot;, line 182, in pytest_runtest_teardown\n    item.session._setupstate.teardown_exact(nextitem)\n  File &amp;quot;C:\\Users\\ajame\\Legal_Study\\.venv\\Lib\\site-packages\\_pytest\\runner.py&amp;quot;, line 526, in teardown_exact\n    fin()\n  File &amp;quot;C:\\Users\\ajame\\Legal_Study\\.venv\\Lib\\site-packages\\_pytest\\fixtures.py&amp;quot;, line 701, in &amp;lt;lambda&amp;gt;\n    subrequest.node.addfinalizer(lambda: fixturedef.finish(request=subrequest))\n  File &amp;quot;C:\\Users\\ajame\\Legal_Study\\.venv\\Lib\\site-packages\\_pytest\\fixtures.py&amp;quot;, line 1024, in finish\n    func()\n  File &amp;quot;C:\\Users\\ajame\\Legal_Study\\.venv\\Lib\\site-packages\\_pytest\\fixtures.py&amp;quot;, line 911, in _teardown_yield_fixture\n    next(it)\n  File &amp;quot;C:\\Users\\ajame\\Legal_Study\\tests\\conftest.py&amp;quot;, line 84, in setup_test_environment\n    logger.info(f&amp;quot;Ending test session at {datetime.now()}&amp;quot;)\nMessage: &amp;#x27;Ending test session at 2025-04-23 20:35:00.638415&amp;#x27;\nArguments: ()\n\n---------------------------- Captured log teardown -----------------------------\nINFO     conftest:conftest.py:84 Ending test session at 2025-04-23 20:35:00.638415&#34;}], &#34;tests/smoke/test_basic.py::test_invalid_endpoint&#34;: [{&#34;extras&#34;: [], &#34;result&#34;: &#34;Passed&#34;, &#34;testId&#34;: &#34;tests/smoke/test_basic.py::test_invalid_endpoint&#34;, &#34;duration&#34;: &#34;758 ms&#34;, &#34;resultsTableRow&#34;: [&#34;&lt;td class=\&#34;col-result\&#34;&gt;Passed&lt;/td&gt;&#34;, &#34;&lt;td class=\&#34;col-testId\&#34;&gt;tests/smoke/test_basic.py::test_invalid_endpoint&lt;/td&gt;&#34;, &#34;&lt;td class=\&#34;col-duration\&#34;&gt;758 ms&lt;/td&gt;&#34;, &#34;&lt;td class=\&#34;col-links\&#34;&gt;&lt;/td&gt;&#34;], &#34;log&#34;: &#34;---------------------------- Captured stderr setup -----------------------------\n--- Logging error ---\nTraceback (most recent call last):\n  File &amp;quot;C:\\Users\\ajame\\AppData\\Local\\Programs\\Python\\Python311\\Lib\\logging\\__init__.py&amp;quot;, line 1113, in emit\n    stream.write(msg + self.terminator)\nOSError: [WinError 6] The handle is invalid\nCall stack:\n  File &amp;quot;C:\\Users\\ajame\\Legal_Study\\run_tests.py&amp;quot;, line 119, in &amp;lt;module&amp;gt;\n    main()\n  File &amp;quot;C:\\Users\\ajame\\Legal_Study\\run_tests.py&amp;quot;, line 95, in main\n    result = run_test_suite(suite)\n  File &amp;quot;C:\\Users\\ajame\\Legal_Study\\run_tests.py&amp;quot;, line 54, in run_test_suite\n    result = pytest.main(args)\n  File &amp;quot;C:\\Users\\ajame\\Legal_Study\\.venv\\Lib\\site-packages\\_pytest\\config\\__init__.py&amp;quot;, line 169, in main\n    ret: Union[ExitCode, int] = config.hook.pytest_cmdline_main(\n  File &amp;quot;C:\\Users\\ajame\\Legal_Study\\.venv\\Lib\\site-packages\\pluggy\\_hooks.py&amp;quot;, line 513, in __call__\n    return self._hookexec(self.name, self._hookimpls.copy(), kwargs, firstresult)\n  File &amp;quot;C:\\Users\\ajame\\Legal_Study\\.venv\\Lib\\site-packages\\pluggy\\_manager.py&amp;quot;, line 120, in _hookexec\n    return self._inner_hookexec(hook_name, methods, kwargs, firstresult)\n  File &amp;quot;C:\\Users\\ajame\\Legal_Study\\.venv\\Lib\\site-packages\\pluggy\\_callers.py&amp;quot;, line 103, in _multicall\n    res = hook_impl.function(*args)\n  File &amp;quot;C:\\Users\\ajame\\Legal_Study\\.venv\\Lib\\site-packages\\_pytest\\main.py&amp;quot;, line 318, in pytest_cmdline_main\n    return wrap_session(config, _main)\n  File &amp;quot;C:\\Users\\ajame\\Legal_Study\\.venv\\Lib\\site-packages\\_pytest\\main.py&amp;quot;, line 271, in wrap_session\n    session.exitstatus = doit(config, session) or 0\n  File &amp;quot;C:\\Users\\ajame\\Legal_Study\\.venv\\Lib\\site-packages\\_pytest\\main.py&amp;quot;, line 325, in _main\n    config.hook.pytest_runtestloop(session=session)\n  File &amp;quot;C:\\Users\\ajame\\Legal_Study\\.venv\\Lib\\site-packages\\pluggy\\_hooks.py&amp;quot;, line 513, in __call__\n    return self._hookexec(self.name, self._hookimpls.copy(), kwargs, firstresult)\n  File &amp;quot;C:\\Users\\ajame\\Legal_Study\\.venv\\Lib\\site-packages\\pluggy\\_manager.py&amp;quot;, line 120, in _hookexec\n    return self._inner_hookexec(hook_name, methods, kwargs, firstresult)\n  File &amp;quot;C:\\Users\\ajame\\Legal_Study\\.venv\\Lib\\site-packages\\pluggy\\_callers.py&amp;quot;, line 103, in _multicall\n    res = hook_impl.function(*args)\n  File &amp;quot;C:\\Users\\ajame\\Legal_Study\\.venv\\Lib\\site-packages\\_pytest\\main.py&amp;quot;, line 350, in pytest_runtestloop\n    item.config.hook.pytest_runtest_protocol(item=item, nextitem=nextitem)\n  File &amp;quot;C:\\Users\\ajame\\Legal_Study\\.venv\\Lib\\site-packages\\pluggy\\_hooks.py&amp;quot;, line 513, in __call__\n    return self._hookexec(self.name, self._hookimpls.copy(), kwargs, firstresult)\n  File &amp;quot;C:\\Users\\ajame\\Legal_Study\\.venv\\Lib\\site-packages\\pluggy\\_manager.py&amp;quot;, line 120, in _hookexec\n    return self._inner_hookexec(hook_name, methods, kwargs, firstresult)\n  File &amp;quot;C:\\Users\\ajame\\Legal_Study\\.venv\\Lib\\site-packages\\pluggy\\_callers.py&amp;quot;, line 103, in _multicall\n    res = hook_impl.function(*args)\n  File &amp;quot;C:\\Users\\ajame\\Legal_Study\\.venv\\Lib\\site-packages\\_pytest\\runner.py&amp;quot;, line 114, in pytest_runtest_protocol\n    runtestprotocol(item, nextitem=nextitem)\n  File &amp;quot;C:\\Users\\ajame\\Legal_Study\\.venv\\Lib\\site-packages\\_pytest\\runner.py&amp;quot;, line 127, in runtestprotocol\n    rep = call_and_report(item, &amp;quot;setup&amp;quot;, log)\n  File &amp;quot;C:\\Users\\ajame\\Legal_Study\\.venv\\Lib\\site-packages\\_pytest\\runner.py&amp;quot;, line 222, in call_and_report\n    call = call_runtest_hook(item, when, **kwds)\n  File &amp;quot;C:\\Users\\ajame\\Legal_Study\\.venv\\Lib\\site-packages\\_pytest\\runner.py&amp;quot;, line 261, in call_runtest_hook\n    return CallInfo.from_call(\n  File &amp;quot;C:\\Users\\ajame\\Legal_Study\\.venv\\Lib\\site-packages\\_pytest\\runner.py&amp;quot;, line 341, in from_call\n    result: Optional[TResult] = func()\n  File &amp;quot;C:\\Users\\ajame\\Legal_Study\\.venv\\Lib\\site-packages\\_pytest\\runner.py&amp;quot;, line 262, in &amp;lt;lambda&amp;gt;\n    lambda: ihook(item=item, **kwds), when=when, reraise=reraise\n  File &amp;quot;C:\\Users\\ajame\\Legal_Study\\.venv\\Lib\\site-packages\\pluggy\\_hooks.py&amp;quot;, line 513, in __call__\n    return self._hookexec(self.name, self._hookimpls.copy(), kwargs, firstresult)\n  File &amp;quot;C:\\Users\\ajame\\Legal_Study\\.venv\\Lib\\site-packages\\pluggy\\_manager.py&amp;quot;, line 120, in _hookexec\n    return self._inner_hookexec(hook_name, methods, kwargs, firstresult)\n  File &amp;quot;C:\\Users\\ajame\\Legal_Study\\.venv\\Lib\\site-packages\\pluggy\\_callers.py&amp;quot;, line 103, in _multicall\n    res = hook_impl.function(*args)\n  File &amp;quot;C:\\Users\\ajame\\Legal_Study\\.venv\\Lib\\site-packages\\_pytest\\runner.py&amp;quot;, line 157, in pytest_runtest_setup\n    item.session._setupstate.setup(item)\n  File &amp;quot;C:\\Users\\ajame\\Legal_Study\\.venv\\Lib\\site-packages\\_pytest\\runner.py&amp;quot;, line 494, in setup\n    col.setup()\n  File &amp;quot;C:\\Users\\ajame\\Legal_Study\\.venv\\Lib\\site-packages\\_pytest\\python.py&amp;quot;, line 1795, in setup\n    self._request._fillfixtures()\n  File &amp;quot;C:\\Users\\ajame\\Legal_Study\\.venv\\Lib\\site-packages\\_pytest\\fixtures.py&amp;quot;, line 566, in _fillfixtures\n    item.funcargs[argname] = self.getfixturevalue(argname)\n  File &amp;quot;C:\\Users\\ajame\\Legal_Study\\.venv\\Lib\\site-packages\\_pytest\\fixtures.py&amp;quot;, line 585, in getfixturevalue\n    fixturedef = self._get_active_fixturedef(argname)\n  File &amp;quot;C:\\Users\\ajame\\Legal_Study\\.venv\\Lib\\site-packages\\_pytest\\fixtures.py&amp;quot;, line 607, in _get_active_fixturedef\n    self._compute_fixture_value(fixturedef)\n  File &amp;quot;C:\\Users\\ajame\\Legal_Study\\.venv\\Lib\\site-packages\\_pytest\\fixtures.py&amp;quot;, line 693, in _compute_fixture_value\n    fixturedef.execute(request=subrequest)\n  File &amp;quot;C:\\Users\\ajame\\Legal_Study\\.venv\\Lib\\site-packages\\_pytest\\fixtures.py&amp;quot;, line 1069, in execute\n    result = ihook.pytest_fixture_setup(fixturedef=self, request=request)\n  File &amp;quot;C:\\Users\\ajame\\Legal_Study\\.venv\\Lib\\site-packages\\pluggy\\_hooks.py&amp;quot;, line 513, in __call__\n    return self._hookexec(self.name, self._hookimpls.copy(), kwargs, firstresult)\n  File &amp;quot;C:\\Users\\ajame\\Legal_Study\\.venv\\Lib\\site-packages\\pluggy\\_manager.py&amp;quot;, line 120, in _hookexec\n    return self._inner_hookexec(hook_name, methods, kwargs, firstresult)\n  File &amp;quot;C:\\Users\\ajame\\Legal_Study\\.venv\\Lib\\site-packages\\pluggy\\_callers.py&amp;quot;, line 103, in _multicall\n    res = hook_impl.function(*args)\n  File &amp;quot;C:\\Users\\ajame\\Legal_Study\\.venv\\Lib\\site-packages\\_pytest\\fixtures.py&amp;quot;, line 1123, in pytest_fixture_setup\n    result = call_fixture_func(fixturefunc, request, kwargs)\n  File &amp;quot;C:\\Users\\ajame\\Legal_Study\\.venv\\Lib\\site-packages\\_pytest\\fixtures.py&amp;quot;, line 895, in call_fixture_func\n    fixture_result = next(generator)\n  File &amp;quot;C:\\Users\\ajame\\Legal_Study\\tests\\conftest.py&amp;quot;, line 79, in setup_test_environment\n    logger.info(f&amp;quot;Starting test session at {datetime.now()}&amp;quot;)\nMessage: &amp;#x27;Starting test session at 2025-04-23 20:35:00.647951&amp;#x27;\nArguments: ()\n\n------------------------------ Captured log setup ------------------------------\nINFO     conftest:conftest.py:79 Starting test session at 2025-04-23 20:35:00.647951\n--------------------------- Captured stderr teardown ---------------------------\n--- Logging error ---\nTraceback (most recent call last):\n  File &amp;quot;C:\\Users\\ajame\\AppData\\Local\\Programs\\Python\\Python311\\Lib\\logging\\__init__.py&amp;quot;, line 1113, in emit\n    stream.write(msg + self.terminator)\nOSError: [WinError 6] The handle is invalid\nCall stack:\n  File &amp;quot;C:\\Users\\ajame\\Legal_Study\\run_tests.py&amp;quot;, line 119, in &amp;lt;module&amp;gt;\n    main()\n  File &amp;quot;C:\\Users\\ajame\\Legal_Study\\run_tests.py&amp;quot;, line 95, in main\n    result = run_test_suite(suite)\n  File &amp;quot;C:\\Users\\ajame\\Legal_Study\\run_tests.py&amp;quot;, line 54, in run_test_suite\n    result = pytest.main(args)\n  File &amp;quot;C:\\Users\\ajame\\Legal_Study\\.venv\\Lib\\site-packages\\_pytest\\config\\__init__.py&amp;quot;, line 169, in main\n    ret: Union[ExitCode, int] = config.hook.pytest_cmdline_main(\n  File &amp;quot;C:\\Users\\ajame\\Legal_Study\\.venv\\Lib\\site-packages\\pluggy\\_hooks.py&amp;quot;, line 513, in __call__\n    return self._hookexec(self.name, self._hookimpls.copy(), kwargs, firstresult)\n  File &amp;quot;C:\\Users\\ajame\\Legal_Study\\.venv\\Lib\\site-packages\\pluggy\\_manager.py&amp;quot;, line 120, in _hookexec\n    return self._inner_hookexec(hook_name, methods, kwargs, firstresult)\n  File &amp;quot;C:\\Users\\ajame\\Legal_Study\\.venv\\Lib\\site-packages\\pluggy\\_callers.py&amp;quot;, line 103, in _multicall\n    res = hook_impl.function(*args)\n  File &amp;quot;C:\\Users\\ajame\\Legal_Study\\.venv\\Lib\\site-packages\\_pytest\\main.py&amp;quot;, line 318, in pytest_cmdline_main\n    return wrap_session(config, _main)\n  File &amp;quot;C:\\Users\\ajame\\Legal_Study\\.venv\\Lib\\site-packages\\_pytest\\main.py&amp;quot;, line 271, in wrap_session\n    session.exitstatus = doit(config, session) or 0\n  File &amp;quot;C:\\Users\\ajame\\Legal_Study\\.venv\\Lib\\site-packages\\_pytest\\main.py&amp;quot;, line 325, in _main\n    config.hook.pytest_runtestloop(session=session)\n  File &amp;quot;C:\\Users\\ajame\\Legal_Study\\.venv\\Lib\\site-packages\\pluggy\\_hooks.py&amp;quot;, line 513, in __call__\n    return self._hookexec(self.name, self._hookimpls.copy(), kwargs, firstresult)\n  File &amp;quot;C:\\Users\\ajame\\Legal_Study\\.venv\\Lib\\site-packages\\pluggy\\_manager.py&amp;quot;, line 120, in _hookexec\n    return self._inner_hookexec(hook_name, methods, kwargs, firstresult)\n  File &amp;quot;C:\\Users\\ajame\\Legal_Study\\.venv\\Lib\\site-packages\\pluggy\\_callers.py&amp;quot;, line 103, in _multicall\n    res = hook_impl.function(*args)\n  File &amp;quot;C:\\Users\\ajame\\Legal_Study\\.venv\\Lib\\site-packages\\_pytest\\main.py&amp;quot;, line 350, in pytest_runtestloop\n    item.config.hook.pytest_runtest_protocol(item=item, nextitem=nextitem)\n  File &amp;quot;C:\\Users\\ajame\\Legal_Study\\.venv\\Lib\\site-packages\\pluggy\\_hooks.py&amp;quot;, line 513, in __call__\n    return self._hookexec(self.name, self._hookimpls.copy(), kwargs, firstresult)\n  File &amp;quot;C:\\Users\\ajame\\Legal_Study\\.venv\\Lib\\site-packages\\pluggy\\_manager.py&amp;quot;, line 120, in _hookexec\n    return self._inner_hookexec(hook_name, methods, kwargs, firstresult)\n  File &amp;quot;C:\\Users\\ajame\\Legal_Study\\.venv\\Lib\\site-packages\\pluggy\\_callers.py&amp;quot;, line 103, in _multicall\n    res = hook_impl.function(*args)\n  File &amp;quot;C:\\Users\\ajame\\Legal_Study\\.venv\\Lib\\site-packages\\_pytest\\runner.py&amp;quot;, line 114, in pytest_runtest_protocol\n    runtestprotocol(item, nextitem=nextitem)\n  File &amp;quot;C:\\Users\\ajame\\Legal_Study\\.venv\\Lib\\site-packages\\_pytest\\runner.py&amp;quot;, line 134, in runtestprotocol\n    reports.append(call_and_report(item, &amp;quot;teardown&amp;quot;, log, nextitem=nextitem))\n  File &amp;quot;C:\\Users\\ajame\\Legal_Study\\.venv\\Lib\\site-packages\\_pytest\\runner.py&amp;quot;, line 222, in call_and_report\n    call = call_runtest_hook(item, when, **kwds)\n  File &amp;quot;C:\\Users\\ajame\\Legal_Study\\.venv\\Lib\\site-packages\\_pytest\\runner.py&amp;quot;, line 261, in call_runtest_hook\n    return CallInfo.from_call(\n  File &amp;quot;C:\\Users\\ajame\\Legal_Study\\.venv\\Lib\\site-packages\\_pytest\\runner.py&amp;quot;, line 341, in from_call\n    result: Optional[TResult] = func()\n  File &amp;quot;C:\\Users\\ajame\\Legal_Study\\.venv\\Lib\\site-packages\\_pytest\\runner.py&amp;quot;, line 262, in &amp;lt;lambda&amp;gt;\n    lambda: ihook(item=item, **kwds), when=when, reraise=reraise\n  File &amp;quot;C:\\Users\\ajame\\Legal_Study\\.venv\\Lib\\site-packages\\pluggy\\_hooks.py&amp;quot;, line 513, in __call__\n    return self._hookexec(self.name, self._hookimpls.copy(), kwargs, firstresult)\n  File &amp;quot;C:\\Users\\ajame\\Legal_Study\\.venv\\Lib\\site-packages\\pluggy\\_manager.py&amp;quot;, line 120, in _hookexec\n    return self._inner_hookexec(hook_name, methods, kwargs, firstresult)\n  File &amp;quot;C:\\Users\\ajame\\Legal_Study\\.venv\\Lib\\site-packages\\pluggy\\_callers.py&amp;quot;, line 103, in _multicall\n    res = hook_impl.function(*args)\n  File &amp;quot;C:\\Users\\ajame\\Legal_Study\\.venv\\Lib\\site-packages\\_pytest\\runner.py&amp;quot;, line 182, in pytest_runtest_teardown\n    item.session._setupstate.teardown_exact(nextitem)\n  File &amp;quot;C:\\Users\\ajame\\Legal_Study\\.venv\\Lib\\site-packages\\_pytest\\runner.py&amp;quot;, line 526, in teardown_exact\n    fin()\n  File &amp;quot;C:\\Users\\ajame\\Legal_Study\\.venv\\Lib\\site-packages\\_pytest\\fixtures.py&amp;quot;, line 701, in &amp;lt;lambda&amp;gt;\n    subrequest.node.addfinalizer(lambda: fixturedef.finish(request=subrequest))\n  File &amp;quot;C:\\Users\\ajame\\Legal_Study\\.venv\\Lib\\site-packages\\_pytest\\fixtures.py&amp;quot;, line 1024, in finish\n    func()\n  File &amp;quot;C:\\Users\\ajame\\Legal_Study\\.venv\\Lib\\site-packages\\_pytest\\fixtures.py&amp;quot;, line 911, in _teardown_yield_fixture\n    next(it)\n  File &amp;quot;C:\\Users\\ajame\\Legal_Study\\tests\\conftest.py&amp;quot;, line 84, in setup_test_environment\n    logger.info(f&amp;quot;Ending test session at {datetime.now()}&amp;quot;)\nMessage: &amp;#x27;Ending test session at 2025-04-23 20:35:01.374666&amp;#x27;\nArguments: ()\n\n---------------------------- Captured log teardown -----------------------------\nINFO     conftest:conftest.py:84 Ending test session at 2025-04-23 20:35:01.374666&#34;}], &#34;tests/smoke/test_basic.py::test_redoc_available&#34;: [{&#34;extras&#34;: [], &#34;result&#34;: &#34;Passed&#34;, &#34;testId&#34;: &#34;tests/smoke/test_basic.py::test_redoc_available&#34;, &#34;duration&#34;: &#34;758 ms&#34;, &#34;resultsTableRow&#34;: [&#34;&lt;td class=\&#34;col-result\&#34;&gt;Passed&lt;/td&gt;&#34;, &#34;&lt;td class=\&#34;col-testId\&#34;&gt;tests/smoke/test_basic.py::test_redoc_available&lt;/td&gt;&#34;, &#34;&lt;td class=\&#34;col-duration\&#34;&gt;758 ms&lt;/td&gt;&#34;, &#34;&lt;td class=\&#34;col-links\&#34;&gt;&lt;/td&gt;&#34;], &#34;log&#34;: &#34;---------------------------- Captured stderr setup -----------------------------\n--- Logging error ---\nTraceback (most recent call last):\n  File &amp;quot;C:\\Users\\ajame\\AppData\\Local\\Programs\\Python\\Python311\\Lib\\logging\\__init__.py&amp;quot;, line 1113, in emit\n    stream.write(msg + self.terminator)\nOSError: [WinError 6] The handle is invalid\nCall stack:\n  File &amp;quot;C:\\Users\\ajame\\Legal_Study\\run_tests.py&amp;quot;, line 119, in &amp;lt;module&amp;gt;\n    main()\n  File &amp;quot;C:\\Users\\ajame\\Legal_Study\\run_tests.py&amp;quot;, line 95, in main\n    result = run_test_suite(suite)\n  File &amp;quot;C:\\Users\\ajame\\Legal_Study\\run_tests.py&amp;quot;, line 54, in run_test_suite\n    result = pytest.main(args)\n  File &amp;quot;C:\\Users\\ajame\\Legal_Study\\.venv\\Lib\\site-packages\\_pytest\\config\\__init__.py&amp;quot;, line 169, in main\n    ret: Union[ExitCode, int] = config.hook.pytest_cmdline_main(\n  File &amp;quot;C:\\Users\\ajame\\Legal_Study\\.venv\\Lib\\site-packages\\pluggy\\_hooks.py&amp;quot;, line 513, in __call__\n    return self._hookexec(self.name, self._hookimpls.copy(), kwargs, firstresult)\n  File &amp;quot;C:\\Users\\ajame\\Legal_Study\\.venv\\Lib\\site-packages\\pluggy\\_manager.py&amp;quot;, line 120, in _hookexec\n    return self._inner_hookexec(hook_name, methods, kwargs, firstresult)\n  File &amp;quot;C:\\Users\\ajame\\Legal_Study\\.venv\\Lib\\site-packages\\pluggy\\_callers.py&amp;quot;, line 103, in _multicall\n    res = hook_impl.function(*args)\n  File &amp;quot;C:\\Users\\ajame\\Legal_Study\\.venv\\Lib\\site-packages\\_pytest\\main.py&amp;quot;, line 318, in pytest_cmdline_main\n    return wrap_session(config, _main)\n  File &amp;quot;C:\\Users\\ajame\\Legal_Study\\.venv\\Lib\\site-packages\\_pytest\\main.py&amp;quot;, line 271, in wrap_session\n    session.exitstatus = doit(config, session) or 0\n  File &amp;quot;C:\\Users\\ajame\\Legal_Study\\.venv\\Lib\\site-packages\\_pytest\\main.py&amp;quot;, line 325, in _main\n    config.hook.pytest_runtestloop(session=session)\n  File &amp;quot;C:\\Users\\ajame\\Legal_Study\\.venv\\Lib\\site-packages\\pluggy\\_hooks.py&amp;quot;, line 513, in __call__\n    return self._hookexec(self.name, self._hookimpls.copy(), kwargs, firstresult)\n  File &amp;quot;C:\\Users\\ajame\\Legal_Study\\.venv\\Lib\\site-packages\\pluggy\\_manager.py&amp;quot;, line 120, in _hookexec\n    return self._inner_hookexec(hook_name, methods, kwargs, firstresult)\n  File &amp;quot;C:\\Users\\ajame\\Legal_Study\\.venv\\Lib\\site-packages\\pluggy\\_callers.py&amp;quot;, line 103, in _multicall\n    res = hook_impl.function(*args)\n  File &amp;quot;C:\\Users\\ajame\\Legal_Study\\.venv\\Lib\\site-packages\\_pytest\\main.py&amp;quot;, line 350, in pytest_runtestloop\n    item.config.hook.pytest_runtest_protocol(item=item, nextitem=nextitem)\n  File &amp;quot;C:\\Users\\ajame\\Legal_Study\\.venv\\Lib\\site-packages\\pluggy\\_hooks.py&amp;quot;, line 513, in __call__\n    return self._hookexec(self.name, self._hookimpls.copy(), kwargs, firstresult)\n  File &amp;quot;C:\\Users\\ajame\\Legal_Study\\.venv\\Lib\\site-packages\\pluggy\\_manager.py&amp;quot;, line 120, in _hookexec\n    return self._inner_hookexec(hook_name, methods, kwargs, firstresult)\n  File &amp;quot;C:\\Users\\ajame\\Legal_Study\\.venv\\Lib\\site-packages\\pluggy\\_callers.py&amp;quot;, line 103, in _multicall\n    res = hook_impl.function(*args)\n  File &amp;quot;C:\\Users\\ajame\\Legal_Study\\.venv\\Lib\\site-packages\\_pytest\\runner.py&amp;quot;, line 114, in pytest_runtest_protocol\n    runtestprotocol(item, nextitem=nextitem)\n  File &amp;quot;C:\\Users\\ajame\\Legal_Study\\.venv\\Lib\\site-packages\\_pytest\\runner.py&amp;quot;, line 127, in runtestprotocol\n    rep = call_and_report(item, &amp;quot;setup&amp;quot;, log)\n  File &amp;quot;C:\\Users\\ajame\\Legal_Study\\.venv\\Lib\\site-packages\\_pytest\\runner.py&amp;quot;, line 222, in call_and_report\n    call = call_runtest_hook(item, when, **kwds)\n  File &amp;quot;C:\\Users\\ajame\\Legal_Study\\.venv\\Lib\\site-packages\\_pytest\\runner.py&amp;quot;, line 261, in call_runtest_hook\n    return CallInfo.from_call(\n  File &amp;quot;C:\\Users\\ajame\\Legal_Study\\.venv\\Lib\\site-packages\\_pytest\\runner.py&amp;quot;, line 341, in from_call\n    result: Optional[TResult] = func()\n  File &amp;quot;C:\\Users\\ajame\\Legal_Study\\.venv\\Lib\\site-packages\\_pytest\\runner.py&amp;quot;, line 262, in &amp;lt;lambda&amp;gt;\n    lambda: ihook(item=item, **kwds), when=when, reraise=reraise\n  File &amp;quot;C:\\Users\\ajame\\Legal_Study\\.venv\\Lib\\site-packages\\pluggy\\_hooks.py&amp;quot;, line 513, in __call__\n    return self._hookexec(self.name, self._hookimpls.copy(), kwargs, firstresult)\n  File &amp;quot;C:\\Users\\ajame\\Legal_Study\\.venv\\Lib\\site-packages\\pluggy\\_manager.py&amp;quot;, line 120, in _hookexec\n    return self._inner_hookexec(hook_name, methods, kwargs, firstresult)\n  File &amp;quot;C:\\Users\\ajame\\Legal_Study\\.venv\\Lib\\site-packages\\pluggy\\_callers.py&amp;quot;, line 103, in _multicall\n    res = hook_impl.function(*args)\n  File &amp;quot;C:\\Users\\ajame\\Legal_Study\\.venv\\Lib\\site-packages\\_pytest\\runner.py&amp;quot;, line 157, in pytest_runtest_setup\n    item.session._setupstate.setup(item)\n  File &amp;quot;C:\\Users\\ajame\\Legal_Study\\.venv\\Lib\\site-packages\\_pytest\\runner.py&amp;quot;, line 494, in setup\n    col.setup()\n  File &amp;quot;C:\\Users\\ajame\\Legal_Study\\.venv\\Lib\\site-packages\\_pytest\\python.py&amp;quot;, line 1795, in setup\n    self._request._fillfixtures()\n  File &amp;quot;C:\\Users\\ajame\\Legal_Study\\.venv\\Lib\\site-packages\\_pytest\\fixtures.py&amp;quot;, line 566, in _fillfixtures\n    item.funcargs[argname] = self.getfixturevalue(argname)\n  File &amp;quot;C:\\Users\\ajame\\Legal_Study\\.venv\\Lib\\site-packages\\_pytest\\fixtures.py&amp;quot;, line 585, in getfixturevalue\n    fixturedef = self._get_active_fixturedef(argname)\n  File &amp;quot;C:\\Users\\ajame\\Legal_Study\\.venv\\Lib\\site-packages\\_pytest\\fixtures.py&amp;quot;, line 607, in _get_active_fixturedef\n    self._compute_fixture_value(fixturedef)\n  File &amp;quot;C:\\Users\\ajame\\Legal_Study\\.venv\\Lib\\site-packages\\_pytest\\fixtures.py&amp;quot;, line 693, in _compute_fixture_value\n    fixturedef.execute(request=subrequest)\n  File &amp;quot;C:\\Users\\ajame\\Legal_Study\\.venv\\Lib\\site-packages\\_pytest\\fixtures.py&amp;quot;, line 1069, in execute\n    result = ihook.pytest_fixture_setup(fixturedef=self, request=request)\n  File &amp;quot;C:\\Users\\ajame\\Legal_Study\\.venv\\Lib\\site-packages\\pluggy\\_hooks.py&amp;quot;, line 513, in __call__\n    return self._hookexec(self.name, self._hookimpls.copy(), kwargs, firstresult)\n  File &amp;quot;C:\\Users\\ajame\\Legal_Study\\.venv\\Lib\\site-packages\\pluggy\\_manager.py&amp;quot;, line 120, in _hookexec\n    return self._inner_hookexec(hook_name, methods, kwargs, firstresult)\n  File &amp;quot;C:\\Users\\ajame\\Legal_Study\\.venv\\Lib\\site-packages\\pluggy\\_callers.py&amp;quot;, line 103, in _multicall\n    res = hook_impl.function(*args)\n  File &amp;quot;C:\\Users\\ajame\\Legal_Study\\.venv\\Lib\\site-packages\\_pytest\\fixtures.py&amp;quot;, line 1123, in pytest_fixture_setup\n    result = call_fixture_func(fixturefunc, request, kwargs)\n  File &amp;quot;C:\\Users\\ajame\\Legal_Study\\.venv\\Lib\\site-packages\\_pytest\\fixtures.py&amp;quot;, line 895, in call_fixture_func\n    fixture_result = next(generator)\n  File &amp;quot;C:\\Users\\ajame\\Legal_Study\\tests\\conftest.py&amp;quot;, line 79, in setup_test_environment\n    logger.info(f&amp;quot;Starting test session at {datetime.now()}&amp;quot;)\nMessage: &amp;#x27;Starting test session at 2025-04-23 20:35:01.410300&amp;#x27;\nArguments: ()\n\n------------------------------ Captured log setup ------------------------------\nINFO     conftest:conftest.py:79 Starting test session at 2025-04-23 20:35:01.410300\n--------------------------- Captured stderr teardown ---------------------------\n--- Logging error ---\nTraceback (most recent call last):\n  File &amp;quot;C:\\Users\\ajame\\AppData\\Local\\Programs\\Python\\Python311\\Lib\\logging\\__init__.py&amp;quot;, line 1113, in emit\n    stream.write(msg + self.terminator)\nOSError: [WinError 6] The handle is invalid\nCall stack:\n  File &amp;quot;C:\\Users\\ajame\\Legal_Study\\run_tests.py&amp;quot;, line 119, in &amp;lt;module&amp;gt;\n    main()\n  File &amp;quot;C:\\Users\\ajame\\Legal_Study\\run_tests.py&amp;quot;, line 95, in main\n    result = run_test_suite(suite)\n  File &amp;quot;C:\\Users\\ajame\\Legal_Study\\run_tests.py&amp;quot;, line 54, in run_test_suite\n    result = pytest.main(args)\n  File &amp;quot;C:\\Users\\ajame\\Legal_Study\\.venv\\Lib\\site-packages\\_pytest\\config\\__init__.py&amp;quot;, line 169, in main\n    ret: Union[ExitCode, int] = config.hook.pytest_cmdline_main(\n  File &amp;quot;C:\\Users\\ajame\\Legal_Study\\.venv\\Lib\\site-packages\\pluggy\\_hooks.py&amp;quot;, line 513, in __call__\n    return self._hookexec(self.name, self._hookimpls.copy(), kwargs, firstresult)\n  File &amp;quot;C:\\Users\\ajame\\Legal_Study\\.venv\\Lib\\site-packages\\pluggy\\_manager.py&amp;quot;, line 120, in _hookexec\n    return self._inner_hookexec(hook_name, methods, kwargs, firstresult)\n  File &amp;quot;C:\\Users\\ajame\\Legal_Study\\.venv\\Lib\\site-packages\\pluggy\\_callers.py&amp;quot;, line 103, in _multicall\n    res = hook_impl.function(*args)\n  File &amp;quot;C:\\Users\\ajame\\Legal_Study\\.venv\\Lib\\site-packages\\_pytest\\main.py&amp;quot;, line 318, in pytest_cmdline_main\n    return wrap_session(config, _main)\n  File &amp;quot;C:\\Users\\ajame\\Legal_Study\\.venv\\Lib\\site-packages\\_pytest\\main.py&amp;quot;, line 271, in wrap_session\n    session.exitstatus = doit(config, session) or 0\n  File &amp;quot;C:\\Users\\ajame\\Legal_Study\\.venv\\Lib\\site-packages\\_pytest\\main.py&amp;quot;, line 325, in _main\n    config.hook.pytest_runtestloop(session=session)\n  File &amp;quot;C:\\Users\\ajame\\Legal_Study\\.venv\\Lib\\site-packages\\pluggy\\_hooks.py&amp;quot;, line 513, in __call__\n    return self._hookexec(self.name, self._hookimpls.copy(), kwargs, firstresult)\n  File &amp;quot;C:\\Users\\ajame\\Legal_Study\\.venv\\Lib\\site-packages\\pluggy\\_manager.py&amp;quot;, line 120, in _hookexec\n    return self._inner_hookexec(hook_name, methods, kwargs, firstresult)\n  File &amp;quot;C:\\Users\\ajame\\Legal_Study\\.venv\\Lib\\site-packages\\pluggy\\_callers.py&amp;quot;, line 103, in _multicall\n    res = hook_impl.function(*args)\n  File &amp;quot;C:\\Users\\ajame\\Legal_Study\\.venv\\Lib\\site-packages\\_pytest\\main.py&amp;quot;, line 350, in pytest_runtestloop\n    item.config.hook.pytest_runtest_protocol(item=item, nextitem=nextitem)\n  File &amp;quot;C:\\Users\\ajame\\Legal_Study\\.venv\\Lib\\site-packages\\pluggy\\_hooks.py&amp;quot;, line 513, in __call__\n    return self._hookexec(self.name, self._hookimpls.copy(), kwargs, firstresult)\n  File &amp;quot;C:\\Users\\ajame\\Legal_Study\\.venv\\Lib\\site-packages\\pluggy\\_manager.py&amp;quot;, line 120, in _hookexec\n    return self._inner_hookexec(hook_name, methods, kwargs, firstresult)\n  File &amp;quot;C:\\Users\\ajame\\Legal_Study\\.venv\\Lib\\site-packages\\pluggy\\_callers.py&amp;quot;, line 103, in _multicall\n    res = hook_impl.function(*args)\n  File &amp;quot;C:\\Users\\ajame\\Legal_Study\\.venv\\Lib\\site-packages\\_pytest\\runner.py&amp;quot;, line 114, in pytest_runtest_protocol\n    runtestprotocol(item, nextitem=nextitem)\n  File &amp;quot;C:\\Users\\ajame\\Legal_Study\\.venv\\Lib\\site-packages\\_pytest\\runner.py&amp;quot;, line 134, in runtestprotocol\n    reports.append(call_and_report(item, &amp;quot;teardown&amp;quot;, log, nextitem=nextitem))\n  File &amp;quot;C:\\Users\\ajame\\Legal_Study\\.venv\\Lib\\site-packages\\_pytest\\runner.py&amp;quot;, line 222, in call_and_report\n    call = call_runtest_hook(item, when, **kwds)\n  File &amp;quot;C:\\Users\\ajame\\Legal_Study\\.venv\\Lib\\site-packages\\_pytest\\runner.py&amp;quot;, line 261, in call_runtest_hook\n    return CallInfo.from_call(\n  File &amp;quot;C:\\Users\\ajame\\Legal_Study\\.venv\\Lib\\site-packages\\_pytest\\runner.py&amp;quot;, line 341, in from_call\n    result: Optional[TResult] = func()\n  File &amp;quot;C:\\Users\\ajame\\Legal_Study\\.venv\\Lib\\site-packages\\_pytest\\runner.py&amp;quot;, line 262, in &amp;lt;lambda&amp;gt;\n    lambda: ihook(item=item, **kwds), when=when, reraise=reraise\n  File &amp;quot;C:\\Users\\ajame\\Legal_Study\\.venv\\Lib\\site-packages\\pluggy\\_hooks.py&amp;quot;, line 513, in __call__\n    return self._hookexec(self.name, self._hookimpls.copy(), kwargs, firstresult)\n  File &amp;quot;C:\\Users\\ajame\\Legal_Study\\.venv\\Lib\\site-packages\\pluggy\\_manager.py&amp;quot;, line 120, in _hookexec\n    return self._inner_hookexec(hook_name, methods, kwargs, firstresult)\n  File &amp;quot;C:\\Users\\ajame\\Legal_Study\\.venv\\Lib\\site-packages\\pluggy\\_callers.py&amp;quot;, line 103, in _multicall\n    res = hook_impl.function(*args)\n  File &amp;quot;C:\\Users\\ajame\\Legal_Study\\.venv\\Lib\\site-packages\\_pytest\\runner.py&amp;quot;, line 182, in pytest_runtest_teardown\n    item.session._setupstate.teardown_exact(nextitem)\n  File &amp;quot;C:\\Users\\ajame\\Legal_Study\\.venv\\Lib\\site-packages\\_pytest\\runner.py&amp;quot;, line 526, in teardown_exact\n    fin()\n  File &amp;quot;C:\\Users\\ajame\\Legal_Study\\.venv\\Lib\\site-packages\\_pytest\\fixtures.py&amp;quot;, line 701, in &amp;lt;lambda&amp;gt;\n    subrequest.node.addfinalizer(lambda: fixturedef.finish(request=subrequest))\n  File &amp;quot;C:\\Users\\ajame\\Legal_Study\\.venv\\Lib\\site-packages\\_pytest\\fixtures.py&amp;quot;, line 1024, in finish\n    func()\n  File &amp;quot;C:\\Users\\ajame\\Legal_Study\\.venv\\Lib\\site-packages\\_pytest\\fixtures.py&amp;quot;, line 911, in _teardown_yield_fixture\n    next(it)\n  File &amp;quot;C:\\Users\\ajame\\Legal_Study\\tests\\conftest.py&amp;quot;, line 84, in setup_test_environment\n    logger.info(f&amp;quot;Ending test session at {datetime.now()}&amp;quot;)\nMessage: &amp;#x27;Ending test session at 2025-04-23 20:35:02.145539&amp;#x27;\nArguments: ()\n\n---------------------------- Captured log teardown -----------------------------\nINFO     conftest:conftest.py:84 Ending test session at 2025-04-23 20:35:02.145539&#34;}], &#34;tests/smoke/test_basic.py::test_docs_available&#34;: [{&#34;extras&#34;: [], &#34;result&#34;: &#34;Passed&#34;, &#34;testId&#34;: &#34;tests/smoke/test_basic.py::test_docs_available&#34;, &#34;duration&#34;: &#34;00:00:01&#34;, &#34;resultsTableRow&#34;: [&#34;&lt;td class=\&#34;col-result\&#34;&gt;Passed&lt;/td&gt;&#34;, &#34;&lt;td class=\&#34;col-testId\&#34;&gt;tests/smoke/test_basic.py::test_docs_available&lt;/td&gt;&#34;, &#34;&lt;td class=\&#34;col-duration\&#34;&gt;00:00:01&lt;/td&gt;&#34;, &#34;&lt;td class=\&#34;col-links\&#34;&gt;&lt;/td&gt;&#34;], &#34;log&#34;: &#34;---------------------------- Captured stderr setup -----------------------------\n--- Logging error ---\nTraceback (most recent call last):\n  File &amp;quot;C:\\Users\\ajame\\AppData\\Local\\Programs\\Python\\Python311\\Lib\\logging\\__init__.py&amp;quot;, line 1113, in emit\n    stream.write(msg + self.terminator)\nOSError: [WinError 6] The handle is invalid\nCall stack:\n  File &amp;quot;C:\\Users\\ajame\\Legal_Study\\run_tests.py&amp;quot;, line 119, in &amp;lt;module&amp;gt;\n    main()\n  File &amp;quot;C:\\Users\\ajame\\Legal_Study\\run_tests.py&amp;quot;, line 95, in main\n    result = run_test_suite(suite)\n  File &amp;quot;C:\\Users\\ajame\\Legal_Study\\run_tests.py&amp;quot;, line 54, in run_test_suite\n    result = pytest.main(args)\n  File &amp;quot;C:\\Users\\ajame\\Legal_Study\\.venv\\Lib\\site-packages\\_pytest\\config\\__init__.py&amp;quot;, line 169, in main\n    ret: Union[ExitCode, int] = config.hook.pytest_cmdline_main(\n  File &amp;quot;C:\\Users\\ajame\\Legal_Study\\.venv\\Lib\\site-packages\\pluggy\\_hooks.py&amp;quot;, line 513, in __call__\n    return self._hookexec(self.name, self._hookimpls.copy(), kwargs, firstresult)\n  File &amp;quot;C:\\Users\\ajame\\Legal_Study\\.venv\\Lib\\site-packages\\pluggy\\_manager.py&amp;quot;, line 120, in _hookexec\n    return self._inner_hookexec(hook_name, methods, kwargs, firstresult)\n  File &amp;quot;C:\\Users\\ajame\\Legal_Study\\.venv\\Lib\\site-packages\\pluggy\\_callers.py&amp;quot;, line 103, in _multicall\n    res = hook_impl.function(*args)\n  File &amp;quot;C:\\Users\\ajame\\Legal_Study\\.venv\\Lib\\site-packages\\_pytest\\main.py&amp;quot;, line 318, in pytest_cmdline_main\n    return wrap_session(config, _main)\n  File &amp;quot;C:\\Users\\ajame\\Legal_Study\\.venv\\Lib\\site-packages\\_pytest\\main.py&amp;quot;, line 271, in wrap_session\n    session.exitstatus = doit(config, session) or 0\n  File &amp;quot;C:\\Users\\ajame\\Legal_Study\\.venv\\Lib\\site-packages\\_pytest\\main.py&amp;quot;, line 325, in _main\n    config.hook.pytest_runtestloop(session=session)\n  File &amp;quot;C:\\Users\\ajame\\Legal_Study\\.venv\\Lib\\site-packages\\pluggy\\_hooks.py&amp;quot;, line 513, in __call__\n    return self._hookexec(self.name, self._hookimpls.copy(), kwargs, firstresult)\n  File &amp;quot;C:\\Users\\ajame\\Legal_Study\\.venv\\Lib\\site-packages\\pluggy\\_manager.py&amp;quot;, line 120, in _hookexec\n    return self._inner_hookexec(hook_name, methods, kwargs, firstresult)\n  File &amp;quot;C:\\Users\\ajame\\Legal_Study\\.venv\\Lib\\site-packages\\pluggy\\_callers.py&amp;quot;, line 103, in _multicall\n    res = hook_impl.function(*args)\n  File &amp;quot;C:\\Users\\ajame\\Legal_Study\\.venv\\Lib\\site-packages\\_pytest\\main.py&amp;quot;, line 350, in pytest_runtestloop\n    item.config.hook.pytest_runtest_protocol(item=item, nextitem=nextitem)\n  File &amp;quot;C:\\Users\\ajame\\Legal_Study\\.venv\\Lib\\site-packages\\pluggy\\_hooks.py&amp;quot;, line 513, in __call__\n    return self._hookexec(self.name, self._hookimpls.copy(), kwargs, firstresult)\n  File &amp;quot;C:\\Users\\ajame\\Legal_Study\\.venv\\Lib\\site-packages\\pluggy\\_manager.py&amp;quot;, line 120, in _hookexec\n    return self._inner_hookexec(hook_name, methods, kwargs, firstresult)\n  File &amp;quot;C:\\Users\\ajame\\Legal_Study\\.venv\\Lib\\site-packages\\pluggy\\_callers.py&amp;quot;, line 103, in _multicall\n    res = hook_impl.function(*args)\n  File &amp;quot;C:\\Users\\ajame\\Legal_Study\\.venv\\Lib\\site-packages\\_pytest\\runner.py&amp;quot;, line 114, in pytest_runtest_protocol\n    runtestprotocol(item, nextitem=nextitem)\n  File &amp;quot;C:\\Users\\ajame\\Legal_Study\\.venv\\Lib\\site-packages\\_pytest\\runner.py&amp;quot;, line 127, in runtestprotocol\n    rep = call_and_report(item, &amp;quot;setup&amp;quot;, log)\n  File &amp;quot;C:\\Users\\ajame\\Legal_Study\\.venv\\Lib\\site-packages\\_pytest\\runner.py&amp;quot;, line 222, in call_and_report\n    call = call_runtest_hook(item, when, **kwds)\n  File &amp;quot;C:\\Users\\ajame\\Legal_Study\\.venv\\Lib\\site-packages\\_pytest\\runner.py&amp;quot;, line 261, in call_runtest_hook\n    return CallInfo.from_call(\n  File &amp;quot;C:\\Users\\ajame\\Legal_Study\\.venv\\Lib\\site-packages\\_pytest\\runner.py&amp;quot;, line 341, in from_call\n    result: Optional[TResult] = func()\n  File &amp;quot;C:\\Users\\ajame\\Legal_Study\\.venv\\Lib\\site-packages\\_pytest\\runner.py&amp;quot;, line 262, in &amp;lt;lambda&amp;gt;\n    lambda: ihook(item=item, **kwds), when=when, reraise=reraise\n  File &amp;quot;C:\\Users\\ajame\\Legal_Study\\.venv\\Lib\\site-packages\\pluggy\\_hooks.py&amp;quot;, line 513, in __call__\n    return self._hookexec(self.name, self._hookimpls.copy(), kwargs, firstresult)\n  File &amp;quot;C:\\Users\\ajame\\Legal_Study\\.venv\\Lib\\site-packages\\pluggy\\_manager.py&amp;quot;, line 120, in _hookexec\n    return self._inner_hookexec(hook_name, methods, kwargs, firstresult)\n  File &amp;quot;C:\\Users\\ajame\\Legal_Study\\.venv\\Lib\\site-packages\\pluggy\\_callers.py&amp;quot;, line 103, in _multicall\n    res = hook_impl.function(*args)\n  File &amp;quot;C:\\Users\\ajame\\Legal_Study\\.venv\\Lib\\site-packages\\_pytest\\runner.py&amp;quot;, line 157, in pytest_runtest_setup\n    item.session._setupstate.setup(item)\n  File &amp;quot;C:\\Users\\ajame\\Legal_Study\\.venv\\Lib\\site-packages\\_pytest\\runner.py&amp;quot;, line 494, in setup\n    col.setup()\n  File &amp;quot;C:\\Users\\ajame\\Legal_Study\\.venv\\Lib\\site-packages\\_pytest\\python.py&amp;quot;, line 1795, in setup\n    self._request._fillfixtures()\n  File &amp;quot;C:\\Users\\ajame\\Legal_Study\\.venv\\Lib\\site-packages\\_pytest\\fixtures.py&amp;quot;, line 566, in _fillfixtures\n    item.funcargs[argname] = self.getfixturevalue(argname)\n  File &amp;quot;C:\\Users\\ajame\\Legal_Study\\.venv\\Lib\\site-packages\\_pytest\\fixtures.py&amp;quot;, line 585, in getfixturevalue\n    fixturedef = self._get_active_fixturedef(argname)\n  File &amp;quot;C:\\Users\\ajame\\Legal_Study\\.venv\\Lib\\site-packages\\_pytest\\fixtures.py&amp;quot;, line 607, in _get_active_fixturedef\n    self._compute_fixture_value(fixturedef)\n  File &amp;quot;C:\\Users\\ajame\\Legal_Study\\.venv\\Lib\\site-packages\\_pytest\\fixtures.py&amp;quot;, line 693, in _compute_fixture_value\n    fixturedef.execute(request=subrequest)\n  File &amp;quot;C:\\Users\\ajame\\Legal_Study\\.venv\\Lib\\site-packages\\_pytest\\fixtures.py&amp;quot;, line 1069, in execute\n    result = ihook.pytest_fixture_setup(fixturedef=self, request=request)\n  File &amp;quot;C:\\Users\\ajame\\Legal_Study\\.venv\\Lib\\site-packages\\pluggy\\_hooks.py&amp;quot;, line 513, in __call__\n    return self._hookexec(self.name, self._hookimpls.copy(), kwargs, firstresult)\n  File &amp;quot;C:\\Users\\ajame\\Legal_Study\\.venv\\Lib\\site-packages\\pluggy\\_manager.py&amp;quot;, line 120, in _hookexec\n    return self._inner_hookexec(hook_name, methods, kwargs, firstresult)\n  File &amp;quot;C:\\Users\\ajame\\Legal_Study\\.venv\\Lib\\site-packages\\pluggy\\_callers.py&amp;quot;, line 103, in _multicall\n    res = hook_impl.function(*args)\n  File &amp;quot;C:\\Users\\ajame\\Legal_Study\\.venv\\Lib\\site-packages\\_pytest\\fixtures.py&amp;quot;, line 1123, in pytest_fixture_setup\n    result = call_fixture_func(fixturefunc, request, kwargs)\n  File &amp;quot;C:\\Users\\ajame\\Legal_Study\\.venv\\Lib\\site-packages\\_pytest\\fixtures.py&amp;quot;, line 895, in call_fixture_func\n    fixture_result = next(generator)\n  File &amp;quot;C:\\Users\\ajame\\Legal_Study\\tests\\conftest.py&amp;quot;, line 79, in setup_test_environment\n    logger.info(f&amp;quot;Starting test session at {datetime.now()}&amp;quot;)\nMessage: &amp;#x27;Starting test session at 2025-04-23 20:35:02.171312&amp;#x27;\nArguments: ()\n\n------------------------------ Captured log setup ------------------------------\nINFO     conftest:conftest.py:79 Starting test session at 2025-04-23 20:35:02.171312\n--------------------------- Captured stderr teardown ---------------------------\n--- Logging error ---\nTraceback (most recent call last):\n  File &amp;quot;C:\\Users\\ajame\\AppData\\Local\\Programs\\Python\\Python311\\Lib\\logging\\__init__.py&amp;quot;, line 1113, in emit\n    stream.write(msg + self.terminator)\nOSError: [WinError 6] The handle is invalid\nCall stack:\n  File &amp;quot;C:\\Users\\ajame\\Legal_Study\\run_tests.py&amp;quot;, line 119, in &amp;lt;module&amp;gt;\n    main()\n  File &amp;quot;C:\\Users\\ajame\\Legal_Study\\run_tests.py&amp;quot;, line 95, in main\n    result = run_test_suite(suite)\n  File &amp;quot;C:\\Users\\ajame\\Legal_Study\\run_tests.py&amp;quot;, line 54, in run_test_suite\n    result = pytest.main(args)\n  File &amp;quot;C:\\Users\\ajame\\Legal_Study\\.venv\\Lib\\site-packages\\_pytest\\config\\__init__.py&amp;quot;, line 169, in main\n    ret: Union[ExitCode, int] = config.hook.pytest_cmdline_main(\n  File &amp;quot;C:\\Users\\ajame\\Legal_Study\\.venv\\Lib\\site-packages\\pluggy\\_hooks.py&amp;quot;, line 513, in __call__\n    return self._hookexec(self.name, self._hookimpls.copy(), kwargs, firstresult)\n  File &amp;quot;C:\\Users\\ajame\\Legal_Study\\.venv\\Lib\\site-packages\\pluggy\\_manager.py&amp;quot;, line 120, in _hookexec\n    return self._inner_hookexec(hook_name, methods, kwargs, firstresult)\n  File &amp;quot;C:\\Users\\ajame\\Legal_Study\\.venv\\Lib\\site-packages\\pluggy\\_callers.py&amp;quot;, line 103, in _multicall\n    res = hook_impl.function(*args)\n  File &amp;quot;C:\\Users\\ajame\\Legal_Study\\.venv\\Lib\\site-packages\\_pytest\\main.py&amp;quot;, line 318, in pytest_cmdline_main\n    return wrap_session(config, _main)\n  File &amp;quot;C:\\Users\\ajame\\Legal_Study\\.venv\\Lib\\site-packages\\_pytest\\main.py&amp;quot;, line 271, in wrap_session\n    session.exitstatus = doit(config, session) or 0\n  File &amp;quot;C:\\Users\\ajame\\Legal_Study\\.venv\\Lib\\site-packages\\_pytest\\main.py&amp;quot;, line 325, in _main\n    config.hook.pytest_runtestloop(session=session)\n  File &amp;quot;C:\\Users\\ajame\\Legal_Study\\.venv\\Lib\\site-packages\\pluggy\\_hooks.py&amp;quot;, line 513, in __call__\n    return self._hookexec(self.name, self._hookimpls.copy(), kwargs, firstresult)\n  File &amp;quot;C:\\Users\\ajame\\Legal_Study\\.venv\\Lib\\site-packages\\pluggy\\_manager.py&amp;quot;, line 120, in _hookexec\n    return self._inner_hookexec(hook_name, methods, kwargs, firstresult)\n  File &amp;quot;C:\\Users\\ajame\\Legal_Study\\.venv\\Lib\\site-packages\\pluggy\\_callers.py&amp;quot;, line 103, in _multicall\n    res = hook_impl.function(*args)\n  File &amp;quot;C:\\Users\\ajame\\Legal_Study\\.venv\\Lib\\site-packages\\_pytest\\main.py&amp;quot;, line 350, in pytest_runtestloop\n    item.config.hook.pytest_runtest_protocol(item=item, nextitem=nextitem)\n  File &amp;quot;C:\\Users\\ajame\\Legal_Study\\.venv\\Lib\\site-packages\\pluggy\\_hooks.py&amp;quot;, line 513, in __call__\n    return self._hookexec(self.name, self._hookimpls.copy(), kwargs, firstresult)\n  File &amp;quot;C:\\Users\\ajame\\Legal_Study\\.venv\\Lib\\site-packages\\pluggy\\_manager.py&amp;quot;, line 120, in _hookexec\n    return self._inner_hookexec(hook_name, methods, kwargs, firstresult)\n  File &amp;quot;C:\\Users\\ajame\\Legal_Study\\.venv\\Lib\\site-packages\\pluggy\\_callers.py&amp;quot;, line 103, in _multicall\n    res = hook_impl.function(*args)\n  File &amp;quot;C:\\Users\\ajame\\Legal_Study\\.venv\\Lib\\site-packages\\_pytest\\runner.py&amp;quot;, line 114, in pytest_runtest_protocol\n    runtestprotocol(item, nextitem=nextitem)\n  File &amp;quot;C:\\Users\\ajame\\Legal_Study\\.venv\\Lib\\site-packages\\_pytest\\runner.py&amp;quot;, line 134, in runtestprotocol\n    reports.append(call_and_report(item, &amp;quot;teardown&amp;quot;, log, nextitem=nextitem))\n  File &amp;quot;C:\\Users\\ajame\\Legal_Study\\.venv\\Lib\\site-packages\\_pytest\\runner.py&amp;quot;, line 222, in call_and_report\n    call = call_runtest_hook(item, when, **kwds)\n  File &amp;quot;C:\\Users\\ajame\\Legal_Study\\.venv\\Lib\\site-packages\\_pytest\\runner.py&amp;quot;, line 261, in call_runtest_hook\n    return CallInfo.from_call(\n  File &amp;quot;C:\\Users\\ajame\\Legal_Study\\.venv\\Lib\\site-packages\\_pytest\\runner.py&amp;quot;, line 341, in from_call\n    result: Optional[TResult] = func()\n  File &amp;quot;C:\\Users\\ajame\\Legal_Study\\.venv\\Lib\\site-packages\\_pytest\\runner.py&amp;quot;, line 262, in &amp;lt;lambda&amp;gt;\n    lambda: ihook(item=item, **kwds), when=when, reraise=reraise\n  File &amp;quot;C:\\Users\\ajame\\Legal_Study\\.venv\\Lib\\site-packages\\pluggy\\_hooks.py&amp;quot;, line 513, in __call__\n    return self._hookexec(self.name, self._hookimpls.copy(), kwargs, firstresult)\n  File &amp;quot;C:\\Users\\ajame\\Legal_Study\\.venv\\Lib\\site-packages\\pluggy\\_manager.py&amp;quot;, line 120, in _hookexec\n    return self._inner_hookexec(hook_name, methods, kwargs, firstresult)\n  File &amp;quot;C:\\Users\\ajame\\Legal_Study\\.venv\\Lib\\site-packages\\pluggy\\_callers.py&amp;quot;, line 103, in _multicall\n    res = hook_impl.function(*args)\n  File &amp;quot;C:\\Users\\ajame\\Legal_Study\\.venv\\Lib\\site-packages\\_pytest\\runner.py&amp;quot;, line 182, in pytest_runtest_teardown\n    item.session._setupstate.teardown_exact(nextitem)\n  File &amp;quot;C:\\Users\\ajame\\Legal_Study\\.venv\\Lib\\site-packages\\_pytest\\runner.py&amp;quot;, line 526, in teardown_exact\n    fin()\n  File &amp;quot;C:\\Users\\ajame\\Legal_Study\\.venv\\Lib\\site-packages\\_pytest\\fixtures.py&amp;quot;, line 701, in &amp;lt;lambda&amp;gt;\n    subrequest.node.addfinalizer(lambda: fixturedef.finish(request=subrequest))\n  File &amp;quot;C:\\Users\\ajame\\Legal_Study\\.venv\\Lib\\site-packages\\_pytest\\fixtures.py&amp;quot;, line 1024, in finish\n    func()\n  File &amp;quot;C:\\Users\\ajame\\Legal_Study\\.venv\\Lib\\site-packages\\_pytest\\fixtures.py&amp;quot;, line 911, in _teardown_yield_fixture\n    next(it)\n  File &amp;quot;C:\\Users\\ajame\\Legal_Study\\tests\\conftest.py&amp;quot;, line 84, in setup_test_environment\n    logger.info(f&amp;quot;Ending test session at {datetime.now()}&amp;quot;)\nMessage: &amp;#x27;Ending test session at 2025-04-23 20:35:03.441151&amp;#x27;\nArguments: ()\n\n---------------------------- Captured log teardown -----------------------------\nINFO     conftest:conftest.py:84 Ending test session at 2025-04-23 20:35:03.441151&#34;}], &#34;tests/smoke/test_basic.py::test_read_root&#34;: [{&#34;extras&#34;: [], &#34;result&#34;: &#34;Passed&#34;, &#34;testId&#34;: &#34;tests/smoke/test_basic.py::test_read_root&#34;, &#34;duration&#34;: &#34;893 ms&#34;, &#34;resultsTableRow&#34;: [&#34;&lt;td class=\&#34;col-result\&#34;&gt;Passed&lt;/td&gt;&#34;, &#34;&lt;td class=\&#34;col-testId\&#34;&gt;tests/smoke/test_basic.py::test_read_root&lt;/td&gt;&#34;, &#34;&lt;td class=\&#34;col-duration\&#34;&gt;893 ms&lt;/td&gt;&#34;, &#34;&lt;td class=\&#34;col-links\&#34;&gt;&lt;/td&gt;&#34;], &#34;log&#34;: &#34;---------------------------- Captured stderr setup -----------------------------\n--- Logging error ---\nTraceback (most recent call last):\n  File &amp;quot;C:\\Users\\ajame\\AppData\\Local\\Programs\\Python\\Python311\\Lib\\logging\\__init__.py&amp;quot;, line 1113, in emit\n    stream.write(msg + self.terminator)\nOSError: [WinError 6] The handle is invalid\nCall stack:\n  File &amp;quot;C:\\Users\\ajame\\Legal_Study\\run_tests.py&amp;quot;, line 119, in &amp;lt;module&amp;gt;\n    main()\n  File &amp;quot;C:\\Users\\ajame\\Legal_Study\\run_tests.py&amp;quot;, line 95, in main\n    result = run_test_suite(suite)\n  File &amp;quot;C:\\Users\\ajame\\Legal_Study\\run_tests.py&amp;quot;, line 54, in run_test_suite\n    result = pytest.main(args)\n  File &amp;quot;C:\\Users\\ajame\\Legal_Study\\.venv\\Lib\\site-packages\\_pytest\\config\\__init__.py&amp;quot;, line 169, in main\n    ret: Union[ExitCode, int] = config.hook.pytest_cmdline_main(\n  File &amp;quot;C:\\Users\\ajame\\Legal_Study\\.venv\\Lib\\site-packages\\pluggy\\_hooks.py&amp;quot;, line 513, in __call__\n    return self._hookexec(self.name, self._hookimpls.copy(), kwargs, firstresult)\n  File &amp;quot;C:\\Users\\ajame\\Legal_Study\\.venv\\Lib\\site-packages\\pluggy\\_manager.py&amp;quot;, line 120, in _hookexec\n    return self._inner_hookexec(hook_name, methods, kwargs, firstresult)\n  File &amp;quot;C:\\Users\\ajame\\Legal_Study\\.venv\\Lib\\site-packages\\pluggy\\_callers.py&amp;quot;, line 103, in _multicall\n    res = hook_impl.function(*args)\n  File &amp;quot;C:\\Users\\ajame\\Legal_Study\\.venv\\Lib\\site-packages\\_pytest\\main.py&amp;quot;, line 318, in pytest_cmdline_main\n    return wrap_session(config, _main)\n  File &amp;quot;C:\\Users\\ajame\\Legal_Study\\.venv\\Lib\\site-packages\\_pytest\\main.py&amp;quot;, line 271, in wrap_session\n    session.exitstatus = doit(config, session) or 0\n  File &amp;quot;C:\\Users\\ajame\\Legal_Study\\.venv\\Lib\\site-packages\\_pytest\\main.py&amp;quot;, line 325, in _main\n    config.hook.pytest_runtestloop(session=session)\n  File &amp;quot;C:\\Users\\ajame\\Legal_Study\\.venv\\Lib\\site-packages\\pluggy\\_hooks.py&amp;quot;, line 513, in __call__\n    return self._hookexec(self.name, self._hookimpls.copy(), kwargs, firstresult)\n  File &amp;quot;C:\\Users\\ajame\\Legal_Study\\.venv\\Lib\\site-packages\\pluggy\\_manager.py&amp;quot;, line 120, in _hookexec\n    return self._inner_hookexec(hook_name, methods, kwargs, firstresult)\n  File &amp;quot;C:\\Users\\ajame\\Legal_Study\\.venv\\Lib\\site-packages\\pluggy\\_callers.py&amp;quot;, line 103, in _multicall\n    res = hook_impl.function(*args)\n  File &amp;quot;C:\\Users\\ajame\\Legal_Study\\.venv\\Lib\\site-packages\\_pytest\\main.py&amp;quot;, line 350, in pytest_runtestloop\n    item.config.hook.pytest_runtest_protocol(item=item, nextitem=nextitem)\n  File &amp;quot;C:\\Users\\ajame\\Legal_Study\\.venv\\Lib\\site-packages\\pluggy\\_hooks.py&amp;quot;, line 513, in __call__\n    return self._hookexec(self.name, self._hookimpls.copy(), kwargs, firstresult)\n  File &amp;quot;C:\\Users\\ajame\\Legal_Study\\.venv\\Lib\\site-packages\\pluggy\\_manager.py&amp;quot;, line 120, in _hookexec\n    return self._inner_hookexec(hook_name, methods, kwargs, firstresult)\n  File &amp;quot;C:\\Users\\ajame\\Legal_Study\\.venv\\Lib\\site-packages\\pluggy\\_callers.py&amp;quot;, line 103, in _multicall\n    res = hook_impl.function(*args)\n  File &amp;quot;C:\\Users\\ajame\\Legal_Study\\.venv\\Lib\\site-packages\\_pytest\\runner.py&amp;quot;, line 114, in pytest_runtest_protocol\n    runtestprotocol(item, nextitem=nextitem)\n  File &amp;quot;C:\\Users\\ajame\\Legal_Study\\.venv\\Lib\\site-packages\\_pytest\\runner.py&amp;quot;, line 127, in runtestprotocol\n    rep = call_and_report(item, &amp;quot;setup&amp;quot;, log)\n  File &amp;quot;C:\\Users\\ajame\\Legal_Study\\.venv\\Lib\\site-packages\\_pytest\\runner.py&amp;quot;, line 222, in call_and_report\n    call = call_runtest_hook(item, when, **kwds)\n  File &amp;quot;C:\\Users\\ajame\\Legal_Study\\.venv\\Lib\\site-packages\\_pytest\\runner.py&amp;quot;, line 261, in call_runtest_hook\n    return CallInfo.from_call(\n  File &amp;quot;C:\\Users\\ajame\\Legal_Study\\.venv\\Lib\\site-packages\\_pytest\\runner.py&amp;quot;, line 341, in from_call\n    result: Optional[TResult] = func()\n  File &amp;quot;C:\\Users\\ajame\\Legal_Study\\.venv\\Lib\\site-packages\\_pytest\\runner.py&amp;quot;, line 262, in &amp;lt;lambda&amp;gt;\n    lambda: ihook(item=item, **kwds), when=when, reraise=reraise\n  File &amp;quot;C:\\Users\\ajame\\Legal_Study\\.venv\\Lib\\site-packages\\pluggy\\_hooks.py&amp;quot;, line 513, in __call__\n    return self._hookexec(self.name, self._hookimpls.copy(), kwargs, firstresult)\n  File &amp;quot;C:\\Users\\ajame\\Legal_Study\\.venv\\Lib\\site-packages\\pluggy\\_manager.py&amp;quot;, line 120, in _hookexec\n    return self._inner_hookexec(hook_name, methods, kwargs, firstresult)\n  File &amp;quot;C:\\Users\\ajame\\Legal_Study\\.venv\\Lib\\site-packages\\pluggy\\_callers.py&amp;quot;, line 103, in _multicall\n    res = hook_impl.function(*args)\n  File &amp;quot;C:\\Users\\ajame\\Legal_Study\\.venv\\Lib\\site-packages\\_pytest\\runner.py&amp;quot;, line 157, in pytest_runtest_setup\n    item.session._setupstate.setup(item)\n  File &amp;quot;C:\\Users\\ajame\\Legal_Study\\.venv\\Lib\\site-packages\\_pytest\\runner.py&amp;quot;, line 494, in setup\n    col.setup()\n  File &amp;quot;C:\\Users\\ajame\\Legal_Study\\.venv\\Lib\\site-packages\\_pytest\\python.py&amp;quot;, line 1795, in setup\n    self._request._fillfixtures()\n  File &amp;quot;C:\\Users\\ajame\\Legal_Study\\.venv\\Lib\\site-packages\\_pytest\\fixtures.py&amp;quot;, line 566, in _fillfixtures\n    item.funcargs[argname] = self.getfixturevalue(argname)\n  File &amp;quot;C:\\Users\\ajame\\Legal_Study\\.venv\\Lib\\site-packages\\_pytest\\fixtures.py&amp;quot;, line 585, in getfixturevalue\n    fixturedef = self._get_active_fixturedef(argname)\n  File &amp;quot;C:\\Users\\ajame\\Legal_Study\\.venv\\Lib\\site-packages\\_pytest\\fixtures.py&amp;quot;, line 607, in _get_active_fixturedef\n    self._compute_fixture_value(fixturedef)\n  File &amp;quot;C:\\Users\\ajame\\Legal_Study\\.venv\\Lib\\site-packages\\_pytest\\fixtures.py&amp;quot;, line 693, in _compute_fixture_value\n    fixturedef.execute(request=subrequest)\n  File &amp;quot;C:\\Users\\ajame\\Legal_Study\\.venv\\Lib\\site-packages\\_pytest\\fixtures.py&amp;quot;, line 1069, in execute\n    result = ihook.pytest_fixture_setup(fixturedef=self, request=request)\n  File &amp;quot;C:\\Users\\ajame\\Legal_Study\\.venv\\Lib\\site-packages\\pluggy\\_hooks.py&amp;quot;, line 513, in __call__\n    return self._hookexec(self.name, self._hookimpls.copy(), kwargs, firstresult)\n  File &amp;quot;C:\\Users\\ajame\\Legal_Study\\.venv\\Lib\\site-packages\\pluggy\\_manager.py&amp;quot;, line 120, in _hookexec\n    return self._inner_hookexec(hook_name, methods, kwargs, firstresult)\n  File &amp;quot;C:\\Users\\ajame\\Legal_Study\\.venv\\Lib\\site-packages\\pluggy\\_callers.py&amp;quot;, line 103, in _multicall\n    res = hook_impl.function(*args)\n  File &amp;quot;C:\\Users\\ajame\\Legal_Study\\.venv\\Lib\\site-packages\\_pytest\\fixtures.py&amp;quot;, line 1123, in pytest_fixture_setup\n    result = call_fixture_func(fixturefunc, request, kwargs)\n  File &amp;quot;C:\\Users\\ajame\\Legal_Study\\.venv\\Lib\\site-packages\\_pytest\\fixtures.py&amp;quot;, line 895, in call_fixture_func\n    fixture_result = next(generator)\n  File &amp;quot;C:\\Users\\ajame\\Legal_Study\\tests\\conftest.py&amp;quot;, line 79, in setup_test_environment\n    logger.info(f&amp;quot;Starting test session at {datetime.now()}&amp;quot;)\nMessage: &amp;#x27;Starting test session at 2025-04-23 20:35:03.480522&amp;#x27;\nArguments: ()\n\n------------------------------ Captured log setup ------------------------------\nINFO     conftest:conftest.py:79 Starting test session at 2025-04-23 20:35:03.480522\n--------------------------- Captured stderr teardown ---------------------------\n--- Logging error ---\nTraceback (most recent call last):\n  File &amp;quot;C:\\Users\\ajame\\AppData\\Local\\Programs\\Python\\Python311\\Lib\\logging\\__init__.py&amp;quot;, line 1113, in emit\n    stream.write(msg + self.terminator)\nOSError: [WinError 6] The handle is invalid\nCall stack:\n  File &amp;quot;C:\\Users\\ajame\\Legal_Study\\run_tests.py&amp;quot;, line 119, in &amp;lt;module&amp;gt;\n    main()\n  File &amp;quot;C:\\Users\\ajame\\Legal_Study\\run_tests.py&amp;quot;, line 95, in main\n    result = run_test_suite(suite)\n  File &amp;quot;C:\\Users\\ajame\\Legal_Study\\run_tests.py&amp;quot;, line 54, in run_test_suite\n    result = pytest.main(args)\n  File &amp;quot;C:\\Users\\ajame\\Legal_Study\\.venv\\Lib\\site-packages\\_pytest\\config\\__init__.py&amp;quot;, line 169, in main\n    ret: Union[ExitCode, int] = config.hook.pytest_cmdline_main(\n  File &amp;quot;C:\\Users\\ajame\\Legal_Study\\.venv\\Lib\\site-packages\\pluggy\\_hooks.py&amp;quot;, line 513, in __call__\n    return self._hookexec(self.name, self._hookimpls.copy(), kwargs, firstresult)\n  File &amp;quot;C:\\Users\\ajame\\Legal_Study\\.venv\\Lib\\site-packages\\pluggy\\_manager.py&amp;quot;, line 120, in _hookexec\n    return self._inner_hookexec(hook_name, methods, kwargs, firstresult)\n  File &amp;quot;C:\\Users\\ajame\\Legal_Study\\.venv\\Lib\\site-packages\\pluggy\\_callers.py&amp;quot;, line 103, in _multicall\n    res = hook_impl.function(*args)\n  File &amp;quot;C:\\Users\\ajame\\Legal_Study\\.venv\\Lib\\site-packages\\_pytest\\main.py&amp;quot;, line 318, in pytest_cmdline_main\n    return wrap_session(config, _main)\n  File &amp;quot;C:\\Users\\ajame\\Legal_Study\\.venv\\Lib\\site-packages\\_pytest\\main.py&amp;quot;, line 271, in wrap_session\n    session.exitstatus = doit(config, session) or 0\n  File &amp;quot;C:\\Users\\ajame\\Legal_Study\\.venv\\Lib\\site-packages\\_pytest\\main.py&amp;quot;, line 325, in _main\n    config.hook.pytest_runtestloop(session=session)\n  File &amp;quot;C:\\Users\\ajame\\Legal_Study\\.venv\\Lib\\site-packages\\pluggy\\_hooks.py&amp;quot;, line 513, in __call__\n    return self._hookexec(self.name, self._hookimpls.copy(), kwargs, firstresult)\n  File &amp;quot;C:\\Users\\ajame\\Legal_Study\\.venv\\Lib\\site-packages\\pluggy\\_manager.py&amp;quot;, line 120, in _hookexec\n    return self._inner_hookexec(hook_name, methods, kwargs, firstresult)\n  File &amp;quot;C:\\Users\\ajame\\Legal_Study\\.venv\\Lib\\site-packages\\pluggy\\_callers.py&amp;quot;, line 103, in _multicall\n    res = hook_impl.function(*args)\n  File &amp;quot;C:\\Users\\ajame\\Legal_Study\\.venv\\Lib\\site-packages\\_pytest\\main.py&amp;quot;, line 350, in pytest_runtestloop\n    item.config.hook.pytest_runtest_protocol(item=item, nextitem=nextitem)\n  File &amp;quot;C:\\Users\\ajame\\Legal_Study\\.venv\\Lib\\site-packages\\pluggy\\_hooks.py&amp;quot;, line 513, in __call__\n    return self._hookexec(self.name, self._hookimpls.copy(), kwargs, firstresult)\n  File &amp;quot;C:\\Users\\ajame\\Legal_Study\\.venv\\Lib\\site-packages\\pluggy\\_manager.py&amp;quot;, line 120, in _hookexec\n    return self._inner_hookexec(hook_name, methods, kwargs, firstresult)\n  File &amp;quot;C:\\Users\\ajame\\Legal_Study\\.venv\\Lib\\site-packages\\pluggy\\_callers.py&amp;quot;, line 103, in _multicall\n    res = hook_impl.function(*args)\n  File &amp;quot;C:\\Users\\ajame\\Legal_Study\\.venv\\Lib\\site-packages\\_pytest\\runner.py&amp;quot;, line 114, in pytest_runtest_protocol\n    runtestprotocol(item, nextitem=nextitem)\n  File &amp;quot;C:\\Users\\ajame\\Legal_Study\\.venv\\Lib\\site-packages\\_pytest\\runner.py&amp;quot;, line 134, in runtestprotocol\n    reports.append(call_and_report(item, &amp;quot;teardown&amp;quot;, log, nextitem=nextitem))\n  File &amp;quot;C:\\Users\\ajame\\Legal_Study\\.venv\\Lib\\site-packages\\_pytest\\runner.py&amp;quot;, line 222, in call_and_report\n    call = call_runtest_hook(item, when, **kwds)\n  File &amp;quot;C:\\Users\\ajame\\Legal_Study\\.venv\\Lib\\site-packages\\_pytest\\runner.py&amp;quot;, line 261, in call_runtest_hook\n    return CallInfo.from_call(\n  File &amp;quot;C:\\Users\\ajame\\Legal_Study\\.venv\\Lib\\site-packages\\_pytest\\runner.py&amp;quot;, line 341, in from_call\n    result: Optional[TResult] = func()\n  File &amp;quot;C:\\Users\\ajame\\Legal_Study\\.venv\\Lib\\site-packages\\_pytest\\runner.py&amp;quot;, line 262, in &amp;lt;lambda&amp;gt;\n    lambda: ihook(item=item, **kwds), when=when, reraise=reraise\n  File &amp;quot;C:\\Users\\ajame\\Legal_Study\\.venv\\Lib\\site-packages\\pluggy\\_hooks.py&amp;quot;, line 513, in __call__\n    return self._hookexec(self.name, self._hookimpls.copy(), kwargs, firstresult)\n  File &amp;quot;C:\\Users\\ajame\\Legal_Study\\.venv\\Lib\\site-packages\\pluggy\\_manager.py&amp;quot;, line 120, in _hookexec\n    return self._inner_hookexec(hook_name, methods, kwargs, firstresult)\n  File &amp;quot;C:\\Users\\ajame\\Legal_Study\\.venv\\Lib\\site-packages\\pluggy\\_callers.py&amp;quot;, line 103, in _multicall\n    res = hook_impl.function(*args)\n  File &amp;quot;C:\\Users\\ajame\\Legal_Study\\.venv\\Lib\\site-packages\\_pytest\\runner.py&amp;quot;, line 182, in pytest_runtest_teardown\n    item.session._setupstate.teardown_exact(nextitem)\n  File &amp;quot;C:\\Users\\ajame\\Legal_Study\\.venv\\Lib\\site-packages\\_pytest\\runner.py&amp;quot;, line 526, in teardown_exact\n    fin()\n  File &amp;quot;C:\\Users\\ajame\\Legal_Study\\.venv\\Lib\\site-packages\\_pytest\\fixtures.py&amp;quot;, line 701, in &amp;lt;lambda&amp;gt;\n    subrequest.node.addfinalizer(lambda: fixturedef.finish(request=subrequest))\n  File &amp;quot;C:\\Users\\ajame\\Legal_Study\\.venv\\Lib\\site-packages\\_pytest\\fixtures.py&amp;quot;, line 1024, in finish\n    func()\n  File &amp;quot;C:\\Users\\ajame\\Legal_Study\\.venv\\Lib\\site-packages\\_pytest\\fixtures.py&amp;quot;, line 911, in _teardown_yield_fixture\n    next(it)\n  File &amp;quot;C:\\Users\\ajame\\Legal_Study\\tests\\conftest.py&amp;quot;, line 84, in setup_test_environment\n    logger.info(f&amp;quot;Ending test session at {datetime.now()}&amp;quot;)\nMessage: &amp;#x27;Ending test session at 2025-04-23 20:35:04.345310&amp;#x27;\nArguments: ()\n\n---------------------------- Captured log teardown -----------------------------\nINFO     conftest:conftest.py:84 Ending test session at 2025-04-23 20:35:04.345310&#34;}], &#34;tests/smoke/test_basic.py::test_api_version&#34;: [{&#34;extras&#34;: [], &#34;result&#34;: &#34;Failed&#34;, &#34;testId&#34;: &#34;tests/smoke/test_basic.py::test_api_version&#34;, &#34;duration&#34;: &#34;731 ms&#34;, &#34;resultsTableRow&#34;: [&#34;&lt;td class=\&#34;col-result\&#34;&gt;Failed&lt;/td&gt;&#34;, &#34;&lt;td class=\&#34;col-testId\&#34;&gt;tests/smoke/test_basic.py::test_api_version&lt;/td&gt;&#34;, &#34;&lt;td class=\&#34;col-duration\&#34;&gt;731 ms&lt;/td&gt;&#34;, &#34;&lt;td class=\&#34;col-links\&#34;&gt;&lt;/td&gt;&#34;], &#34;log&#34;: &#34;@pytest.mark.smoke\n    def test_api_version():\n        &amp;quot;&amp;quot;&amp;quot;Test the API version endpoint.&amp;quot;&amp;quot;&amp;quot;\n        response = client.get(&amp;quot;/api/v1/version&amp;quot;)\n&amp;gt;       assert response.status_code == 200\nE       assert == failed. [pytest-clarity diff shown]\nE         \nE         LHS vs RHS shown below\nE         \nE         404\nE         200\nE         \n\ntests\\smoke\\test_basic.py:25: AssertionError\n\n---------------------------- Captured stderr setup -----------------------------\n--- Logging error ---\nTraceback (most recent call last):\n  File &amp;quot;C:\\Users\\ajame\\AppData\\Local\\Programs\\Python\\Python311\\Lib\\logging\\__init__.py&amp;quot;, line 1113, in emit\n    stream.write(msg + self.terminator)\nOSError: [WinError 6] The handle is invalid\nCall stack:\n  File &amp;quot;C:\\Users\\ajame\\Legal_Study\\run_tests.py&amp;quot;, line 119, in &amp;lt;module&amp;gt;\n    main()\n  File &amp;quot;C:\\Users\\ajame\\Legal_Study\\run_tests.py&amp;quot;, line 95, in main\n    result = run_test_suite(suite)\n  File &amp;quot;C:\\Users\\ajame\\Legal_Study\\run_tests.py&amp;quot;, line 54, in run_test_suite\n    result = pytest.main(args)\n  File &amp;quot;C:\\Users\\ajame\\Legal_Study\\.venv\\Lib\\site-packages\\_pytest\\config\\__init__.py&amp;quot;, line 169, in main\n    ret: Union[ExitCode, int] = config.hook.pytest_cmdline_main(\n  File &amp;quot;C:\\Users\\ajame\\Legal_Study\\.venv\\Lib\\site-packages\\pluggy\\_hooks.py&amp;quot;, line 513, in __call__\n    return self._hookexec(self.name, self._hookimpls.copy(), kwargs, firstresult)\n  File &amp;quot;C:\\Users\\ajame\\Legal_Study\\.venv\\Lib\\site-packages\\pluggy\\_manager.py&amp;quot;, line 120, in _hookexec\n    return self._inner_hookexec(hook_name, methods, kwargs, firstresult)\n  File &amp;quot;C:\\Users\\ajame\\Legal_Study\\.venv\\Lib\\site-packages\\pluggy\\_callers.py&amp;quot;, line 103, in _multicall\n    res = hook_impl.function(*args)\n  File &amp;quot;C:\\Users\\ajame\\Legal_Study\\.venv\\Lib\\site-packages\\_pytest\\main.py&amp;quot;, line 318, in pytest_cmdline_main\n    return wrap_session(config, _main)\n  File &amp;quot;C:\\Users\\ajame\\Legal_Study\\.venv\\Lib\\site-packages\\_pytest\\main.py&amp;quot;, line 271, in wrap_session\n    session.exitstatus = doit(config, session) or 0\n  File &amp;quot;C:\\Users\\ajame\\Legal_Study\\.venv\\Lib\\site-packages\\_pytest\\main.py&amp;quot;, line 325, in _main\n    config.hook.pytest_runtestloop(session=session)\n  File &amp;quot;C:\\Users\\ajame\\Legal_Study\\.venv\\Lib\\site-packages\\pluggy\\_hooks.py&amp;quot;, line 513, in __call__\n    return self._hookexec(self.name, self._hookimpls.copy(), kwargs, firstresult)\n  File &amp;quot;C:\\Users\\ajame\\Legal_Study\\.venv\\Lib\\site-packages\\pluggy\\_manager.py&amp;quot;, line 120, in _hookexec\n    return self._inner_hookexec(hook_name, methods, kwargs, firstresult)\n  File &amp;quot;C:\\Users\\ajame\\Legal_Study\\.venv\\Lib\\site-packages\\pluggy\\_callers.py&amp;quot;, line 103, in _multicall\n    res = hook_impl.function(*args)\n  File &amp;quot;C:\\Users\\ajame\\Legal_Study\\.venv\\Lib\\site-packages\\_pytest\\main.py&amp;quot;, line 350, in pytest_runtestloop\n    item.config.hook.pytest_runtest_protocol(item=item, nextitem=nextitem)\n  File &amp;quot;C:\\Users\\ajame\\Legal_Study\\.venv\\Lib\\site-packages\\pluggy\\_hooks.py&amp;quot;, line 513, in __call__\n    return self._hookexec(self.name, self._hookimpls.copy(), kwargs, firstresult)\n  File &amp;quot;C:\\Users\\ajame\\Legal_Study\\.venv\\Lib\\site-packages\\pluggy\\_manager.py&amp;quot;, line 120, in _hookexec\n    return self._inner_hookexec(hook_name, methods, kwargs, firstresult)\n  File &amp;quot;C:\\Users\\ajame\\Legal_Study\\.venv\\Lib\\site-packages\\pluggy\\_callers.py&amp;quot;, line 103, in _multicall\n    res = hook_impl.function(*args)\n  File &amp;quot;C:\\Users\\ajame\\Legal_Study\\.venv\\Lib\\site-packages\\_pytest\\runner.py&amp;quot;, line 114, in pytest_runtest_protocol\n    runtestprotocol(item, nextitem=nextitem)\n  File &amp;quot;C:\\Users\\ajame\\Legal_Study\\.venv\\Lib\\site-packages\\_pytest\\runner.py&amp;quot;, line 127, in runtestprotocol\n    rep = call_and_report(item, &amp;quot;setup&amp;quot;, log)\n  File &amp;quot;C:\\Users\\ajame\\Legal_Study\\.venv\\Lib\\site-packages\\_pytest\\runner.py&amp;quot;, line 222, in call_and_report\n    call = call_runtest_hook(item, when, **kwds)\n  File &amp;quot;C:\\Users\\ajame\\Legal_Study\\.venv\\Lib\\site-packages\\_pytest\\runner.py&amp;quot;, line 261, in call_runtest_hook\n    return CallInfo.from_call(\n  File &amp;quot;C:\\Users\\ajame\\Legal_Study\\.venv\\Lib\\site-packages\\_pytest\\runner.py&amp;quot;, line 341, in from_call\n    result: Optional[TResult] = func()\n  File &amp;quot;C:\\Users\\ajame\\Legal_Study\\.venv\\Lib\\site-packages\\_pytest\\runner.py&amp;quot;, line 262, in &amp;lt;lambda&amp;gt;\n    lambda: ihook(item=item, **kwds), when=when, reraise=reraise\n  File &amp;quot;C:\\Users\\ajame\\Legal_Study\\.venv\\Lib\\site-packages\\pluggy\\_hooks.py&amp;quot;, line 513, in __call__\n    return self._hookexec(self.name, self._hookimpls.copy(), kwargs, firstresult)\n  File &amp;quot;C:\\Users\\ajame\\Legal_Study\\.venv\\Lib\\site-packages\\pluggy\\_manager.py&amp;quot;, line 120, in _hookexec\n    return self._inner_hookexec(hook_name, methods, kwargs, firstresult)\n  File &amp;quot;C:\\Users\\ajame\\Legal_Study\\.venv\\Lib\\site-packages\\pluggy\\_callers.py&amp;quot;, line 103, in _multicall\n    res = hook_impl.function(*args)\n  File &amp;quot;C:\\Users\\ajame\\Legal_Study\\.venv\\Lib\\site-packages\\_pytest\\runner.py&amp;quot;, line 157, in pytest_runtest_setup\n    item.session._setupstate.setup(item)\n  File &amp;quot;C:\\Users\\ajame\\Legal_Study\\.venv\\Lib\\site-packages\\_pytest\\runner.py&amp;quot;, line 494, in setup\n    col.setup()\n  File &amp;quot;C:\\Users\\ajame\\Legal_Study\\.venv\\Lib\\site-packages\\_pytest\\python.py&amp;quot;, line 1795, in setup\n    self._request._fillfixtures()\n  File &amp;quot;C:\\Users\\ajame\\Legal_Study\\.venv\\Lib\\site-packages\\_pytest\\fixtures.py&amp;quot;, line 566, in _fillfixtures\n    item.funcargs[argname] = self.getfixturevalue(argname)\n  File &amp;quot;C:\\Users\\ajame\\Legal_Study\\.venv\\Lib\\site-packages\\_pytest\\fixtures.py&amp;quot;, line 585, in getfixturevalue\n    fixturedef = self._get_active_fixturedef(argname)\n  File &amp;quot;C:\\Users\\ajame\\Legal_Study\\.venv\\Lib\\site-packages\\_pytest\\fixtures.py&amp;quot;, line 607, in _get_active_fixturedef\n    self._compute_fixture_value(fixturedef)\n  File &amp;quot;C:\\Users\\ajame\\Legal_Study\\.venv\\Lib\\site-packages\\_pytest\\fixtures.py&amp;quot;, line 693, in _compute_fixture_value\n    fixturedef.execute(request=subrequest)\n  File &amp;quot;C:\\Users\\ajame\\Legal_Study\\.venv\\Lib\\site-packages\\_pytest\\fixtures.py&amp;quot;, line 1069, in execute\n    result = ihook.pytest_fixture_setup(fixturedef=self, request=request)\n  File &amp;quot;C:\\Users\\ajame\\Legal_Study\\.venv\\Lib\\site-packages\\pluggy\\_hooks.py&amp;quot;, line 513, in __call__\n    return self._hookexec(self.name, self._hookimpls.copy(), kwargs, firstresult)\n  File &amp;quot;C:\\Users\\ajame\\Legal_Study\\.venv\\Lib\\site-packages\\pluggy\\_manager.py&amp;quot;, line 120, in _hookexec\n    return self._inner_hookexec(hook_name, methods, kwargs, firstresult)\n  File &amp;quot;C:\\Users\\ajame\\Legal_Study\\.venv\\Lib\\site-packages\\pluggy\\_callers.py&amp;quot;, line 103, in _multicall\n    res = hook_impl.function(*args)\n  File &amp;quot;C:\\Users\\ajame\\Legal_Study\\.venv\\Lib\\site-packages\\_pytest\\fixtures.py&amp;quot;, line 1123, in pytest_fixture_setup\n    result = call_fixture_func(fixturefunc, request, kwargs)\n  File &amp;quot;C:\\Users\\ajame\\Legal_Study\\.venv\\Lib\\site-packages\\_pytest\\fixtures.py&amp;quot;, line 895, in call_fixture_func\n    fixture_result = next(generator)\n  File &amp;quot;C:\\Users\\ajame\\Legal_Study\\tests\\conftest.py&amp;quot;, line 79, in setup_test_environment\n    logger.info(f&amp;quot;Starting test session at {datetime.now()}&amp;quot;)\nMessage: &amp;#x27;Starting test session at 2025-04-23 20:35:04.376777&amp;#x27;\nArguments: ()\n\n------------------------------ Captured log setup ------------------------------\nINFO     conftest:conftest.py:79 Starting test session at 2025-04-23 20:35:04.376777\n--------------------------- Captured stderr teardown ---------------------------\n--- Logging error ---\nTraceback (most recent call last):\n  File &amp;quot;C:\\Users\\ajame\\AppData\\Local\\Programs\\Python\\Python311\\Lib\\logging\\__init__.py&amp;quot;, line 1113, in emit\n    stream.write(msg + self.terminator)\nOSError: [WinError 6] The handle is invalid\nCall stack:\n  File &amp;quot;C:\\Users\\ajame\\Legal_Study\\run_tests.py&amp;quot;, line 119, in &amp;lt;module&amp;gt;\n    main()\n  File &amp;quot;C:\\Users\\ajame\\Legal_Study\\run_tests.py&amp;quot;, line 95, in main\n    result = run_test_suite(suite)\n  File &amp;quot;C:\\Users\\ajame\\Legal_Study\\run_tests.py&amp;quot;, line 54, in run_test_suite\n    result = pytest.main(args)\n  File &amp;quot;C:\\Users\\ajame\\Legal_Study\\.venv\\Lib\\site-packages\\_pytest\\config\\__init__.py&amp;quot;, line 169, in main\n    ret: Union[ExitCode, int] = config.hook.pytest_cmdline_main(\n  File &amp;quot;C:\\Users\\ajame\\Legal_Study\\.venv\\Lib\\site-packages\\pluggy\\_hooks.py&amp;quot;, line 513, in __call__\n    return self._hookexec(self.name, self._hookimpls.copy(), kwargs, firstresult)\n  File &amp;quot;C:\\Users\\ajame\\Legal_Study\\.venv\\Lib\\site-packages\\pluggy\\_manager.py&amp;quot;, line 120, in _hookexec\n    return self._inner_hookexec(hook_name, methods, kwargs, firstresult)\n  File &amp;quot;C:\\Users\\ajame\\Legal_Study\\.venv\\Lib\\site-packages\\pluggy\\_callers.py&amp;quot;, line 103, in _multicall\n    res = hook_impl.function(*args)\n  File &amp;quot;C:\\Users\\ajame\\Legal_Study\\.venv\\Lib\\site-packages\\_pytest\\main.py&amp;quot;, line 318, in pytest_cmdline_main\n    return wrap_session(config, _main)\n  File &amp;quot;C:\\Users\\ajame\\Legal_Study\\.venv\\Lib\\site-packages\\_pytest\\main.py&amp;quot;, line 271, in wrap_session\n    session.exitstatus = doit(config, session) or 0\n  File &amp;quot;C:\\Users\\ajame\\Legal_Study\\.venv\\Lib\\site-packages\\_pytest\\main.py&amp;quot;, line 325, in _main\n    config.hook.pytest_runtestloop(session=session)\n  File &amp;quot;C:\\Users\\ajame\\Legal_Study\\.venv\\Lib\\site-packages\\pluggy\\_hooks.py&amp;quot;, line 513, in __call__\n    return self._hookexec(self.name, self._hookimpls.copy(), kwargs, firstresult)\n  File &amp;quot;C:\\Users\\ajame\\Legal_Study\\.venv\\Lib\\site-packages\\pluggy\\_manager.py&amp;quot;, line 120, in _hookexec\n    return self._inner_hookexec(hook_name, methods, kwargs, firstresult)\n  File &amp;quot;C:\\Users\\ajame\\Legal_Study\\.venv\\Lib\\site-packages\\pluggy\\_callers.py&amp;quot;, line 103, in _multicall\n    res = hook_impl.function(*args)\n  File &amp;quot;C:\\Users\\ajame\\Legal_Study\\.venv\\Lib\\site-packages\\_pytest\\main.py&amp;quot;, line 350, in pytest_runtestloop\n    item.config.hook.pytest_runtest_protocol(item=item, nextitem=nextitem)\n  File &amp;quot;C:\\Users\\ajame\\Legal_Study\\.venv\\Lib\\site-packages\\pluggy\\_hooks.py&amp;quot;, line 513, in __call__\n    return self._hookexec(self.name, self._hookimpls.copy(), kwargs, firstresult)\n  File &amp;quot;C:\\Users\\ajame\\Legal_Study\\.venv\\Lib\\site-packages\\pluggy\\_manager.py&amp;quot;, line 120, in _hookexec\n    return self._inner_hookexec(hook_name, methods, kwargs, firstresult)\n  File &amp;quot;C:\\Users\\ajame\\Legal_Study\\.venv\\Lib\\site-packages\\pluggy\\_callers.py&amp;quot;, line 103, in _multicall\n    res = hook_impl.function(*args)\n  File &amp;quot;C:\\Users\\ajame\\Legal_Study\\.venv\\Lib\\site-packages\\_pytest\\runner.py&amp;quot;, line 114, in pytest_runtest_protocol\n    runtestprotocol(item, nextitem=nextitem)\n  File &amp;quot;C:\\Users\\ajame\\Legal_Study\\.venv\\Lib\\site-packages\\_pytest\\runner.py&amp;quot;, line 134, in runtestprotocol\n    reports.append(call_and_report(item, &amp;quot;teardown&amp;quot;, log, nextitem=nextitem))\n  File &amp;quot;C:\\Users\\ajame\\Legal_Study\\.venv\\Lib\\site-packages\\_pytest\\runner.py&amp;quot;, line 222, in call_and_report\n    call = call_runtest_hook(item, when, **kwds)\n  File &amp;quot;C:\\Users\\ajame\\Legal_Study\\.venv\\Lib\\site-packages\\_pytest\\runner.py&amp;quot;, line 261, in call_runtest_hook\n    return CallInfo.from_call(\n  File &amp;quot;C:\\Users\\ajame\\Legal_Study\\.venv\\Lib\\site-packages\\_pytest\\runner.py&amp;quot;, line 341, in from_call\n    result: Optional[TResult] = func()\n  File &amp;quot;C:\\Users\\ajame\\Legal_Study\\.venv\\Lib\\site-packages\\_pytest\\runner.py&amp;quot;, line 262, in &amp;lt;lambda&amp;gt;\n    lambda: ihook(item=item, **kwds), when=when, reraise=reraise\n  File &amp;quot;C:\\Users\\ajame\\Legal_Study\\.venv\\Lib\\site-packages\\pluggy\\_hooks.py&amp;quot;, line 513, in __call__\n    return self._hookexec(self.name, self._hookimpls.copy(), kwargs, firstresult)\n  File &amp;quot;C:\\Users\\ajame\\Legal_Study\\.venv\\Lib\\site-packages\\pluggy\\_manager.py&amp;quot;, line 120, in _hookexec\n    return self._inner_hookexec(hook_name, methods, kwargs, firstresult)\n  File &amp;quot;C:\\Users\\ajame\\Legal_Study\\.venv\\Lib\\site-packages\\pluggy\\_callers.py&amp;quot;, line 103, in _multicall\n    res = hook_impl.function(*args)\n  File &amp;quot;C:\\Users\\ajame\\Legal_Study\\.venv\\Lib\\site-packages\\_pytest\\runner.py&amp;quot;, line 182, in pytest_runtest_teardown\n    item.session._setupstate.teardown_exact(nextitem)\n  File &amp;quot;C:\\Users\\ajame\\Legal_Study\\.venv\\Lib\\site-packages\\_pytest\\runner.py&amp;quot;, line 526, in teardown_exact\n    fin()\n  File &amp;quot;C:\\Users\\ajame\\Legal_Study\\.venv\\Lib\\site-packages\\_pytest\\fixtures.py&amp;quot;, line 701, in &amp;lt;lambda&amp;gt;\n    subrequest.node.addfinalizer(lambda: fixturedef.finish(request=subrequest))\n  File &amp;quot;C:\\Users\\ajame\\Legal_Study\\.venv\\Lib\\site-packages\\_pytest\\fixtures.py&amp;quot;, line 1024, in finish\n    func()\n  File &amp;quot;C:\\Users\\ajame\\Legal_Study\\.venv\\Lib\\site-packages\\_pytest\\fixtures.py&amp;quot;, line 911, in _teardown_yield_fixture\n    next(it)\n  File &amp;quot;C:\\Users\\ajame\\Legal_Study\\tests\\conftest.py&amp;quot;, line 84, in setup_test_environment\n    logger.info(f&amp;quot;Ending test session at {datetime.now()}&amp;quot;)\nMessage: &amp;#x27;Ending test session at 2025-04-23 20:35:05.116189&amp;#x27;\nArguments: ()\n\n---------------------------- Captured log teardown -----------------------------\nINFO     conftest:conftest.py:84 Ending test session at 2025-04-23 20:35:05.116189&#34;}], &#34;tests/smoke/test_basic.py::test_health_check&#34;: [{&#34;extras&#34;: [], &#34;result&#34;: &#34;Passed&#34;, &#34;testId&#34;: &#34;tests/smoke/test_basic.py::test_health_check&#34;, &#34;duration&#34;: &#34;911 ms&#34;, &#34;resultsTableRow&#34;: [&#34;&lt;td class=\&#34;col-result\&#34;&gt;Passed&lt;/td&gt;&#34;, &#34;&lt;td class=\&#34;col-testId\&#34;&gt;tests/smoke/test_basic.py::test_health_check&lt;/td&gt;&#34;, &#34;&lt;td class=\&#34;col-duration\&#34;&gt;911 ms&lt;/td&gt;&#34;, &#34;&lt;td class=\&#34;col-links\&#34;&gt;&lt;/td&gt;&#34;], &#34;log&#34;: &#34;---------------------------- Captured stderr setup -----------------------------\n--- Logging error ---\nTraceback (most recent call last):\n  File &amp;quot;C:\\Users\\ajame\\AppData\\Local\\Programs\\Python\\Python311\\Lib\\logging\\__init__.py&amp;quot;, line 1113, in emit\n    stream.write(msg + self.terminator)\nOSError: [WinError 6] The handle is invalid\nCall stack:\n  File &amp;quot;C:\\Users\\ajame\\Legal_Study\\run_tests.py&amp;quot;, line 119, in &amp;lt;module&amp;gt;\n    main()\n  File &amp;quot;C:\\Users\\ajame\\Legal_Study\\run_tests.py&amp;quot;, line 95, in main\n    result = run_test_suite(suite)\n  File &amp;quot;C:\\Users\\ajame\\Legal_Study\\run_tests.py&amp;quot;, line 54, in run_test_suite\n    result = pytest.main(args)\n  File &amp;quot;C:\\Users\\ajame\\Legal_Study\\.venv\\Lib\\site-packages\\_pytest\\config\\__init__.py&amp;quot;, line 169, in main\n    ret: Union[ExitCode, int] = config.hook.pytest_cmdline_main(\n  File &amp;quot;C:\\Users\\ajame\\Legal_Study\\.venv\\Lib\\site-packages\\pluggy\\_hooks.py&amp;quot;, line 513, in __call__\n    return self._hookexec(self.name, self._hookimpls.copy(), kwargs, firstresult)\n  File &amp;quot;C:\\Users\\ajame\\Legal_Study\\.venv\\Lib\\site-packages\\pluggy\\_manager.py&amp;quot;, line 120, in _hookexec\n    return self._inner_hookexec(hook_name, methods, kwargs, firstresult)\n  File &amp;quot;C:\\Users\\ajame\\Legal_Study\\.venv\\Lib\\site-packages\\pluggy\\_callers.py&amp;quot;, line 103, in _multicall\n    res = hook_impl.function(*args)\n  File &amp;quot;C:\\Users\\ajame\\Legal_Study\\.venv\\Lib\\site-packages\\_pytest\\main.py&amp;quot;, line 318, in pytest_cmdline_main\n    return wrap_session(config, _main)\n  File &amp;quot;C:\\Users\\ajame\\Legal_Study\\.venv\\Lib\\site-packages\\_pytest\\main.py&amp;quot;, line 271, in wrap_session\n    session.exitstatus = doit(config, session) or 0\n  File &amp;quot;C:\\Users\\ajame\\Legal_Study\\.venv\\Lib\\site-packages\\_pytest\\main.py&amp;quot;, line 325, in _main\n    config.hook.pytest_runtestloop(session=session)\n  File &amp;quot;C:\\Users\\ajame\\Legal_Study\\.venv\\Lib\\site-packages\\pluggy\\_hooks.py&amp;quot;, line 513, in __call__\n    return self._hookexec(self.name, self._hookimpls.copy(), kwargs, firstresult)\n  File &amp;quot;C:\\Users\\ajame\\Legal_Study\\.venv\\Lib\\site-packages\\pluggy\\_manager.py&amp;quot;, line 120, in _hookexec\n    return self._inner_hookexec(hook_name, methods, kwargs, firstresult)\n  File &amp;quot;C:\\Users\\ajame\\Legal_Study\\.venv\\Lib\\site-packages\\pluggy\\_callers.py&amp;quot;, line 103, in _multicall\n    res = hook_impl.function(*args)\n  File &amp;quot;C:\\Users\\ajame\\Legal_Study\\.venv\\Lib\\site-packages\\_pytest\\main.py&amp;quot;, line 350, in pytest_runtestloop\n    item.config.hook.pytest_runtest_protocol(item=item, nextitem=nextitem)\n  File &amp;quot;C:\\Users\\ajame\\Legal_Study\\.venv\\Lib\\site-packages\\pluggy\\_hooks.py&amp;quot;, line 513, in __call__\n    return self._hookexec(self.name, self._hookimpls.copy(), kwargs, firstresult)\n  File &amp;quot;C:\\Users\\ajame\\Legal_Study\\.venv\\Lib\\site-packages\\pluggy\\_manager.py&amp;quot;, line 120, in _hookexec\n    return self._inner_hookexec(hook_name, methods, kwargs, firstresult)\n  File &amp;quot;C:\\Users\\ajame\\Legal_Study\\.venv\\Lib\\site-packages\\pluggy\\_callers.py&amp;quot;, line 103, in _multicall\n    res = hook_impl.function(*args)\n  File &amp;quot;C:\\Users\\ajame\\Legal_Study\\.venv\\Lib\\site-packages\\_pytest\\runner.py&amp;quot;, line 114, in pytest_runtest_protocol\n    runtestprotocol(item, nextitem=nextitem)\n  File &amp;quot;C:\\Users\\ajame\\Legal_Study\\.venv\\Lib\\site-packages\\_pytest\\runner.py&amp;quot;, line 127, in runtestprotocol\n    rep = call_and_report(item, &amp;quot;setup&amp;quot;, log)\n  File &amp;quot;C:\\Users\\ajame\\Legal_Study\\.venv\\Lib\\site-packages\\_pytest\\runner.py&amp;quot;, line 222, in call_and_report\n    call = call_runtest_hook(item, when, **kwds)\n  File &amp;quot;C:\\Users\\ajame\\Legal_Study\\.venv\\Lib\\site-packages\\_pytest\\runner.py&amp;quot;, line 261, in call_runtest_hook\n    return CallInfo.from_call(\n  File &amp;quot;C:\\Users\\ajame\\Legal_Study\\.venv\\Lib\\site-packages\\_pytest\\runner.py&amp;quot;, line 341, in from_call\n    result: Optional[TResult] = func()\n  File &amp;quot;C:\\Users\\ajame\\Legal_Study\\.venv\\Lib\\site-packages\\_pytest\\runner.py&amp;quot;, line 262, in &amp;lt;lambda&amp;gt;\n    lambda: ihook(item=item, **kwds), when=when, reraise=reraise\n  File &amp;quot;C:\\Users\\ajame\\Legal_Study\\.venv\\Lib\\site-packages\\pluggy\\_hooks.py&amp;quot;, line 513, in __call__\n    return self._hookexec(self.name, self._hookimpls.copy(), kwargs, firstresult)\n  File &amp;quot;C:\\Users\\ajame\\Legal_Study\\.venv\\Lib\\site-packages\\pluggy\\_manager.py&amp;quot;, line 120, in _hookexec\n    return self._inner_hookexec(hook_name, methods, kwargs, firstresult)\n  File &amp;quot;C:\\Users\\ajame\\Legal_Study\\.venv\\Lib\\site-packages\\pluggy\\_callers.py&amp;quot;, line 103, in _multicall\n    res = hook_impl.function(*args)\n  File &amp;quot;C:\\Users\\ajame\\Legal_Study\\.venv\\Lib\\site-packages\\_pytest\\runner.py&amp;quot;, line 157, in pytest_runtest_setup\n    item.session._setupstate.setup(item)\n  File &amp;quot;C:\\Users\\ajame\\Legal_Study\\.venv\\Lib\\site-packages\\_pytest\\runner.py&amp;quot;, line 494, in setup\n    col.setup()\n  File &amp;quot;C:\\Users\\ajame\\Legal_Study\\.venv\\Lib\\site-packages\\_pytest\\python.py&amp;quot;, line 1795, in setup\n    self._request._fillfixtures()\n  File &amp;quot;C:\\Users\\ajame\\Legal_Study\\.venv\\Lib\\site-packages\\_pytest\\fixtures.py&amp;quot;, line 566, in _fillfixtures\n    item.funcargs[argname] = self.getfixturevalue(argname)\n  File &amp;quot;C:\\Users\\ajame\\Legal_Study\\.venv\\Lib\\site-packages\\_pytest\\fixtures.py&amp;quot;, line 585, in getfixturevalue\n    fixturedef = self._get_active_fixturedef(argname)\n  File &amp;quot;C:\\Users\\ajame\\Legal_Study\\.venv\\Lib\\site-packages\\_pytest\\fixtures.py&amp;quot;, line 607, in _get_active_fixturedef\n    self._compute_fixture_value(fixturedef)\n  File &amp;quot;C:\\Users\\ajame\\Legal_Study\\.venv\\Lib\\site-packages\\_pytest\\fixtures.py&amp;quot;, line 693, in _compute_fixture_value\n    fixturedef.execute(request=subrequest)\n  File &amp;quot;C:\\Users\\ajame\\Legal_Study\\.venv\\Lib\\site-packages\\_pytest\\fixtures.py&amp;quot;, line 1069, in execute\n    result = ihook.pytest_fixture_setup(fixturedef=self, request=request)\n  File &amp;quot;C:\\Users\\ajame\\Legal_Study\\.venv\\Lib\\site-packages\\pluggy\\_hooks.py&amp;quot;, line 513, in __call__\n    return self._hookexec(self.name, self._hookimpls.copy(), kwargs, firstresult)\n  File &amp;quot;C:\\Users\\ajame\\Legal_Study\\.venv\\Lib\\site-packages\\pluggy\\_manager.py&amp;quot;, line 120, in _hookexec\n    return self._inner_hookexec(hook_name, methods, kwargs, firstresult)\n  File &amp;quot;C:\\Users\\ajame\\Legal_Study\\.venv\\Lib\\site-packages\\pluggy\\_callers.py&amp;quot;, line 103, in _multicall\n    res = hook_impl.function(*args)\n  File &amp;quot;C:\\Users\\ajame\\Legal_Study\\.venv\\Lib\\site-packages\\_pytest\\fixtures.py&amp;quot;, line 1123, in pytest_fixture_setup\n    result = call_fixture_func(fixturefunc, request, kwargs)\n  File &amp;quot;C:\\Users\\ajame\\Legal_Study\\.venv\\Lib\\site-packages\\_pytest\\fixtures.py&amp;quot;, line 895, in call_fixture_func\n    fixture_result = next(generator)\n  File &amp;quot;C:\\Users\\ajame\\Legal_Study\\tests\\conftest.py&amp;quot;, line 79, in setup_test_environment\n    logger.info(f&amp;quot;Starting test session at {datetime.now()}&amp;quot;)\nMessage: &amp;#x27;Starting test session at 2025-04-23 20:35:05.127025&amp;#x27;\nArguments: ()\n\n------------------------------ Captured log setup ------------------------------\nINFO     conftest:conftest.py:79 Starting test session at 2025-04-23 20:35:05.127025\n--------------------------- Captured stderr teardown ---------------------------\n--- Logging error ---\nTraceback (most recent call last):\n  File &amp;quot;C:\\Users\\ajame\\AppData\\Local\\Programs\\Python\\Python311\\Lib\\logging\\__init__.py&amp;quot;, line 1113, in emit\n    stream.write(msg + self.terminator)\nOSError: [WinError 6] The handle is invalid\nCall stack:\n  File &amp;quot;C:\\Users\\ajame\\Legal_Study\\run_tests.py&amp;quot;, line 119, in &amp;lt;module&amp;gt;\n    main()\n  File &amp;quot;C:\\Users\\ajame\\Legal_Study\\run_tests.py&amp;quot;, line 95, in main\n    result = run_test_suite(suite)\n  File &amp;quot;C:\\Users\\ajame\\Legal_Study\\run_tests.py&amp;quot;, line 54, in run_test_suite\n    result = pytest.main(args)\n  File &amp;quot;C:\\Users\\ajame\\Legal_Study\\.venv\\Lib\\site-packages\\_pytest\\config\\__init__.py&amp;quot;, line 169, in main\n    ret: Union[ExitCode, int] = config.hook.pytest_cmdline_main(\n  File &amp;quot;C:\\Users\\ajame\\Legal_Study\\.venv\\Lib\\site-packages\\pluggy\\_hooks.py&amp;quot;, line 513, in __call__\n    return self._hookexec(self.name, self._hookimpls.copy(), kwargs, firstresult)\n  File &amp;quot;C:\\Users\\ajame\\Legal_Study\\.venv\\Lib\\site-packages\\pluggy\\_manager.py&amp;quot;, line 120, in _hookexec\n    return self._inner_hookexec(hook_name, methods, kwargs, firstresult)\n  File &amp;quot;C:\\Users\\ajame\\Legal_Study\\.venv\\Lib\\site-packages\\pluggy\\_callers.py&amp;quot;, line 103, in _multicall\n    res = hook_impl.function(*args)\n  File &amp;quot;C:\\Users\\ajame\\Legal_Study\\.venv\\Lib\\site-packages\\_pytest\\main.py&amp;quot;, line 318, in pytest_cmdline_main\n    return wrap_session(config, _main)\n  File &amp;quot;C:\\Users\\ajame\\Legal_Study\\.venv\\Lib\\site-packages\\_pytest\\main.py&amp;quot;, line 271, in wrap_session\n    session.exitstatus = doit(config, session) or 0\n  File &amp;quot;C:\\Users\\ajame\\Legal_Study\\.venv\\Lib\\site-packages\\_pytest\\main.py&amp;quot;, line 325, in _main\n    config.hook.pytest_runtestloop(session=session)\n  File &amp;quot;C:\\Users\\ajame\\Legal_Study\\.venv\\Lib\\site-packages\\pluggy\\_hooks.py&amp;quot;, line 513, in __call__\n    return self._hookexec(self.name, self._hookimpls.copy(), kwargs, firstresult)\n  File &amp;quot;C:\\Users\\ajame\\Legal_Study\\.venv\\Lib\\site-packages\\pluggy\\_manager.py&amp;quot;, line 120, in _hookexec\n    return self._inner_hookexec(hook_name, methods, kwargs, firstresult)\n  File &amp;quot;C:\\Users\\ajame\\Legal_Study\\.venv\\Lib\\site-packages\\pluggy\\_callers.py&amp;quot;, line 103, in _multicall\n    res = hook_impl.function(*args)\n  File &amp;quot;C:\\Users\\ajame\\Legal_Study\\.venv\\Lib\\site-packages\\_pytest\\main.py&amp;quot;, line 350, in pytest_runtestloop\n    item.config.hook.pytest_runtest_protocol(item=item, nextitem=nextitem)\n  File &amp;quot;C:\\Users\\ajame\\Legal_Study\\.venv\\Lib\\site-packages\\pluggy\\_hooks.py&amp;quot;, line 513, in __call__\n    return self._hookexec(self.name, self._hookimpls.copy(), kwargs, firstresult)\n  File &amp;quot;C:\\Users\\ajame\\Legal_Study\\.venv\\Lib\\site-packages\\pluggy\\_manager.py&amp;quot;, line 120, in _hookexec\n    return self._inner_hookexec(hook_name, methods, kwargs, firstresult)\n  File &amp;quot;C:\\Users\\ajame\\Legal_Study\\.venv\\Lib\\site-packages\\pluggy\\_callers.py&amp;quot;, line 103, in _multicall\n    res = hook_impl.function(*args)\n  File &amp;quot;C:\\Users\\ajame\\Legal_Study\\.venv\\Lib\\site-packages\\_pytest\\runner.py&amp;quot;, line 114, in pytest_runtest_protocol\n    runtestprotocol(item, nextitem=nextitem)\n  File &amp;quot;C:\\Users\\ajame\\Legal_Study\\.venv\\Lib\\site-packages\\_pytest\\runner.py&amp;quot;, line 134, in runtestprotocol\n    reports.append(call_and_report(item, &amp;quot;teardown&amp;quot;, log, nextitem=nextitem))\n  File &amp;quot;C:\\Users\\ajame\\Legal_Study\\.venv\\Lib\\site-packages\\_pytest\\runner.py&amp;quot;, line 222, in call_and_report\n    call = call_runtest_hook(item, when, **kwds)\n  File &amp;quot;C:\\Users\\ajame\\Legal_Study\\.venv\\Lib\\site-packages\\_pytest\\runner.py&amp;quot;, line 261, in call_runtest_hook\n    return CallInfo.from_call(\n  File &amp;quot;C:\\Users\\ajame\\Legal_Study\\.venv\\Lib\\site-packages\\_pytest\\runner.py&amp;quot;, line 341, in from_call\n    result: Optional[TResult] = func()\n  File &amp;quot;C:\\Users\\ajame\\Legal_Study\\.venv\\Lib\\site-packages\\_pytest\\runner.py&amp;quot;, line 262, in &amp;lt;lambda&amp;gt;\n    lambda: ihook(item=item, **kwds), when=when, reraise=reraise\n  File &amp;quot;C:\\Users\\ajame\\Legal_Study\\.venv\\Lib\\site-packages\\pluggy\\_hooks.py&amp;quot;, line 513, in __call__\n    return self._hookexec(self.name, self._hookimpls.copy(), kwargs, firstresult)\n  File &amp;quot;C:\\Users\\ajame\\Legal_Study\\.venv\\Lib\\site-packages\\pluggy\\_manager.py&amp;quot;, line 120, in _hookexec\n    return self._inner_hookexec(hook_name, methods, kwargs, firstresult)\n  File &amp;quot;C:\\Users\\ajame\\Legal_Study\\.venv\\Lib\\site-packages\\pluggy\\_callers.py&amp;quot;, line 103, in _multicall\n    res = hook_impl.function(*args)\n  File &amp;quot;C:\\Users\\ajame\\Legal_Study\\.venv\\Lib\\site-packages\\_pytest\\runner.py&amp;quot;, line 182, in pytest_runtest_teardown\n    item.session._setupstate.teardown_exact(nextitem)\n  File &amp;quot;C:\\Users\\ajame\\Legal_Study\\.venv\\Lib\\site-packages\\_pytest\\runner.py&amp;quot;, line 526, in teardown_exact\n    fin()\n  File &amp;quot;C:\\Users\\ajame\\Legal_Study\\.venv\\Lib\\site-packages\\_pytest\\fixtures.py&amp;quot;, line 701, in &amp;lt;lambda&amp;gt;\n    subrequest.node.addfinalizer(lambda: fixturedef.finish(request=subrequest))\n  File &amp;quot;C:\\Users\\ajame\\Legal_Study\\.venv\\Lib\\site-packages\\_pytest\\fixtures.py&amp;quot;, line 1024, in finish\n    func()\n  File &amp;quot;C:\\Users\\ajame\\Legal_Study\\.venv\\Lib\\site-packages\\_pytest\\fixtures.py&amp;quot;, line 911, in _teardown_yield_fixture\n    next(it)\n  File &amp;quot;C:\\Users\\ajame\\Legal_Study\\tests\\conftest.py&amp;quot;, line 84, in setup_test_environment\n    logger.info(f&amp;quot;Ending test session at {datetime.now()}&amp;quot;)\nMessage: &amp;#x27;Ending test session at 2025-04-23 20:35:06.001500&amp;#x27;\nArguments: ()\n\n---------------------------- Captured log teardown -----------------------------\nINFO     conftest:conftest.py:84 Ending test session at 2025-04-23 20:35:06.001500&#34;}]}, &#34;renderCollapsed&#34;: [&#34;passed&#34;], &#34;initialSort&#34;: &#34;result&#34;, &#34;title&#34;: &#34;smoke_report_20250423_203451.html&#34;}"></div>
    <script>
      (function(){function r(e,n,t){function o(i,f){if(!n[i]){if(!e[i]){var c="function"==typeof require&&require;if(!f&&c)return c(i,!0);if(u)return u(i,!0);var a=new Error("Cannot find module '"+i+"'");throw a.code="MODULE_NOT_FOUND",a}var p=n[i]={exports:{}};e[i][0].call(p.exports,function(r){var n=e[i][1][r];return o(n||r)},p,p.exports,r,e,n,t)}return n[i].exports}for(var u="function"==typeof require&&require,i=0;i<t.length;i++)o(t[i]);return o}return r})()({1:[function(require,module,exports){
const { getCollapsedCategory, setCollapsedIds } = require('./storage.js')

class DataManager {
    setManager(data) {
        const collapsedCategories = [...getCollapsedCategory(data.renderCollapsed)]
        const collapsedIds = []
        const tests = Object.values(data.tests).flat().map((test, index) => {
            const collapsed = collapsedCategories.includes(test.result.toLowerCase())
            const id = `test_${index}`
            if (collapsed) {
                collapsedIds.push(id)
            }
            return {
                ...test,
                id,
                collapsed,
            }
        })
        const dataBlob = { ...data, tests }
        this.data = { ...dataBlob }
        this.renderData = { ...dataBlob }
        setCollapsedIds(collapsedIds)
    }

    get allData() {
        return { ...this.data }
    }

    resetRender() {
        this.renderData = { ...this.data }
    }

    setRender(data) {
        this.renderData.tests = [...data]
    }

    toggleCollapsedItem(id) {
        this.renderData.tests = this.renderData.tests.map((test) =>
            test.id === id ? { ...test, collapsed: !test.collapsed } : test,
        )
    }

    set allCollapsed(collapsed) {
        this.renderData = { ...this.renderData, tests: [...this.renderData.tests.map((test) => (
            { ...test, collapsed }
        ))] }
    }

    get testSubset() {
        return [...this.renderData.tests]
    }

    get environment() {
        return this.renderData.environment
    }

    get initialSort() {
        return this.data.initialSort
    }
}

module.exports = {
    manager: new DataManager(),
}

},{"./storage.js":8}],2:[function(require,module,exports){
const mediaViewer = require('./mediaviewer.js')
const templateEnvRow = document.getElementById('template_environment_row')
const templateResult = document.getElementById('template_results-table__tbody')

function htmlToElements(html) {
    const temp = document.createElement('template')
    temp.innerHTML = html
    return temp.content.childNodes
}

const find = (selector, elem) => {
    if (!elem) {
        elem = document
    }
    return elem.querySelector(selector)
}

const findAll = (selector, elem) => {
    if (!elem) {
        elem = document
    }
    return [...elem.querySelectorAll(selector)]
}

const dom = {
    getStaticRow: (key, value) => {
        const envRow = templateEnvRow.content.cloneNode(true)
        const isObj = typeof value === 'object' && value !== null
        const values = isObj ? Object.keys(value).map((k) => `${k}: ${value[k]}`) : null

        const valuesElement = htmlToElements(
            values ? `<ul>${values.map((val) => `<li>${val}</li>`).join('')}<ul>` : `<div>${value}</div>`)[0]
        const td = findAll('td', envRow)
        td[0].textContent = key
        td[1].appendChild(valuesElement)

        return envRow
    },
    getResultTBody: ({ testId, id, log, extras, resultsTableRow, tableHtml, result, collapsed }) => {
        const resultBody = templateResult.content.cloneNode(true)
        resultBody.querySelector('tbody').classList.add(result.toLowerCase())
        resultBody.querySelector('tbody').id = testId
        resultBody.querySelector('.collapsible').dataset.id = id

        resultsTableRow.forEach((html) => {
            const t = document.createElement('template')
            t.innerHTML = html
            resultBody.querySelector('.collapsible').appendChild(t.content)
        })

        if (log) {
            // Wrap lines starting with "E" with span.error to color those lines red
            const wrappedLog = log.replace(/^E.*$/gm, (match) => `<span class="error">${match}</span>`)
            resultBody.querySelector('.log').innerHTML = wrappedLog
        } else {
            resultBody.querySelector('.log').remove()
        }

        if (collapsed) {
            resultBody.querySelector('.collapsible > td')?.classList.add('collapsed')
            resultBody.querySelector('.extras-row').classList.add('hidden')
        } else {
            resultBody.querySelector('.collapsible > td')?.classList.remove('collapsed')
        }

        const media = []
        extras?.forEach(({ name, format_type, content }) => {
            if (['image', 'video'].includes(format_type)) {
                media.push({ path: content, name, format_type })
            }

            if (format_type === 'html') {
                resultBody.querySelector('.extraHTML').insertAdjacentHTML('beforeend', `<div>${content}</div>`)
            }
        })
        mediaViewer.setup(resultBody, media)

        // Add custom html from the pytest_html_results_table_html hook
        tableHtml?.forEach((item) => {
            resultBody.querySelector('td[class="extra"]').insertAdjacentHTML('beforeend', item)
        })

        return resultBody
    },
}

module.exports = {
    dom,
    htmlToElements,
    find,
    findAll,
}

},{"./mediaviewer.js":6}],3:[function(require,module,exports){
const { manager } = require('./datamanager.js')
const { doSort } = require('./sort.js')
const storageModule = require('./storage.js')

const getFilteredSubSet = (filter) =>
    manager.allData.tests.filter(({ result }) => filter.includes(result.toLowerCase()))

const doInitFilter = () => {
    const currentFilter = storageModule.getVisible()
    const filteredSubset = getFilteredSubSet(currentFilter)
    manager.setRender(filteredSubset)
}

const doFilter = (type, show) => {
    if (show) {
        storageModule.showCategory(type)
    } else {
        storageModule.hideCategory(type)
    }

    const currentFilter = storageModule.getVisible()
    const filteredSubset = getFilteredSubSet(currentFilter)
    manager.setRender(filteredSubset)

    const sortColumn = storageModule.getSort()
    doSort(sortColumn, true)
}

module.exports = {
    doFilter,
    doInitFilter,
}

},{"./datamanager.js":1,"./sort.js":7,"./storage.js":8}],4:[function(require,module,exports){
const { redraw, bindEvents, renderStatic } = require('./main.js')
const { doInitFilter } = require('./filter.js')
const { doInitSort } = require('./sort.js')
const { manager } = require('./datamanager.js')
const data = JSON.parse(document.getElementById('data-container').dataset.jsonblob)

function init() {
    manager.setManager(data)
    doInitFilter()
    doInitSort()
    renderStatic()
    redraw()
    bindEvents()
}

init()

},{"./datamanager.js":1,"./filter.js":3,"./main.js":5,"./sort.js":7}],5:[function(require,module,exports){
const { dom, find, findAll } = require('./dom.js')
const { manager } = require('./datamanager.js')
const { doSort } = require('./sort.js')
const { doFilter } = require('./filter.js')
const {
    getVisible,
    getCollapsedIds,
    setCollapsedIds,
    getSort,
    getSortDirection,
    possibleFilters,
} = require('./storage.js')

const removeChildren = (node) => {
    while (node.firstChild) {
        node.removeChild(node.firstChild)
    }
}

const renderStatic = () => {
    const renderEnvironmentTable = () => {
        const environment = manager.environment
        const rows = Object.keys(environment).map((key) => dom.getStaticRow(key, environment[key]))
        const table = document.getElementById('environment')
        removeChildren(table)
        rows.forEach((row) => table.appendChild(row))
    }
    renderEnvironmentTable()
}

const addItemToggleListener = (elem) => {
    elem.addEventListener('click', ({ target }) => {
        const id = target.parentElement.dataset.id
        manager.toggleCollapsedItem(id)

        const collapsedIds = getCollapsedIds()
        if (collapsedIds.includes(id)) {
            const updated = collapsedIds.filter((item) => item !== id)
            setCollapsedIds(updated)
        } else {
            collapsedIds.push(id)
            setCollapsedIds(collapsedIds)
        }
        redraw()
    })
}

const renderContent = (tests) => {
    const sortAttr = getSort(manager.initialSort)
    const sortAsc = JSON.parse(getSortDirection())
    const rows = tests.map(dom.getResultTBody)
    const table = document.getElementById('results-table')
    const tableHeader = document.getElementById('results-table-head')

    const newTable = document.createElement('table')
    newTable.id = 'results-table'

    // remove all sorting classes and set the relevant
    findAll('.sortable', tableHeader).forEach((elem) => elem.classList.remove('asc', 'desc'))
    tableHeader.querySelector(`.sortable[data-column-type="${sortAttr}"]`)?.classList.add(sortAsc ? 'desc' : 'asc')
    newTable.appendChild(tableHeader)

    if (!rows.length) {
        const emptyTable = document.getElementById('template_results-table__body--empty').content.cloneNode(true)
        newTable.appendChild(emptyTable)
    } else {
        rows.forEach((row) => {
            if (!!row) {
                findAll('.collapsible td:not(.col-links', row).forEach(addItemToggleListener)
                find('.logexpander', row).addEventListener('click',
                    (evt) => evt.target.parentNode.classList.toggle('expanded'),
                )
                newTable.appendChild(row)
            }
        })
    }

    table.replaceWith(newTable)
}

const renderDerived = () => {
    const currentFilter = getVisible()
    possibleFilters.forEach((result) => {
        const input = document.querySelector(`input[data-test-result="${result}"]`)
        input.checked = currentFilter.includes(result)
    })
}

const bindEvents = () => {
    const filterColumn = (evt) => {
        const { target: element } = evt
        const { testResult } = element.dataset

        doFilter(testResult, element.checked)
        const collapsedIds = getCollapsedIds()
        const updated = manager.renderData.tests.map((test) => {
            return {
                ...test,
                collapsed: collapsedIds.includes(test.id),
            }
        })
        manager.setRender(updated)
        redraw()
    }

    const header = document.getElementById('environment-header')
    header.addEventListener('click', () => {
        const table = document.getElementById('environment')
        table.classList.toggle('hidden')
        header.classList.toggle('collapsed')
    })

    findAll('input[name="filter_checkbox"]').forEach((elem) => {
        elem.addEventListener('click', filterColumn)
    })

    findAll('.sortable').forEach((elem) => {
        elem.addEventListener('click', (evt) => {
            const { target: element } = evt
            const { columnType } = element.dataset
            doSort(columnType)
            redraw()
        })
    })

    document.getElementById('show_all_details').addEventListener('click', () => {
        manager.allCollapsed = false
        setCollapsedIds([])
        redraw()
    })
    document.getElementById('hide_all_details').addEventListener('click', () => {
        manager.allCollapsed = true
        const allIds = manager.renderData.tests.map((test) => test.id)
        setCollapsedIds(allIds)
        redraw()
    })
}

const redraw = () => {
    const { testSubset } = manager

    renderContent(testSubset)
    renderDerived()
}

module.exports = {
    redraw,
    bindEvents,
    renderStatic,
}

},{"./datamanager.js":1,"./dom.js":2,"./filter.js":3,"./sort.js":7,"./storage.js":8}],6:[function(require,module,exports){
class MediaViewer {
    constructor(assets) {
        this.assets = assets
        this.index = 0
    }

    nextActive() {
        this.index = this.index === this.assets.length - 1 ? 0 : this.index + 1
        return [this.activeFile, this.index]
    }

    prevActive() {
        this.index = this.index === 0 ? this.assets.length - 1 : this.index -1
        return [this.activeFile, this.index]
    }

    get currentIndex() {
        return this.index
    }

    get activeFile() {
        return this.assets[this.index]
    }
}


const setup = (resultBody, assets) => {
    if (!assets.length) {
        resultBody.querySelector('.media').classList.add('hidden')
        return
    }

    const mediaViewer = new MediaViewer(assets)
    const container = resultBody.querySelector('.media-container')
    const leftArrow = resultBody.querySelector('.media-container__nav--left')
    const rightArrow = resultBody.querySelector('.media-container__nav--right')
    const mediaName = resultBody.querySelector('.media__name')
    const counter = resultBody.querySelector('.media__counter')
    const imageEl = resultBody.querySelector('img')
    const sourceEl = resultBody.querySelector('source')
    const videoEl = resultBody.querySelector('video')

    const setImg = (media, index) => {
        if (media?.format_type === 'image') {
            imageEl.src = media.path

            imageEl.classList.remove('hidden')
            videoEl.classList.add('hidden')
        } else if (media?.format_type === 'video') {
            sourceEl.src = media.path

            videoEl.classList.remove('hidden')
            imageEl.classList.add('hidden')
        }

        mediaName.innerText = media?.name
        counter.innerText = `${index + 1} / ${assets.length}`
    }
    setImg(mediaViewer.activeFile, mediaViewer.currentIndex)

    const moveLeft = () => {
        const [media, index] = mediaViewer.prevActive()
        setImg(media, index)
    }
    const doRight = () => {
        const [media, index] = mediaViewer.nextActive()
        setImg(media, index)
    }
    const openImg = () => {
        window.open(mediaViewer.activeFile.path, '_blank')
    }
    if (assets.length === 1) {
        container.classList.add('media-container--fullscreen')
    } else {
        leftArrow.addEventListener('click', moveLeft)
        rightArrow.addEventListener('click', doRight)
    }
    imageEl.addEventListener('click', openImg)
}

module.exports = {
    setup,
}

},{}],7:[function(require,module,exports){
const { manager } = require('./datamanager.js')
const storageModule = require('./storage.js')

const genericSort = (list, key, ascending, customOrder) => {
    let sorted
    if (customOrder) {
        sorted = list.sort((a, b) => {
            const aValue = a.result.toLowerCase()
            const bValue = b.result.toLowerCase()

            const aIndex = customOrder.findIndex((item) => item.toLowerCase() === aValue)
            const bIndex = customOrder.findIndex((item) => item.toLowerCase() === bValue)

            // Compare the indices to determine the sort order
            return aIndex - bIndex
        })
    } else {
        sorted = list.sort((a, b) => a[key] === b[key] ? 0 : a[key] > b[key] ? 1 : -1)
    }

    if (ascending) {
        sorted.reverse()
    }
    return sorted
}

const durationSort = (list, ascending) => {
    const parseDuration = (duration) => {
        if (duration.includes(':')) {
            // If it's in the format "HH:mm:ss"
            const [hours, minutes, seconds] = duration.split(':').map(Number)
            return (hours * 3600 + minutes * 60 + seconds) * 1000
        } else {
            // If it's in the format "nnn ms"
            return parseInt(duration)
        }
    }
    const sorted = list.sort((a, b) => parseDuration(a['duration']) - parseDuration(b['duration']))
    if (ascending) {
        sorted.reverse()
    }
    return sorted
}

const doInitSort = () => {
    const type = storageModule.getSort(manager.initialSort)
    const ascending = storageModule.getSortDirection()
    const list = manager.testSubset
    const initialOrder = ['Error', 'Failed', 'Rerun', 'XFailed', 'XPassed', 'Skipped', 'Passed']

    storageModule.setSort(type)
    storageModule.setSortDirection(ascending)

    if (type?.toLowerCase() === 'original') {
        manager.setRender(list)
    } else {
        let sortedList
        switch (type) {
        case 'duration':
            sortedList = durationSort(list, ascending)
            break
        case 'result':
            sortedList = genericSort(list, type, ascending, initialOrder)
            break
        default:
            sortedList = genericSort(list, type, ascending)
            break
        }
        manager.setRender(sortedList)
    }
}

const doSort = (type, skipDirection) => {
    const newSortType = storageModule.getSort(manager.initialSort) !== type
    const currentAsc = storageModule.getSortDirection()
    let ascending
    if (skipDirection) {
        ascending = currentAsc
    } else {
        ascending = newSortType ? false : !currentAsc
    }
    storageModule.setSort(type)
    storageModule.setSortDirection(ascending)

    const list = manager.testSubset
    const sortedList = type === 'duration' ? durationSort(list, ascending) : genericSort(list, type, ascending)
    manager.setRender(sortedList)
}

module.exports = {
    doInitSort,
    doSort,
}

},{"./datamanager.js":1,"./storage.js":8}],8:[function(require,module,exports){
const possibleFilters = [
    'passed',
    'skipped',
    'failed',
    'error',
    'xfailed',
    'xpassed',
    'rerun',
]

const getVisible = () => {
    const url = new URL(window.location.href)
    const settings = new URLSearchParams(url.search).get('visible')
    const lower = (item) => {
        const lowerItem = item.toLowerCase()
        if (possibleFilters.includes(lowerItem)) {
            return lowerItem
        }
        return null
    }
    return settings === null ?
        possibleFilters :
        [...new Set(settings?.split(',').map(lower).filter((item) => item))]
}

const hideCategory = (categoryToHide) => {
    const url = new URL(window.location.href)
    const visibleParams = new URLSearchParams(url.search).get('visible')
    const currentVisible = visibleParams ? visibleParams.split(',') : [...possibleFilters]
    const settings = [...new Set(currentVisible)].filter((f) => f !== categoryToHide).join(',')

    url.searchParams.set('visible', settings)
    window.history.pushState({}, null, unescape(url.href))
}

const showCategory = (categoryToShow) => {
    if (typeof window === 'undefined') {
        return
    }
    const url = new URL(window.location.href)
    const currentVisible = new URLSearchParams(url.search).get('visible')?.split(',').filter(Boolean) ||
        [...possibleFilters]
    const settings = [...new Set([categoryToShow, ...currentVisible])]
    const noFilter = possibleFilters.length === settings.length || !settings.length

    noFilter ? url.searchParams.delete('visible') : url.searchParams.set('visible', settings.join(','))
    window.history.pushState({}, null, unescape(url.href))
}

const getSort = (initialSort) => {
    const url = new URL(window.location.href)
    let sort = new URLSearchParams(url.search).get('sort')
    if (!sort) {
        sort = initialSort || 'result'
    }
    return sort
}

const setSort = (type) => {
    const url = new URL(window.location.href)
    url.searchParams.set('sort', type)
    window.history.pushState({}, null, unescape(url.href))
}

const getCollapsedCategory = (renderCollapsed) => {
    let categories
    if (typeof window !== 'undefined') {
        const url = new URL(window.location.href)
        const collapsedItems = new URLSearchParams(url.search).get('collapsed')
        switch (true) {
        case !renderCollapsed && collapsedItems === null:
            categories = ['passed']
            break
        case collapsedItems?.length === 0 || /^["']{2}$/.test(collapsedItems):
            categories = []
            break
        case /^all$/.test(collapsedItems) || collapsedItems === null && /^all$/.test(renderCollapsed):
            categories = [...possibleFilters]
            break
        default:
            categories = collapsedItems?.split(',').map((item) => item.toLowerCase()) || renderCollapsed
            break
        }
    } else {
        categories = []
    }
    return categories
}

const getSortDirection = () => JSON.parse(sessionStorage.getItem('sortAsc')) || false
const setSortDirection = (ascending) => sessionStorage.setItem('sortAsc', ascending)

const getCollapsedIds = () => JSON.parse(sessionStorage.getItem('collapsedIds')) || []
const setCollapsedIds = (list) => sessionStorage.setItem('collapsedIds', JSON.stringify(list))

module.exports = {
    getVisible,
    hideCategory,
    showCategory,
    getCollapsedIds,
    setCollapsedIds,
    getSort,
    setSort,
    getSortDirection,
    setSortDirection,
    getCollapsedCategory,
    possibleFilters,
}

},{}]},{},[4]);
    </script>
  </footer>
</html>